[2.536s] Invoking command in '/home/manav/robotis_ws/src/OpenManipulatorX_ROS2-main/pdctr': PYTHONPATH=/home/manav/robotis_ws/build/pdctr/prefix_override:/usr/lib/python3/dist-packages/colcon_core/task/python/colcon_distutils_commands:/home/manav/robotis_ws/install/pdctr/lib/python3.10/site-packages:${PYTHONPATH} /usr/bin/python3 -W ignore:setup.py install is deprecated -W ignore:easy_install command is deprecated setup.py egg_info --egg-base ../../../build/pdctr build --build-base /home/manav/robotis_ws/build/pdctr/build install --record /home/manav/robotis_ws/build/pdctr/install.log --single-version-externally-managed install_data
[3.353s] running egg_info
[3.355s] writing ../../../build/pdctr/pdctr.egg-info/PKG-INFO
[3.356s] writing dependency_links to ../../../build/pdctr/pdctr.egg-info/dependency_links.txt
[3.357s] writing entry points to ../../../build/pdctr/pdctr.egg-info/entry_points.txt
[3.357s] writing requirements to ../../../build/pdctr/pdctr.egg-info/requires.txt
[3.357s] writing top-level names to ../../../build/pdctr/pdctr.egg-info/top_level.txt
[3.362s] reading manifest file '../../../build/pdctr/pdctr.egg-info/SOURCES.txt'
[3.362s] adding license file 'LICENSE'
[3.365s] writing manifest file '../../../build/pdctr/pdctr.egg-info/SOURCES.txt'
[3.365s] running build
[3.367s] running build_py
[3.367s] copying pdctr/current_calc_send.py -> /home/manav/robotis_ws/build/pdctr/build/lib/pdctr
[3.367s] running install
[3.372s] running install_lib
[3.373s] copying /home/manav/robotis_ws/build/pdctr/build/lib/pdctr/current_calc_send.py -> /home/manav/robotis_ws/install/pdctr/lib/python3.10/site-packages/pdctr
[3.373s] byte-compiling /home/manav/robotis_ws/install/pdctr/lib/python3.10/site-packages/pdctr/current_calc_send.py to current_calc_send.cpython-310.pyc
[3.375s] running install_data
[3.376s] running install_egg_info
[3.376s] removing '/home/manav/robotis_ws/install/pdctr/lib/python3.10/site-packages/pdctr-0.0.0-py3.10.egg-info' (and everything under it)
[3.376s] Copying ../../../build/pdctr/pdctr.egg-info to /home/manav/robotis_ws/install/pdctr/lib/python3.10/site-packages/pdctr-0.0.0-py3.10.egg-info
[3.376s] running install_scripts
[3.445s] Installing current_call script to /home/manav/robotis_ws/install/pdctr/lib/pdctr
[3.445s] Installing motor_call script to /home/manav/robotis_ws/install/pdctr/lib/pdctr
[3.445s] Installing pos_call script to /home/manav/robotis_ws/install/pdctr/lib/pdctr
[3.446s] writing list of installed files to '/home/manav/robotis_ws/build/pdctr/install.log'
[3.546s] Invoked command in '/home/manav/robotis_ws/src/OpenManipulatorX_ROS2-main/pdctr' returned '0': PYTHONPATH=/home/manav/robotis_ws/build/pdctr/prefix_override:/usr/lib/python3/dist-packages/colcon_core/task/python/colcon_distutils_commands:/home/manav/robotis_ws/install/pdctr/lib/python3.10/site-packages:${PYTHONPATH} /usr/bin/python3 -W ignore:setup.py install is deprecated -W ignore:easy_install command is deprecated setup.py egg_info --egg-base ../../../build/pdctr build --build-base /home/manav/robotis_ws/build/pdctr/build install --record /home/manav/robotis_ws/build/pdctr/install.log --single-version-externally-managed install_data
