[0.094s] Invoking command in '/home/manav/robotis_ws/build/dynamixel_sdk_examples': CMAKE_PREFIX_PATH=/home/manav/robotis_ws/install/dynamixel_sdk_custom_interfaces:/home/manav/robotis_ws/install/dynamixel_sdk:/home/manav/robotis_ws/install/open_manipulator:/home/manav/robotis_ws/install/open_manipulator_x_controller:/home/manav/robotis_ws/install/open_manipulator_x_libs:/home/manav/robotis_ws/install/robotis_manipulator:/home/manav/robotis_ws/install/rbe500-example:/home/manav/robotis_ws/install/open_manipulator_x_description:/home/manav/robotis_ws/install/open_manipulator_msgs:/home/manav/robotis_ws/install/my_service_package:/home/manav/robotis_ws/install/dynamixel_workbench:/home/manav/robotis_ws/install/dynamixel_workbench_toolbox:/home/manav/robotis_ws/install/dynamixel_sdk_examples:/home/manav/robotis_ws/install/cmake_modules:/home/manav/robotis_ws/install/vel_kinematics:/home/manav/robotis_ws/install/rbe500_example_py:/home/manav/robotis_ws/install/pdctr:/home/manav/robotis_ws/install/inverse:/home/manav/robotis_ws/install/forward:/home/manav/ros2_test/install/my_robot_controller:/opt/ros/humble LD_LIBRARY_PATH=/home/manav/robotis_ws/install/dynamixel_sdk_custom_interfaces/lib:/home/manav/robotis_ws/install/dynamixel_sdk/lib:/home/manav/robotis_ws/install/open_manipulator_x_libs/lib:/home/manav/robotis_ws/install/robotis_manipulator/lib:/home/manav/robotis_ws/install/open_manipulator_msgs/lib:/home/manav/robotis_ws/install/my_service_package/lib:/home/manav/robotis_ws/install/dynamixel_workbench_toolbox/lib:/opt/ros/humble/opt/rviz_ogre_vendor/lib:/opt/ros/humble/lib/x86_64-linux-gnu:/opt/ros/humble/lib /usr/bin/cmake /home/manav/robotis_ws/src/OpenManipulatorX_ROS2-main/DynamixelSDK/dynamixel_sdk_examples -DCMAKE_INSTALL_PREFIX=/home/manav/robotis_ws/install/dynamixel_sdk_examples
[0.396s] -- The C compiler identification is GNU 11.4.0
[0.679s] -- The CXX compiler identification is GNU 11.4.0
[0.714s] -- Detecting C compiler ABI info
[1.038s] -- Detecting C compiler ABI info - done
[1.084s] -- Check for working C compiler: /usr/bin/cc - skipped
[1.092s] -- Detecting C compile features
[1.092s] -- Detecting C compile features - done
[1.108s] -- Detecting CXX compiler ABI info
[1.372s] -- Detecting CXX compiler ABI info - done
[1.390s] -- Check for working CXX compiler: /usr/bin/c++ - skipped
[1.392s] -- Detecting CXX compile features
[1.395s] -- Detecting CXX compile features - done
[1.403s] -- Found ament_cmake: 1.3.10 (/opt/ros/humble/share/ament_cmake/cmake)
[1.758s] -- Found Python3: /usr/bin/python3 (found version "3.10.12") found components: Interpreter 
[2.034s] -- Found dynamixel_sdk: 3.7.60 (/home/manav/robotis_ws/install/dynamixel_sdk/share/dynamixel_sdk/cmake)
[2.042s] -- Found dynamixel_sdk_custom_interfaces: 3.7.60 (/home/manav/robotis_ws/install/dynamixel_sdk_custom_interfaces/share/dynamixel_sdk_custom_interfaces/cmake)
[2.170s] -- Found rosidl_generator_c: 3.1.5 (/opt/ros/humble/share/rosidl_generator_c/cmake)
[2.185s] -- Found rosidl_adapter: 3.1.5 (/opt/ros/humble/share/rosidl_adapter/cmake)
[2.207s] -- Found rosidl_generator_cpp: 3.1.5 (/opt/ros/humble/share/rosidl_generator_cpp/cmake)
[2.238s] -- Using all available rosidl_typesupport_c: rosidl_typesupport_fastrtps_c;rosidl_typesupport_introspection_c
[2.285s] -- Using all available rosidl_typesupport_cpp: rosidl_typesupport_fastrtps_cpp;rosidl_typesupport_introspection_cpp
[2.357s] -- Found rclcpp: 16.0.10 (/opt/ros/humble/share/rclcpp/cmake)
[2.515s] -- Found rmw_implementation_cmake: 6.1.2 (/opt/ros/humble/share/rmw_implementation_cmake/cmake)
[2.522s] -- Found rmw_fastrtps_cpp: 6.2.7 (/opt/ros/humble/share/rmw_fastrtps_cpp/cmake)
[2.799s] -- Found OpenSSL: /usr/lib/x86_64-linux-gnu/libcrypto.so (found version "3.0.2")  
[2.881s] -- Found FastRTPS: /opt/ros/humble/include  
[3.005s] -- Using RMW implementation 'rmw_fastrtps_cpp' as default
[3.045s] -- Looking for pthread.h
[3.386s] -- Looking for pthread.h - found
[3.386s] -- Performing Test CMAKE_HAVE_LIBC_PTHREAD
[3.838s] -- Performing Test CMAKE_HAVE_LIBC_PTHREAD - Success
[3.844s] -- Found Threads: TRUE  
[4.031s] -- Found ament_lint_auto: 0.12.11 (/opt/ros/humble/share/ament_lint_auto/cmake)
[4.309s] -- Added test 'copyright' to check source files copyright and LICENSE
[4.311s] -- Added test 'cppcheck' to perform static code analysis on C / C++ code
[4.312s] -- Configured cppcheck include dirs: /home/manav/robotis_ws/src/OpenManipulatorX_ROS2-main/DynamixelSDK/dynamixel_sdk_examples/include
[4.313s] -- Configured cppcheck exclude dirs and/or files: 
[4.318s] -- Added test 'cpplint' to check C / C++ code against the Google style
[4.319s] -- Configured cpplint exclude dirs and/or files: 
[4.320s] -- Added test 'lint_cmake' to check CMake code style
[4.323s] -- Added test 'uncrustify' to check C / C++ code style
[4.324s] -- Configured uncrustify additional arguments: 
[4.328s] -- Added test 'xmllint' to check XML markup files
[4.334s] -- Configuring done
[4.406s] -- Generating done
[4.435s] -- Build files have been written to: /home/manav/robotis_ws/build/dynamixel_sdk_examples
[4.476s] Invoked command in '/home/manav/robotis_ws/build/dynamixel_sdk_examples' returned '0': CMAKE_PREFIX_PATH=/home/manav/robotis_ws/install/dynamixel_sdk_custom_interfaces:/home/manav/robotis_ws/install/dynamixel_sdk:/home/manav/robotis_ws/install/open_manipulator:/home/manav/robotis_ws/install/open_manipulator_x_controller:/home/manav/robotis_ws/install/open_manipulator_x_libs:/home/manav/robotis_ws/install/robotis_manipulator:/home/manav/robotis_ws/install/rbe500-example:/home/manav/robotis_ws/install/open_manipulator_x_description:/home/manav/robotis_ws/install/open_manipulator_msgs:/home/manav/robotis_ws/install/my_service_package:/home/manav/robotis_ws/install/dynamixel_workbench:/home/manav/robotis_ws/install/dynamixel_workbench_toolbox:/home/manav/robotis_ws/install/dynamixel_sdk_examples:/home/manav/robotis_ws/install/cmake_modules:/home/manav/robotis_ws/install/vel_kinematics:/home/manav/robotis_ws/install/rbe500_example_py:/home/manav/robotis_ws/install/pdctr:/home/manav/robotis_ws/install/inverse:/home/manav/robotis_ws/install/forward:/home/manav/ros2_test/install/my_robot_controller:/opt/ros/humble LD_LIBRARY_PATH=/home/manav/robotis_ws/install/dynamixel_sdk_custom_interfaces/lib:/home/manav/robotis_ws/install/dynamixel_sdk/lib:/home/manav/robotis_ws/install/open_manipulator_x_libs/lib:/home/manav/robotis_ws/install/robotis_manipulator/lib:/home/manav/robotis_ws/install/open_manipulator_msgs/lib:/home/manav/robotis_ws/install/my_service_package/lib:/home/manav/robotis_ws/install/dynamixel_workbench_toolbox/lib:/opt/ros/humble/opt/rviz_ogre_vendor/lib:/opt/ros/humble/lib/x86_64-linux-gnu:/opt/ros/humble/lib /usr/bin/cmake /home/manav/robotis_ws/src/OpenManipulatorX_ROS2-main/DynamixelSDK/dynamixel_sdk_examples -DCMAKE_INSTALL_PREFIX=/home/manav/robotis_ws/install/dynamixel_sdk_examples
[4.481s] Invoking command in '/home/manav/robotis_ws/build/dynamixel_sdk_examples': CMAKE_PREFIX_PATH=/home/manav/robotis_ws/install/dynamixel_sdk_custom_interfaces:/home/manav/robotis_ws/install/dynamixel_sdk:/home/manav/robotis_ws/install/open_manipulator:/home/manav/robotis_ws/install/open_manipulator_x_controller:/home/manav/robotis_ws/install/open_manipulator_x_libs:/home/manav/robotis_ws/install/robotis_manipulator:/home/manav/robotis_ws/install/rbe500-example:/home/manav/robotis_ws/install/open_manipulator_x_description:/home/manav/robotis_ws/install/open_manipulator_msgs:/home/manav/robotis_ws/install/my_service_package:/home/manav/robotis_ws/install/dynamixel_workbench:/home/manav/robotis_ws/install/dynamixel_workbench_toolbox:/home/manav/robotis_ws/install/dynamixel_sdk_examples:/home/manav/robotis_ws/install/cmake_modules:/home/manav/robotis_ws/install/vel_kinematics:/home/manav/robotis_ws/install/rbe500_example_py:/home/manav/robotis_ws/install/pdctr:/home/manav/robotis_ws/install/inverse:/home/manav/robotis_ws/install/forward:/home/manav/ros2_test/install/my_robot_controller:/opt/ros/humble LD_LIBRARY_PATH=/home/manav/robotis_ws/install/dynamixel_sdk_custom_interfaces/lib:/home/manav/robotis_ws/install/dynamixel_sdk/lib:/home/manav/robotis_ws/install/open_manipulator_x_libs/lib:/home/manav/robotis_ws/install/robotis_manipulator/lib:/home/manav/robotis_ws/install/open_manipulator_msgs/lib:/home/manav/robotis_ws/install/my_service_package/lib:/home/manav/robotis_ws/install/dynamixel_workbench_toolbox/lib:/opt/ros/humble/opt/rviz_ogre_vendor/lib:/opt/ros/humble/lib/x86_64-linux-gnu:/opt/ros/humble/lib /usr/bin/cmake --build /home/manav/robotis_ws/build/dynamixel_sdk_examples -- -j4 -l4
[4.748s] [ 16%] [32mBuilding CXX object CMakeFiles/read_write_node.dir/src/read_write_node.cpp.o[0m
[25.700s] [ 33%] [32m[1mLinking CXX executable read_write_node[0m
[26.741s] [ 33%] Built target read_write_node
[26.785s] [ 50%] [32mBuilding CXX object CMakeFiles/combined_read_write.dir/src/combined_read_write.cpp.o[0m
[46.149s] [ 66%] [32m[1mLinking CXX executable combined_read_write[0m
[46.932s] [ 66%] Built target combined_read_write
[46.963s] [ 83%] [32mBuilding CXX object CMakeFiles/current_read_write_node.dir/src/current_read_write_node.cpp.o[0m
[59.275s] [100%] [32m[1mLinking CXX executable current_read_write_node[0m
[60.137s] [100%] Built target current_read_write_node
[60.237s] Invoked command in '/home/manav/robotis_ws/build/dynamixel_sdk_examples' returned '0': CMAKE_PREFIX_PATH=/home/manav/robotis_ws/install/dynamixel_sdk_custom_interfaces:/home/manav/robotis_ws/install/dynamixel_sdk:/home/manav/robotis_ws/install/open_manipulator:/home/manav/robotis_ws/install/open_manipulator_x_controller:/home/manav/robotis_ws/install/open_manipulator_x_libs:/home/manav/robotis_ws/install/robotis_manipulator:/home/manav/robotis_ws/install/rbe500-example:/home/manav/robotis_ws/install/open_manipulator_x_description:/home/manav/robotis_ws/install/open_manipulator_msgs:/home/manav/robotis_ws/install/my_service_package:/home/manav/robotis_ws/install/dynamixel_workbench:/home/manav/robotis_ws/install/dynamixel_workbench_toolbox:/home/manav/robotis_ws/install/dynamixel_sdk_examples:/home/manav/robotis_ws/install/cmake_modules:/home/manav/robotis_ws/install/vel_kinematics:/home/manav/robotis_ws/install/rbe500_example_py:/home/manav/robotis_ws/install/pdctr:/home/manav/robotis_ws/install/inverse:/home/manav/robotis_ws/install/forward:/home/manav/ros2_test/install/my_robot_controller:/opt/ros/humble LD_LIBRARY_PATH=/home/manav/robotis_ws/install/dynamixel_sdk_custom_interfaces/lib:/home/manav/robotis_ws/install/dynamixel_sdk/lib:/home/manav/robotis_ws/install/open_manipulator_x_libs/lib:/home/manav/robotis_ws/install/robotis_manipulator/lib:/home/manav/robotis_ws/install/open_manipulator_msgs/lib:/home/manav/robotis_ws/install/my_service_package/lib:/home/manav/robotis_ws/install/dynamixel_workbench_toolbox/lib:/opt/ros/humble/opt/rviz_ogre_vendor/lib:/opt/ros/humble/lib/x86_64-linux-gnu:/opt/ros/humble/lib /usr/bin/cmake --build /home/manav/robotis_ws/build/dynamixel_sdk_examples -- -j4 -l4
[60.239s] Invoking command in '/home/manav/robotis_ws/build/dynamixel_sdk_examples': CMAKE_PREFIX_PATH=/home/manav/robotis_ws/install/dynamixel_sdk_custom_interfaces:/home/manav/robotis_ws/install/dynamixel_sdk:/home/manav/robotis_ws/install/open_manipulator:/home/manav/robotis_ws/install/open_manipulator_x_controller:/home/manav/robotis_ws/install/open_manipulator_x_libs:/home/manav/robotis_ws/install/robotis_manipulator:/home/manav/robotis_ws/install/rbe500-example:/home/manav/robotis_ws/install/open_manipulator_x_description:/home/manav/robotis_ws/install/open_manipulator_msgs:/home/manav/robotis_ws/install/my_service_package:/home/manav/robotis_ws/install/dynamixel_workbench:/home/manav/robotis_ws/install/dynamixel_workbench_toolbox:/home/manav/robotis_ws/install/dynamixel_sdk_examples:/home/manav/robotis_ws/install/cmake_modules:/home/manav/robotis_ws/install/vel_kinematics:/home/manav/robotis_ws/install/rbe500_example_py:/home/manav/robotis_ws/install/pdctr:/home/manav/robotis_ws/install/inverse:/home/manav/robotis_ws/install/forward:/home/manav/ros2_test/install/my_robot_controller:/opt/ros/humble LD_LIBRARY_PATH=/home/manav/robotis_ws/install/dynamixel_sdk_custom_interfaces/lib:/home/manav/robotis_ws/install/dynamixel_sdk/lib:/home/manav/robotis_ws/install/open_manipulator_x_libs/lib:/home/manav/robotis_ws/install/robotis_manipulator/lib:/home/manav/robotis_ws/install/open_manipulator_msgs/lib:/home/manav/robotis_ws/install/my_service_package/lib:/home/manav/robotis_ws/install/dynamixel_workbench_toolbox/lib:/opt/ros/humble/opt/rviz_ogre_vendor/lib:/opt/ros/humble/lib/x86_64-linux-gnu:/opt/ros/humble/lib /usr/bin/cmake --install /home/manav/robotis_ws/build/dynamixel_sdk_examples
[60.249s] -- Install configuration: ""
[60.250s] -- Installing: /home/manav/robotis_ws/install/dynamixel_sdk_examples/lib/dynamixel_sdk_examples/read_write_node
[60.254s] -- Set runtime path of "/home/manav/robotis_ws/install/dynamixel_sdk_examples/lib/dynamixel_sdk_examples/read_write_node" to ""
[60.255s] -- Installing: /home/manav/robotis_ws/install/dynamixel_sdk_examples/lib/dynamixel_sdk_examples/combined_read_write
[60.259s] -- Set runtime path of "/home/manav/robotis_ws/install/dynamixel_sdk_examples/lib/dynamixel_sdk_examples/combined_read_write" to ""
[60.260s] -- Installing: /home/manav/robotis_ws/install/dynamixel_sdk_examples/lib/dynamixel_sdk_examples/current_read_write_node
[60.264s] -- Set runtime path of "/home/manav/robotis_ws/install/dynamixel_sdk_examples/lib/dynamixel_sdk_examples/current_read_write_node" to ""
[60.265s] -- Installing: /home/manav/robotis_ws/install/dynamixel_sdk_examples/share/ament_index/resource_index/package_run_dependencies/dynamixel_sdk_examples
[60.265s] -- Installing: /home/manav/robotis_ws/install/dynamixel_sdk_examples/share/ament_index/resource_index/parent_prefix_path/dynamixel_sdk_examples
[60.265s] -- Installing: /home/manav/robotis_ws/install/dynamixel_sdk_examples/share/dynamixel_sdk_examples/environment/ament_prefix_path.sh
[60.266s] -- Installing: /home/manav/robotis_ws/install/dynamixel_sdk_examples/share/dynamixel_sdk_examples/environment/ament_prefix_path.dsv
[60.266s] -- Installing: /home/manav/robotis_ws/install/dynamixel_sdk_examples/share/dynamixel_sdk_examples/environment/path.sh
[60.266s] -- Installing: /home/manav/robotis_ws/install/dynamixel_sdk_examples/share/dynamixel_sdk_examples/environment/path.dsv
[60.266s] -- Installing: /home/manav/robotis_ws/install/dynamixel_sdk_examples/share/dynamixel_sdk_examples/local_setup.bash
[60.267s] -- Installing: /home/manav/robotis_ws/install/dynamixel_sdk_examples/share/dynamixel_sdk_examples/local_setup.sh
[60.267s] -- Installing: /home/manav/robotis_ws/install/dynamixel_sdk_examples/share/dynamixel_sdk_examples/local_setup.zsh
[60.267s] -- Installing: /home/manav/robotis_ws/install/dynamixel_sdk_examples/share/dynamixel_sdk_examples/local_setup.dsv
[60.267s] -- Installing: /home/manav/robotis_ws/install/dynamixel_sdk_examples/share/dynamixel_sdk_examples/package.dsv
[60.268s] -- Installing: /home/manav/robotis_ws/install/dynamixel_sdk_examples/share/ament_index/resource_index/packages/dynamixel_sdk_examples
[60.268s] -- Installing: /home/manav/robotis_ws/install/dynamixel_sdk_examples/share/dynamixel_sdk_examples/cmake/dynamixel_sdk_examplesConfig.cmake
[60.268s] -- Installing: /home/manav/robotis_ws/install/dynamixel_sdk_examples/share/dynamixel_sdk_examples/cmake/dynamixel_sdk_examplesConfig-version.cmake
[60.269s] -- Installing: /home/manav/robotis_ws/install/dynamixel_sdk_examples/share/dynamixel_sdk_examples/package.xml
[60.272s] Invoked command in '/home/manav/robotis_ws/build/dynamixel_sdk_examples' returned '0': CMAKE_PREFIX_PATH=/home/manav/robotis_ws/install/dynamixel_sdk_custom_interfaces:/home/manav/robotis_ws/install/dynamixel_sdk:/home/manav/robotis_ws/install/open_manipulator:/home/manav/robotis_ws/install/open_manipulator_x_controller:/home/manav/robotis_ws/install/open_manipulator_x_libs:/home/manav/robotis_ws/install/robotis_manipulator:/home/manav/robotis_ws/install/rbe500-example:/home/manav/robotis_ws/install/open_manipulator_x_description:/home/manav/robotis_ws/install/open_manipulator_msgs:/home/manav/robotis_ws/install/my_service_package:/home/manav/robotis_ws/install/dynamixel_workbench:/home/manav/robotis_ws/install/dynamixel_workbench_toolbox:/home/manav/robotis_ws/install/dynamixel_sdk_examples:/home/manav/robotis_ws/install/cmake_modules:/home/manav/robotis_ws/install/vel_kinematics:/home/manav/robotis_ws/install/rbe500_example_py:/home/manav/robotis_ws/install/pdctr:/home/manav/robotis_ws/install/inverse:/home/manav/robotis_ws/install/forward:/home/manav/ros2_test/install/my_robot_controller:/opt/ros/humble LD_LIBRARY_PATH=/home/manav/robotis_ws/install/dynamixel_sdk_custom_interfaces/lib:/home/manav/robotis_ws/install/dynamixel_sdk/lib:/home/manav/robotis_ws/install/open_manipulator_x_libs/lib:/home/manav/robotis_ws/install/robotis_manipulator/lib:/home/manav/robotis_ws/install/open_manipulator_msgs/lib:/home/manav/robotis_ws/install/my_service_package/lib:/home/manav/robotis_ws/install/dynamixel_workbench_toolbox/lib:/opt/ros/humble/opt/rviz_ogre_vendor/lib:/opt/ros/humble/lib/x86_64-linux-gnu:/opt/ros/humble/lib /usr/bin/cmake --install /home/manav/robotis_ws/build/dynamixel_sdk_examples
