[4.486s] Invoking command in '/home/manav/robotis_ws/src/OpenManipulatorX_ROS2-main/inverse': PYTHONPATH=/home/manav/robotis_ws/build/inverse/prefix_override:/usr/lib/python3/dist-packages/colcon_core/task/python/colcon_distutils_commands:/home/manav/robotis_ws/install/inverse/lib/python3.10/site-packages:${PYTHONPATH} /usr/bin/python3 -W ignore:setup.py install is deprecated -W ignore:easy_install command is deprecated setup.py egg_info --egg-base ../../../build/inverse build --build-base /home/manav/robotis_ws/build/inverse/build install --record /home/manav/robotis_ws/build/inverse/install.log --single-version-externally-managed install_data
[5.641s] running egg_info
[5.645s] writing ../../../build/inverse/inverse.egg-info/PKG-INFO
[5.646s] writing dependency_links to ../../../build/inverse/inverse.egg-info/dependency_links.txt
[5.646s] writing entry points to ../../../build/inverse/inverse.egg-info/entry_points.txt
[5.646s] writing requirements to ../../../build/inverse/inverse.egg-info/requires.txt
[5.647s] writing top-level names to ../../../build/inverse/inverse.egg-info/top_level.txt
[5.673s] reading manifest file '../../../build/inverse/inverse.egg-info/SOURCES.txt'
[5.682s] adding license file 'LICENSE'
[5.697s] writing manifest file '../../../build/inverse/inverse.egg-info/SOURCES.txt'
[5.698s] running build
[5.699s] running build_py
[5.699s] running install
[5.699s] running install_lib
[5.708s] running install_data
[5.708s] running install_egg_info
[5.737s] removing '/home/manav/robotis_ws/install/inverse/lib/python3.10/site-packages/inverse-0.0.0-py3.10.egg-info' (and everything under it)
[5.737s] Copying ../../../build/inverse/inverse.egg-info to /home/manav/robotis_ws/install/inverse/lib/python3.10/site-packages/inverse-0.0.0-py3.10.egg-info
[5.742s] running install_scripts
[5.830s] Installing inv_call script to /home/manav/robotis_ws/install/inverse/lib/inverse
[5.831s] writing list of installed files to '/home/manav/robotis_ws/build/inverse/install.log'
[7.093s] Invoked command in '/home/manav/robotis_ws/src/OpenManipulatorX_ROS2-main/inverse' returned '0': PYTHONPATH=/home/manav/robotis_ws/build/inverse/prefix_override:/usr/lib/python3/dist-packages/colcon_core/task/python/colcon_distutils_commands:/home/manav/robotis_ws/install/inverse/lib/python3.10/site-packages:${PYTHONPATH} /usr/bin/python3 -W ignore:setup.py install is deprecated -W ignore:easy_install command is deprecated setup.py egg_info --egg-base ../../../build/inverse build --build-base /home/manav/robotis_ws/build/inverse/build install --record /home/manav/robotis_ws/build/inverse/install.log --single-version-externally-managed install_data
