[0.061s] Invoking command in '/home/manav/robotis_ws/build/my_service_package': CMAKE_PREFIX_PATH=${CMAKE_PREFIX_PATH}:/home/manav/robotis_ws/install/vel_kinematics:/home/manav/robotis_ws/install/rbe500_example_py:/home/manav/robotis_ws/install/inverse:/home/manav/robotis_ws/install/forward:/home/manav/ros2_test/install/my_robot_controller:/opt/ros/humble /usr/bin/cmake --build /home/manav/robotis_ws/build/my_service_package -- -j4 -l4
[0.308s] [  1%] Built target my_service_package__cpp
[0.366s] [ 12%] Built target my_service_package__rosidl_generator_c
[0.418s] [ 12%] Built target ament_cmake_python_copy_my_service_package
[0.471s] [ 23%] Built target my_service_package__rosidl_typesupport_fastrtps_cpp
[0.478s] [ 34%] Built target my_service_package__rosidl_typesupport_cpp
[0.535s] [ 46%] Built target my_service_package__rosidl_typesupport_introspection_cpp
[0.653s] [ 57%] Built target my_service_package__rosidl_typesupport_fastrtps_c
[0.660s] [ 68%] Built target my_service_package__rosidl_typesupport_introspection_c
[0.670s] [ 79%] Built target my_service_package__rosidl_typesupport_c
[0.875s] [ 79%] Built target my_service_package
[1.105s] [ 80%] Built target my_service_package__py
[1.342s] [ 90%] Built target my_service_package__rosidl_generator_py
[1.604s] [ 93%] Built target my_service_package__rosidl_typesupport_c__pyext
[1.687s] running egg_info
[1.691s] writing my_service_package.egg-info/PKG-INFO
[1.692s] writing dependency_links to my_service_package.egg-info/dependency_links.txt
[1.695s] writing top-level names to my_service_package.egg-info/top_level.txt
[1.696s] [ 96%] Built target my_service_package__rosidl_typesupport_fastrtps_c__pyext
[1.703s] reading manifest file 'my_service_package.egg-info/SOURCES.txt'
[1.704s] writing manifest file 'my_service_package.egg-info/SOURCES.txt'
[1.740s] [100%] Built target my_service_package__rosidl_typesupport_introspection_c__pyext
[1.774s] [100%] Built target ament_cmake_python_build_my_service_package_egg
[1.919s] Invoked command in '/home/manav/robotis_ws/build/my_service_package' returned '0': CMAKE_PREFIX_PATH=${CMAKE_PREFIX_PATH}:/home/manav/robotis_ws/install/vel_kinematics:/home/manav/robotis_ws/install/rbe500_example_py:/home/manav/robotis_ws/install/inverse:/home/manav/robotis_ws/install/forward:/home/manav/ros2_test/install/my_robot_controller:/opt/ros/humble /usr/bin/cmake --build /home/manav/robotis_ws/build/my_service_package -- -j4 -l4
[3.103s] Invoking command in '/home/manav/robotis_ws/build/my_service_package': CMAKE_PREFIX_PATH=${CMAKE_PREFIX_PATH}:/home/manav/robotis_ws/install/vel_kinematics:/home/manav/robotis_ws/install/rbe500_example_py:/home/manav/robotis_ws/install/inverse:/home/manav/robotis_ws/install/forward:/home/manav/ros2_test/install/my_robot_controller:/opt/ros/humble /usr/bin/cmake --install /home/manav/robotis_ws/build/my_service_package
[3.146s] -- Install configuration: ""
[3.146s] -- Up-to-date: /home/manav/robotis_ws/install/my_service_package/share/ament_index/resource_index/rosidl_interfaces/my_service_package
[3.146s] -- Up-to-date: /home/manav/robotis_ws/install/my_service_package/include/my_service_package/my_service_package
[3.146s] -- Up-to-date: /home/manav/robotis_ws/install/my_service_package/include/my_service_package/my_service_package/srv
[3.147s] -- Up-to-date: /home/manav/robotis_ws/install/my_service_package/include/my_service_package/my_service_package/srv/endeffector_velservice.h
[3.147s] -- Up-to-date: /home/manav/robotis_ws/install/my_service_package/include/my_service_package/my_service_package/srv/i_kservice.h
[3.147s] -- Up-to-date: /home/manav/robotis_ws/install/my_service_package/include/my_service_package/my_service_package/srv/detail
[3.147s] -- Up-to-date: /home/manav/robotis_ws/install/my_service_package/include/my_service_package/my_service_package/srv/detail/endeffector_velservice__functions.h
[3.154s] -- Up-to-date: /home/manav/robotis_ws/install/my_service_package/include/my_service_package/my_service_package/srv/detail/joint_velservice__functions.c
[3.154s] -- Up-to-date: /home/manav/robotis_ws/install/my_service_package/include/my_service_package/my_service_package/srv/detail/endeffector_velservice__struct.h
[3.154s] -- Up-to-date: /home/manav/robotis_ws/install/my_service_package/include/my_service_package/my_service_package/srv/detail/joint_velservice__struct.h
[3.155s] -- Up-to-date: /home/manav/robotis_ws/install/my_service_package/include/my_service_package/my_service_package/srv/detail/i_kservice__type_support.h
[3.155s] -- Up-to-date: /home/manav/robotis_ws/install/my_service_package/include/my_service_package/my_service_package/srv/detail/endeffector_velservice__type_support.h
[3.155s] -- Up-to-date: /home/manav/robotis_ws/install/my_service_package/include/my_service_package/my_service_package/srv/detail/i_kservice__struct.h
[3.159s] -- Up-to-date: /home/manav/robotis_ws/install/my_service_package/include/my_service_package/my_service_package/srv/detail/i_kservice__functions.c
[3.167s] -- Up-to-date: /home/manav/robotis_ws/install/my_service_package/include/my_service_package/my_service_package/srv/detail/i_kservice__functions.h
[3.168s] -- Up-to-date: /home/manav/robotis_ws/install/my_service_package/include/my_service_package/my_service_package/srv/detail/endeffector_velservice__functions.c
[3.168s] -- Up-to-date: /home/manav/robotis_ws/install/my_service_package/include/my_service_package/my_service_package/srv/detail/joint_velservice__type_support.h
[3.168s] -- Up-to-date: /home/manav/robotis_ws/install/my_service_package/include/my_service_package/my_service_package/srv/detail/joint_velservice__functions.h
[3.168s] -- Up-to-date: /home/manav/robotis_ws/install/my_service_package/include/my_service_package/my_service_package/srv/joint_velservice.h
[3.168s] -- Up-to-date: /home/manav/robotis_ws/install/my_service_package/include/my_service_package/my_service_package/msg
[3.168s] -- Up-to-date: /home/manav/robotis_ws/install/my_service_package/include/my_service_package/my_service_package/msg/rot_pos.h
[3.172s] -- Up-to-date: /home/manav/robotis_ws/install/my_service_package/include/my_service_package/my_service_package/msg/vel_pos.h
[3.173s] -- Up-to-date: /home/manav/robotis_ws/install/my_service_package/include/my_service_package/my_service_package/msg/detail
[3.173s] -- Up-to-date: /home/manav/robotis_ws/install/my_service_package/include/my_service_package/my_service_package/msg/detail/rot_pos__struct.h
[3.173s] -- Up-to-date: /home/manav/robotis_ws/install/my_service_package/include/my_service_package/my_service_package/msg/detail/vel_pos__functions.h
[3.173s] -- Up-to-date: /home/manav/robotis_ws/install/my_service_package/include/my_service_package/my_service_package/msg/detail/vel_pos__struct.h
[3.173s] -- Up-to-date: /home/manav/robotis_ws/install/my_service_package/include/my_service_package/my_service_package/msg/detail/vel_pos__type_support.h
[3.174s] -- Up-to-date: /home/manav/robotis_ws/install/my_service_package/include/my_service_package/my_service_package/msg/detail/rot_pos__functions.h
[3.174s] -- Up-to-date: /home/manav/robotis_ws/install/my_service_package/include/my_service_package/my_service_package/msg/detail/rot_pos__functions.c
[3.174s] -- Up-to-date: /home/manav/robotis_ws/install/my_service_package/include/my_service_package/my_service_package/msg/detail/vel_pos__functions.c
[3.174s] -- Up-to-date: /home/manav/robotis_ws/install/my_service_package/include/my_service_package/my_service_package/msg/detail/rot_pos__type_support.h
[3.174s] -- Up-to-date: /home/manav/robotis_ws/install/my_service_package/include/my_service_package/my_service_package/msg/rosidl_generator_c__visibility_control.h
[3.177s] -- Up-to-date: /home/manav/robotis_ws/install/my_service_package/share/my_service_package/environment/library_path.sh
[3.178s] -- Up-to-date: /home/manav/robotis_ws/install/my_service_package/share/my_service_package/environment/library_path.dsv
[3.178s] -- Up-to-date: /home/manav/robotis_ws/install/my_service_package/lib/libmy_service_package__rosidl_generator_c.so
[3.178s] -- Up-to-date: /home/manav/robotis_ws/install/my_service_package/include/my_service_package/my_service_package
[3.181s] -- Up-to-date: /home/manav/robotis_ws/install/my_service_package/include/my_service_package/my_service_package/srv
[3.181s] -- Up-to-date: /home/manav/robotis_ws/install/my_service_package/include/my_service_package/my_service_package/srv/detail
[3.182s] -- Up-to-date: /home/manav/robotis_ws/install/my_service_package/include/my_service_package/my_service_package/srv/detail/i_kservice__rosidl_typesupport_fastrtps_c.h
[3.182s] -- Up-to-date: /home/manav/robotis_ws/install/my_service_package/include/my_service_package/my_service_package/srv/detail/endeffector_velservice__rosidl_typesupport_fastrtps_c.h
[3.182s] -- Up-to-date: /home/manav/robotis_ws/install/my_service_package/include/my_service_package/my_service_package/srv/detail/joint_velservice__rosidl_typesupport_fastrtps_c.h
[3.182s] -- Up-to-date: /home/manav/robotis_ws/install/my_service_package/include/my_service_package/my_service_package/msg
[3.183s] -- Up-to-date: /home/manav/robotis_ws/install/my_service_package/include/my_service_package/my_service_package/msg/rosidl_typesupport_fastrtps_c__visibility_control.h
[3.183s] -- Up-to-date: /home/manav/robotis_ws/install/my_service_package/include/my_service_package/my_service_package/msg/detail
[3.183s] -- Up-to-date: /home/manav/robotis_ws/install/my_service_package/include/my_service_package/my_service_package/msg/detail/vel_pos__rosidl_typesupport_fastrtps_c.h
[3.183s] -- Up-to-date: /home/manav/robotis_ws/install/my_service_package/include/my_service_package/my_service_package/msg/detail/rot_pos__rosidl_typesupport_fastrtps_c.h
[3.183s] -- Up-to-date: /home/manav/robotis_ws/install/my_service_package/lib/libmy_service_package__rosidl_typesupport_fastrtps_c.so
[3.183s] -- Up-to-date: /home/manav/robotis_ws/install/my_service_package/include/my_service_package/my_service_package
[3.183s] -- Up-to-date: /home/manav/robotis_ws/install/my_service_package/include/my_service_package/my_service_package/srv
[3.184s] -- Up-to-date: /home/manav/robotis_ws/install/my_service_package/include/my_service_package/my_service_package/srv/joint_velservice.hpp
[3.184s] -- Up-to-date: /home/manav/robotis_ws/install/my_service_package/include/my_service_package/my_service_package/srv/endeffector_velservice.hpp
[3.184s] -- Up-to-date: /home/manav/robotis_ws/install/my_service_package/include/my_service_package/my_service_package/srv/i_kservice.hpp
[3.184s] -- Up-to-date: /home/manav/robotis_ws/install/my_service_package/include/my_service_package/my_service_package/srv/detail
[3.184s] -- Up-to-date: /home/manav/robotis_ws/install/my_service_package/include/my_service_package/my_service_package/srv/detail/joint_velservice__struct.hpp
[3.194s] -- Up-to-date: /home/manav/robotis_ws/install/my_service_package/include/my_service_package/my_service_package/srv/detail/i_kservice__traits.hpp
[3.195s] -- Up-to-date: /home/manav/robotis_ws/install/my_service_package/include/my_service_package/my_service_package/srv/detail/joint_velservice__traits.hpp
[3.195s] -- Up-to-date: /home/manav/robotis_ws/install/my_service_package/include/my_service_package/my_service_package/srv/detail/i_kservice__struct.hpp
[3.195s] -- Up-to-date: /home/manav/robotis_ws/install/my_service_package/include/my_service_package/my_service_package/srv/detail/i_kservice__builder.hpp
[3.195s] -- Up-to-date: /home/manav/robotis_ws/install/my_service_package/include/my_service_package/my_service_package/srv/detail/endeffector_velservice__struct.hpp
[3.195s] -- Up-to-date: /home/manav/robotis_ws/install/my_service_package/include/my_service_package/my_service_package/srv/detail/joint_velservice__builder.hpp
[3.196s] -- Up-to-date: /home/manav/robotis_ws/install/my_service_package/include/my_service_package/my_service_package/srv/detail/endeffector_velservice__traits.hpp
[3.196s] -- Up-to-date: /home/manav/robotis_ws/install/my_service_package/include/my_service_package/my_service_package/srv/detail/endeffector_velservice__builder.hpp
[3.197s] -- Up-to-date: /home/manav/robotis_ws/install/my_service_package/include/my_service_package/my_service_package/msg
[3.197s] -- Up-to-date: /home/manav/robotis_ws/install/my_service_package/include/my_service_package/my_service_package/msg/rot_pos.hpp
[3.197s] -- Up-to-date: /home/manav/robotis_ws/install/my_service_package/include/my_service_package/my_service_package/msg/vel_pos.hpp
[3.197s] -- Up-to-date: /home/manav/robotis_ws/install/my_service_package/include/my_service_package/my_service_package/msg/detail
[3.197s] -- Up-to-date: /home/manav/robotis_ws/install/my_service_package/include/my_service_package/my_service_package/msg/detail/rot_pos__traits.hpp
[3.197s] -- Up-to-date: /home/manav/robotis_ws/install/my_service_package/include/my_service_package/my_service_package/msg/detail/rot_pos__struct.hpp
[3.197s] -- Up-to-date: /home/manav/robotis_ws/install/my_service_package/include/my_service_package/my_service_package/msg/detail/vel_pos__traits.hpp
[3.197s] -- Up-to-date: /home/manav/robotis_ws/install/my_service_package/include/my_service_package/my_service_package/msg/detail/rot_pos__builder.hpp
[3.198s] -- Up-to-date: /home/manav/robotis_ws/install/my_service_package/include/my_service_package/my_service_package/msg/detail/vel_pos__struct.hpp
[3.198s] -- Up-to-date: /home/manav/robotis_ws/install/my_service_package/include/my_service_package/my_service_package/msg/detail/vel_pos__builder.hpp
[3.198s] -- Up-to-date: /home/manav/robotis_ws/install/my_service_package/include/my_service_package/my_service_package
[3.198s] -- Up-to-date: /home/manav/robotis_ws/install/my_service_package/include/my_service_package/my_service_package/srv
[3.198s] -- Up-to-date: /home/manav/robotis_ws/install/my_service_package/include/my_service_package/my_service_package/srv/detail
[3.198s] -- Up-to-date: /home/manav/robotis_ws/install/my_service_package/include/my_service_package/my_service_package/srv/detail/endeffector_velservice__rosidl_typesupport_fastrtps_cpp.hpp
[3.198s] -- Up-to-date: /home/manav/robotis_ws/install/my_service_package/include/my_service_package/my_service_package/srv/detail/dds_fastrtps
[3.199s] -- Up-to-date: /home/manav/robotis_ws/install/my_service_package/include/my_service_package/my_service_package/srv/detail/i_kservice__rosidl_typesupport_fastrtps_cpp.hpp
[3.199s] -- Up-to-date: /home/manav/robotis_ws/install/my_service_package/include/my_service_package/my_service_package/srv/detail/joint_velservice__rosidl_typesupport_fastrtps_cpp.hpp
[3.199s] -- Up-to-date: /home/manav/robotis_ws/install/my_service_package/include/my_service_package/my_service_package/msg
[3.199s] -- Up-to-date: /home/manav/robotis_ws/install/my_service_package/include/my_service_package/my_service_package/msg/rosidl_typesupport_fastrtps_cpp__visibility_control.h
[3.199s] -- Up-to-date: /home/manav/robotis_ws/install/my_service_package/include/my_service_package/my_service_package/msg/detail
[3.199s] -- Up-to-date: /home/manav/robotis_ws/install/my_service_package/include/my_service_package/my_service_package/msg/detail/rot_pos__rosidl_typesupport_fastrtps_cpp.hpp
[3.199s] -- Up-to-date: /home/manav/robotis_ws/install/my_service_package/include/my_service_package/my_service_package/msg/detail/vel_pos__rosidl_typesupport_fastrtps_cpp.hpp
[3.200s] -- Up-to-date: /home/manav/robotis_ws/install/my_service_package/include/my_service_package/my_service_package/msg/detail/dds_fastrtps
[3.200s] -- Up-to-date: /home/manav/robotis_ws/install/my_service_package/lib/libmy_service_package__rosidl_typesupport_fastrtps_cpp.so
[3.200s] -- Up-to-date: /home/manav/robotis_ws/install/my_service_package/include/my_service_package/my_service_package
[3.200s] -- Up-to-date: /home/manav/robotis_ws/install/my_service_package/include/my_service_package/my_service_package/srv
[3.200s] -- Up-to-date: /home/manav/robotis_ws/install/my_service_package/include/my_service_package/my_service_package/srv/detail
[3.200s] -- Up-to-date: /home/manav/robotis_ws/install/my_service_package/include/my_service_package/my_service_package/srv/detail/endeffector_velservice__rosidl_typesupport_introspection_c.h
[3.200s] -- Up-to-date: /home/manav/robotis_ws/install/my_service_package/include/my_service_package/my_service_package/srv/detail/endeffector_velservice__type_support.c
[3.201s] -- Up-to-date: /home/manav/robotis_ws/install/my_service_package/include/my_service_package/my_service_package/srv/detail/i_kservice__type_support.c
[3.201s] -- Up-to-date: /home/manav/robotis_ws/install/my_service_package/include/my_service_package/my_service_package/srv/detail/i_kservice__rosidl_typesupport_introspection_c.h
[3.201s] -- Up-to-date: /home/manav/robotis_ws/install/my_service_package/include/my_service_package/my_service_package/srv/detail/joint_velservice__rosidl_typesupport_introspection_c.h
[3.201s] -- Up-to-date: /home/manav/robotis_ws/install/my_service_package/include/my_service_package/my_service_package/srv/detail/joint_velservice__type_support.c
[3.201s] -- Up-to-date: /home/manav/robotis_ws/install/my_service_package/include/my_service_package/my_service_package/msg
[3.201s] -- Up-to-date: /home/manav/robotis_ws/install/my_service_package/include/my_service_package/my_service_package/msg/rosidl_typesupport_introspection_c__visibility_control.h
[3.201s] -- Up-to-date: /home/manav/robotis_ws/install/my_service_package/include/my_service_package/my_service_package/msg/detail
[3.201s] -- Up-to-date: /home/manav/robotis_ws/install/my_service_package/include/my_service_package/my_service_package/msg/detail/vel_pos__type_support.c
[3.202s] -- Up-to-date: /home/manav/robotis_ws/install/my_service_package/include/my_service_package/my_service_package/msg/detail/vel_pos__rosidl_typesupport_introspection_c.h
[3.202s] -- Up-to-date: /home/manav/robotis_ws/install/my_service_package/include/my_service_package/my_service_package/msg/detail/rot_pos__type_support.c
[3.202s] -- Up-to-date: /home/manav/robotis_ws/install/my_service_package/include/my_service_package/my_service_package/msg/detail/rot_pos__rosidl_typesupport_introspection_c.h
[3.202s] -- Up-to-date: /home/manav/robotis_ws/install/my_service_package/lib/libmy_service_package__rosidl_typesupport_introspection_c.so
[3.203s] -- Up-to-date: /home/manav/robotis_ws/install/my_service_package/lib/libmy_service_package__rosidl_typesupport_c.so
[3.203s] -- Up-to-date: /home/manav/robotis_ws/install/my_service_package/include/my_service_package/my_service_package
[3.203s] -- Up-to-date: /home/manav/robotis_ws/install/my_service_package/include/my_service_package/my_service_package/srv
[3.203s] -- Up-to-date: /home/manav/robotis_ws/install/my_service_package/include/my_service_package/my_service_package/srv/detail
[3.203s] -- Up-to-date: /home/manav/robotis_ws/install/my_service_package/include/my_service_package/my_service_package/srv/detail/joint_velservice__type_support.cpp
[3.204s] -- Up-to-date: /home/manav/robotis_ws/install/my_service_package/include/my_service_package/my_service_package/srv/detail/endeffector_velservice__rosidl_typesupport_introspection_cpp.hpp
[3.204s] -- Up-to-date: /home/manav/robotis_ws/install/my_service_package/include/my_service_package/my_service_package/srv/detail/i_kservice__type_support.cpp
[3.204s] -- Up-to-date: /home/manav/robotis_ws/install/my_service_package/include/my_service_package/my_service_package/srv/detail/endeffector_velservice__type_support.cpp
[3.204s] -- Up-to-date: /home/manav/robotis_ws/install/my_service_package/include/my_service_package/my_service_package/srv/detail/joint_velservice__rosidl_typesupport_introspection_cpp.hpp
[3.204s] -- Up-to-date: /home/manav/robotis_ws/install/my_service_package/include/my_service_package/my_service_package/srv/detail/i_kservice__rosidl_typesupport_introspection_cpp.hpp
[3.204s] -- Up-to-date: /home/manav/robotis_ws/install/my_service_package/include/my_service_package/my_service_package/msg
[3.204s] -- Up-to-date: /home/manav/robotis_ws/install/my_service_package/include/my_service_package/my_service_package/msg/detail
[3.205s] -- Up-to-date: /home/manav/robotis_ws/install/my_service_package/include/my_service_package/my_service_package/msg/detail/vel_pos__type_support.cpp
[3.205s] -- Up-to-date: /home/manav/robotis_ws/install/my_service_package/include/my_service_package/my_service_package/msg/detail/rot_pos__rosidl_typesupport_introspection_cpp.hpp
[3.205s] -- Up-to-date: /home/manav/robotis_ws/install/my_service_package/include/my_service_package/my_service_package/msg/detail/rot_pos__type_support.cpp
[3.205s] -- Up-to-date: /home/manav/robotis_ws/install/my_service_package/include/my_service_package/my_service_package/msg/detail/vel_pos__rosidl_typesupport_introspection_cpp.hpp
[3.205s] -- Up-to-date: /home/manav/robotis_ws/install/my_service_package/lib/libmy_service_package__rosidl_typesupport_introspection_cpp.so
[3.205s] -- Up-to-date: /home/manav/robotis_ws/install/my_service_package/lib/libmy_service_package__rosidl_typesupport_cpp.so
[3.205s] -- Up-to-date: /home/manav/robotis_ws/install/my_service_package/share/my_service_package/environment/pythonpath.sh
[3.205s] -- Up-to-date: /home/manav/robotis_ws/install/my_service_package/share/my_service_package/environment/pythonpath.dsv
[3.206s] -- Up-to-date: /home/manav/robotis_ws/install/my_service_package/local/lib/python3.10/dist-packages/my_service_package-0.0.0-py3.10.egg-info
[3.206s] -- Installing: /home/manav/robotis_ws/install/my_service_package/local/lib/python3.10/dist-packages/my_service_package-0.0.0-py3.10.egg-info/top_level.txt
[3.206s] -- Installing: /home/manav/robotis_ws/install/my_service_package/local/lib/python3.10/dist-packages/my_service_package-0.0.0-py3.10.egg-info/dependency_links.txt
[3.206s] -- Installing: /home/manav/robotis_ws/install/my_service_package/local/lib/python3.10/dist-packages/my_service_package-0.0.0-py3.10.egg-info/PKG-INFO
[3.206s] -- Installing: /home/manav/robotis_ws/install/my_service_package/local/lib/python3.10/dist-packages/my_service_package-0.0.0-py3.10.egg-info/SOURCES.txt
[3.206s] -- Up-to-date: /home/manav/robotis_ws/install/my_service_package/local/lib/python3.10/dist-packages/my_service_package
[3.207s] -- Up-to-date: /home/manav/robotis_ws/install/my_service_package/local/lib/python3.10/dist-packages/my_service_package/_my_service_package_s.ep.rosidl_typesupport_introspection_c.c
[3.207s] -- Up-to-date: /home/manav/robotis_ws/install/my_service_package/local/lib/python3.10/dist-packages/my_service_package/libmy_service_package__rosidl_generator_py.so
[3.207s] -- Up-to-date: /home/manav/robotis_ws/install/my_service_package/local/lib/python3.10/dist-packages/my_service_package/my_service_package_s__rosidl_typesupport_fastrtps_c.cpython-310-x86_64-linux-gnu.so
[3.207s] -- Up-to-date: /home/manav/robotis_ws/install/my_service_package/local/lib/python3.10/dist-packages/my_service_package/_my_service_package_s.ep.rosidl_typesupport_fastrtps_c.c
[3.207s] -- Up-to-date: /home/manav/robotis_ws/install/my_service_package/local/lib/python3.10/dist-packages/my_service_package/srv
[3.207s] -- Up-to-date: /home/manav/robotis_ws/install/my_service_package/local/lib/python3.10/dist-packages/my_service_package/srv/_i_kservice.py
[3.207s] -- Up-to-date: /home/manav/robotis_ws/install/my_service_package/local/lib/python3.10/dist-packages/my_service_package/srv/_joint_velservice_s.c
[3.208s] -- Up-to-date: /home/manav/robotis_ws/install/my_service_package/local/lib/python3.10/dist-packages/my_service_package/srv/_endeffector_velservice_s.c
[3.208s] -- Up-to-date: /home/manav/robotis_ws/install/my_service_package/local/lib/python3.10/dist-packages/my_service_package/srv/_endeffector_velservice.py
[3.208s] -- Up-to-date: /home/manav/robotis_ws/install/my_service_package/local/lib/python3.10/dist-packages/my_service_package/srv/_i_kservice_s.c
[3.208s] -- Up-to-date: /home/manav/robotis_ws/install/my_service_package/local/lib/python3.10/dist-packages/my_service_package/srv/_joint_velservice.py
[3.208s] -- Up-to-date: /home/manav/robotis_ws/install/my_service_package/local/lib/python3.10/dist-packages/my_service_package/srv/__init__.py
[3.208s] -- Up-to-date: /home/manav/robotis_ws/install/my_service_package/local/lib/python3.10/dist-packages/my_service_package/msg
[3.208s] -- Up-to-date: /home/manav/robotis_ws/install/my_service_package/local/lib/python3.10/dist-packages/my_service_package/msg/_vel_pos.py
[3.209s] -- Up-to-date: /home/manav/robotis_ws/install/my_service_package/local/lib/python3.10/dist-packages/my_service_package/msg/_rot_pos.py
[3.209s] -- Up-to-date: /home/manav/robotis_ws/install/my_service_package/local/lib/python3.10/dist-packages/my_service_package/msg/_vel_pos_s.c
[3.209s] -- Up-to-date: /home/manav/robotis_ws/install/my_service_package/local/lib/python3.10/dist-packages/my_service_package/msg/_rot_pos_s.c
[3.209s] -- Up-to-date: /home/manav/robotis_ws/install/my_service_package/local/lib/python3.10/dist-packages/my_service_package/msg/__init__.py
[3.209s] -- Up-to-date: /home/manav/robotis_ws/install/my_service_package/local/lib/python3.10/dist-packages/my_service_package/_my_service_package_s.ep.rosidl_typesupport_c.c
[3.209s] -- Up-to-date: /home/manav/robotis_ws/install/my_service_package/local/lib/python3.10/dist-packages/my_service_package/my_service_package_s__rosidl_typesupport_introspection_c.cpython-310-x86_64-linux-gnu.so
[3.213s] -- Up-to-date: /home/manav/robotis_ws/install/my_service_package/local/lib/python3.10/dist-packages/my_service_package/my_service_package_s__rosidl_typesupport_c.cpython-310-x86_64-linux-gnu.so
[3.213s] -- Up-to-date: /home/manav/robotis_ws/install/my_service_package/local/lib/python3.10/dist-packages/my_service_package/__init__.py
[3.405s] Listing '/home/manav/robotis_ws/install/my_service_package/local/lib/python3.10/dist-packages/my_service_package'...
[3.405s] Listing '/home/manav/robotis_ws/install/my_service_package/local/lib/python3.10/dist-packages/my_service_package/msg'...
[3.405s] Listing '/home/manav/robotis_ws/install/my_service_package/local/lib/python3.10/dist-packages/my_service_package/srv'...
[3.426s] -- Up-to-date: /home/manav/robotis_ws/install/my_service_package/local/lib/python3.10/dist-packages/my_service_package/my_service_package_s__rosidl_typesupport_fastrtps_c.cpython-310-x86_64-linux-gnu.so
[3.426s] -- Up-to-date: /home/manav/robotis_ws/install/my_service_package/local/lib/python3.10/dist-packages/my_service_package/my_service_package_s__rosidl_typesupport_introspection_c.cpython-310-x86_64-linux-gnu.so
[3.429s] -- Up-to-date: /home/manav/robotis_ws/install/my_service_package/local/lib/python3.10/dist-packages/my_service_package/my_service_package_s__rosidl_typesupport_c.cpython-310-x86_64-linux-gnu.so
[3.433s] -- Up-to-date: /home/manav/robotis_ws/install/my_service_package/lib/libmy_service_package__rosidl_generator_py.so
[3.438s] -- Up-to-date: /home/manav/robotis_ws/install/my_service_package/share/my_service_package/msg/RotPos.idl
[3.438s] -- Up-to-date: /home/manav/robotis_ws/install/my_service_package/share/my_service_package/msg/VelPos.idl
[3.438s] -- Up-to-date: /home/manav/robotis_ws/install/my_service_package/share/my_service_package/srv/IKservice.idl
[3.438s] -- Up-to-date: /home/manav/robotis_ws/install/my_service_package/share/my_service_package/srv/JointVelservice.idl
[3.438s] -- Up-to-date: /home/manav/robotis_ws/install/my_service_package/share/my_service_package/srv/EndeffectorVelservice.idl
[3.438s] -- Up-to-date: /home/manav/robotis_ws/install/my_service_package/share/my_service_package/msg/RotPos.msg
[3.438s] -- Up-to-date: /home/manav/robotis_ws/install/my_service_package/share/my_service_package/msg/VelPos.msg
[3.439s] -- Up-to-date: /home/manav/robotis_ws/install/my_service_package/share/my_service_package/srv/IKservice.srv
[3.439s] -- Up-to-date: /home/manav/robotis_ws/install/my_service_package/share/my_service_package/srv/IKservice_Request.msg
[3.439s] -- Up-to-date: /home/manav/robotis_ws/install/my_service_package/share/my_service_package/srv/IKservice_Response.msg
[3.439s] -- Up-to-date: /home/manav/robotis_ws/install/my_service_package/share/my_service_package/srv/JointVelservice.srv
[3.439s] -- Up-to-date: /home/manav/robotis_ws/install/my_service_package/share/my_service_package/srv/JointVelservice_Request.msg
[3.449s] -- Up-to-date: /home/manav/robotis_ws/install/my_service_package/share/my_service_package/srv/JointVelservice_Response.msg
[3.449s] -- Up-to-date: /home/manav/robotis_ws/install/my_service_package/share/my_service_package/srv/EndeffectorVelservice.srv
[3.449s] -- Up-to-date: /home/manav/robotis_ws/install/my_service_package/share/my_service_package/srv/EndeffectorVelservice_Request.msg
[3.450s] -- Up-to-date: /home/manav/robotis_ws/install/my_service_package/share/my_service_package/srv/EndeffectorVelservice_Response.msg
[3.450s] -- Up-to-date: /home/manav/robotis_ws/install/my_service_package/share/ament_index/resource_index/package_run_dependencies/my_service_package
[3.450s] -- Up-to-date: /home/manav/robotis_ws/install/my_service_package/share/ament_index/resource_index/parent_prefix_path/my_service_package
[3.450s] -- Up-to-date: /home/manav/robotis_ws/install/my_service_package/share/my_service_package/environment/ament_prefix_path.sh
[3.450s] -- Up-to-date: /home/manav/robotis_ws/install/my_service_package/share/my_service_package/environment/ament_prefix_path.dsv
[3.450s] -- Up-to-date: /home/manav/robotis_ws/install/my_service_package/share/my_service_package/environment/path.sh
[3.450s] -- Up-to-date: /home/manav/robotis_ws/install/my_service_package/share/my_service_package/environment/path.dsv
[3.451s] -- Up-to-date: /home/manav/robotis_ws/install/my_service_package/share/my_service_package/local_setup.bash
[3.451s] -- Up-to-date: /home/manav/robotis_ws/install/my_service_package/share/my_service_package/local_setup.sh
[3.451s] -- Up-to-date: /home/manav/robotis_ws/install/my_service_package/share/my_service_package/local_setup.zsh
[3.451s] -- Up-to-date: /home/manav/robotis_ws/install/my_service_package/share/my_service_package/local_setup.dsv
[3.451s] -- Installing: /home/manav/robotis_ws/install/my_service_package/share/my_service_package/package.dsv
[3.451s] -- Up-to-date: /home/manav/robotis_ws/install/my_service_package/share/ament_index/resource_index/packages/my_service_package
[3.462s] -- Up-to-date: /home/manav/robotis_ws/install/my_service_package/share/my_service_package/cmake/export_my_service_package__rosidl_generator_cExport.cmake
[3.462s] -- Up-to-date: /home/manav/robotis_ws/install/my_service_package/share/my_service_package/cmake/export_my_service_package__rosidl_generator_cExport-noconfig.cmake
[3.462s] -- Up-to-date: /home/manav/robotis_ws/install/my_service_package/share/my_service_package/cmake/export_my_service_package__rosidl_typesupport_fastrtps_cExport.cmake
[3.462s] -- Up-to-date: /home/manav/robotis_ws/install/my_service_package/share/my_service_package/cmake/export_my_service_package__rosidl_typesupport_fastrtps_cExport-noconfig.cmake
[3.462s] -- Up-to-date: /home/manav/robotis_ws/install/my_service_package/share/my_service_package/cmake/export_my_service_package__rosidl_generator_cppExport.cmake
[3.462s] -- Up-to-date: /home/manav/robotis_ws/install/my_service_package/share/my_service_package/cmake/export_my_service_package__rosidl_typesupport_fastrtps_cppExport.cmake
[3.464s] -- Up-to-date: /home/manav/robotis_ws/install/my_service_package/share/my_service_package/cmake/export_my_service_package__rosidl_typesupport_fastrtps_cppExport-noconfig.cmake
[3.470s] -- Up-to-date: /home/manav/robotis_ws/install/my_service_package/share/my_service_package/cmake/my_service_package__rosidl_typesupport_introspection_cExport.cmake
[3.470s] -- Up-to-date: /home/manav/robotis_ws/install/my_service_package/share/my_service_package/cmake/my_service_package__rosidl_typesupport_introspection_cExport-noconfig.cmake
[3.470s] -- Up-to-date: /home/manav/robotis_ws/install/my_service_package/share/my_service_package/cmake/my_service_package__rosidl_typesupport_cExport.cmake
[3.470s] -- Up-to-date: /home/manav/robotis_ws/install/my_service_package/share/my_service_package/cmake/my_service_package__rosidl_typesupport_cExport-noconfig.cmake
[3.470s] -- Up-to-date: /home/manav/robotis_ws/install/my_service_package/share/my_service_package/cmake/my_service_package__rosidl_typesupport_introspection_cppExport.cmake
[3.470s] -- Up-to-date: /home/manav/robotis_ws/install/my_service_package/share/my_service_package/cmake/my_service_package__rosidl_typesupport_introspection_cppExport-noconfig.cmake
[3.470s] -- Up-to-date: /home/manav/robotis_ws/install/my_service_package/share/my_service_package/cmake/my_service_package__rosidl_typesupport_cppExport.cmake
[3.471s] -- Up-to-date: /home/manav/robotis_ws/install/my_service_package/share/my_service_package/cmake/my_service_package__rosidl_typesupport_cppExport-noconfig.cmake
[3.471s] -- Up-to-date: /home/manav/robotis_ws/install/my_service_package/share/my_service_package/cmake/export_my_service_package__rosidl_generator_pyExport.cmake
[3.471s] -- Up-to-date: /home/manav/robotis_ws/install/my_service_package/share/my_service_package/cmake/export_my_service_package__rosidl_generator_pyExport-noconfig.cmake
[3.471s] -- Up-to-date: /home/manav/robotis_ws/install/my_service_package/share/my_service_package/cmake/rosidl_cmake-extras.cmake
[3.471s] -- Up-to-date: /home/manav/robotis_ws/install/my_service_package/share/my_service_package/cmake/ament_cmake_export_dependencies-extras.cmake
[3.471s] -- Up-to-date: /home/manav/robotis_ws/install/my_service_package/share/my_service_package/cmake/ament_cmake_export_include_directories-extras.cmake
[3.471s] -- Up-to-date: /home/manav/robotis_ws/install/my_service_package/share/my_service_package/cmake/ament_cmake_export_libraries-extras.cmake
[3.476s] -- Up-to-date: /home/manav/robotis_ws/install/my_service_package/share/my_service_package/cmake/ament_cmake_export_targets-extras.cmake
[3.482s] -- Up-to-date: /home/manav/robotis_ws/install/my_service_package/share/my_service_package/cmake/rosidl_cmake_export_typesupport_targets-extras.cmake
[3.483s] -- Up-to-date: /home/manav/robotis_ws/install/my_service_package/share/my_service_package/cmake/rosidl_cmake_export_typesupport_libraries-extras.cmake
[3.483s] -- Up-to-date: /home/manav/robotis_ws/install/my_service_package/share/my_service_package/cmake/my_service_packageConfig.cmake
[3.483s] -- Up-to-date: /home/manav/robotis_ws/install/my_service_package/share/my_service_package/cmake/my_service_packageConfig-version.cmake
[3.483s] -- Up-to-date: /home/manav/robotis_ws/install/my_service_package/share/my_service_package/package.xml
[3.491s] Invoked command in '/home/manav/robotis_ws/build/my_service_package' returned '0': CMAKE_PREFIX_PATH=${CMAKE_PREFIX_PATH}:/home/manav/robotis_ws/install/vel_kinematics:/home/manav/robotis_ws/install/rbe500_example_py:/home/manav/robotis_ws/install/inverse:/home/manav/robotis_ws/install/forward:/home/manav/ros2_test/install/my_robot_controller:/opt/ros/humble /usr/bin/cmake --install /home/manav/robotis_ws/build/my_service_package
