[0.058s] Invoking command in '/home/manav/robotis_ws/build/open_manipulator_msgs': CMAKE_PREFIX_PATH=${CMAKE_PREFIX_PATH}:/home/manav/robotis_ws/install/vel_kinematics:/home/manav/robotis_ws/install/rbe500_example_py:/home/manav/robotis_ws/install/inverse:/home/manav/robotis_ws/install/forward:/home/manav/ros2_test/install/my_robot_controller:/opt/ros/humble /usr/bin/cmake --build /home/manav/robotis_ws/build/open_manipulator_msgs -- -j4 -l4
[0.315s] [ 11%] Built target open_manipulator_msgs__rosidl_generator_c
[0.352s] [ 12%] Built target open_manipulator_msgs__cpp
[0.441s] [ 12%] Built target ament_cmake_python_copy_open_manipulator_msgs
[0.482s] [ 24%] Built target open_manipulator_msgs__rosidl_typesupport_c
[0.507s] [ 35%] Built target open_manipulator_msgs__rosidl_typesupport_introspection_c
[0.532s] [ 47%] Built target open_manipulator_msgs__rosidl_typesupport_fastrtps_c
[0.680s] [ 58%] Built target open_manipulator_msgs__rosidl_typesupport_introspection_cpp
[0.732s] [ 70%] Built target open_manipulator_msgs__rosidl_typesupport_fastrtps_cpp
[0.776s] [ 82%] Built target open_manipulator_msgs__rosidl_typesupport_cpp
[0.889s] [ 82%] Built target open_manipulator_msgs
[0.979s] [ 83%] Built target open_manipulator_msgs__py
[1.089s] [ 93%] Built target open_manipulator_msgs__rosidl_generator_py
[1.320s] [ 95%] Built target open_manipulator_msgs__rosidl_typesupport_c__pyext
[1.396s] [ 97%] Built target open_manipulator_msgs__rosidl_typesupport_introspection_c__pyext
[1.397s] [100%] Built target open_manipulator_msgs__rosidl_typesupport_fastrtps_c__pyext
[2.007s] running egg_info
[2.009s] writing open_manipulator_msgs.egg-info/PKG-INFO
[2.010s] writing dependency_links to open_manipulator_msgs.egg-info/dependency_links.txt
[2.010s] writing top-level names to open_manipulator_msgs.egg-info/top_level.txt
[2.016s] reading manifest file 'open_manipulator_msgs.egg-info/SOURCES.txt'
[2.020s] writing manifest file 'open_manipulator_msgs.egg-info/SOURCES.txt'
[2.086s] [100%] Built target ament_cmake_python_build_open_manipulator_msgs_egg
[2.161s] Invoked command in '/home/manav/robotis_ws/build/open_manipulator_msgs' returned '0': CMAKE_PREFIX_PATH=${CMAKE_PREFIX_PATH}:/home/manav/robotis_ws/install/vel_kinematics:/home/manav/robotis_ws/install/rbe500_example_py:/home/manav/robotis_ws/install/inverse:/home/manav/robotis_ws/install/forward:/home/manav/ros2_test/install/my_robot_controller:/opt/ros/humble /usr/bin/cmake --build /home/manav/robotis_ws/build/open_manipulator_msgs -- -j4 -l4
[3.331s] Invoking command in '/home/manav/robotis_ws/build/open_manipulator_msgs': CMAKE_PREFIX_PATH=${CMAKE_PREFIX_PATH}:/home/manav/robotis_ws/install/vel_kinematics:/home/manav/robotis_ws/install/rbe500_example_py:/home/manav/robotis_ws/install/inverse:/home/manav/robotis_ws/install/forward:/home/manav/ros2_test/install/my_robot_controller:/opt/ros/humble /usr/bin/cmake --install /home/manav/robotis_ws/build/open_manipulator_msgs
[3.353s] -- Install configuration: ""
[3.353s] -- Up-to-date: /home/manav/robotis_ws/install/open_manipulator_msgs/share/ament_index/resource_index/rosidl_interfaces/open_manipulator_msgs
[3.354s] -- Up-to-date: /home/manav/robotis_ws/install/open_manipulator_msgs/include/open_manipulator_msgs/open_manipulator_msgs
[3.361s] -- Up-to-date: /home/manav/robotis_ws/install/open_manipulator_msgs/include/open_manipulator_msgs/open_manipulator_msgs/srv
[3.362s] -- Up-to-date: /home/manav/robotis_ws/install/open_manipulator_msgs/include/open_manipulator_msgs/open_manipulator_msgs/srv/get_joint_position.h
[3.365s] -- Up-to-date: /home/manav/robotis_ws/install/open_manipulator_msgs/include/open_manipulator_msgs/open_manipulator_msgs/srv/get_kinematics_pose.h
[3.371s] -- Up-to-date: /home/manav/robotis_ws/install/open_manipulator_msgs/include/open_manipulator_msgs/open_manipulator_msgs/srv/set_kinematics_pose.h
[3.371s] -- Up-to-date: /home/manav/robotis_ws/install/open_manipulator_msgs/include/open_manipulator_msgs/open_manipulator_msgs/srv/set_joint_position.h
[3.371s] -- Up-to-date: /home/manav/robotis_ws/install/open_manipulator_msgs/include/open_manipulator_msgs/open_manipulator_msgs/srv/detail
[3.371s] -- Up-to-date: /home/manav/robotis_ws/install/open_manipulator_msgs/include/open_manipulator_msgs/open_manipulator_msgs/srv/detail/get_joint_position__functions.c
[3.372s] -- Up-to-date: /home/manav/robotis_ws/install/open_manipulator_msgs/include/open_manipulator_msgs/open_manipulator_msgs/srv/detail/set_kinematics_pose__struct.h
[3.372s] -- Up-to-date: /home/manav/robotis_ws/install/open_manipulator_msgs/include/open_manipulator_msgs/open_manipulator_msgs/srv/detail/set_kinematics_pose__functions.c
[3.372s] -- Up-to-date: /home/manav/robotis_ws/install/open_manipulator_msgs/include/open_manipulator_msgs/open_manipulator_msgs/srv/detail/set_drawing_trajectory__struct.h
[3.372s] -- Up-to-date: /home/manav/robotis_ws/install/open_manipulator_msgs/include/open_manipulator_msgs/open_manipulator_msgs/srv/detail/set_joint_position__struct.h
[3.372s] -- Up-to-date: /home/manav/robotis_ws/install/open_manipulator_msgs/include/open_manipulator_msgs/open_manipulator_msgs/srv/detail/set_drawing_trajectory__functions.h
[3.372s] -- Up-to-date: /home/manav/robotis_ws/install/open_manipulator_msgs/include/open_manipulator_msgs/open_manipulator_msgs/srv/detail/get_joint_position__type_support.h
[3.372s] -- Up-to-date: /home/manav/robotis_ws/install/open_manipulator_msgs/include/open_manipulator_msgs/open_manipulator_msgs/srv/detail/get_kinematics_pose__functions.h
[3.373s] -- Up-to-date: /home/manav/robotis_ws/install/open_manipulator_msgs/include/open_manipulator_msgs/open_manipulator_msgs/srv/detail/get_joint_position__functions.h
[3.373s] -- Up-to-date: /home/manav/robotis_ws/install/open_manipulator_msgs/include/open_manipulator_msgs/open_manipulator_msgs/srv/detail/get_kinematics_pose__type_support.h
[3.373s] -- Up-to-date: /home/manav/robotis_ws/install/open_manipulator_msgs/include/open_manipulator_msgs/open_manipulator_msgs/srv/detail/set_kinematics_pose__type_support.h
[3.373s] -- Up-to-date: /home/manav/robotis_ws/install/open_manipulator_msgs/include/open_manipulator_msgs/open_manipulator_msgs/srv/detail/set_drawing_trajectory__functions.c
[3.373s] -- Up-to-date: /home/manav/robotis_ws/install/open_manipulator_msgs/include/open_manipulator_msgs/open_manipulator_msgs/srv/detail/get_joint_position__struct.h
[3.373s] -- Up-to-date: /home/manav/robotis_ws/install/open_manipulator_msgs/include/open_manipulator_msgs/open_manipulator_msgs/srv/detail/set_actuator_state__type_support.h
[3.373s] -- Up-to-date: /home/manav/robotis_ws/install/open_manipulator_msgs/include/open_manipulator_msgs/open_manipulator_msgs/srv/detail/set_joint_position__functions.c
[3.373s] -- Up-to-date: /home/manav/robotis_ws/install/open_manipulator_msgs/include/open_manipulator_msgs/open_manipulator_msgs/srv/detail/set_kinematics_pose__functions.h
[3.374s] -- Up-to-date: /home/manav/robotis_ws/install/open_manipulator_msgs/include/open_manipulator_msgs/open_manipulator_msgs/srv/detail/set_joint_position__type_support.h
[3.380s] -- Up-to-date: /home/manav/robotis_ws/install/open_manipulator_msgs/include/open_manipulator_msgs/open_manipulator_msgs/srv/detail/set_actuator_state__functions.c
[3.382s] -- Up-to-date: /home/manav/robotis_ws/install/open_manipulator_msgs/include/open_manipulator_msgs/open_manipulator_msgs/srv/detail/set_actuator_state__functions.h
[3.382s] -- Up-to-date: /home/manav/robotis_ws/install/open_manipulator_msgs/include/open_manipulator_msgs/open_manipulator_msgs/srv/detail/set_actuator_state__struct.h
[3.382s] -- Up-to-date: /home/manav/robotis_ws/install/open_manipulator_msgs/include/open_manipulator_msgs/open_manipulator_msgs/srv/detail/get_kinematics_pose__struct.h
[3.382s] -- Up-to-date: /home/manav/robotis_ws/install/open_manipulator_msgs/include/open_manipulator_msgs/open_manipulator_msgs/srv/detail/set_drawing_trajectory__type_support.h
[3.382s] -- Up-to-date: /home/manav/robotis_ws/install/open_manipulator_msgs/include/open_manipulator_msgs/open_manipulator_msgs/srv/detail/get_kinematics_pose__functions.c
[3.383s] -- Up-to-date: /home/manav/robotis_ws/install/open_manipulator_msgs/include/open_manipulator_msgs/open_manipulator_msgs/srv/detail/set_joint_position__functions.h
[3.383s] -- Up-to-date: /home/manav/robotis_ws/install/open_manipulator_msgs/include/open_manipulator_msgs/open_manipulator_msgs/srv/set_drawing_trajectory.h
[3.383s] -- Up-to-date: /home/manav/robotis_ws/install/open_manipulator_msgs/include/open_manipulator_msgs/open_manipulator_msgs/srv/set_actuator_state.h
[3.383s] -- Up-to-date: /home/manav/robotis_ws/install/open_manipulator_msgs/include/open_manipulator_msgs/open_manipulator_msgs/msg
[3.383s] -- Up-to-date: /home/manav/robotis_ws/install/open_manipulator_msgs/include/open_manipulator_msgs/open_manipulator_msgs/msg/open_manipulator_state.h
[3.384s] -- Up-to-date: /home/manav/robotis_ws/install/open_manipulator_msgs/include/open_manipulator_msgs/open_manipulator_msgs/msg/kinematics_pose.h
[3.385s] -- Up-to-date: /home/manav/robotis_ws/install/open_manipulator_msgs/include/open_manipulator_msgs/open_manipulator_msgs/msg/detail
[3.385s] -- Up-to-date: /home/manav/robotis_ws/install/open_manipulator_msgs/include/open_manipulator_msgs/open_manipulator_msgs/msg/detail/open_manipulator_state__functions.h
[3.385s] -- Up-to-date: /home/manav/robotis_ws/install/open_manipulator_msgs/include/open_manipulator_msgs/open_manipulator_msgs/msg/detail/kinematics_pose__type_support.h
[3.385s] -- Up-to-date: /home/manav/robotis_ws/install/open_manipulator_msgs/include/open_manipulator_msgs/open_manipulator_msgs/msg/detail/open_manipulator_state__struct.h
[3.388s] -- Up-to-date: /home/manav/robotis_ws/install/open_manipulator_msgs/include/open_manipulator_msgs/open_manipulator_msgs/msg/detail/kinematics_pose__functions.c
[3.388s] -- Up-to-date: /home/manav/robotis_ws/install/open_manipulator_msgs/include/open_manipulator_msgs/open_manipulator_msgs/msg/detail/joint_position__functions.h
[3.389s] -- Up-to-date: /home/manav/robotis_ws/install/open_manipulator_msgs/include/open_manipulator_msgs/open_manipulator_msgs/msg/detail/joint_position__type_support.h
[3.389s] -- Up-to-date: /home/manav/robotis_ws/install/open_manipulator_msgs/include/open_manipulator_msgs/open_manipulator_msgs/msg/detail/kinematics_pose__functions.h
[3.389s] -- Up-to-date: /home/manav/robotis_ws/install/open_manipulator_msgs/include/open_manipulator_msgs/open_manipulator_msgs/msg/detail/kinematics_pose__struct.h
[3.389s] -- Up-to-date: /home/manav/robotis_ws/install/open_manipulator_msgs/include/open_manipulator_msgs/open_manipulator_msgs/msg/detail/joint_position__struct.h
[3.389s] -- Up-to-date: /home/manav/robotis_ws/install/open_manipulator_msgs/include/open_manipulator_msgs/open_manipulator_msgs/msg/detail/open_manipulator_state__type_support.h
[3.389s] -- Up-to-date: /home/manav/robotis_ws/install/open_manipulator_msgs/include/open_manipulator_msgs/open_manipulator_msgs/msg/detail/joint_position__functions.c
[3.389s] -- Up-to-date: /home/manav/robotis_ws/install/open_manipulator_msgs/include/open_manipulator_msgs/open_manipulator_msgs/msg/detail/open_manipulator_state__functions.c
[3.390s] -- Up-to-date: /home/manav/robotis_ws/install/open_manipulator_msgs/include/open_manipulator_msgs/open_manipulator_msgs/msg/joint_position.h
[3.392s] -- Up-to-date: /home/manav/robotis_ws/install/open_manipulator_msgs/include/open_manipulator_msgs/open_manipulator_msgs/msg/rosidl_generator_c__visibility_control.h
[3.392s] -- Up-to-date: /home/manav/robotis_ws/install/open_manipulator_msgs/share/open_manipulator_msgs/environment/library_path.sh
[3.393s] -- Up-to-date: /home/manav/robotis_ws/install/open_manipulator_msgs/share/open_manipulator_msgs/environment/library_path.dsv
[3.393s] -- Up-to-date: /home/manav/robotis_ws/install/open_manipulator_msgs/lib/libopen_manipulator_msgs__rosidl_generator_c.so
[3.393s] -- Up-to-date: /home/manav/robotis_ws/install/open_manipulator_msgs/include/open_manipulator_msgs/open_manipulator_msgs
[3.395s] -- Up-to-date: /home/manav/robotis_ws/install/open_manipulator_msgs/include/open_manipulator_msgs/open_manipulator_msgs/srv
[3.395s] -- Up-to-date: /home/manav/robotis_ws/install/open_manipulator_msgs/include/open_manipulator_msgs/open_manipulator_msgs/srv/detail
[3.396s] -- Up-to-date: /home/manav/robotis_ws/install/open_manipulator_msgs/include/open_manipulator_msgs/open_manipulator_msgs/srv/detail/set_actuator_state__rosidl_typesupport_fastrtps_c.h
[3.396s] -- Up-to-date: /home/manav/robotis_ws/install/open_manipulator_msgs/include/open_manipulator_msgs/open_manipulator_msgs/srv/detail/set_drawing_trajectory__rosidl_typesupport_fastrtps_c.h
[3.396s] -- Up-to-date: /home/manav/robotis_ws/install/open_manipulator_msgs/include/open_manipulator_msgs/open_manipulator_msgs/srv/detail/get_joint_position__rosidl_typesupport_fastrtps_c.h
[3.396s] -- Up-to-date: /home/manav/robotis_ws/install/open_manipulator_msgs/include/open_manipulator_msgs/open_manipulator_msgs/srv/detail/set_joint_position__rosidl_typesupport_fastrtps_c.h
[3.396s] -- Up-to-date: /home/manav/robotis_ws/install/open_manipulator_msgs/include/open_manipulator_msgs/open_manipulator_msgs/srv/detail/get_kinematics_pose__rosidl_typesupport_fastrtps_c.h
[3.396s] -- Up-to-date: /home/manav/robotis_ws/install/open_manipulator_msgs/include/open_manipulator_msgs/open_manipulator_msgs/srv/detail/set_kinematics_pose__rosidl_typesupport_fastrtps_c.h
[3.397s] -- Up-to-date: /home/manav/robotis_ws/install/open_manipulator_msgs/include/open_manipulator_msgs/open_manipulator_msgs/msg
[3.397s] -- Up-to-date: /home/manav/robotis_ws/install/open_manipulator_msgs/include/open_manipulator_msgs/open_manipulator_msgs/msg/rosidl_typesupport_fastrtps_c__visibility_control.h
[3.401s] -- Up-to-date: /home/manav/robotis_ws/install/open_manipulator_msgs/include/open_manipulator_msgs/open_manipulator_msgs/msg/detail
[3.401s] -- Up-to-date: /home/manav/robotis_ws/install/open_manipulator_msgs/include/open_manipulator_msgs/open_manipulator_msgs/msg/detail/kinematics_pose__rosidl_typesupport_fastrtps_c.h
[3.401s] -- Up-to-date: /home/manav/robotis_ws/install/open_manipulator_msgs/include/open_manipulator_msgs/open_manipulator_msgs/msg/detail/open_manipulator_state__rosidl_typesupport_fastrtps_c.h
[3.402s] -- Up-to-date: /home/manav/robotis_ws/install/open_manipulator_msgs/include/open_manipulator_msgs/open_manipulator_msgs/msg/detail/joint_position__rosidl_typesupport_fastrtps_c.h
[3.404s] -- Up-to-date: /home/manav/robotis_ws/install/open_manipulator_msgs/lib/libopen_manipulator_msgs__rosidl_typesupport_fastrtps_c.so
[3.404s] -- Up-to-date: /home/manav/robotis_ws/install/open_manipulator_msgs/include/open_manipulator_msgs/open_manipulator_msgs
[3.405s] -- Up-to-date: /home/manav/robotis_ws/install/open_manipulator_msgs/include/open_manipulator_msgs/open_manipulator_msgs/srv
[3.405s] -- Up-to-date: /home/manav/robotis_ws/install/open_manipulator_msgs/include/open_manipulator_msgs/open_manipulator_msgs/srv/set_actuator_state.hpp
[3.405s] -- Up-to-date: /home/manav/robotis_ws/install/open_manipulator_msgs/include/open_manipulator_msgs/open_manipulator_msgs/srv/set_kinematics_pose.hpp
[3.405s] -- Up-to-date: /home/manav/robotis_ws/install/open_manipulator_msgs/include/open_manipulator_msgs/open_manipulator_msgs/srv/get_kinematics_pose.hpp
[3.405s] -- Up-to-date: /home/manav/robotis_ws/install/open_manipulator_msgs/include/open_manipulator_msgs/open_manipulator_msgs/srv/set_drawing_trajectory.hpp
[3.405s] -- Up-to-date: /home/manav/robotis_ws/install/open_manipulator_msgs/include/open_manipulator_msgs/open_manipulator_msgs/srv/get_joint_position.hpp
[3.406s] -- Up-to-date: /home/manav/robotis_ws/install/open_manipulator_msgs/include/open_manipulator_msgs/open_manipulator_msgs/srv/detail
[3.415s] -- Up-to-date: /home/manav/robotis_ws/install/open_manipulator_msgs/include/open_manipulator_msgs/open_manipulator_msgs/srv/detail/set_kinematics_pose__builder.hpp
[3.415s] -- Up-to-date: /home/manav/robotis_ws/install/open_manipulator_msgs/include/open_manipulator_msgs/open_manipulator_msgs/srv/detail/set_drawing_trajectory__builder.hpp
[3.416s] -- Up-to-date: /home/manav/robotis_ws/install/open_manipulator_msgs/include/open_manipulator_msgs/open_manipulator_msgs/srv/detail/set_joint_position__traits.hpp
[3.416s] -- Up-to-date: /home/manav/robotis_ws/install/open_manipulator_msgs/include/open_manipulator_msgs/open_manipulator_msgs/srv/detail/get_joint_position__builder.hpp
[3.416s] -- Up-to-date: /home/manav/robotis_ws/install/open_manipulator_msgs/include/open_manipulator_msgs/open_manipulator_msgs/srv/detail/set_kinematics_pose__traits.hpp
[3.416s] -- Up-to-date: /home/manav/robotis_ws/install/open_manipulator_msgs/include/open_manipulator_msgs/open_manipulator_msgs/srv/detail/get_joint_position__traits.hpp
[3.416s] -- Up-to-date: /home/manav/robotis_ws/install/open_manipulator_msgs/include/open_manipulator_msgs/open_manipulator_msgs/srv/detail/set_drawing_trajectory__traits.hpp
[3.416s] -- Up-to-date: /home/manav/robotis_ws/install/open_manipulator_msgs/include/open_manipulator_msgs/open_manipulator_msgs/srv/detail/set_joint_position__builder.hpp
[3.416s] -- Up-to-date: /home/manav/robotis_ws/install/open_manipulator_msgs/include/open_manipulator_msgs/open_manipulator_msgs/srv/detail/get_kinematics_pose__struct.hpp
[3.417s] -- Up-to-date: /home/manav/robotis_ws/install/open_manipulator_msgs/include/open_manipulator_msgs/open_manipulator_msgs/srv/detail/get_kinematics_pose__traits.hpp
[3.418s] -- Up-to-date: /home/manav/robotis_ws/install/open_manipulator_msgs/include/open_manipulator_msgs/open_manipulator_msgs/srv/detail/get_kinematics_pose__builder.hpp
[3.419s] -- Up-to-date: /home/manav/robotis_ws/install/open_manipulator_msgs/include/open_manipulator_msgs/open_manipulator_msgs/srv/detail/set_actuator_state__builder.hpp
[3.420s] -- Up-to-date: /home/manav/robotis_ws/install/open_manipulator_msgs/include/open_manipulator_msgs/open_manipulator_msgs/srv/detail/set_kinematics_pose__struct.hpp
[3.420s] -- Up-to-date: /home/manav/robotis_ws/install/open_manipulator_msgs/include/open_manipulator_msgs/open_manipulator_msgs/srv/detail/set_actuator_state__traits.hpp
[3.420s] -- Up-to-date: /home/manav/robotis_ws/install/open_manipulator_msgs/include/open_manipulator_msgs/open_manipulator_msgs/srv/detail/set_joint_position__struct.hpp
[3.420s] -- Up-to-date: /home/manav/robotis_ws/install/open_manipulator_msgs/include/open_manipulator_msgs/open_manipulator_msgs/srv/detail/set_drawing_trajectory__struct.hpp
[3.420s] -- Up-to-date: /home/manav/robotis_ws/install/open_manipulator_msgs/include/open_manipulator_msgs/open_manipulator_msgs/srv/detail/set_actuator_state__struct.hpp
[3.420s] -- Up-to-date: /home/manav/robotis_ws/install/open_manipulator_msgs/include/open_manipulator_msgs/open_manipulator_msgs/srv/detail/get_joint_position__struct.hpp
[3.421s] -- Up-to-date: /home/manav/robotis_ws/install/open_manipulator_msgs/include/open_manipulator_msgs/open_manipulator_msgs/srv/set_joint_position.hpp
[3.425s] -- Up-to-date: /home/manav/robotis_ws/install/open_manipulator_msgs/include/open_manipulator_msgs/open_manipulator_msgs/msg
[3.426s] -- Up-to-date: /home/manav/robotis_ws/install/open_manipulator_msgs/include/open_manipulator_msgs/open_manipulator_msgs/msg/joint_position.hpp
[3.426s] -- Up-to-date: /home/manav/robotis_ws/install/open_manipulator_msgs/include/open_manipulator_msgs/open_manipulator_msgs/msg/kinematics_pose.hpp
[3.426s] -- Up-to-date: /home/manav/robotis_ws/install/open_manipulator_msgs/include/open_manipulator_msgs/open_manipulator_msgs/msg/open_manipulator_state.hpp
[3.426s] -- Up-to-date: /home/manav/robotis_ws/install/open_manipulator_msgs/include/open_manipulator_msgs/open_manipulator_msgs/msg/detail
[3.426s] -- Up-to-date: /home/manav/robotis_ws/install/open_manipulator_msgs/include/open_manipulator_msgs/open_manipulator_msgs/msg/detail/open_manipulator_state__builder.hpp
[3.426s] -- Up-to-date: /home/manav/robotis_ws/install/open_manipulator_msgs/include/open_manipulator_msgs/open_manipulator_msgs/msg/detail/joint_position__builder.hpp
[3.426s] -- Up-to-date: /home/manav/robotis_ws/install/open_manipulator_msgs/include/open_manipulator_msgs/open_manipulator_msgs/msg/detail/joint_position__traits.hpp
[3.427s] -- Up-to-date: /home/manav/robotis_ws/install/open_manipulator_msgs/include/open_manipulator_msgs/open_manipulator_msgs/msg/detail/open_manipulator_state__struct.hpp
[3.427s] -- Up-to-date: /home/manav/robotis_ws/install/open_manipulator_msgs/include/open_manipulator_msgs/open_manipulator_msgs/msg/detail/kinematics_pose__struct.hpp
[3.427s] -- Up-to-date: /home/manav/robotis_ws/install/open_manipulator_msgs/include/open_manipulator_msgs/open_manipulator_msgs/msg/detail/open_manipulator_state__traits.hpp
[3.427s] -- Up-to-date: /home/manav/robotis_ws/install/open_manipulator_msgs/include/open_manipulator_msgs/open_manipulator_msgs/msg/detail/joint_position__struct.hpp
[3.427s] -- Up-to-date: /home/manav/robotis_ws/install/open_manipulator_msgs/include/open_manipulator_msgs/open_manipulator_msgs/msg/detail/kinematics_pose__builder.hpp
[3.427s] -- Up-to-date: /home/manav/robotis_ws/install/open_manipulator_msgs/include/open_manipulator_msgs/open_manipulator_msgs/msg/detail/kinematics_pose__traits.hpp
[3.428s] -- Up-to-date: /home/manav/robotis_ws/install/open_manipulator_msgs/include/open_manipulator_msgs/open_manipulator_msgs
[3.428s] -- Up-to-date: /home/manav/robotis_ws/install/open_manipulator_msgs/include/open_manipulator_msgs/open_manipulator_msgs/srv
[3.433s] -- Up-to-date: /home/manav/robotis_ws/install/open_manipulator_msgs/include/open_manipulator_msgs/open_manipulator_msgs/srv/detail
[3.433s] -- Up-to-date: /home/manav/robotis_ws/install/open_manipulator_msgs/include/open_manipulator_msgs/open_manipulator_msgs/srv/detail/set_drawing_trajectory__rosidl_typesupport_fastrtps_cpp.hpp
[3.433s] -- Up-to-date: /home/manav/robotis_ws/install/open_manipulator_msgs/include/open_manipulator_msgs/open_manipulator_msgs/srv/detail/get_joint_position__rosidl_typesupport_fastrtps_cpp.hpp
[3.433s] -- Up-to-date: /home/manav/robotis_ws/install/open_manipulator_msgs/include/open_manipulator_msgs/open_manipulator_msgs/srv/detail/set_kinematics_pose__rosidl_typesupport_fastrtps_cpp.hpp
[3.434s] -- Up-to-date: /home/manav/robotis_ws/install/open_manipulator_msgs/include/open_manipulator_msgs/open_manipulator_msgs/srv/detail/set_actuator_state__rosidl_typesupport_fastrtps_cpp.hpp
[3.434s] -- Up-to-date: /home/manav/robotis_ws/install/open_manipulator_msgs/include/open_manipulator_msgs/open_manipulator_msgs/srv/detail/set_joint_position__rosidl_typesupport_fastrtps_cpp.hpp
[3.436s] -- Up-to-date: /home/manav/robotis_ws/install/open_manipulator_msgs/include/open_manipulator_msgs/open_manipulator_msgs/srv/detail/dds_fastrtps
[3.437s] -- Up-to-date: /home/manav/robotis_ws/install/open_manipulator_msgs/include/open_manipulator_msgs/open_manipulator_msgs/srv/detail/get_kinematics_pose__rosidl_typesupport_fastrtps_cpp.hpp
[3.437s] -- Up-to-date: /home/manav/robotis_ws/install/open_manipulator_msgs/include/open_manipulator_msgs/open_manipulator_msgs/msg
[3.437s] -- Up-to-date: /home/manav/robotis_ws/install/open_manipulator_msgs/include/open_manipulator_msgs/open_manipulator_msgs/msg/rosidl_typesupport_fastrtps_cpp__visibility_control.h
[3.437s] -- Up-to-date: /home/manav/robotis_ws/install/open_manipulator_msgs/include/open_manipulator_msgs/open_manipulator_msgs/msg/detail
[3.437s] -- Up-to-date: /home/manav/robotis_ws/install/open_manipulator_msgs/include/open_manipulator_msgs/open_manipulator_msgs/msg/detail/open_manipulator_state__rosidl_typesupport_fastrtps_cpp.hpp
[3.437s] -- Up-to-date: /home/manav/robotis_ws/install/open_manipulator_msgs/include/open_manipulator_msgs/open_manipulator_msgs/msg/detail/kinematics_pose__rosidl_typesupport_fastrtps_cpp.hpp
[3.437s] -- Up-to-date: /home/manav/robotis_ws/install/open_manipulator_msgs/include/open_manipulator_msgs/open_manipulator_msgs/msg/detail/dds_fastrtps
[3.438s] -- Up-to-date: /home/manav/robotis_ws/install/open_manipulator_msgs/include/open_manipulator_msgs/open_manipulator_msgs/msg/detail/joint_position__rosidl_typesupport_fastrtps_cpp.hpp
[3.438s] -- Up-to-date: /home/manav/robotis_ws/install/open_manipulator_msgs/lib/libopen_manipulator_msgs__rosidl_typesupport_fastrtps_cpp.so
[3.438s] -- Up-to-date: /home/manav/robotis_ws/install/open_manipulator_msgs/include/open_manipulator_msgs/open_manipulator_msgs
[3.438s] -- Up-to-date: /home/manav/robotis_ws/install/open_manipulator_msgs/include/open_manipulator_msgs/open_manipulator_msgs/srv
[3.438s] -- Up-to-date: /home/manav/robotis_ws/install/open_manipulator_msgs/include/open_manipulator_msgs/open_manipulator_msgs/srv/detail
[3.445s] -- Up-to-date: /home/manav/robotis_ws/install/open_manipulator_msgs/include/open_manipulator_msgs/open_manipulator_msgs/srv/detail/get_joint_position__rosidl_typesupport_introspection_c.h
[3.445s] -- Up-to-date: /home/manav/robotis_ws/install/open_manipulator_msgs/include/open_manipulator_msgs/open_manipulator_msgs/srv/detail/set_joint_position__rosidl_typesupport_introspection_c.h
[3.446s] -- Up-to-date: /home/manav/robotis_ws/install/open_manipulator_msgs/include/open_manipulator_msgs/open_manipulator_msgs/srv/detail/set_drawing_trajectory__rosidl_typesupport_introspection_c.h
[3.448s] -- Up-to-date: /home/manav/robotis_ws/install/open_manipulator_msgs/include/open_manipulator_msgs/open_manipulator_msgs/srv/detail/set_joint_position__type_support.c
[3.448s] -- Up-to-date: /home/manav/robotis_ws/install/open_manipulator_msgs/include/open_manipulator_msgs/open_manipulator_msgs/srv/detail/set_kinematics_pose__type_support.c
[3.448s] -- Up-to-date: /home/manav/robotis_ws/install/open_manipulator_msgs/include/open_manipulator_msgs/open_manipulator_msgs/srv/detail/get_kinematics_pose__type_support.c
[3.448s] -- Up-to-date: /home/manav/robotis_ws/install/open_manipulator_msgs/include/open_manipulator_msgs/open_manipulator_msgs/srv/detail/set_actuator_state__rosidl_typesupport_introspection_c.h
[3.448s] -- Up-to-date: /home/manav/robotis_ws/install/open_manipulator_msgs/include/open_manipulator_msgs/open_manipulator_msgs/srv/detail/set_drawing_trajectory__type_support.c
[3.449s] -- Up-to-date: /home/manav/robotis_ws/install/open_manipulator_msgs/include/open_manipulator_msgs/open_manipulator_msgs/srv/detail/set_kinematics_pose__rosidl_typesupport_introspection_c.h
[3.449s] -- Up-to-date: /home/manav/robotis_ws/install/open_manipulator_msgs/include/open_manipulator_msgs/open_manipulator_msgs/srv/detail/set_actuator_state__type_support.c
[3.449s] -- Up-to-date: /home/manav/robotis_ws/install/open_manipulator_msgs/include/open_manipulator_msgs/open_manipulator_msgs/srv/detail/get_joint_position__type_support.c
[3.449s] -- Up-to-date: /home/manav/robotis_ws/install/open_manipulator_msgs/include/open_manipulator_msgs/open_manipulator_msgs/srv/detail/get_kinematics_pose__rosidl_typesupport_introspection_c.h
[3.449s] -- Up-to-date: /home/manav/robotis_ws/install/open_manipulator_msgs/include/open_manipulator_msgs/open_manipulator_msgs/msg
[3.449s] -- Up-to-date: /home/manav/robotis_ws/install/open_manipulator_msgs/include/open_manipulator_msgs/open_manipulator_msgs/msg/rosidl_typesupport_introspection_c__visibility_control.h
[3.449s] -- Up-to-date: /home/manav/robotis_ws/install/open_manipulator_msgs/include/open_manipulator_msgs/open_manipulator_msgs/msg/detail
[3.450s] -- Up-to-date: /home/manav/robotis_ws/install/open_manipulator_msgs/include/open_manipulator_msgs/open_manipulator_msgs/msg/detail/open_manipulator_state__rosidl_typesupport_introspection_c.h
[3.450s] -- Up-to-date: /home/manav/robotis_ws/install/open_manipulator_msgs/include/open_manipulator_msgs/open_manipulator_msgs/msg/detail/open_manipulator_state__type_support.c
[3.451s] -- Up-to-date: /home/manav/robotis_ws/install/open_manipulator_msgs/include/open_manipulator_msgs/open_manipulator_msgs/msg/detail/kinematics_pose__rosidl_typesupport_introspection_c.h
[3.451s] -- Up-to-date: /home/manav/robotis_ws/install/open_manipulator_msgs/include/open_manipulator_msgs/open_manipulator_msgs/msg/detail/joint_position__rosidl_typesupport_introspection_c.h
[3.451s] -- Up-to-date: /home/manav/robotis_ws/install/open_manipulator_msgs/include/open_manipulator_msgs/open_manipulator_msgs/msg/detail/kinematics_pose__type_support.c
[3.451s] -- Up-to-date: /home/manav/robotis_ws/install/open_manipulator_msgs/include/open_manipulator_msgs/open_manipulator_msgs/msg/detail/joint_position__type_support.c
[3.451s] -- Up-to-date: /home/manav/robotis_ws/install/open_manipulator_msgs/lib/libopen_manipulator_msgs__rosidl_typesupport_introspection_c.so
[3.452s] -- Up-to-date: /home/manav/robotis_ws/install/open_manipulator_msgs/lib/libopen_manipulator_msgs__rosidl_typesupport_c.so
[3.452s] -- Up-to-date: /home/manav/robotis_ws/install/open_manipulator_msgs/include/open_manipulator_msgs/open_manipulator_msgs
[3.455s] -- Up-to-date: /home/manav/robotis_ws/install/open_manipulator_msgs/include/open_manipulator_msgs/open_manipulator_msgs/srv
[3.455s] -- Up-to-date: /home/manav/robotis_ws/install/open_manipulator_msgs/include/open_manipulator_msgs/open_manipulator_msgs/srv/detail
[3.455s] -- Up-to-date: /home/manav/robotis_ws/install/open_manipulator_msgs/include/open_manipulator_msgs/open_manipulator_msgs/srv/detail/get_kinematics_pose__rosidl_typesupport_introspection_cpp.hpp
[3.455s] -- Up-to-date: /home/manav/robotis_ws/install/open_manipulator_msgs/include/open_manipulator_msgs/open_manipulator_msgs/srv/detail/set_drawing_trajectory__rosidl_typesupport_introspection_cpp.hpp
[3.455s] -- Up-to-date: /home/manav/robotis_ws/install/open_manipulator_msgs/include/open_manipulator_msgs/open_manipulator_msgs/srv/detail/set_kinematics_pose__type_support.cpp
[3.456s] -- Up-to-date: /home/manav/robotis_ws/install/open_manipulator_msgs/include/open_manipulator_msgs/open_manipulator_msgs/srv/detail/set_actuator_state__type_support.cpp
[3.456s] -- Up-to-date: /home/manav/robotis_ws/install/open_manipulator_msgs/include/open_manipulator_msgs/open_manipulator_msgs/srv/detail/get_joint_position__rosidl_typesupport_introspection_cpp.hpp
[3.456s] -- Up-to-date: /home/manav/robotis_ws/install/open_manipulator_msgs/include/open_manipulator_msgs/open_manipulator_msgs/srv/detail/get_kinematics_pose__type_support.cpp
[3.456s] -- Up-to-date: /home/manav/robotis_ws/install/open_manipulator_msgs/include/open_manipulator_msgs/open_manipulator_msgs/srv/detail/set_joint_position__type_support.cpp
[3.456s] -- Up-to-date: /home/manav/robotis_ws/install/open_manipulator_msgs/include/open_manipulator_msgs/open_manipulator_msgs/srv/detail/set_actuator_state__rosidl_typesupport_introspection_cpp.hpp
[3.456s] -- Up-to-date: /home/manav/robotis_ws/install/open_manipulator_msgs/include/open_manipulator_msgs/open_manipulator_msgs/srv/detail/set_kinematics_pose__rosidl_typesupport_introspection_cpp.hpp
[3.456s] -- Up-to-date: /home/manav/robotis_ws/install/open_manipulator_msgs/include/open_manipulator_msgs/open_manipulator_msgs/srv/detail/get_joint_position__type_support.cpp
[3.457s] -- Up-to-date: /home/manav/robotis_ws/install/open_manipulator_msgs/include/open_manipulator_msgs/open_manipulator_msgs/srv/detail/set_joint_position__rosidl_typesupport_introspection_cpp.hpp
[3.457s] -- Up-to-date: /home/manav/robotis_ws/install/open_manipulator_msgs/include/open_manipulator_msgs/open_manipulator_msgs/srv/detail/set_drawing_trajectory__type_support.cpp
[3.457s] -- Up-to-date: /home/manav/robotis_ws/install/open_manipulator_msgs/include/open_manipulator_msgs/open_manipulator_msgs/msg
[3.457s] -- Up-to-date: /home/manav/robotis_ws/install/open_manipulator_msgs/include/open_manipulator_msgs/open_manipulator_msgs/msg/detail
[3.457s] -- Up-to-date: /home/manav/robotis_ws/install/open_manipulator_msgs/include/open_manipulator_msgs/open_manipulator_msgs/msg/detail/kinematics_pose__type_support.cpp
[3.457s] -- Up-to-date: /home/manav/robotis_ws/install/open_manipulator_msgs/include/open_manipulator_msgs/open_manipulator_msgs/msg/detail/open_manipulator_state__type_support.cpp
[3.457s] -- Up-to-date: /home/manav/robotis_ws/install/open_manipulator_msgs/include/open_manipulator_msgs/open_manipulator_msgs/msg/detail/open_manipulator_state__rosidl_typesupport_introspection_cpp.hpp
[3.457s] -- Up-to-date: /home/manav/robotis_ws/install/open_manipulator_msgs/include/open_manipulator_msgs/open_manipulator_msgs/msg/detail/joint_position__type_support.cpp
[3.458s] -- Up-to-date: /home/manav/robotis_ws/install/open_manipulator_msgs/include/open_manipulator_msgs/open_manipulator_msgs/msg/detail/joint_position__rosidl_typesupport_introspection_cpp.hpp
[3.460s] -- Up-to-date: /home/manav/robotis_ws/install/open_manipulator_msgs/include/open_manipulator_msgs/open_manipulator_msgs/msg/detail/kinematics_pose__rosidl_typesupport_introspection_cpp.hpp
[3.460s] -- Up-to-date: /home/manav/robotis_ws/install/open_manipulator_msgs/lib/libopen_manipulator_msgs__rosidl_typesupport_introspection_cpp.so
[3.460s] -- Up-to-date: /home/manav/robotis_ws/install/open_manipulator_msgs/lib/libopen_manipulator_msgs__rosidl_typesupport_cpp.so
[3.460s] -- Up-to-date: /home/manav/robotis_ws/install/open_manipulator_msgs/share/open_manipulator_msgs/environment/pythonpath.sh
[3.461s] -- Up-to-date: /home/manav/robotis_ws/install/open_manipulator_msgs/share/open_manipulator_msgs/environment/pythonpath.dsv
[3.461s] -- Up-to-date: /home/manav/robotis_ws/install/open_manipulator_msgs/local/lib/python3.10/dist-packages/open_manipulator_msgs-2.2.0-py3.10.egg-info
[3.461s] -- Installing: /home/manav/robotis_ws/install/open_manipulator_msgs/local/lib/python3.10/dist-packages/open_manipulator_msgs-2.2.0-py3.10.egg-info/top_level.txt
[3.461s] -- Installing: /home/manav/robotis_ws/install/open_manipulator_msgs/local/lib/python3.10/dist-packages/open_manipulator_msgs-2.2.0-py3.10.egg-info/dependency_links.txt
[3.461s] -- Installing: /home/manav/robotis_ws/install/open_manipulator_msgs/local/lib/python3.10/dist-packages/open_manipulator_msgs-2.2.0-py3.10.egg-info/PKG-INFO
[3.461s] -- Installing: /home/manav/robotis_ws/install/open_manipulator_msgs/local/lib/python3.10/dist-packages/open_manipulator_msgs-2.2.0-py3.10.egg-info/SOURCES.txt
[3.461s] -- Up-to-date: /home/manav/robotis_ws/install/open_manipulator_msgs/local/lib/python3.10/dist-packages/open_manipulator_msgs
[3.461s] -- Up-to-date: /home/manav/robotis_ws/install/open_manipulator_msgs/local/lib/python3.10/dist-packages/open_manipulator_msgs/open_manipulator_msgs_s__rosidl_typesupport_introspection_c.cpython-310-x86_64-linux-gnu.so
[3.461s] -- Up-to-date: /home/manav/robotis_ws/install/open_manipulator_msgs/local/lib/python3.10/dist-packages/open_manipulator_msgs/_open_manipulator_msgs_s.ep.rosidl_typesupport_fastrtps_c.c
[3.462s] -- Up-to-date: /home/manav/robotis_ws/install/open_manipulator_msgs/local/lib/python3.10/dist-packages/open_manipulator_msgs/libopen_manipulator_msgs__rosidl_generator_py.so
[3.462s] -- Up-to-date: /home/manav/robotis_ws/install/open_manipulator_msgs/local/lib/python3.10/dist-packages/open_manipulator_msgs/_open_manipulator_msgs_s.ep.rosidl_typesupport_introspection_c.c
[3.462s] -- Up-to-date: /home/manav/robotis_ws/install/open_manipulator_msgs/local/lib/python3.10/dist-packages/open_manipulator_msgs/open_manipulator_msgs_s__rosidl_typesupport_c.cpython-310-x86_64-linux-gnu.so
[3.462s] -- Up-to-date: /home/manav/robotis_ws/install/open_manipulator_msgs/local/lib/python3.10/dist-packages/open_manipulator_msgs/srv
[3.462s] -- Up-to-date: /home/manav/robotis_ws/install/open_manipulator_msgs/local/lib/python3.10/dist-packages/open_manipulator_msgs/srv/_set_drawing_trajectory_s.c
[3.462s] -- Up-to-date: /home/manav/robotis_ws/install/open_manipulator_msgs/local/lib/python3.10/dist-packages/open_manipulator_msgs/srv/_get_joint_position_s.c
[3.462s] -- Up-to-date: /home/manav/robotis_ws/install/open_manipulator_msgs/local/lib/python3.10/dist-packages/open_manipulator_msgs/srv/_set_actuator_state.py
[3.462s] -- Up-to-date: /home/manav/robotis_ws/install/open_manipulator_msgs/local/lib/python3.10/dist-packages/open_manipulator_msgs/srv/_get_kinematics_pose_s.c
[3.462s] -- Up-to-date: /home/manav/robotis_ws/install/open_manipulator_msgs/local/lib/python3.10/dist-packages/open_manipulator_msgs/srv/_set_actuator_state_s.c
[3.463s] -- Up-to-date: /home/manav/robotis_ws/install/open_manipulator_msgs/local/lib/python3.10/dist-packages/open_manipulator_msgs/srv/_set_joint_position_s.c
[3.470s] -- Up-to-date: /home/manav/robotis_ws/install/open_manipulator_msgs/local/lib/python3.10/dist-packages/open_manipulator_msgs/srv/_get_kinematics_pose.py
[3.470s] -- Up-to-date: /home/manav/robotis_ws/install/open_manipulator_msgs/local/lib/python3.10/dist-packages/open_manipulator_msgs/srv/_set_drawing_trajectory.py
[3.470s] -- Up-to-date: /home/manav/robotis_ws/install/open_manipulator_msgs/local/lib/python3.10/dist-packages/open_manipulator_msgs/srv/_get_joint_position.py
[3.470s] -- Up-to-date: /home/manav/robotis_ws/install/open_manipulator_msgs/local/lib/python3.10/dist-packages/open_manipulator_msgs/srv/_set_kinematics_pose.py
[3.470s] -- Up-to-date: /home/manav/robotis_ws/install/open_manipulator_msgs/local/lib/python3.10/dist-packages/open_manipulator_msgs/srv/_set_joint_position.py
[3.470s] -- Up-to-date: /home/manav/robotis_ws/install/open_manipulator_msgs/local/lib/python3.10/dist-packages/open_manipulator_msgs/srv/_set_kinematics_pose_s.c
[3.471s] -- Up-to-date: /home/manav/robotis_ws/install/open_manipulator_msgs/local/lib/python3.10/dist-packages/open_manipulator_msgs/srv/__init__.py
[3.471s] -- Up-to-date: /home/manav/robotis_ws/install/open_manipulator_msgs/local/lib/python3.10/dist-packages/open_manipulator_msgs/_open_manipulator_msgs_s.ep.rosidl_typesupport_c.c
[3.471s] -- Up-to-date: /home/manav/robotis_ws/install/open_manipulator_msgs/local/lib/python3.10/dist-packages/open_manipulator_msgs/msg
[3.471s] -- Up-to-date: /home/manav/robotis_ws/install/open_manipulator_msgs/local/lib/python3.10/dist-packages/open_manipulator_msgs/msg/_joint_position_s.c
[3.472s] -- Up-to-date: /home/manav/robotis_ws/install/open_manipulator_msgs/local/lib/python3.10/dist-packages/open_manipulator_msgs/msg/_open_manipulator_state_s.c
[3.472s] -- Up-to-date: /home/manav/robotis_ws/install/open_manipulator_msgs/local/lib/python3.10/dist-packages/open_manipulator_msgs/msg/_kinematics_pose.py
[3.472s] -- Up-to-date: /home/manav/robotis_ws/install/open_manipulator_msgs/local/lib/python3.10/dist-packages/open_manipulator_msgs/msg/_joint_position.py
[3.472s] -- Up-to-date: /home/manav/robotis_ws/install/open_manipulator_msgs/local/lib/python3.10/dist-packages/open_manipulator_msgs/msg/_open_manipulator_state.py
[3.472s] -- Up-to-date: /home/manav/robotis_ws/install/open_manipulator_msgs/local/lib/python3.10/dist-packages/open_manipulator_msgs/msg/__init__.py
[3.472s] -- Up-to-date: /home/manav/robotis_ws/install/open_manipulator_msgs/local/lib/python3.10/dist-packages/open_manipulator_msgs/msg/_kinematics_pose_s.c
[3.472s] -- Up-to-date: /home/manav/robotis_ws/install/open_manipulator_msgs/local/lib/python3.10/dist-packages/open_manipulator_msgs/open_manipulator_msgs_s__rosidl_typesupport_fastrtps_c.cpython-310-x86_64-linux-gnu.so
[3.473s] -- Up-to-date: /home/manav/robotis_ws/install/open_manipulator_msgs/local/lib/python3.10/dist-packages/open_manipulator_msgs/__init__.py
[3.492s] Listing '/home/manav/robotis_ws/install/open_manipulator_msgs/local/lib/python3.10/dist-packages/open_manipulator_msgs'...
[3.492s] Listing '/home/manav/robotis_ws/install/open_manipulator_msgs/local/lib/python3.10/dist-packages/open_manipulator_msgs/msg'...
[3.493s] Listing '/home/manav/robotis_ws/install/open_manipulator_msgs/local/lib/python3.10/dist-packages/open_manipulator_msgs/srv'...
[3.522s] -- Up-to-date: /home/manav/robotis_ws/install/open_manipulator_msgs/local/lib/python3.10/dist-packages/open_manipulator_msgs/open_manipulator_msgs_s__rosidl_typesupport_fastrtps_c.cpython-310-x86_64-linux-gnu.so
[3.522s] -- Up-to-date: /home/manav/robotis_ws/install/open_manipulator_msgs/local/lib/python3.10/dist-packages/open_manipulator_msgs/open_manipulator_msgs_s__rosidl_typesupport_introspection_c.cpython-310-x86_64-linux-gnu.so
[3.527s] -- Up-to-date: /home/manav/robotis_ws/install/open_manipulator_msgs/local/lib/python3.10/dist-packages/open_manipulator_msgs/open_manipulator_msgs_s__rosidl_typesupport_c.cpython-310-x86_64-linux-gnu.so
[3.527s] -- Up-to-date: /home/manav/robotis_ws/install/open_manipulator_msgs/lib/libopen_manipulator_msgs__rosidl_generator_py.so
[3.527s] -- Up-to-date: /home/manav/robotis_ws/install/open_manipulator_msgs/share/open_manipulator_msgs/msg/JointPosition.idl
[3.528s] -- Up-to-date: /home/manav/robotis_ws/install/open_manipulator_msgs/share/open_manipulator_msgs/msg/KinematicsPose.idl
[3.528s] -- Up-to-date: /home/manav/robotis_ws/install/open_manipulator_msgs/share/open_manipulator_msgs/msg/OpenManipulatorState.idl
[3.529s] -- Up-to-date: /home/manav/robotis_ws/install/open_manipulator_msgs/share/open_manipulator_msgs/srv/GetJointPosition.idl
[3.531s] -- Up-to-date: /home/manav/robotis_ws/install/open_manipulator_msgs/share/open_manipulator_msgs/srv/GetKinematicsPose.idl
[3.531s] -- Up-to-date: /home/manav/robotis_ws/install/open_manipulator_msgs/share/open_manipulator_msgs/srv/SetJointPosition.idl
[3.531s] -- Up-to-date: /home/manav/robotis_ws/install/open_manipulator_msgs/share/open_manipulator_msgs/srv/SetKinematicsPose.idl
[3.531s] -- Up-to-date: /home/manav/robotis_ws/install/open_manipulator_msgs/share/open_manipulator_msgs/srv/SetDrawingTrajectory.idl
[3.531s] -- Up-to-date: /home/manav/robotis_ws/install/open_manipulator_msgs/share/open_manipulator_msgs/srv/SetActuatorState.idl
[3.534s] -- Up-to-date: /home/manav/robotis_ws/install/open_manipulator_msgs/share/open_manipulator_msgs/msg/JointPosition.msg
[3.534s] -- Up-to-date: /home/manav/robotis_ws/install/open_manipulator_msgs/share/open_manipulator_msgs/msg/KinematicsPose.msg
[3.534s] -- Up-to-date: /home/manav/robotis_ws/install/open_manipulator_msgs/share/open_manipulator_msgs/msg/OpenManipulatorState.msg
[3.534s] -- Up-to-date: /home/manav/robotis_ws/install/open_manipulator_msgs/share/open_manipulator_msgs/srv/GetJointPosition.srv
[3.534s] -- Up-to-date: /home/manav/robotis_ws/install/open_manipulator_msgs/share/open_manipulator_msgs/srv/GetJointPosition_Request.msg
[3.534s] -- Up-to-date: /home/manav/robotis_ws/install/open_manipulator_msgs/share/open_manipulator_msgs/srv/GetJointPosition_Response.msg
[3.535s] -- Up-to-date: /home/manav/robotis_ws/install/open_manipulator_msgs/share/open_manipulator_msgs/srv/GetKinematicsPose.srv
[3.535s] -- Up-to-date: /home/manav/robotis_ws/install/open_manipulator_msgs/share/open_manipulator_msgs/srv/GetKinematicsPose_Request.msg
[3.536s] -- Up-to-date: /home/manav/robotis_ws/install/open_manipulator_msgs/share/open_manipulator_msgs/srv/GetKinematicsPose_Response.msg
[3.536s] -- Up-to-date: /home/manav/robotis_ws/install/open_manipulator_msgs/share/open_manipulator_msgs/srv/SetJointPosition.srv
[3.536s] -- Up-to-date: /home/manav/robotis_ws/install/open_manipulator_msgs/share/open_manipulator_msgs/srv/SetJointPosition_Request.msg
[3.536s] -- Up-to-date: /home/manav/robotis_ws/install/open_manipulator_msgs/share/open_manipulator_msgs/srv/SetJointPosition_Response.msg
[3.536s] -- Up-to-date: /home/manav/robotis_ws/install/open_manipulator_msgs/share/open_manipulator_msgs/srv/SetKinematicsPose.srv
[3.536s] -- Up-to-date: /home/manav/robotis_ws/install/open_manipulator_msgs/share/open_manipulator_msgs/srv/SetKinematicsPose_Request.msg
[3.538s] -- Up-to-date: /home/manav/robotis_ws/install/open_manipulator_msgs/share/open_manipulator_msgs/srv/SetKinematicsPose_Response.msg
[3.539s] -- Up-to-date: /home/manav/robotis_ws/install/open_manipulator_msgs/share/open_manipulator_msgs/srv/SetDrawingTrajectory.srv
[3.539s] -- Up-to-date: /home/manav/robotis_ws/install/open_manipulator_msgs/share/open_manipulator_msgs/srv/SetDrawingTrajectory_Request.msg
[3.539s] -- Up-to-date: /home/manav/robotis_ws/install/open_manipulator_msgs/share/open_manipulator_msgs/srv/SetDrawingTrajectory_Response.msg
[3.539s] -- Up-to-date: /home/manav/robotis_ws/install/open_manipulator_msgs/share/open_manipulator_msgs/srv/SetActuatorState.srv
[3.539s] -- Up-to-date: /home/manav/robotis_ws/install/open_manipulator_msgs/share/open_manipulator_msgs/srv/SetActuatorState_Request.msg
[3.540s] -- Up-to-date: /home/manav/robotis_ws/install/open_manipulator_msgs/share/open_manipulator_msgs/srv/SetActuatorState_Response.msg
[3.540s] -- Up-to-date: /home/manav/robotis_ws/install/open_manipulator_msgs/share/ament_index/resource_index/package_run_dependencies/open_manipulator_msgs
[3.540s] -- Up-to-date: /home/manav/robotis_ws/install/open_manipulator_msgs/share/ament_index/resource_index/parent_prefix_path/open_manipulator_msgs
[3.541s] -- Up-to-date: /home/manav/robotis_ws/install/open_manipulator_msgs/share/open_manipulator_msgs/environment/ament_prefix_path.sh
[3.544s] -- Up-to-date: /home/manav/robotis_ws/install/open_manipulator_msgs/share/open_manipulator_msgs/environment/ament_prefix_path.dsv
[3.544s] -- Up-to-date: /home/manav/robotis_ws/install/open_manipulator_msgs/share/open_manipulator_msgs/environment/path.sh
[3.544s] -- Up-to-date: /home/manav/robotis_ws/install/open_manipulator_msgs/share/open_manipulator_msgs/environment/path.dsv
[3.544s] -- Up-to-date: /home/manav/robotis_ws/install/open_manipulator_msgs/share/open_manipulator_msgs/local_setup.bash
[3.544s] -- Up-to-date: /home/manav/robotis_ws/install/open_manipulator_msgs/share/open_manipulator_msgs/local_setup.sh
[3.547s] -- Up-to-date: /home/manav/robotis_ws/install/open_manipulator_msgs/share/open_manipulator_msgs/local_setup.zsh
[3.547s] -- Up-to-date: /home/manav/robotis_ws/install/open_manipulator_msgs/share/open_manipulator_msgs/local_setup.dsv
[3.547s] -- Installing: /home/manav/robotis_ws/install/open_manipulator_msgs/share/open_manipulator_msgs/package.dsv
[3.552s] -- Up-to-date: /home/manav/robotis_ws/install/open_manipulator_msgs/share/ament_index/resource_index/packages/open_manipulator_msgs
[3.552s] -- Up-to-date: /home/manav/robotis_ws/install/open_manipulator_msgs/share/open_manipulator_msgs/cmake/export_open_manipulator_msgs__rosidl_generator_cExport.cmake
[3.553s] -- Up-to-date: /home/manav/robotis_ws/install/open_manipulator_msgs/share/open_manipulator_msgs/cmake/export_open_manipulator_msgs__rosidl_generator_cExport-noconfig.cmake
[3.553s] -- Up-to-date: /home/manav/robotis_ws/install/open_manipulator_msgs/share/open_manipulator_msgs/cmake/export_open_manipulator_msgs__rosidl_typesupport_fastrtps_cExport.cmake
[3.553s] -- Up-to-date: /home/manav/robotis_ws/install/open_manipulator_msgs/share/open_manipulator_msgs/cmake/export_open_manipulator_msgs__rosidl_typesupport_fastrtps_cExport-noconfig.cmake
[3.553s] -- Up-to-date: /home/manav/robotis_ws/install/open_manipulator_msgs/share/open_manipulator_msgs/cmake/export_open_manipulator_msgs__rosidl_generator_cppExport.cmake
[3.553s] -- Up-to-date: /home/manav/robotis_ws/install/open_manipulator_msgs/share/open_manipulator_msgs/cmake/export_open_manipulator_msgs__rosidl_typesupport_fastrtps_cppExport.cmake
[3.553s] -- Up-to-date: /home/manav/robotis_ws/install/open_manipulator_msgs/share/open_manipulator_msgs/cmake/export_open_manipulator_msgs__rosidl_typesupport_fastrtps_cppExport-noconfig.cmake
[3.553s] -- Up-to-date: /home/manav/robotis_ws/install/open_manipulator_msgs/share/open_manipulator_msgs/cmake/open_manipulator_msgs__rosidl_typesupport_introspection_cExport.cmake
[3.553s] -- Up-to-date: /home/manav/robotis_ws/install/open_manipulator_msgs/share/open_manipulator_msgs/cmake/open_manipulator_msgs__rosidl_typesupport_introspection_cExport-noconfig.cmake
[3.553s] -- Up-to-date: /home/manav/robotis_ws/install/open_manipulator_msgs/share/open_manipulator_msgs/cmake/open_manipulator_msgs__rosidl_typesupport_cExport.cmake
[3.554s] -- Up-to-date: /home/manav/robotis_ws/install/open_manipulator_msgs/share/open_manipulator_msgs/cmake/open_manipulator_msgs__rosidl_typesupport_cExport-noconfig.cmake
[3.558s] -- Up-to-date: /home/manav/robotis_ws/install/open_manipulator_msgs/share/open_manipulator_msgs/cmake/open_manipulator_msgs__rosidl_typesupport_introspection_cppExport.cmake
[3.558s] -- Up-to-date: /home/manav/robotis_ws/install/open_manipulator_msgs/share/open_manipulator_msgs/cmake/open_manipulator_msgs__rosidl_typesupport_introspection_cppExport-noconfig.cmake
[3.559s] -- Up-to-date: /home/manav/robotis_ws/install/open_manipulator_msgs/share/open_manipulator_msgs/cmake/open_manipulator_msgs__rosidl_typesupport_cppExport.cmake
[3.559s] -- Up-to-date: /home/manav/robotis_ws/install/open_manipulator_msgs/share/open_manipulator_msgs/cmake/open_manipulator_msgs__rosidl_typesupport_cppExport-noconfig.cmake
[3.559s] -- Up-to-date: /home/manav/robotis_ws/install/open_manipulator_msgs/share/open_manipulator_msgs/cmake/export_open_manipulator_msgs__rosidl_generator_pyExport.cmake
[3.559s] -- Up-to-date: /home/manav/robotis_ws/install/open_manipulator_msgs/share/open_manipulator_msgs/cmake/export_open_manipulator_msgs__rosidl_generator_pyExport-noconfig.cmake
[3.559s] -- Up-to-date: /home/manav/robotis_ws/install/open_manipulator_msgs/share/open_manipulator_msgs/cmake/rosidl_cmake-extras.cmake
[3.559s] -- Up-to-date: /home/manav/robotis_ws/install/open_manipulator_msgs/share/open_manipulator_msgs/cmake/ament_cmake_export_dependencies-extras.cmake
[3.561s] -- Up-to-date: /home/manav/robotis_ws/install/open_manipulator_msgs/share/open_manipulator_msgs/cmake/ament_cmake_export_include_directories-extras.cmake
[3.561s] -- Up-to-date: /home/manav/robotis_ws/install/open_manipulator_msgs/share/open_manipulator_msgs/cmake/ament_cmake_export_libraries-extras.cmake
[3.561s] -- Up-to-date: /home/manav/robotis_ws/install/open_manipulator_msgs/share/open_manipulator_msgs/cmake/ament_cmake_export_targets-extras.cmake
[3.561s] -- Up-to-date: /home/manav/robotis_ws/install/open_manipulator_msgs/share/open_manipulator_msgs/cmake/rosidl_cmake_export_typesupport_targets-extras.cmake
[3.561s] -- Up-to-date: /home/manav/robotis_ws/install/open_manipulator_msgs/share/open_manipulator_msgs/cmake/rosidl_cmake_export_typesupport_libraries-extras.cmake
[3.561s] -- Up-to-date: /home/manav/robotis_ws/install/open_manipulator_msgs/share/open_manipulator_msgs/cmake/open_manipulator_msgsConfig.cmake
[3.562s] -- Up-to-date: /home/manav/robotis_ws/install/open_manipulator_msgs/share/open_manipulator_msgs/cmake/open_manipulator_msgsConfig-version.cmake
[3.562s] -- Up-to-date: /home/manav/robotis_ws/install/open_manipulator_msgs/share/open_manipulator_msgs/package.xml
[4.142s] Invoked command in '/home/manav/robotis_ws/build/open_manipulator_msgs' returned '0': CMAKE_PREFIX_PATH=${CMAKE_PREFIX_PATH}:/home/manav/robotis_ws/install/vel_kinematics:/home/manav/robotis_ws/install/rbe500_example_py:/home/manav/robotis_ws/install/inverse:/home/manav/robotis_ws/install/forward:/home/manav/ros2_test/install/my_robot_controller:/opt/ros/humble /usr/bin/cmake --install /home/manav/robotis_ws/build/open_manipulator_msgs
