[3.150s] Invoking command in '/home/manav/robotis_ws/src/OpenManipulatorX_ROS2-main/pdctr': PYTHONPATH=/home/manav/robotis_ws/build/pdctr/prefix_override:/usr/lib/python3/dist-packages/colcon_core/task/python/colcon_distutils_commands:/home/manav/robotis_ws/install/pdctr/lib/python3.10/site-packages:${PYTHONPATH} /usr/bin/python3 -W ignore:setup.py install is deprecated -W ignore:easy_install command is deprecated setup.py egg_info --egg-base ../../../build/pdctr build --build-base /home/manav/robotis_ws/build/pdctr/build install --record /home/manav/robotis_ws/build/pdctr/install.log --single-version-externally-managed install_data
[4.284s] running egg_info
[4.284s] writing ../../../build/pdctr/pdctr.egg-info/PKG-INFO
[4.284s] writing dependency_links to ../../../build/pdctr/pdctr.egg-info/dependency_links.txt
[4.284s] writing entry points to ../../../build/pdctr/pdctr.egg-info/entry_points.txt
[4.284s] writing requirements to ../../../build/pdctr/pdctr.egg-info/requires.txt
[4.285s] writing top-level names to ../../../build/pdctr/pdctr.egg-info/top_level.txt
[4.288s] reading manifest file '../../../build/pdctr/pdctr.egg-info/SOURCES.txt'
[4.289s] adding license file 'LICENSE'
[4.291s] writing manifest file '../../../build/pdctr/pdctr.egg-info/SOURCES.txt'
[4.291s] running build
[4.291s] running build_py
[4.291s] copying pdctr/current_calc_send.py -> /home/manav/robotis_ws/build/pdctr/build/lib/pdctr
[4.291s] running install
[4.291s] running install_lib
[4.291s] copying /home/manav/robotis_ws/build/pdctr/build/lib/pdctr/current_calc_send.py -> /home/manav/robotis_ws/install/pdctr/lib/python3.10/site-packages/pdctr
[4.291s] byte-compiling /home/manav/robotis_ws/install/pdctr/lib/python3.10/site-packages/pdctr/current_calc_send.py to current_calc_send.cpython-310.pyc
[4.292s] running install_data
[4.292s] running install_egg_info
[4.292s] removing '/home/manav/robotis_ws/install/pdctr/lib/python3.10/site-packages/pdctr-0.0.0-py3.10.egg-info' (and everything under it)
[4.293s] Copying ../../../build/pdctr/pdctr.egg-info to /home/manav/robotis_ws/install/pdctr/lib/python3.10/site-packages/pdctr-0.0.0-py3.10.egg-info
[4.293s] running install_scripts
[4.293s] Installing current_call script to /home/manav/robotis_ws/install/pdctr/lib/pdctr
[4.293s] Installing motor_call script to /home/manav/robotis_ws/install/pdctr/lib/pdctr
[4.293s] Installing pos_call script to /home/manav/robotis_ws/install/pdctr/lib/pdctr
[4.295s] writing list of installed files to '/home/manav/robotis_ws/build/pdctr/install.log'
[4.371s] Invoked command in '/home/manav/robotis_ws/src/OpenManipulatorX_ROS2-main/pdctr' returned '0': PYTHONPATH=/home/manav/robotis_ws/build/pdctr/prefix_override:/usr/lib/python3/dist-packages/colcon_core/task/python/colcon_distutils_commands:/home/manav/robotis_ws/install/pdctr/lib/python3.10/site-packages:${PYTHONPATH} /usr/bin/python3 -W ignore:setup.py install is deprecated -W ignore:easy_install command is deprecated setup.py egg_info --egg-base ../../../build/pdctr build --build-base /home/manav/robotis_ws/build/pdctr/build install --record /home/manav/robotis_ws/build/pdctr/install.log --single-version-externally-managed install_data
