[2.293s] Invoking command in '/home/manav/robotis_ws/src/OpenManipulatorX_ROS2-main/rbe500_example_py': PYTHONPATH=/home/manav/robotis_ws/build/rbe500_example_py/prefix_override:/usr/lib/python3/dist-packages/colcon_core/task/python/colcon_distutils_commands:/home/manav/robotis_ws/install/rbe500_example_py/lib/python3.10/site-packages:${PYTHONPATH} /usr/bin/python3 -W ignore:setup.py install is deprecated -W ignore:easy_install command is deprecated setup.py egg_info --egg-base ../../../build/rbe500_example_py build --build-base /home/manav/robotis_ws/build/rbe500_example_py/build install --record /home/manav/robotis_ws/build/rbe500_example_py/install.log --single-version-externally-managed install_data
[3.773s] running egg_info
[3.773s] writing ../../../build/rbe500_example_py/rbe500_example_py.egg-info/PKG-INFO
[3.773s] writing dependency_links to ../../../build/rbe500_example_py/rbe500_example_py.egg-info/dependency_links.txt
[3.773s] writing entry points to ../../../build/rbe500_example_py/rbe500_example_py.egg-info/entry_points.txt
[3.774s] writing requirements to ../../../build/rbe500_example_py/rbe500_example_py.egg-info/requires.txt
[3.774s] writing top-level names to ../../../build/rbe500_example_py/rbe500_example_py.egg-info/top_level.txt
[3.783s] reading manifest file '../../../build/rbe500_example_py/rbe500_example_py.egg-info/SOURCES.txt'
[3.786s] writing manifest file '../../../build/rbe500_example_py/rbe500_example_py.egg-info/SOURCES.txt'
[3.788s] running build
[3.788s] running build_py
[3.788s] running install
[3.789s] running install_lib
[3.791s] running install_data
[3.791s] running install_egg_info
[3.806s] removing '/home/manav/robotis_ws/install/rbe500_example_py/lib/python3.10/site-packages/rbe500_example_py-0.0.0-py3.10.egg-info' (and everything under it)
[3.811s] Copying ../../../build/rbe500_example_py/rbe500_example_py.egg-info to /home/manav/robotis_ws/install/rbe500_example_py/lib/python3.10/site-packages/rbe500_example_py-0.0.0-py3.10.egg-info
[3.814s] running install_scripts
[3.942s] Installing basic_robot_control script to /home/manav/robotis_ws/install/rbe500_example_py/lib/rbe500_example_py
[3.943s] writing list of installed files to '/home/manav/robotis_ws/build/rbe500_example_py/install.log'
[4.101s] Invoked command in '/home/manav/robotis_ws/src/OpenManipulatorX_ROS2-main/rbe500_example_py' returned '0': PYTHONPATH=/home/manav/robotis_ws/build/rbe500_example_py/prefix_override:/usr/lib/python3/dist-packages/colcon_core/task/python/colcon_distutils_commands:/home/manav/robotis_ws/install/rbe500_example_py/lib/python3.10/site-packages:${PYTHONPATH} /usr/bin/python3 -W ignore:setup.py install is deprecated -W ignore:easy_install command is deprecated setup.py egg_info --egg-base ../../../build/rbe500_example_py build --build-base /home/manav/robotis_ws/build/rbe500_example_py/build install --record /home/manav/robotis_ws/build/rbe500_example_py/install.log --single-version-externally-managed install_data
