[3.057s] Invoking command in '/home/manav/robotis_ws/src/OpenManipulatorX_ROS2-main/vel_kinematics': PYTHONPATH=/home/manav/robotis_ws/build/vel_kinematics/prefix_override:/usr/lib/python3/dist-packages/colcon_core/task/python/colcon_distutils_commands:/home/manav/robotis_ws/install/vel_kinematics/lib/python3.10/site-packages:${PYTHONPATH} /usr/bin/python3 -W ignore:setup.py install is deprecated -W ignore:easy_install command is deprecated setup.py egg_info --egg-base ../../../build/vel_kinematics build --build-base /home/manav/robotis_ws/build/vel_kinematics/build install --record /home/manav/robotis_ws/build/vel_kinematics/install.log --single-version-externally-managed install_data
[4.071s] running egg_info
[4.072s] creating ../../../build/vel_kinematics/vel_kinematics.egg-info
[4.072s] writing ../../../build/vel_kinematics/vel_kinematics.egg-info/PKG-INFO
[4.072s] writing dependency_links to ../../../build/vel_kinematics/vel_kinematics.egg-info/dependency_links.txt
[4.073s] writing entry points to ../../../build/vel_kinematics/vel_kinematics.egg-info/entry_points.txt
[4.073s] writing requirements to ../../../build/vel_kinematics/vel_kinematics.egg-info/requires.txt
[4.074s] writing top-level names to ../../../build/vel_kinematics/vel_kinematics.egg-info/top_level.txt
[4.075s] writing manifest file '../../../build/vel_kinematics/vel_kinematics.egg-info/SOURCES.txt'
[4.078s] reading manifest file '../../../build/vel_kinematics/vel_kinematics.egg-info/SOURCES.txt'
[4.079s] adding license file 'LICENSE'
[4.080s] writing manifest file '../../../build/vel_kinematics/vel_kinematics.egg-info/SOURCES.txt'
[4.080s] running build
[4.080s] running build_py
[4.081s] creating /home/manav/robotis_ws/build/vel_kinematics/build
[4.081s] creating /home/manav/robotis_ws/build/vel_kinematics/build/lib
[4.081s] creating /home/manav/robotis_ws/build/vel_kinematics/build/lib/vel_kinematics
[4.084s] copying vel_kinematics/vel_pub.py -> /home/manav/robotis_ws/build/vel_kinematics/build/lib/vel_kinematics
[4.084s] copying vel_kinematics/vel_kinematics.py -> /home/manav/robotis_ws/build/vel_kinematics/build/lib/vel_kinematics
[4.085s] copying vel_kinematics/vel_calc.py -> /home/manav/robotis_ws/build/vel_kinematics/build/lib/vel_kinematics
[4.085s] copying vel_kinematics/__init__.py -> /home/manav/robotis_ws/build/vel_kinematics/build/lib/vel_kinematics
[4.085s] running install
[4.085s] running install_lib
[4.088s] creating /home/manav/robotis_ws/install/vel_kinematics/lib/python3.10/site-packages/vel_kinematics
[4.088s] copying /home/manav/robotis_ws/build/vel_kinematics/build/lib/vel_kinematics/vel_pub.py -> /home/manav/robotis_ws/install/vel_kinematics/lib/python3.10/site-packages/vel_kinematics
[4.093s] copying /home/manav/robotis_ws/build/vel_kinematics/build/lib/vel_kinematics/vel_kinematics.py -> /home/manav/robotis_ws/install/vel_kinematics/lib/python3.10/site-packages/vel_kinematics
[4.094s] copying /home/manav/robotis_ws/build/vel_kinematics/build/lib/vel_kinematics/vel_calc.py -> /home/manav/robotis_ws/install/vel_kinematics/lib/python3.10/site-packages/vel_kinematics
[4.094s] copying /home/manav/robotis_ws/build/vel_kinematics/build/lib/vel_kinematics/__init__.py -> /home/manav/robotis_ws/install/vel_kinematics/lib/python3.10/site-packages/vel_kinematics
[4.094s] byte-compiling /home/manav/robotis_ws/install/vel_kinematics/lib/python3.10/site-packages/vel_kinematics/vel_pub.py to vel_pub.cpython-310.pyc
[4.094s] byte-compiling /home/manav/robotis_ws/install/vel_kinematics/lib/python3.10/site-packages/vel_kinematics/vel_kinematics.py to vel_kinematics.cpython-310.pyc
[4.099s] byte-compiling /home/manav/robotis_ws/install/vel_kinematics/lib/python3.10/site-packages/vel_kinematics/vel_calc.py to vel_calc.cpython-310.pyc
[4.104s] byte-compiling /home/manav/robotis_ws/install/vel_kinematics/lib/python3.10/site-packages/vel_kinematics/__init__.py to __init__.cpython-310.pyc
[4.105s] running install_data
[4.106s] creating /home/manav/robotis_ws/install/vel_kinematics/share/ament_index
[4.107s] creating /home/manav/robotis_ws/install/vel_kinematics/share/ament_index/resource_index
[4.107s] creating /home/manav/robotis_ws/install/vel_kinematics/share/ament_index/resource_index/packages
[4.107s] copying resource/vel_kinematics -> /home/manav/robotis_ws/install/vel_kinematics/share/ament_index/resource_index/packages
[4.107s] copying package.xml -> /home/manav/robotis_ws/install/vel_kinematics/share/vel_kinematics
[4.107s] running install_egg_info
[4.111s] Copying ../../../build/vel_kinematics/vel_kinematics.egg-info to /home/manav/robotis_ws/install/vel_kinematics/lib/python3.10/site-packages/vel_kinematics-0.0.0-py3.10.egg-info
[4.112s] running install_scripts
[4.159s] Installing velcalc_call script to /home/manav/robotis_ws/install/vel_kinematics/lib/vel_kinematics
[4.159s] Installing velk_call script to /home/manav/robotis_ws/install/vel_kinematics/lib/vel_kinematics
[4.160s] Installing velpub_call script to /home/manav/robotis_ws/install/vel_kinematics/lib/vel_kinematics
[4.160s] writing list of installed files to '/home/manav/robotis_ws/build/vel_kinematics/install.log'
[4.228s] Invoked command in '/home/manav/robotis_ws/src/OpenManipulatorX_ROS2-main/vel_kinematics' returned '0': PYTHONPATH=/home/manav/robotis_ws/build/vel_kinematics/prefix_override:/usr/lib/python3/dist-packages/colcon_core/task/python/colcon_distutils_commands:/home/manav/robotis_ws/install/vel_kinematics/lib/python3.10/site-packages:${PYTHONPATH} /usr/bin/python3 -W ignore:setup.py install is deprecated -W ignore:easy_install command is deprecated setup.py egg_info --egg-base ../../../build/vel_kinematics build --build-base /home/manav/robotis_ws/build/vel_kinematics/build install --record /home/manav/robotis_ws/build/vel_kinematics/install.log --single-version-externally-managed install_data
