[3.202s] Invoking command in '/home/manav/robotis_ws/src/OpenManipulatorX_ROS2-main/inverse': PYTHONPATH=/home/manav/robotis_ws/build/inverse/prefix_override:/usr/lib/python3/dist-packages/colcon_core/task/python/colcon_distutils_commands:/home/manav/robotis_ws/install/inverse/lib/python3.10/site-packages:${PYTHONPATH} /usr/bin/python3 -W ignore:setup.py install is deprecated -W ignore:easy_install command is deprecated setup.py egg_info --egg-base ../../../build/inverse build --build-base /home/manav/robotis_ws/build/inverse/build install --record /home/manav/robotis_ws/build/inverse/install.log --single-version-externally-managed install_data
[4.977s] running egg_info
[4.977s] writing ../../../build/inverse/inverse.egg-info/PKG-INFO
[4.977s] writing dependency_links to ../../../build/inverse/inverse.egg-info/dependency_links.txt
[4.978s] writing entry points to ../../../build/inverse/inverse.egg-info/entry_points.txt
[4.978s] writing requirements to ../../../build/inverse/inverse.egg-info/requires.txt
[4.978s] writing top-level names to ../../../build/inverse/inverse.egg-info/top_level.txt
[4.988s] reading manifest file '../../../build/inverse/inverse.egg-info/SOURCES.txt'
[4.989s] adding license file 'LICENSE'
[4.989s] writing manifest file '../../../build/inverse/inverse.egg-info/SOURCES.txt'
[4.989s] running build
[4.989s] running build_py
[4.990s] running install
[4.994s] running install_lib
[4.997s] running install_data
[4.998s] running install_egg_info
[5.010s] removing '/home/manav/robotis_ws/install/inverse/lib/python3.10/site-packages/inverse-0.0.0-py3.10.egg-info' (and everything under it)
[5.011s] Copying ../../../build/inverse/inverse.egg-info to /home/manav/robotis_ws/install/inverse/lib/python3.10/site-packages/inverse-0.0.0-py3.10.egg-info
[5.017s] running install_scripts
[5.118s] Installing inv_call script to /home/manav/robotis_ws/install/inverse/lib/inverse
[5.120s] writing list of installed files to '/home/manav/robotis_ws/build/inverse/install.log'
[5.199s] Invoked command in '/home/manav/robotis_ws/src/OpenManipulatorX_ROS2-main/inverse' returned '0': PYTHONPATH=/home/manav/robotis_ws/build/inverse/prefix_override:/usr/lib/python3/dist-packages/colcon_core/task/python/colcon_distutils_commands:/home/manav/robotis_ws/install/inverse/lib/python3.10/site-packages:${PYTHONPATH} /usr/bin/python3 -W ignore:setup.py install is deprecated -W ignore:easy_install command is deprecated setup.py egg_info --egg-base ../../../build/inverse build --build-base /home/manav/robotis_ws/build/inverse/build install --record /home/manav/robotis_ws/build/inverse/install.log --single-version-externally-managed install_data
