[1.452s] Invoking command in '/home/manav/robotis_ws/src/OpenManipulatorX_ROS2-main/vel_kinematics': PYTHONPATH=/home/manav/robotis_ws/build/vel_kinematics/prefix_override:/usr/lib/python3/dist-packages/colcon_core/task/python/colcon_distutils_commands:/home/manav/robotis_ws/install/vel_kinematics/lib/python3.10/site-packages:${PYTHONPATH} /usr/bin/python3 -W ignore:setup.py install is deprecated -W ignore:easy_install command is deprecated setup.py egg_info --egg-base ../../../build/vel_kinematics build --build-base /home/manav/robotis_ws/build/vel_kinematics/build install --record /home/manav/robotis_ws/build/vel_kinematics/install.log --single-version-externally-managed install_data
[1.928s] running egg_info
[1.929s] writing ../../../build/vel_kinematics/vel_kinematics.egg-info/PKG-INFO
[1.929s] writing dependency_links to ../../../build/vel_kinematics/vel_kinematics.egg-info/dependency_links.txt
[1.930s] writing entry points to ../../../build/vel_kinematics/vel_kinematics.egg-info/entry_points.txt
[1.930s] writing requirements to ../../../build/vel_kinematics/vel_kinematics.egg-info/requires.txt
[1.930s] writing top-level names to ../../../build/vel_kinematics/vel_kinematics.egg-info/top_level.txt
[1.934s] reading manifest file '../../../build/vel_kinematics/vel_kinematics.egg-info/SOURCES.txt'
[1.934s] adding license file 'LICENSE'
[1.936s] writing manifest file '../../../build/vel_kinematics/vel_kinematics.egg-info/SOURCES.txt'
[1.936s] running build
[1.936s] running build_py
[1.937s] running install
[1.938s] running install_lib
[1.940s] running install_data
[1.940s] running install_egg_info
[1.943s] removing '/home/manav/robotis_ws/install/vel_kinematics/lib/python3.10/site-packages/vel_kinematics-0.0.0-py3.10.egg-info' (and everything under it)
[1.943s] Copying ../../../build/vel_kinematics/vel_kinematics.egg-info to /home/manav/robotis_ws/install/vel_kinematics/lib/python3.10/site-packages/vel_kinematics-0.0.0-py3.10.egg-info
[1.944s] running install_scripts
[1.973s] Installing velcalc_call script to /home/manav/robotis_ws/install/vel_kinematics/lib/vel_kinematics
[1.973s] Installing velk_call script to /home/manav/robotis_ws/install/vel_kinematics/lib/vel_kinematics
[1.973s] Installing velpub_call script to /home/manav/robotis_ws/install/vel_kinematics/lib/vel_kinematics
[1.973s] writing list of installed files to '/home/manav/robotis_ws/build/vel_kinematics/install.log'
[2.006s] Invoked command in '/home/manav/robotis_ws/src/OpenManipulatorX_ROS2-main/vel_kinematics' returned '0': PYTHONPATH=/home/manav/robotis_ws/build/vel_kinematics/prefix_override:/usr/lib/python3/dist-packages/colcon_core/task/python/colcon_distutils_commands:/home/manav/robotis_ws/install/vel_kinematics/lib/python3.10/site-packages:${PYTHONPATH} /usr/bin/python3 -W ignore:setup.py install is deprecated -W ignore:easy_install command is deprecated setup.py egg_info --egg-base ../../../build/vel_kinematics build --build-base /home/manav/robotis_ws/build/vel_kinematics/build install --record /home/manav/robotis_ws/build/vel_kinematics/install.log --single-version-externally-managed install_data
