[1.960s] Invoking command in '/home/manav/robotis_ws/src/OpenManipulatorX_ROS2-main/forward': PYTHONPATH=/home/manav/robotis_ws/build/forward/prefix_override:/usr/lib/python3/dist-packages/colcon_core/task/python/colcon_distutils_commands:/home/manav/robotis_ws/install/forward/lib/python3.10/site-packages:${PYTHONPATH} /usr/bin/python3 -W ignore:setup.py install is deprecated setup.py egg_info --egg-base ../../../build/forward build --build-base /home/manav/robotis_ws/build/forward/build install --record /home/manav/robotis_ws/build/forward/install.log --single-version-externally-managed install_data
[2.950s] running egg_info
[2.956s] writing ../../../build/forward/forward.egg-info/PKG-INFO
[2.956s] writing dependency_links to ../../../build/forward/forward.egg-info/dependency_links.txt
[2.957s] writing entry points to ../../../build/forward/forward.egg-info/entry_points.txt
[2.957s] writing requirements to ../../../build/forward/forward.egg-info/requires.txt
[2.957s] writing top-level names to ../../../build/forward/forward.egg-info/top_level.txt
[2.959s] reading manifest file '../../../build/forward/forward.egg-info/SOURCES.txt'
[2.963s] adding license file 'LICENSE'
[2.963s] writing manifest file '../../../build/forward/forward.egg-info/SOURCES.txt'
[2.964s] running build
[2.964s] running build_py
[2.964s] copying forward/forward.py -> /home/manav/robotis_ws/build/forward/build/lib/forward
[2.964s] running install
[2.964s] running install_lib
[2.964s] copying /home/manav/robotis_ws/build/forward/build/lib/forward/forward.py -> /home/manav/robotis_ws/install/forward/lib/python3.10/site-packages/forward
[2.964s] byte-compiling /home/manav/robotis_ws/install/forward/lib/python3.10/site-packages/forward/forward.py to forward.cpython-310.pyc
[2.971s] running install_data
[2.971s] running install_egg_info
[2.972s] removing '/home/manav/robotis_ws/install/forward/lib/python3.10/site-packages/forward-0.0.0-py3.10.egg-info' (and everything under it)
[2.972s] Copying ../../../build/forward/forward.egg-info to /home/manav/robotis_ws/install/forward/lib/python3.10/site-packages/forward-0.0.0-py3.10.egg-info
[2.975s] running install_scripts
[3.023s] Installing fwd_call script to /home/manav/robotis_ws/install/forward/lib/forward
[3.023s] writing list of installed files to '/home/manav/robotis_ws/build/forward/install.log'
[4.251s] Invoked command in '/home/manav/robotis_ws/src/OpenManipulatorX_ROS2-main/forward' returned '0': PYTHONPATH=/home/manav/robotis_ws/build/forward/prefix_override:/usr/lib/python3/dist-packages/colcon_core/task/python/colcon_distutils_commands:/home/manav/robotis_ws/install/forward/lib/python3.10/site-packages:${PYTHONPATH} /usr/bin/python3 -W ignore:setup.py install is deprecated setup.py egg_info --egg-base ../../../build/forward build --build-base /home/manav/robotis_ws/build/forward/build install --record /home/manav/robotis_ws/build/forward/install.log --single-version-externally-managed install_data
