[3.393s] Invoking command in '/home/manav/robotis_ws/src/OpenManipulatorX_ROS2-main/inverse': PYTHONPATH=/home/manav/robotis_ws/build/inverse/prefix_override:/usr/lib/python3/dist-packages/colcon_core/task/python/colcon_distutils_commands:/home/manav/robotis_ws/install/inverse/lib/python3.10/site-packages:${PYTHONPATH} /usr/bin/python3 -W ignore:setup.py install is deprecated -W ignore:easy_install command is deprecated setup.py egg_info --egg-base ../../../build/inverse build --build-base /home/manav/robotis_ws/build/inverse/build install --record /home/manav/robotis_ws/build/inverse/install.log --single-version-externally-managed install_data
[5.038s] running egg_info
[5.043s] writing ../../../build/inverse/inverse.egg-info/PKG-INFO
[5.043s] writing dependency_links to ../../../build/inverse/inverse.egg-info/dependency_links.txt
[5.044s] writing entry points to ../../../build/inverse/inverse.egg-info/entry_points.txt
[5.047s] writing requirements to ../../../build/inverse/inverse.egg-info/requires.txt
[5.047s] writing top-level names to ../../../build/inverse/inverse.egg-info/top_level.txt
[5.055s] reading manifest file '../../../build/inverse/inverse.egg-info/SOURCES.txt'
[5.055s] adding license file 'LICENSE'
[5.059s] writing manifest file '../../../build/inverse/inverse.egg-info/SOURCES.txt'
[5.059s] running build
[5.060s] running build_py
[5.060s] running install
[5.060s] running install_lib
[5.070s] running install_data
[5.070s] running install_egg_info
[5.085s] removing '/home/manav/robotis_ws/install/inverse/lib/python3.10/site-packages/inverse-0.0.0-py3.10.egg-info' (and everything under it)
[5.087s] Copying ../../../build/inverse/inverse.egg-info to /home/manav/robotis_ws/install/inverse/lib/python3.10/site-packages/inverse-0.0.0-py3.10.egg-info
[5.092s] running install_scripts
[5.242s] Installing inv_call script to /home/manav/robotis_ws/install/inverse/lib/inverse
[5.245s] writing list of installed files to '/home/manav/robotis_ws/build/inverse/install.log'
[5.414s] Invoked command in '/home/manav/robotis_ws/src/OpenManipulatorX_ROS2-main/inverse' returned '0': PYTHONPATH=/home/manav/robotis_ws/build/inverse/prefix_override:/usr/lib/python3/dist-packages/colcon_core/task/python/colcon_distutils_commands:/home/manav/robotis_ws/install/inverse/lib/python3.10/site-packages:${PYTHONPATH} /usr/bin/python3 -W ignore:setup.py install is deprecated -W ignore:easy_install command is deprecated setup.py egg_info --egg-base ../../../build/inverse build --build-base /home/manav/robotis_ws/build/inverse/build install --record /home/manav/robotis_ws/build/inverse/install.log --single-version-externally-managed install_data
