[0.360s] Invoking command in '/home/manav/robotis_ws/build/open_manipulator_x_description': CMAKE_PREFIX_PATH=${CMAKE_PREFIX_PATH}:/home/manav/robotis_ws/install/vel_kinematics:/home/manav/robotis_ws/install/rbe500_example_py:/home/manav/robotis_ws/install/inverse:/home/manav/robotis_ws/install/forward:/home/manav/ros2_test/install/my_robot_controller:/opt/ros/humble /usr/bin/cmake --build /home/manav/robotis_ws/build/open_manipulator_x_description -- -j4 -l4
[0.837s] Invoked command in '/home/manav/robotis_ws/build/open_manipulator_x_description' returned '0': CMAKE_PREFIX_PATH=${CMAKE_PREFIX_PATH}:/home/manav/robotis_ws/install/vel_kinematics:/home/manav/robotis_ws/install/rbe500_example_py:/home/manav/robotis_ws/install/inverse:/home/manav/robotis_ws/install/forward:/home/manav/ros2_test/install/my_robot_controller:/opt/ros/humble /usr/bin/cmake --build /home/manav/robotis_ws/build/open_manipulator_x_description -- -j4 -l4
[1.621s] Invoking command in '/home/manav/robotis_ws/build/open_manipulator_x_description': CMAKE_PREFIX_PATH=${CMAKE_PREFIX_PATH}:/home/manav/robotis_ws/install/vel_kinematics:/home/manav/robotis_ws/install/rbe500_example_py:/home/manav/robotis_ws/install/inverse:/home/manav/robotis_ws/install/forward:/home/manav/ros2_test/install/my_robot_controller:/opt/ros/humble /usr/bin/cmake --install /home/manav/robotis_ws/build/open_manipulator_x_description
[1.885s] -- Install configuration: ""
[1.886s] -- Up-to-date: /home/manav/robotis_ws/install/open_manipulator_x_description/share/open_manipulator_x_description/launch
[1.887s] -- Up-to-date: /home/manav/robotis_ws/install/open_manipulator_x_description/share/open_manipulator_x_description/launch/.DS_Store
[1.900s] -- Up-to-date: /home/manav/robotis_ws/install/open_manipulator_x_description/share/open_manipulator_x_description/launch/open_manipulator_x_rviz.launch.py
[1.911s] -- Up-to-date: /home/manav/robotis_ws/install/open_manipulator_x_description/share/open_manipulator_x_description/meshes
[1.913s] -- Up-to-date: /home/manav/robotis_ws/install/open_manipulator_x_description/share/open_manipulator_x_description/meshes/chain_link_grip_l.stl
[1.921s] -- Up-to-date: /home/manav/robotis_ws/install/open_manipulator_x_description/share/open_manipulator_x_description/meshes/chain_link1.stl
[1.922s] -- Up-to-date: /home/manav/robotis_ws/install/open_manipulator_x_description/share/open_manipulator_x_description/meshes/chain_link_grip_r.stl
[1.940s] -- Up-to-date: /home/manav/robotis_ws/install/open_manipulator_x_description/share/open_manipulator_x_description/meshes/chain_link4.stl
[1.941s] -- Up-to-date: /home/manav/robotis_ws/install/open_manipulator_x_description/share/open_manipulator_x_description/meshes/chain_link5.stl
[1.947s] -- Up-to-date: /home/manav/robotis_ws/install/open_manipulator_x_description/share/open_manipulator_x_description/meshes/chain_link3.stl
[1.953s] -- Up-to-date: /home/manav/robotis_ws/install/open_manipulator_x_description/share/open_manipulator_x_description/meshes/chain_link2.stl
[1.954s] -- Up-to-date: /home/manav/robotis_ws/install/open_manipulator_x_description/share/open_manipulator_x_description/rviz
[1.955s] -- Up-to-date: /home/manav/robotis_ws/install/open_manipulator_x_description/share/open_manipulator_x_description/rviz/open_manipulator_x.rviz
[1.959s] -- Up-to-date: /home/manav/robotis_ws/install/open_manipulator_x_description/share/open_manipulator_x_description/urdf
[1.960s] -- Up-to-date: /home/manav/robotis_ws/install/open_manipulator_x_description/share/open_manipulator_x_description/urdf/open_manipulator_x.transmission.xacro
[1.961s] -- Up-to-date: /home/manav/robotis_ws/install/open_manipulator_x_description/share/open_manipulator_x_description/urdf/open_manipulator_x_robot.urdf.xacro
[1.962s] -- Up-to-date: /home/manav/robotis_ws/install/open_manipulator_x_description/share/open_manipulator_x_description/urdf/materials.xacro
[1.963s] -- Up-to-date: /home/manav/robotis_ws/install/open_manipulator_x_description/share/open_manipulator_x_description/urdf/open_manipulator_x.gazebo.xacro
[1.969s] -- Up-to-date: /home/manav/robotis_ws/install/open_manipulator_x_description/share/open_manipulator_x_description/urdf/open_manipulator_x.urdf.xacro
[1.974s] -- Up-to-date: /home/manav/robotis_ws/install/open_manipulator_x_description/share/ament_index/resource_index/package_run_dependencies/open_manipulator_x_description
[2.000s] -- Up-to-date: /home/manav/robotis_ws/install/open_manipulator_x_description/share/ament_index/resource_index/parent_prefix_path/open_manipulator_x_description
[2.001s] -- Up-to-date: /home/manav/robotis_ws/install/open_manipulator_x_description/share/open_manipulator_x_description/environment/ament_prefix_path.sh
[2.002s] -- Up-to-date: /home/manav/robotis_ws/install/open_manipulator_x_description/share/open_manipulator_x_description/environment/ament_prefix_path.dsv
[2.003s] -- Up-to-date: /home/manav/robotis_ws/install/open_manipulator_x_description/share/open_manipulator_x_description/environment/path.sh
[2.016s] -- Up-to-date: /home/manav/robotis_ws/install/open_manipulator_x_description/share/open_manipulator_x_description/environment/path.dsv
[2.016s] -- Up-to-date: /home/manav/robotis_ws/install/open_manipulator_x_description/share/open_manipulator_x_description/local_setup.bash
[2.023s] -- Up-to-date: /home/manav/robotis_ws/install/open_manipulator_x_description/share/open_manipulator_x_description/local_setup.sh
[2.024s] -- Up-to-date: /home/manav/robotis_ws/install/open_manipulator_x_description/share/open_manipulator_x_description/local_setup.zsh
[2.029s] -- Up-to-date: /home/manav/robotis_ws/install/open_manipulator_x_description/share/open_manipulator_x_description/local_setup.dsv
[2.030s] -- Installing: /home/manav/robotis_ws/install/open_manipulator_x_description/share/open_manipulator_x_description/package.dsv
[2.047s] -- Up-to-date: /home/manav/robotis_ws/install/open_manipulator_x_description/share/ament_index/resource_index/packages/open_manipulator_x_description
[2.048s] -- Up-to-date: /home/manav/robotis_ws/install/open_manipulator_x_description/share/open_manipulator_x_description/cmake/open_manipulator_x_descriptionConfig.cmake
[2.078s] -- Up-to-date: /home/manav/robotis_ws/install/open_manipulator_x_description/share/open_manipulator_x_description/cmake/open_manipulator_x_descriptionConfig-version.cmake
[2.080s] -- Up-to-date: /home/manav/robotis_ws/install/open_manipulator_x_description/share/open_manipulator_x_description/package.xml
[2.101s] Invoked command in '/home/manav/robotis_ws/build/open_manipulator_x_description' returned '0': CMAKE_PREFIX_PATH=${CMAKE_PREFIX_PATH}:/home/manav/robotis_ws/install/vel_kinematics:/home/manav/robotis_ws/install/rbe500_example_py:/home/manav/robotis_ws/install/inverse:/home/manav/robotis_ws/install/forward:/home/manav/ros2_test/install/my_robot_controller:/opt/ros/humble /usr/bin/cmake --install /home/manav/robotis_ws/build/open_manipulator_x_description
