[5.060s] Invoking command in '/home/manav/robotis_ws/src/OpenManipulatorX_ROS2-main/forward': PYTHONPATH=/home/manav/robotis_ws/build/forward/prefix_override:/usr/lib/python3/dist-packages/colcon_core/task/python/colcon_distutils_commands:/home/manav/robotis_ws/install/forward/lib/python3.10/site-packages:${PYTHONPATH} /usr/bin/python3 -W ignore:setup.py install is deprecated -W ignore:easy_install command is deprecated setup.py egg_info --egg-base ../../../build/forward build --build-base /home/manav/robotis_ws/build/forward/build install --record /home/manav/robotis_ws/build/forward/install.log --single-version-externally-managed install_data
[6.708s] running egg_info
[6.708s] writing ../../../build/forward/forward.egg-info/PKG-INFO
[6.710s] writing dependency_links to ../../../build/forward/forward.egg-info/dependency_links.txt
[6.710s] writing entry points to ../../../build/forward/forward.egg-info/entry_points.txt
[6.714s] writing requirements to ../../../build/forward/forward.egg-info/requires.txt
[6.715s] writing top-level names to ../../../build/forward/forward.egg-info/top_level.txt
[6.724s] reading manifest file '../../../build/forward/forward.egg-info/SOURCES.txt'
[6.724s] adding license file 'LICENSE'
[6.728s] writing manifest file '../../../build/forward/forward.egg-info/SOURCES.txt'
[6.728s] running build
[6.729s] running build_py
[6.732s] running install
[6.732s] running install_lib
[6.741s] running install_data
[6.741s] running install_egg_info
[6.747s] removing '/home/manav/robotis_ws/install/forward/lib/python3.10/site-packages/forward-0.0.0-py3.10.egg-info' (and everything under it)
[6.757s] Copying ../../../build/forward/forward.egg-info to /home/manav/robotis_ws/install/forward/lib/python3.10/site-packages/forward-0.0.0-py3.10.egg-info
[6.757s] running install_scripts
[6.849s] Installing fwd_call script to /home/manav/robotis_ws/install/forward/lib/forward
[6.855s] writing list of installed files to '/home/manav/robotis_ws/build/forward/install.log'
[6.972s] Invoked command in '/home/manav/robotis_ws/src/OpenManipulatorX_ROS2-main/forward' returned '0': PYTHONPATH=/home/manav/robotis_ws/build/forward/prefix_override:/usr/lib/python3/dist-packages/colcon_core/task/python/colcon_distutils_commands:/home/manav/robotis_ws/install/forward/lib/python3.10/site-packages:${PYTHONPATH} /usr/bin/python3 -W ignore:setup.py install is deprecated -W ignore:easy_install command is deprecated setup.py egg_info --egg-base ../../../build/forward build --build-base /home/manav/robotis_ws/build/forward/build install --record /home/manav/robotis_ws/build/forward/install.log --single-version-externally-managed install_data
