[3.314s] Invoking command in '/home/manav/robotis_ws/src/OpenManipulatorX_ROS2-main/vel_kinematics': PYTHONPATH=/home/manav/robotis_ws/build/vel_kinematics/prefix_override:/usr/lib/python3/dist-packages/colcon_core/task/python/colcon_distutils_commands:/home/manav/robotis_ws/install/vel_kinematics/lib/python3.10/site-packages:${PYTHONPATH} /usr/bin/python3 -W ignore:setup.py install is deprecated -W ignore:easy_install command is deprecated setup.py egg_info --egg-base ../../../build/vel_kinematics build --build-base /home/manav/robotis_ws/build/vel_kinematics/build install --record /home/manav/robotis_ws/build/vel_kinematics/install.log --single-version-externally-managed install_data
[4.019s] running egg_info
[4.019s] writing ../../../build/vel_kinematics/vel_kinematics.egg-info/PKG-INFO
[4.020s] writing dependency_links to ../../../build/vel_kinematics/vel_kinematics.egg-info/dependency_links.txt
[4.021s] writing entry points to ../../../build/vel_kinematics/vel_kinematics.egg-info/entry_points.txt
[4.021s] writing requirements to ../../../build/vel_kinematics/vel_kinematics.egg-info/requires.txt
[4.021s] writing top-level names to ../../../build/vel_kinematics/vel_kinematics.egg-info/top_level.txt
[4.028s] reading manifest file '../../../build/vel_kinematics/vel_kinematics.egg-info/SOURCES.txt'
[4.029s] adding license file 'LICENSE'
[4.030s] writing manifest file '../../../build/vel_kinematics/vel_kinematics.egg-info/SOURCES.txt'
[4.031s] running build
[4.031s] running build_py
[4.031s] copying vel_kinematics/vel_calc.py -> /home/manav/robotis_ws/build/vel_kinematics/build/lib/vel_kinematics
[4.031s] running install
[4.032s] running install_lib
[4.034s] copying /home/manav/robotis_ws/build/vel_kinematics/build/lib/vel_kinematics/vel_calc.py -> /home/manav/robotis_ws/install/vel_kinematics/lib/python3.10/site-packages/vel_kinematics
[4.035s] byte-compiling /home/manav/robotis_ws/install/vel_kinematics/lib/python3.10/site-packages/vel_kinematics/vel_calc.py to vel_calc.cpython-310.pyc
[4.039s] running install_data
[4.039s] running install_egg_info
[4.043s] removing '/home/manav/robotis_ws/install/vel_kinematics/lib/python3.10/site-packages/vel_kinematics-0.0.0-py3.10.egg-info' (and everything under it)
[4.043s] Copying ../../../build/vel_kinematics/vel_kinematics.egg-info to /home/manav/robotis_ws/install/vel_kinematics/lib/python3.10/site-packages/vel_kinematics-0.0.0-py3.10.egg-info
[4.045s] running install_scripts
[4.089s] Installing velcalc_call script to /home/manav/robotis_ws/install/vel_kinematics/lib/vel_kinematics
[4.090s] Installing velk_call script to /home/manav/robotis_ws/install/vel_kinematics/lib/vel_kinematics
[4.090s] writing list of installed files to '/home/manav/robotis_ws/build/vel_kinematics/install.log'
[4.154s] Invoked command in '/home/manav/robotis_ws/src/OpenManipulatorX_ROS2-main/vel_kinematics' returned '0': PYTHONPATH=/home/manav/robotis_ws/build/vel_kinematics/prefix_override:/usr/lib/python3/dist-packages/colcon_core/task/python/colcon_distutils_commands:/home/manav/robotis_ws/install/vel_kinematics/lib/python3.10/site-packages:${PYTHONPATH} /usr/bin/python3 -W ignore:setup.py install is deprecated -W ignore:easy_install command is deprecated setup.py egg_info --egg-base ../../../build/vel_kinematics build --build-base /home/manav/robotis_ws/build/vel_kinematics/build install --record /home/manav/robotis_ws/build/vel_kinematics/install.log --single-version-externally-managed install_data
