[4.995s] Invoking command in '/home/manav/robotis_ws/src/OpenManipulatorX_ROS2-main/rbe500_example_py': PYTHONPATH=/home/manav/robotis_ws/build/rbe500_example_py/prefix_override:/usr/lib/python3/dist-packages/colcon_core/task/python/colcon_distutils_commands:/home/manav/robotis_ws/install/rbe500_example_py/lib/python3.10/site-packages:${PYTHONPATH} /usr/bin/python3 -W ignore:setup.py install is deprecated -W ignore:easy_install command is deprecated setup.py egg_info --egg-base ../../../build/rbe500_example_py build --build-base /home/manav/robotis_ws/build/rbe500_example_py/build install --record /home/manav/robotis_ws/build/rbe500_example_py/install.log --single-version-externally-managed install_data
[5.900s] running egg_info
[5.905s] writing ../../../build/rbe500_example_py/rbe500_example_py.egg-info/PKG-INFO
[5.905s] writing dependency_links to ../../../build/rbe500_example_py/rbe500_example_py.egg-info/dependency_links.txt
[5.905s] writing entry points to ../../../build/rbe500_example_py/rbe500_example_py.egg-info/entry_points.txt
[5.905s] writing requirements to ../../../build/rbe500_example_py/rbe500_example_py.egg-info/requires.txt
[5.905s] writing top-level names to ../../../build/rbe500_example_py/rbe500_example_py.egg-info/top_level.txt
[5.909s] reading manifest file '../../../build/rbe500_example_py/rbe500_example_py.egg-info/SOURCES.txt'
[5.912s] writing manifest file '../../../build/rbe500_example_py/rbe500_example_py.egg-info/SOURCES.txt'
[5.914s] running build
[5.915s] running build_py
[5.915s] running install
[5.915s] running install_lib
[5.918s] running install_data
[5.918s] running install_egg_info
[5.923s] removing '/home/manav/robotis_ws/install/rbe500_example_py/lib/python3.10/site-packages/rbe500_example_py-0.0.0-py3.10.egg-info' (and everything under it)
[5.924s] Copying ../../../build/rbe500_example_py/rbe500_example_py.egg-info to /home/manav/robotis_ws/install/rbe500_example_py/lib/python3.10/site-packages/rbe500_example_py-0.0.0-py3.10.egg-info
[5.927s] running install_scripts
[5.977s] Installing basic_robot_control script to /home/manav/robotis_ws/install/rbe500_example_py/lib/rbe500_example_py
[5.978s] writing list of installed files to '/home/manav/robotis_ws/build/rbe500_example_py/install.log'
[6.059s] Invoked command in '/home/manav/robotis_ws/src/OpenManipulatorX_ROS2-main/rbe500_example_py' returned '0': PYTHONPATH=/home/manav/robotis_ws/build/rbe500_example_py/prefix_override:/usr/lib/python3/dist-packages/colcon_core/task/python/colcon_distutils_commands:/home/manav/robotis_ws/install/rbe500_example_py/lib/python3.10/site-packages:${PYTHONPATH} /usr/bin/python3 -W ignore:setup.py install is deprecated -W ignore:easy_install command is deprecated setup.py egg_info --egg-base ../../../build/rbe500_example_py build --build-base /home/manav/robotis_ws/build/rbe500_example_py/build install --record /home/manav/robotis_ws/build/rbe500_example_py/install.log --single-version-externally-managed install_data
