[0.134s] Invoking command in '/home/manav/robotis_ws/build/my_service_package': CMAKE_PREFIX_PATH=${CMAKE_PREFIX_PATH}:/home/manav/robotis_ws/install/vel_kinematics:/home/manav/robotis_ws/install/rbe500_example_py:/home/manav/robotis_ws/install/inverse:/home/manav/robotis_ws/install/forward:/home/manav/ros2_test/install/my_robot_controller:/opt/ros/humble /usr/bin/cmake --build /home/manav/robotis_ws/build/my_service_package -- -j4 -l4
[0.455s] [  1%] Built target my_service_package__cpp
[0.503s] [ 12%] Built target my_service_package__rosidl_generator_c
[0.554s] [ 12%] Built target ament_cmake_python_copy_my_service_package
[0.645s] [ 23%] Built target my_service_package__rosidl_typesupport_fastrtps_cpp
[0.662s] [ 34%] Built target my_service_package__rosidl_typesupport_cpp
[0.701s] [ 46%] Built target my_service_package__rosidl_typesupport_introspection_cpp
[0.731s] [ 57%] Built target my_service_package__rosidl_typesupport_fastrtps_c
[0.810s] [ 68%] Built target my_service_package__rosidl_typesupport_introspection_c
[0.824s] [ 79%] Built target my_service_package__rosidl_typesupport_c
[0.946s] [ 79%] Built target my_service_package
[1.057s] [ 80%] Built target my_service_package__py
[1.232s] [ 90%] Built target my_service_package__rosidl_generator_py
[1.366s] [ 93%] Built target my_service_package__rosidl_typesupport_fastrtps_c__pyext
[1.527s] [ 96%] Built target my_service_package__rosidl_typesupport_c__pyext
[1.657s] [100%] Built target my_service_package__rosidl_typesupport_introspection_c__pyext
[2.070s] running egg_info
[2.071s] writing my_service_package.egg-info/PKG-INFO
[2.072s] writing dependency_links to my_service_package.egg-info/dependency_links.txt
[2.072s] writing top-level names to my_service_package.egg-info/top_level.txt
[2.077s] reading manifest file 'my_service_package.egg-info/SOURCES.txt'
[2.079s] writing manifest file 'my_service_package.egg-info/SOURCES.txt'
[2.139s] [100%] Built target ament_cmake_python_build_my_service_package_egg
[2.311s] Invoked command in '/home/manav/robotis_ws/build/my_service_package' returned '0': CMAKE_PREFIX_PATH=${CMAKE_PREFIX_PATH}:/home/manav/robotis_ws/install/vel_kinematics:/home/manav/robotis_ws/install/rbe500_example_py:/home/manav/robotis_ws/install/inverse:/home/manav/robotis_ws/install/forward:/home/manav/ros2_test/install/my_robot_controller:/opt/ros/humble /usr/bin/cmake --build /home/manav/robotis_ws/build/my_service_package -- -j4 -l4
[3.620s] Invoking command in '/home/manav/robotis_ws/build/my_service_package': CMAKE_PREFIX_PATH=${CMAKE_PREFIX_PATH}:/home/manav/robotis_ws/install/vel_kinematics:/home/manav/robotis_ws/install/rbe500_example_py:/home/manav/robotis_ws/install/inverse:/home/manav/robotis_ws/install/forward:/home/manav/ros2_test/install/my_robot_controller:/opt/ros/humble /usr/bin/cmake --install /home/manav/robotis_ws/build/my_service_package
[3.676s] -- Install configuration: ""
[3.676s] -- Up-to-date: /home/manav/robotis_ws/install/my_service_package/share/ament_index/resource_index/rosidl_interfaces/my_service_package
[3.676s] -- Up-to-date: /home/manav/robotis_ws/install/my_service_package/include/my_service_package/my_service_package
[3.676s] -- Up-to-date: /home/manav/robotis_ws/install/my_service_package/include/my_service_package/my_service_package/srv
[3.676s] -- Up-to-date: /home/manav/robotis_ws/install/my_service_package/include/my_service_package/my_service_package/srv/endeffector_velservice.h
[3.677s] -- Up-to-date: /home/manav/robotis_ws/install/my_service_package/include/my_service_package/my_service_package/srv/i_kservice.h
[3.677s] -- Up-to-date: /home/manav/robotis_ws/install/my_service_package/include/my_service_package/my_service_package/srv/detail
[3.677s] -- Up-to-date: /home/manav/robotis_ws/install/my_service_package/include/my_service_package/my_service_package/srv/detail/endeffector_velservice__functions.h
[3.677s] -- Up-to-date: /home/manav/robotis_ws/install/my_service_package/include/my_service_package/my_service_package/srv/detail/joint_velservice__functions.c
[3.677s] -- Up-to-date: /home/manav/robotis_ws/install/my_service_package/include/my_service_package/my_service_package/srv/detail/endeffector_velservice__struct.h
[3.677s] -- Up-to-date: /home/manav/robotis_ws/install/my_service_package/include/my_service_package/my_service_package/srv/detail/joint_velservice__struct.h
[3.677s] -- Up-to-date: /home/manav/robotis_ws/install/my_service_package/include/my_service_package/my_service_package/srv/detail/i_kservice__type_support.h
[3.678s] -- Up-to-date: /home/manav/robotis_ws/install/my_service_package/include/my_service_package/my_service_package/srv/detail/endeffector_velservice__type_support.h
[3.678s] -- Up-to-date: /home/manav/robotis_ws/install/my_service_package/include/my_service_package/my_service_package/srv/detail/i_kservice__struct.h
[3.678s] -- Up-to-date: /home/manav/robotis_ws/install/my_service_package/include/my_service_package/my_service_package/srv/detail/i_kservice__functions.c
[3.679s] -- Up-to-date: /home/manav/robotis_ws/install/my_service_package/include/my_service_package/my_service_package/srv/detail/i_kservice__functions.h
[3.679s] -- Up-to-date: /home/manav/robotis_ws/install/my_service_package/include/my_service_package/my_service_package/srv/detail/endeffector_velservice__functions.c
[3.680s] -- Up-to-date: /home/manav/robotis_ws/install/my_service_package/include/my_service_package/my_service_package/srv/detail/joint_velservice__type_support.h
[3.681s] -- Up-to-date: /home/manav/robotis_ws/install/my_service_package/include/my_service_package/my_service_package/srv/detail/joint_velservice__functions.h
[3.682s] -- Up-to-date: /home/manav/robotis_ws/install/my_service_package/include/my_service_package/my_service_package/srv/joint_velservice.h
[3.683s] -- Up-to-date: /home/manav/robotis_ws/install/my_service_package/include/my_service_package/my_service_package/msg
[3.684s] -- Up-to-date: /home/manav/robotis_ws/install/my_service_package/include/my_service_package/my_service_package/msg/rot_pos.h
[3.684s] -- Up-to-date: /home/manav/robotis_ws/install/my_service_package/include/my_service_package/my_service_package/msg/vel_pos.h
[3.685s] -- Up-to-date: /home/manav/robotis_ws/install/my_service_package/include/my_service_package/my_service_package/msg/detail
[3.686s] -- Up-to-date: /home/manav/robotis_ws/install/my_service_package/include/my_service_package/my_service_package/msg/detail/rot_pos__struct.h
[3.686s] -- Up-to-date: /home/manav/robotis_ws/install/my_service_package/include/my_service_package/my_service_package/msg/detail/vel_pos__functions.h
[3.686s] -- Up-to-date: /home/manav/robotis_ws/install/my_service_package/include/my_service_package/my_service_package/msg/detail/vel_pos__struct.h
[3.687s] -- Up-to-date: /home/manav/robotis_ws/install/my_service_package/include/my_service_package/my_service_package/msg/detail/vel_pos__type_support.h
[3.698s] -- Up-to-date: /home/manav/robotis_ws/install/my_service_package/include/my_service_package/my_service_package/msg/detail/rot_pos__functions.h
[3.699s] -- Up-to-date: /home/manav/robotis_ws/install/my_service_package/include/my_service_package/my_service_package/msg/detail/rot_pos__functions.c
[3.699s] -- Up-to-date: /home/manav/robotis_ws/install/my_service_package/include/my_service_package/my_service_package/msg/detail/vel_pos__functions.c
[3.699s] -- Up-to-date: /home/manav/robotis_ws/install/my_service_package/include/my_service_package/my_service_package/msg/detail/rot_pos__type_support.h
[3.699s] -- Up-to-date: /home/manav/robotis_ws/install/my_service_package/include/my_service_package/my_service_package/msg/rosidl_generator_c__visibility_control.h
[3.699s] -- Up-to-date: /home/manav/robotis_ws/install/my_service_package/share/my_service_package/environment/library_path.sh
[3.699s] -- Up-to-date: /home/manav/robotis_ws/install/my_service_package/share/my_service_package/environment/library_path.dsv
[3.699s] -- Up-to-date: /home/manav/robotis_ws/install/my_service_package/lib/libmy_service_package__rosidl_generator_c.so
[3.700s] -- Up-to-date: /home/manav/robotis_ws/install/my_service_package/include/my_service_package/my_service_package
[3.700s] -- Up-to-date: /home/manav/robotis_ws/install/my_service_package/include/my_service_package/my_service_package/srv
[3.700s] -- Up-to-date: /home/manav/robotis_ws/install/my_service_package/include/my_service_package/my_service_package/srv/detail
[3.700s] -- Up-to-date: /home/manav/robotis_ws/install/my_service_package/include/my_service_package/my_service_package/srv/detail/i_kservice__rosidl_typesupport_fastrtps_c.h
[3.700s] -- Up-to-date: /home/manav/robotis_ws/install/my_service_package/include/my_service_package/my_service_package/srv/detail/endeffector_velservice__rosidl_typesupport_fastrtps_c.h
[3.700s] -- Up-to-date: /home/manav/robotis_ws/install/my_service_package/include/my_service_package/my_service_package/srv/detail/joint_velservice__rosidl_typesupport_fastrtps_c.h
[3.700s] -- Up-to-date: /home/manav/robotis_ws/install/my_service_package/include/my_service_package/my_service_package/msg
[3.700s] -- Up-to-date: /home/manav/robotis_ws/install/my_service_package/include/my_service_package/my_service_package/msg/rosidl_typesupport_fastrtps_c__visibility_control.h
[3.704s] -- Up-to-date: /home/manav/robotis_ws/install/my_service_package/include/my_service_package/my_service_package/msg/detail
[3.704s] -- Up-to-date: /home/manav/robotis_ws/install/my_service_package/include/my_service_package/my_service_package/msg/detail/vel_pos__rosidl_typesupport_fastrtps_c.h
[3.704s] -- Up-to-date: /home/manav/robotis_ws/install/my_service_package/include/my_service_package/my_service_package/msg/detail/rot_pos__rosidl_typesupport_fastrtps_c.h
[3.704s] -- Up-to-date: /home/manav/robotis_ws/install/my_service_package/lib/libmy_service_package__rosidl_typesupport_fastrtps_c.so
[3.704s] -- Up-to-date: /home/manav/robotis_ws/install/my_service_package/include/my_service_package/my_service_package
[3.705s] -- Up-to-date: /home/manav/robotis_ws/install/my_service_package/include/my_service_package/my_service_package/srv
[3.705s] -- Up-to-date: /home/manav/robotis_ws/install/my_service_package/include/my_service_package/my_service_package/srv/joint_velservice.hpp
[3.705s] -- Up-to-date: /home/manav/robotis_ws/install/my_service_package/include/my_service_package/my_service_package/srv/endeffector_velservice.hpp
[3.705s] -- Up-to-date: /home/manav/robotis_ws/install/my_service_package/include/my_service_package/my_service_package/srv/i_kservice.hpp
[3.705s] -- Up-to-date: /home/manav/robotis_ws/install/my_service_package/include/my_service_package/my_service_package/srv/detail
[3.705s] -- Up-to-date: /home/manav/robotis_ws/install/my_service_package/include/my_service_package/my_service_package/srv/detail/joint_velservice__struct.hpp
[3.705s] -- Up-to-date: /home/manav/robotis_ws/install/my_service_package/include/my_service_package/my_service_package/srv/detail/i_kservice__traits.hpp
[3.706s] -- Up-to-date: /home/manav/robotis_ws/install/my_service_package/include/my_service_package/my_service_package/srv/detail/joint_velservice__traits.hpp
[3.706s] -- Up-to-date: /home/manav/robotis_ws/install/my_service_package/include/my_service_package/my_service_package/srv/detail/i_kservice__struct.hpp
[3.706s] -- Up-to-date: /home/manav/robotis_ws/install/my_service_package/include/my_service_package/my_service_package/srv/detail/i_kservice__builder.hpp
[3.706s] -- Up-to-date: /home/manav/robotis_ws/install/my_service_package/include/my_service_package/my_service_package/srv/detail/endeffector_velservice__struct.hpp
[3.706s] -- Up-to-date: /home/manav/robotis_ws/install/my_service_package/include/my_service_package/my_service_package/srv/detail/joint_velservice__builder.hpp
[3.706s] -- Up-to-date: /home/manav/robotis_ws/install/my_service_package/include/my_service_package/my_service_package/srv/detail/endeffector_velservice__traits.hpp
[3.706s] -- Up-to-date: /home/manav/robotis_ws/install/my_service_package/include/my_service_package/my_service_package/srv/detail/endeffector_velservice__builder.hpp
[3.706s] -- Up-to-date: /home/manav/robotis_ws/install/my_service_package/include/my_service_package/my_service_package/msg
[3.706s] -- Up-to-date: /home/manav/robotis_ws/install/my_service_package/include/my_service_package/my_service_package/msg/rot_pos.hpp
[3.713s] -- Up-to-date: /home/manav/robotis_ws/install/my_service_package/include/my_service_package/my_service_package/msg/vel_pos.hpp
[3.713s] -- Up-to-date: /home/manav/robotis_ws/install/my_service_package/include/my_service_package/my_service_package/msg/detail
[3.713s] -- Up-to-date: /home/manav/robotis_ws/install/my_service_package/include/my_service_package/my_service_package/msg/detail/rot_pos__traits.hpp
[3.713s] -- Up-to-date: /home/manav/robotis_ws/install/my_service_package/include/my_service_package/my_service_package/msg/detail/rot_pos__struct.hpp
[3.719s] -- Up-to-date: /home/manav/robotis_ws/install/my_service_package/include/my_service_package/my_service_package/msg/detail/vel_pos__traits.hpp
[3.719s] -- Up-to-date: /home/manav/robotis_ws/install/my_service_package/include/my_service_package/my_service_package/msg/detail/rot_pos__builder.hpp
[3.719s] -- Up-to-date: /home/manav/robotis_ws/install/my_service_package/include/my_service_package/my_service_package/msg/detail/vel_pos__struct.hpp
[3.719s] -- Up-to-date: /home/manav/robotis_ws/install/my_service_package/include/my_service_package/my_service_package/msg/detail/vel_pos__builder.hpp
[3.720s] -- Up-to-date: /home/manav/robotis_ws/install/my_service_package/include/my_service_package/my_service_package
[3.720s] -- Up-to-date: /home/manav/robotis_ws/install/my_service_package/include/my_service_package/my_service_package/srv
[3.720s] -- Up-to-date: /home/manav/robotis_ws/install/my_service_package/include/my_service_package/my_service_package/srv/detail
[3.720s] -- Up-to-date: /home/manav/robotis_ws/install/my_service_package/include/my_service_package/my_service_package/srv/detail/endeffector_velservice__rosidl_typesupport_fastrtps_cpp.hpp
[3.720s] -- Up-to-date: /home/manav/robotis_ws/install/my_service_package/include/my_service_package/my_service_package/srv/detail/dds_fastrtps
[3.720s] -- Up-to-date: /home/manav/robotis_ws/install/my_service_package/include/my_service_package/my_service_package/srv/detail/i_kservice__rosidl_typesupport_fastrtps_cpp.hpp
[3.720s] -- Up-to-date: /home/manav/robotis_ws/install/my_service_package/include/my_service_package/my_service_package/srv/detail/joint_velservice__rosidl_typesupport_fastrtps_cpp.hpp
[3.720s] -- Up-to-date: /home/manav/robotis_ws/install/my_service_package/include/my_service_package/my_service_package/msg
[3.721s] -- Up-to-date: /home/manav/robotis_ws/install/my_service_package/include/my_service_package/my_service_package/msg/rosidl_typesupport_fastrtps_cpp__visibility_control.h
[3.721s] -- Up-to-date: /home/manav/robotis_ws/install/my_service_package/include/my_service_package/my_service_package/msg/detail
[3.721s] -- Up-to-date: /home/manav/robotis_ws/install/my_service_package/include/my_service_package/my_service_package/msg/detail/rot_pos__rosidl_typesupport_fastrtps_cpp.hpp
[3.721s] -- Up-to-date: /home/manav/robotis_ws/install/my_service_package/include/my_service_package/my_service_package/msg/detail/vel_pos__rosidl_typesupport_fastrtps_cpp.hpp
[3.721s] -- Up-to-date: /home/manav/robotis_ws/install/my_service_package/include/my_service_package/my_service_package/msg/detail/dds_fastrtps
[3.721s] -- Up-to-date: /home/manav/robotis_ws/install/my_service_package/lib/libmy_service_package__rosidl_typesupport_fastrtps_cpp.so
[3.721s] -- Up-to-date: /home/manav/robotis_ws/install/my_service_package/include/my_service_package/my_service_package
[3.721s] -- Up-to-date: /home/manav/robotis_ws/install/my_service_package/include/my_service_package/my_service_package/srv
[3.728s] -- Up-to-date: /home/manav/robotis_ws/install/my_service_package/include/my_service_package/my_service_package/srv/detail
[3.728s] -- Up-to-date: /home/manav/robotis_ws/install/my_service_package/include/my_service_package/my_service_package/srv/detail/endeffector_velservice__rosidl_typesupport_introspection_c.h
[3.728s] -- Up-to-date: /home/manav/robotis_ws/install/my_service_package/include/my_service_package/my_service_package/srv/detail/endeffector_velservice__type_support.c
[3.728s] -- Up-to-date: /home/manav/robotis_ws/install/my_service_package/include/my_service_package/my_service_package/srv/detail/i_kservice__type_support.c
[3.728s] -- Up-to-date: /home/manav/robotis_ws/install/my_service_package/include/my_service_package/my_service_package/srv/detail/i_kservice__rosidl_typesupport_introspection_c.h
[3.728s] -- Up-to-date: /home/manav/robotis_ws/install/my_service_package/include/my_service_package/my_service_package/srv/detail/joint_velservice__rosidl_typesupport_introspection_c.h
[3.729s] -- Up-to-date: /home/manav/robotis_ws/install/my_service_package/include/my_service_package/my_service_package/srv/detail/joint_velservice__type_support.c
[3.729s] -- Up-to-date: /home/manav/robotis_ws/install/my_service_package/include/my_service_package/my_service_package/msg
[3.729s] -- Up-to-date: /home/manav/robotis_ws/install/my_service_package/include/my_service_package/my_service_package/msg/rosidl_typesupport_introspection_c__visibility_control.h
[3.729s] -- Up-to-date: /home/manav/robotis_ws/install/my_service_package/include/my_service_package/my_service_package/msg/detail
[3.729s] -- Up-to-date: /home/manav/robotis_ws/install/my_service_package/include/my_service_package/my_service_package/msg/detail/vel_pos__type_support.c
[3.729s] -- Up-to-date: /home/manav/robotis_ws/install/my_service_package/include/my_service_package/my_service_package/msg/detail/vel_pos__rosidl_typesupport_introspection_c.h
[3.729s] -- Up-to-date: /home/manav/robotis_ws/install/my_service_package/include/my_service_package/my_service_package/msg/detail/rot_pos__type_support.c
[3.729s] -- Up-to-date: /home/manav/robotis_ws/install/my_service_package/include/my_service_package/my_service_package/msg/detail/rot_pos__rosidl_typesupport_introspection_c.h
[3.729s] -- Up-to-date: /home/manav/robotis_ws/install/my_service_package/lib/libmy_service_package__rosidl_typesupport_introspection_c.so
[3.730s] -- Up-to-date: /home/manav/robotis_ws/install/my_service_package/lib/libmy_service_package__rosidl_typesupport_c.so
[3.730s] -- Up-to-date: /home/manav/robotis_ws/install/my_service_package/include/my_service_package/my_service_package
[3.730s] -- Up-to-date: /home/manav/robotis_ws/install/my_service_package/include/my_service_package/my_service_package/srv
[3.730s] -- Up-to-date: /home/manav/robotis_ws/install/my_service_package/include/my_service_package/my_service_package/srv/detail
[3.730s] -- Up-to-date: /home/manav/robotis_ws/install/my_service_package/include/my_service_package/my_service_package/srv/detail/joint_velservice__type_support.cpp
[3.730s] -- Up-to-date: /home/manav/robotis_ws/install/my_service_package/include/my_service_package/my_service_package/srv/detail/endeffector_velservice__rosidl_typesupport_introspection_cpp.hpp
[3.730s] -- Up-to-date: /home/manav/robotis_ws/install/my_service_package/include/my_service_package/my_service_package/srv/detail/i_kservice__type_support.cpp
[3.730s] -- Up-to-date: /home/manav/robotis_ws/install/my_service_package/include/my_service_package/my_service_package/srv/detail/endeffector_velservice__type_support.cpp
[3.738s] -- Up-to-date: /home/manav/robotis_ws/install/my_service_package/include/my_service_package/my_service_package/srv/detail/joint_velservice__rosidl_typesupport_introspection_cpp.hpp
[3.738s] -- Up-to-date: /home/manav/robotis_ws/install/my_service_package/include/my_service_package/my_service_package/srv/detail/i_kservice__rosidl_typesupport_introspection_cpp.hpp
[3.738s] -- Up-to-date: /home/manav/robotis_ws/install/my_service_package/include/my_service_package/my_service_package/msg
[3.738s] -- Up-to-date: /home/manav/robotis_ws/install/my_service_package/include/my_service_package/my_service_package/msg/detail
[3.738s] -- Up-to-date: /home/manav/robotis_ws/install/my_service_package/include/my_service_package/my_service_package/msg/detail/vel_pos__type_support.cpp
[3.738s] -- Up-to-date: /home/manav/robotis_ws/install/my_service_package/include/my_service_package/my_service_package/msg/detail/rot_pos__rosidl_typesupport_introspection_cpp.hpp
[3.739s] -- Up-to-date: /home/manav/robotis_ws/install/my_service_package/include/my_service_package/my_service_package/msg/detail/rot_pos__type_support.cpp
[3.739s] -- Up-to-date: /home/manav/robotis_ws/install/my_service_package/include/my_service_package/my_service_package/msg/detail/vel_pos__rosidl_typesupport_introspection_cpp.hpp
[3.739s] -- Up-to-date: /home/manav/robotis_ws/install/my_service_package/lib/libmy_service_package__rosidl_typesupport_introspection_cpp.so
[3.739s] -- Up-to-date: /home/manav/robotis_ws/install/my_service_package/lib/libmy_service_package__rosidl_typesupport_cpp.so
[3.739s] -- Up-to-date: /home/manav/robotis_ws/install/my_service_package/share/my_service_package/environment/pythonpath.sh
[3.739s] -- Up-to-date: /home/manav/robotis_ws/install/my_service_package/share/my_service_package/environment/pythonpath.dsv
[3.739s] -- Up-to-date: /home/manav/robotis_ws/install/my_service_package/local/lib/python3.10/dist-packages/my_service_package-0.0.0-py3.10.egg-info
[3.739s] -- Installing: /home/manav/robotis_ws/install/my_service_package/local/lib/python3.10/dist-packages/my_service_package-0.0.0-py3.10.egg-info/top_level.txt
[3.740s] -- Installing: /home/manav/robotis_ws/install/my_service_package/local/lib/python3.10/dist-packages/my_service_package-0.0.0-py3.10.egg-info/dependency_links.txt
[3.740s] -- Installing: /home/manav/robotis_ws/install/my_service_package/local/lib/python3.10/dist-packages/my_service_package-0.0.0-py3.10.egg-info/PKG-INFO
[3.740s] -- Installing: /home/manav/robotis_ws/install/my_service_package/local/lib/python3.10/dist-packages/my_service_package-0.0.0-py3.10.egg-info/SOURCES.txt
[3.740s] -- Up-to-date: /home/manav/robotis_ws/install/my_service_package/local/lib/python3.10/dist-packages/my_service_package
[3.740s] -- Up-to-date: /home/manav/robotis_ws/install/my_service_package/local/lib/python3.10/dist-packages/my_service_package/_my_service_package_s.ep.rosidl_typesupport_introspection_c.c
[3.740s] -- Up-to-date: /home/manav/robotis_ws/install/my_service_package/local/lib/python3.10/dist-packages/my_service_package/libmy_service_package__rosidl_generator_py.so
[3.740s] -- Up-to-date: /home/manav/robotis_ws/install/my_service_package/local/lib/python3.10/dist-packages/my_service_package/my_service_package_s__rosidl_typesupport_fastrtps_c.cpython-310-x86_64-linux-gnu.so
[3.740s] -- Up-to-date: /home/manav/robotis_ws/install/my_service_package/local/lib/python3.10/dist-packages/my_service_package/_my_service_package_s.ep.rosidl_typesupport_fastrtps_c.c
[3.740s] -- Up-to-date: /home/manav/robotis_ws/install/my_service_package/local/lib/python3.10/dist-packages/my_service_package/srv
[3.748s] -- Up-to-date: /home/manav/robotis_ws/install/my_service_package/local/lib/python3.10/dist-packages/my_service_package/srv/_i_kservice.py
[3.748s] -- Up-to-date: /home/manav/robotis_ws/install/my_service_package/local/lib/python3.10/dist-packages/my_service_package/srv/_joint_velservice_s.c
[3.749s] -- Up-to-date: /home/manav/robotis_ws/install/my_service_package/local/lib/python3.10/dist-packages/my_service_package/srv/_endeffector_velservice_s.c
[3.749s] -- Up-to-date: /home/manav/robotis_ws/install/my_service_package/local/lib/python3.10/dist-packages/my_service_package/srv/_endeffector_velservice.py
[3.749s] -- Up-to-date: /home/manav/robotis_ws/install/my_service_package/local/lib/python3.10/dist-packages/my_service_package/srv/_i_kservice_s.c
[3.749s] -- Up-to-date: /home/manav/robotis_ws/install/my_service_package/local/lib/python3.10/dist-packages/my_service_package/srv/_joint_velservice.py
[3.749s] -- Up-to-date: /home/manav/robotis_ws/install/my_service_package/local/lib/python3.10/dist-packages/my_service_package/srv/__init__.py
[3.749s] -- Up-to-date: /home/manav/robotis_ws/install/my_service_package/local/lib/python3.10/dist-packages/my_service_package/msg
[3.749s] -- Up-to-date: /home/manav/robotis_ws/install/my_service_package/local/lib/python3.10/dist-packages/my_service_package/msg/_vel_pos.py
[3.749s] -- Up-to-date: /home/manav/robotis_ws/install/my_service_package/local/lib/python3.10/dist-packages/my_service_package/msg/_rot_pos.py
[3.750s] -- Up-to-date: /home/manav/robotis_ws/install/my_service_package/local/lib/python3.10/dist-packages/my_service_package/msg/_vel_pos_s.c
[3.750s] -- Up-to-date: /home/manav/robotis_ws/install/my_service_package/local/lib/python3.10/dist-packages/my_service_package/msg/_rot_pos_s.c
[3.750s] -- Up-to-date: /home/manav/robotis_ws/install/my_service_package/local/lib/python3.10/dist-packages/my_service_package/msg/__init__.py
[3.750s] -- Up-to-date: /home/manav/robotis_ws/install/my_service_package/local/lib/python3.10/dist-packages/my_service_package/_my_service_package_s.ep.rosidl_typesupport_c.c
[3.750s] -- Up-to-date: /home/manav/robotis_ws/install/my_service_package/local/lib/python3.10/dist-packages/my_service_package/my_service_package_s__rosidl_typesupport_introspection_c.cpython-310-x86_64-linux-gnu.so
[3.750s] -- Up-to-date: /home/manav/robotis_ws/install/my_service_package/local/lib/python3.10/dist-packages/my_service_package/my_service_package_s__rosidl_typesupport_c.cpython-310-x86_64-linux-gnu.so
[3.750s] -- Up-to-date: /home/manav/robotis_ws/install/my_service_package/local/lib/python3.10/dist-packages/my_service_package/__init__.py
[3.932s] Listing '/home/manav/robotis_ws/install/my_service_package/local/lib/python3.10/dist-packages/my_service_package'...
[3.932s] Listing '/home/manav/robotis_ws/install/my_service_package/local/lib/python3.10/dist-packages/my_service_package/msg'...
[3.932s] Listing '/home/manav/robotis_ws/install/my_service_package/local/lib/python3.10/dist-packages/my_service_package/srv'...
[3.965s] -- Up-to-date: /home/manav/robotis_ws/install/my_service_package/local/lib/python3.10/dist-packages/my_service_package/my_service_package_s__rosidl_typesupport_fastrtps_c.cpython-310-x86_64-linux-gnu.so
[3.966s] -- Up-to-date: /home/manav/robotis_ws/install/my_service_package/local/lib/python3.10/dist-packages/my_service_package/my_service_package_s__rosidl_typesupport_introspection_c.cpython-310-x86_64-linux-gnu.so
[3.973s] -- Up-to-date: /home/manav/robotis_ws/install/my_service_package/local/lib/python3.10/dist-packages/my_service_package/my_service_package_s__rosidl_typesupport_c.cpython-310-x86_64-linux-gnu.so
[3.974s] -- Up-to-date: /home/manav/robotis_ws/install/my_service_package/lib/libmy_service_package__rosidl_generator_py.so
[3.974s] -- Up-to-date: /home/manav/robotis_ws/install/my_service_package/share/my_service_package/msg/RotPos.idl
[3.974s] -- Up-to-date: /home/manav/robotis_ws/install/my_service_package/share/my_service_package/msg/VelPos.idl
[3.974s] -- Up-to-date: /home/manav/robotis_ws/install/my_service_package/share/my_service_package/srv/IKservice.idl
[3.975s] -- Up-to-date: /home/manav/robotis_ws/install/my_service_package/share/my_service_package/srv/JointVelservice.idl
[3.977s] -- Up-to-date: /home/manav/robotis_ws/install/my_service_package/share/my_service_package/srv/EndeffectorVelservice.idl
[3.979s] -- Up-to-date: /home/manav/robotis_ws/install/my_service_package/share/my_service_package/msg/RotPos.msg
[3.980s] -- Up-to-date: /home/manav/robotis_ws/install/my_service_package/share/my_service_package/msg/VelPos.msg
[3.982s] -- Up-to-date: /home/manav/robotis_ws/install/my_service_package/share/my_service_package/srv/IKservice.srv
[3.983s] -- Up-to-date: /home/manav/robotis_ws/install/my_service_package/share/my_service_package/srv/IKservice_Request.msg
[3.984s] -- Up-to-date: /home/manav/robotis_ws/install/my_service_package/share/my_service_package/srv/IKservice_Response.msg
[3.986s] -- Up-to-date: /home/manav/robotis_ws/install/my_service_package/share/my_service_package/srv/JointVelservice.srv
[3.987s] -- Up-to-date: /home/manav/robotis_ws/install/my_service_package/share/my_service_package/srv/JointVelservice_Request.msg
[3.988s] -- Up-to-date: /home/manav/robotis_ws/install/my_service_package/share/my_service_package/srv/JointVelservice_Response.msg
[3.989s] -- Up-to-date: /home/manav/robotis_ws/install/my_service_package/share/my_service_package/srv/EndeffectorVelservice.srv
[3.991s] -- Up-to-date: /home/manav/robotis_ws/install/my_service_package/share/my_service_package/srv/EndeffectorVelservice_Request.msg
[3.992s] -- Up-to-date: /home/manav/robotis_ws/install/my_service_package/share/my_service_package/srv/EndeffectorVelservice_Response.msg
[3.993s] -- Up-to-date: /home/manav/robotis_ws/install/my_service_package/share/ament_index/resource_index/package_run_dependencies/my_service_package
[3.994s] -- Up-to-date: /home/manav/robotis_ws/install/my_service_package/share/ament_index/resource_index/parent_prefix_path/my_service_package
[3.999s] -- Up-to-date: /home/manav/robotis_ws/install/my_service_package/share/my_service_package/environment/ament_prefix_path.sh
[3.999s] -- Up-to-date: /home/manav/robotis_ws/install/my_service_package/share/my_service_package/environment/ament_prefix_path.dsv
[4.000s] -- Up-to-date: /home/manav/robotis_ws/install/my_service_package/share/my_service_package/environment/path.sh
[4.000s] -- Up-to-date: /home/manav/robotis_ws/install/my_service_package/share/my_service_package/environment/path.dsv
[4.000s] -- Up-to-date: /home/manav/robotis_ws/install/my_service_package/share/my_service_package/local_setup.bash
[4.001s] -- Up-to-date: /home/manav/robotis_ws/install/my_service_package/share/my_service_package/local_setup.sh
[4.001s] -- Up-to-date: /home/manav/robotis_ws/install/my_service_package/share/my_service_package/local_setup.zsh
[4.002s] -- Up-to-date: /home/manav/robotis_ws/install/my_service_package/share/my_service_package/local_setup.dsv
[4.003s] -- Installing: /home/manav/robotis_ws/install/my_service_package/share/my_service_package/package.dsv
[4.004s] -- Up-to-date: /home/manav/robotis_ws/install/my_service_package/share/ament_index/resource_index/packages/my_service_package
[4.005s] -- Up-to-date: /home/manav/robotis_ws/install/my_service_package/share/my_service_package/cmake/export_my_service_package__rosidl_generator_cExport.cmake
[4.006s] -- Up-to-date: /home/manav/robotis_ws/install/my_service_package/share/my_service_package/cmake/export_my_service_package__rosidl_generator_cExport-noconfig.cmake
[4.008s] -- Up-to-date: /home/manav/robotis_ws/install/my_service_package/share/my_service_package/cmake/export_my_service_package__rosidl_typesupport_fastrtps_cExport.cmake
[4.009s] -- Up-to-date: /home/manav/robotis_ws/install/my_service_package/share/my_service_package/cmake/export_my_service_package__rosidl_typesupport_fastrtps_cExport-noconfig.cmake
[4.010s] -- Up-to-date: /home/manav/robotis_ws/install/my_service_package/share/my_service_package/cmake/export_my_service_package__rosidl_generator_cppExport.cmake
[4.011s] -- Up-to-date: /home/manav/robotis_ws/install/my_service_package/share/my_service_package/cmake/export_my_service_package__rosidl_typesupport_fastrtps_cppExport.cmake
[4.012s] -- Up-to-date: /home/manav/robotis_ws/install/my_service_package/share/my_service_package/cmake/export_my_service_package__rosidl_typesupport_fastrtps_cppExport-noconfig.cmake
[4.013s] -- Up-to-date: /home/manav/robotis_ws/install/my_service_package/share/my_service_package/cmake/my_service_package__rosidl_typesupport_introspection_cExport.cmake
[4.014s] -- Up-to-date: /home/manav/robotis_ws/install/my_service_package/share/my_service_package/cmake/my_service_package__rosidl_typesupport_introspection_cExport-noconfig.cmake
[4.014s] -- Up-to-date: /home/manav/robotis_ws/install/my_service_package/share/my_service_package/cmake/my_service_package__rosidl_typesupport_cExport.cmake
[4.014s] -- Up-to-date: /home/manav/robotis_ws/install/my_service_package/share/my_service_package/cmake/my_service_package__rosidl_typesupport_cExport-noconfig.cmake
[4.014s] -- Up-to-date: /home/manav/robotis_ws/install/my_service_package/share/my_service_package/cmake/my_service_package__rosidl_typesupport_introspection_cppExport.cmake
[4.014s] -- Up-to-date: /home/manav/robotis_ws/install/my_service_package/share/my_service_package/cmake/my_service_package__rosidl_typesupport_introspection_cppExport-noconfig.cmake
[4.018s] -- Up-to-date: /home/manav/robotis_ws/install/my_service_package/share/my_service_package/cmake/my_service_package__rosidl_typesupport_cppExport.cmake
[4.020s] -- Up-to-date: /home/manav/robotis_ws/install/my_service_package/share/my_service_package/cmake/my_service_package__rosidl_typesupport_cppExport-noconfig.cmake
[4.020s] -- Up-to-date: /home/manav/robotis_ws/install/my_service_package/share/my_service_package/cmake/export_my_service_package__rosidl_generator_pyExport.cmake
[4.021s] -- Up-to-date: /home/manav/robotis_ws/install/my_service_package/share/my_service_package/cmake/export_my_service_package__rosidl_generator_pyExport-noconfig.cmake
[4.022s] -- Up-to-date: /home/manav/robotis_ws/install/my_service_package/share/my_service_package/cmake/rosidl_cmake-extras.cmake
[4.023s] -- Up-to-date: /home/manav/robotis_ws/install/my_service_package/share/my_service_package/cmake/ament_cmake_export_dependencies-extras.cmake
[4.025s] -- Up-to-date: /home/manav/robotis_ws/install/my_service_package/share/my_service_package/cmake/ament_cmake_export_include_directories-extras.cmake
[4.026s] -- Up-to-date: /home/manav/robotis_ws/install/my_service_package/share/my_service_package/cmake/ament_cmake_export_libraries-extras.cmake
[4.028s] -- Up-to-date: /home/manav/robotis_ws/install/my_service_package/share/my_service_package/cmake/ament_cmake_export_targets-extras.cmake
[4.028s] -- Up-to-date: /home/manav/robotis_ws/install/my_service_package/share/my_service_package/cmake/rosidl_cmake_export_typesupport_targets-extras.cmake
[4.028s] -- Up-to-date: /home/manav/robotis_ws/install/my_service_package/share/my_service_package/cmake/rosidl_cmake_export_typesupport_libraries-extras.cmake
[4.029s] -- Up-to-date: /home/manav/robotis_ws/install/my_service_package/share/my_service_package/cmake/my_service_packageConfig.cmake
[4.030s] -- Up-to-date: /home/manav/robotis_ws/install/my_service_package/share/my_service_package/cmake/my_service_packageConfig-version.cmake
[4.030s] -- Up-to-date: /home/manav/robotis_ws/install/my_service_package/share/my_service_package/package.xml
[4.031s] Invoked command in '/home/manav/robotis_ws/build/my_service_package' returned '0': CMAKE_PREFIX_PATH=${CMAKE_PREFIX_PATH}:/home/manav/robotis_ws/install/vel_kinematics:/home/manav/robotis_ws/install/rbe500_example_py:/home/manav/robotis_ws/install/inverse:/home/manav/robotis_ws/install/forward:/home/manav/ros2_test/install/my_robot_controller:/opt/ros/humble /usr/bin/cmake --install /home/manav/robotis_ws/build/my_service_package
