running egg_info
writing ../../../build/forward/forward.egg-info/PKG-INFO
writing dependency_links to ../../../build/forward/forward.egg-info/dependency_links.txt
writing entry points to ../../../build/forward/forward.egg-info/entry_points.txt
writing requirements to ../../../build/forward/forward.egg-info/requires.txt
writing top-level names to ../../../build/forward/forward.egg-info/top_level.txt
reading manifest file '../../../build/forward/forward.egg-info/SOURCES.txt'
adding license file 'LICENSE'
writing manifest file '../../../build/forward/forward.egg-info/SOURCES.txt'
running build
running build_py
running install
running install_lib
running install_data
running install_egg_info
removing '/home/manav/robotis_ws/install/forward/lib/python3.10/site-packages/forward-0.0.0-py3.10.egg-info' (and everything under it)
Copying ../../../build/forward/forward.egg-info to /home/manav/robotis_ws/install/forward/lib/python3.10/site-packages/forward-0.0.0-py3.10.egg-info
running install_scripts
Installing fwd_call script to /home/manav/robotis_ws/install/forward/lib/forward
writing list of installed files to '/home/manav/robotis_ws/build/forward/install.log'
