[3.811s] Invoking command in '/home/manav/robotis_ws/src/OpenManipulatorX_ROS2-main/inverse': PYTHONPATH=/home/manav/robotis_ws/build/inverse/prefix_override:/usr/lib/python3/dist-packages/colcon_core/task/python/colcon_distutils_commands:/home/manav/robotis_ws/install/inverse/lib/python3.10/site-packages:${PYTHONPATH} /usr/bin/python3 -W ignore:setup.py install is deprecated -W ignore:easy_install command is deprecated setup.py egg_info --egg-base ../../../build/inverse build --build-base /home/manav/robotis_ws/build/inverse/build install --record /home/manav/robotis_ws/build/inverse/install.log --single-version-externally-managed install_data
[5.450s] running egg_info
[5.453s] writing ../../../build/inverse/inverse.egg-info/PKG-INFO
[5.453s] writing dependency_links to ../../../build/inverse/inverse.egg-info/dependency_links.txt
[5.453s] writing entry points to ../../../build/inverse/inverse.egg-info/entry_points.txt
[5.453s] writing requirements to ../../../build/inverse/inverse.egg-info/requires.txt
[5.453s] writing top-level names to ../../../build/inverse/inverse.egg-info/top_level.txt
[5.457s] reading manifest file '../../../build/inverse/inverse.egg-info/SOURCES.txt'
[5.458s] adding license file 'LICENSE'
[5.463s] writing manifest file '../../../build/inverse/inverse.egg-info/SOURCES.txt'
[5.464s] running build
[5.464s] running build_py
[5.464s] running install
[5.468s] running install_lib
[5.469s] running install_data
[5.469s] running install_egg_info
[5.473s] removing '/home/manav/robotis_ws/install/inverse/lib/python3.10/site-packages/inverse-0.0.0-py3.10.egg-info' (and everything under it)
[5.474s] Copying ../../../build/inverse/inverse.egg-info to /home/manav/robotis_ws/install/inverse/lib/python3.10/site-packages/inverse-0.0.0-py3.10.egg-info
[5.476s] running install_scripts
[5.523s] Installing inv_call script to /home/manav/robotis_ws/install/inverse/lib/inverse
[5.524s] writing list of installed files to '/home/manav/robotis_ws/build/inverse/install.log'
[5.987s] Invoked command in '/home/manav/robotis_ws/src/OpenManipulatorX_ROS2-main/inverse' returned '0': PYTHONPATH=/home/manav/robotis_ws/build/inverse/prefix_override:/usr/lib/python3/dist-packages/colcon_core/task/python/colcon_distutils_commands:/home/manav/robotis_ws/install/inverse/lib/python3.10/site-packages:${PYTHONPATH} /usr/bin/python3 -W ignore:setup.py install is deprecated -W ignore:easy_install command is deprecated setup.py egg_info --egg-base ../../../build/inverse build --build-base /home/manav/robotis_ws/build/inverse/build install --record /home/manav/robotis_ws/build/inverse/install.log --single-version-externally-managed install_data
