[4.274s] Invoking command in '/home/manav/robotis_ws/src/OpenManipulatorX_ROS2-main/inverse': PYTHONPATH=/home/manav/robotis_ws/build/inverse/prefix_override:/usr/lib/python3/dist-packages/colcon_core/task/python/colcon_distutils_commands:/home/manav/robotis_ws/install/inverse/lib/python3.10/site-packages:${PYTHONPATH} /usr/bin/python3 -W ignore:setup.py install is deprecated -W ignore:easy_install command is deprecated setup.py egg_info --egg-base ../../../build/inverse build --build-base /home/manav/robotis_ws/build/inverse/build install --record /home/manav/robotis_ws/build/inverse/install.log --single-version-externally-managed install_data
[5.969s] running egg_info
[5.973s] writing ../../../build/inverse/inverse.egg-info/PKG-INFO
[5.973s] writing dependency_links to ../../../build/inverse/inverse.egg-info/dependency_links.txt
[5.974s] writing entry points to ../../../build/inverse/inverse.egg-info/entry_points.txt
[5.974s] writing requirements to ../../../build/inverse/inverse.egg-info/requires.txt
[5.974s] writing top-level names to ../../../build/inverse/inverse.egg-info/top_level.txt
[5.983s] reading manifest file '../../../build/inverse/inverse.egg-info/SOURCES.txt'
[5.985s] adding license file 'LICENSE'
[5.987s] writing manifest file '../../../build/inverse/inverse.egg-info/SOURCES.txt'
[5.987s] running build
[5.988s] running build_py
[5.988s] running install
[5.992s] running install_lib
[5.994s] running install_data
[5.995s] running install_egg_info
[6.002s] removing '/home/manav/robotis_ws/install/inverse/lib/python3.10/site-packages/inverse-0.0.0-py3.10.egg-info' (and everything under it)
[6.003s] Copying ../../../build/inverse/inverse.egg-info to /home/manav/robotis_ws/install/inverse/lib/python3.10/site-packages/inverse-0.0.0-py3.10.egg-info
[6.006s] running install_scripts
[6.070s] Installing inv_call script to /home/manav/robotis_ws/install/inverse/lib/inverse
[6.071s] writing list of installed files to '/home/manav/robotis_ws/build/inverse/install.log'
[6.190s] Invoked command in '/home/manav/robotis_ws/src/OpenManipulatorX_ROS2-main/inverse' returned '0': PYTHONPATH=/home/manav/robotis_ws/build/inverse/prefix_override:/usr/lib/python3/dist-packages/colcon_core/task/python/colcon_distutils_commands:/home/manav/robotis_ws/install/inverse/lib/python3.10/site-packages:${PYTHONPATH} /usr/bin/python3 -W ignore:setup.py install is deprecated -W ignore:easy_install command is deprecated setup.py egg_info --egg-base ../../../build/inverse build --build-base /home/manav/robotis_ws/build/inverse/build install --record /home/manav/robotis_ws/build/inverse/install.log --single-version-externally-managed install_data
