[0.182s] DEBUG:colcon:Command line arguments: ['/usr/bin/colcon', 'build']
[0.182s] DEBUG:colcon:Parsed command line arguments: Namespace(log_base=None, log_level=None, verb_name='build', build_base='build', install_base='install', merge_install=False, symlink_install=False, test_result_base=None, continue_on_error=False, executor='parallel', parallel_workers=4, event_handlers=None, ignore_user_meta=False, metas=['./colcon.meta'], base_paths=['.'], packages_ignore=None, packages_ignore_regex=None, paths=None, packages_up_to=None, packages_up_to_regex=None, packages_above=None, packages_above_and_dependencies=None, packages_above_depth=None, packages_select_by_dep=None, packages_skip_by_dep=None, packages_skip_up_to=None, packages_select_build_failed=False, packages_skip_build_finished=False, packages_select_test_failures=False, packages_skip_test_passed=False, packages_select=None, packages_skip=None, packages_select_regex=None, packages_skip_regex=None, packages_start=None, packages_end=None, allow_overriding=[], cmake_args=None, cmake_target=None, cmake_target_skip_unavailable=False, cmake_clean_cache=False, cmake_clean_first=False, cmake_force_configure=False, ament_cmake_args=None, catkin_cmake_args=None, catkin_skip_building_tests=False, verb_parser=<colcon_defaults.argument_parser.defaults.DefaultArgumentsDecorator object at 0x72e294821780>, verb_extension=<colcon_core.verb.build.BuildVerb object at 0x72e294821270>, main=<bound method BuildVerb.main of <colcon_core.verb.build.BuildVerb object at 0x72e294821270>>)
[0.586s] Level 1:colcon.colcon_core.package_discovery:discover_packages(colcon_meta) check parameters
[0.587s] Level 1:colcon.colcon_core.package_discovery:discover_packages(recursive) check parameters
[0.587s] Level 1:colcon.colcon_core.package_discovery:discover_packages(ignore) check parameters
[0.587s] Level 1:colcon.colcon_core.package_discovery:discover_packages(path) check parameters
[0.587s] Level 1:colcon.colcon_core.package_discovery:discover_packages(colcon_meta) discover
[0.587s] Level 1:colcon.colcon_core.package_discovery:discover_packages(recursive) discover
[0.587s] INFO:colcon.colcon_core.package_discovery:Crawling recursively for packages in '/home/manav/robotis_ws'
[0.587s] Level 1:colcon.colcon_core.package_identification:_identify(.) by extensions ['ignore', 'ignore_ament_install']
[0.587s] Level 1:colcon.colcon_core.package_identification:_identify(.) by extension 'ignore'
[0.588s] Level 1:colcon.colcon_core.package_identification:_identify(.) by extension 'ignore_ament_install'
[0.588s] Level 1:colcon.colcon_core.package_identification:_identify(.) by extensions ['colcon_pkg']
[0.588s] Level 1:colcon.colcon_core.package_identification:_identify(.) by extension 'colcon_pkg'
[0.588s] Level 1:colcon.colcon_core.package_identification:_identify(.) by extensions ['colcon_meta']
[0.588s] Level 1:colcon.colcon_core.package_identification:_identify(.) by extension 'colcon_meta'
[0.588s] Level 1:colcon.colcon_core.package_identification:_identify(.) by extensions ['ros']
[0.588s] Level 1:colcon.colcon_core.package_identification:_identify(.) by extension 'ros'
[0.611s] Level 1:colcon.colcon_core.package_identification:_identify(.) by extensions ['cmake', 'python']
[0.611s] Level 1:colcon.colcon_core.package_identification:_identify(.) by extension 'cmake'
[0.611s] Level 1:colcon.colcon_core.package_identification:_identify(.) by extension 'python'
[0.611s] Level 1:colcon.colcon_core.package_identification:_identify(.) by extensions ['python_setup_py']
[0.612s] Level 1:colcon.colcon_core.package_identification:_identify(.) by extension 'python_setup_py'
[0.612s] Level 1:colcon.colcon_core.package_identification:_identify(build) by extensions ['ignore', 'ignore_ament_install']
[0.612s] Level 1:colcon.colcon_core.package_identification:_identify(build) by extension 'ignore'
[0.612s] Level 1:colcon.colcon_core.package_identification:_identify(build) ignored
[0.612s] Level 1:colcon.colcon_core.package_identification:_identify(install) by extensions ['ignore', 'ignore_ament_install']
[0.613s] Level 1:colcon.colcon_core.package_identification:_identify(install) by extension 'ignore'
[0.613s] Level 1:colcon.colcon_core.package_identification:_identify(install) ignored
[0.613s] Level 1:colcon.colcon_core.package_identification:_identify(log) by extensions ['ignore', 'ignore_ament_install']
[0.613s] Level 1:colcon.colcon_core.package_identification:_identify(log) by extension 'ignore'
[0.613s] Level 1:colcon.colcon_core.package_identification:_identify(log) ignored
[0.613s] Level 1:colcon.colcon_core.package_identification:_identify(src) by extensions ['ignore', 'ignore_ament_install']
[0.614s] Level 1:colcon.colcon_core.package_identification:_identify(src) by extension 'ignore'
[0.614s] Level 1:colcon.colcon_core.package_identification:_identify(src) by extension 'ignore_ament_install'
[0.614s] Level 1:colcon.colcon_core.package_identification:_identify(src) by extensions ['colcon_pkg']
[0.614s] Level 1:colcon.colcon_core.package_identification:_identify(src) by extension 'colcon_pkg'
[0.614s] Level 1:colcon.colcon_core.package_identification:_identify(src) by extensions ['colcon_meta']
[0.614s] Level 1:colcon.colcon_core.package_identification:_identify(src) by extension 'colcon_meta'
[0.614s] Level 1:colcon.colcon_core.package_identification:_identify(src) by extensions ['ros']
[0.614s] Level 1:colcon.colcon_core.package_identification:_identify(src) by extension 'ros'
[0.614s] Level 1:colcon.colcon_core.package_identification:_identify(src) by extensions ['cmake', 'python']
[0.615s] Level 1:colcon.colcon_core.package_identification:_identify(src) by extension 'cmake'
[0.615s] Level 1:colcon.colcon_core.package_identification:_identify(src) by extension 'python'
[0.615s] Level 1:colcon.colcon_core.package_identification:_identify(src) by extensions ['python_setup_py']
[0.615s] Level 1:colcon.colcon_core.package_identification:_identify(src) by extension 'python_setup_py'
[0.615s] Level 1:colcon.colcon_core.package_identification:_identify(src/OpenManipulatorX_ROS2-main) by extensions ['ignore', 'ignore_ament_install']
[0.615s] Level 1:colcon.colcon_core.package_identification:_identify(src/OpenManipulatorX_ROS2-main) by extension 'ignore'
[0.615s] Level 1:colcon.colcon_core.package_identification:_identify(src/OpenManipulatorX_ROS2-main) by extension 'ignore_ament_install'
[0.615s] Level 1:colcon.colcon_core.package_identification:_identify(src/OpenManipulatorX_ROS2-main) by extensions ['colcon_pkg']
[0.615s] Level 1:colcon.colcon_core.package_identification:_identify(src/OpenManipulatorX_ROS2-main) by extension 'colcon_pkg'
[0.616s] Level 1:colcon.colcon_core.package_identification:_identify(src/OpenManipulatorX_ROS2-main) by extensions ['colcon_meta']
[0.616s] Level 1:colcon.colcon_core.package_identification:_identify(src/OpenManipulatorX_ROS2-main) by extension 'colcon_meta'
[0.616s] Level 1:colcon.colcon_core.package_identification:_identify(src/OpenManipulatorX_ROS2-main) by extensions ['ros']
[0.616s] Level 1:colcon.colcon_core.package_identification:_identify(src/OpenManipulatorX_ROS2-main) by extension 'ros'
[0.616s] Level 1:colcon.colcon_core.package_identification:_identify(src/OpenManipulatorX_ROS2-main) by extensions ['cmake', 'python']
[0.616s] Level 1:colcon.colcon_core.package_identification:_identify(src/OpenManipulatorX_ROS2-main) by extension 'cmake'
[0.616s] Level 1:colcon.colcon_core.package_identification:_identify(src/OpenManipulatorX_ROS2-main) by extension 'python'
[0.616s] Level 1:colcon.colcon_core.package_identification:_identify(src/OpenManipulatorX_ROS2-main) by extensions ['python_setup_py']
[0.616s] Level 1:colcon.colcon_core.package_identification:_identify(src/OpenManipulatorX_ROS2-main) by extension 'python_setup_py'
[0.616s] Level 1:colcon.colcon_core.package_identification:_identify(src/OpenManipulatorX_ROS2-main/DynamixelSDK) by extensions ['ignore', 'ignore_ament_install']
[0.617s] Level 1:colcon.colcon_core.package_identification:_identify(src/OpenManipulatorX_ROS2-main/DynamixelSDK) by extension 'ignore'
[0.617s] Level 1:colcon.colcon_core.package_identification:_identify(src/OpenManipulatorX_ROS2-main/DynamixelSDK) by extension 'ignore_ament_install'
[0.617s] Level 1:colcon.colcon_core.package_identification:_identify(src/OpenManipulatorX_ROS2-main/DynamixelSDK) by extensions ['colcon_pkg']
[0.617s] Level 1:colcon.colcon_core.package_identification:_identify(src/OpenManipulatorX_ROS2-main/DynamixelSDK) by extension 'colcon_pkg'
[0.617s] Level 1:colcon.colcon_core.package_identification:_identify(src/OpenManipulatorX_ROS2-main/DynamixelSDK) by extensions ['colcon_meta']
[0.617s] Level 1:colcon.colcon_core.package_identification:_identify(src/OpenManipulatorX_ROS2-main/DynamixelSDK) by extension 'colcon_meta'
[0.617s] Level 1:colcon.colcon_core.package_identification:_identify(src/OpenManipulatorX_ROS2-main/DynamixelSDK) by extensions ['ros']
[0.617s] Level 1:colcon.colcon_core.package_identification:_identify(src/OpenManipulatorX_ROS2-main/DynamixelSDK) by extension 'ros'
[0.617s] Level 1:colcon.colcon_core.package_identification:_identify(src/OpenManipulatorX_ROS2-main/DynamixelSDK) by extensions ['cmake', 'python']
[0.618s] Level 1:colcon.colcon_core.package_identification:_identify(src/OpenManipulatorX_ROS2-main/DynamixelSDK) by extension 'cmake'
[0.618s] Level 1:colcon.colcon_core.package_identification:_identify(src/OpenManipulatorX_ROS2-main/DynamixelSDK) by extension 'python'
[0.618s] Level 1:colcon.colcon_core.package_identification:_identify(src/OpenManipulatorX_ROS2-main/DynamixelSDK) by extensions ['python_setup_py']
[0.618s] Level 1:colcon.colcon_core.package_identification:_identify(src/OpenManipulatorX_ROS2-main/DynamixelSDK) by extension 'python_setup_py'
[0.618s] Level 1:colcon.colcon_core.package_identification:_identify(src/OpenManipulatorX_ROS2-main/DynamixelSDK/dynamixel_sdk) by extensions ['ignore', 'ignore_ament_install']
[0.618s] Level 1:colcon.colcon_core.package_identification:_identify(src/OpenManipulatorX_ROS2-main/DynamixelSDK/dynamixel_sdk) by extension 'ignore'
[0.618s] Level 1:colcon.colcon_core.package_identification:_identify(src/OpenManipulatorX_ROS2-main/DynamixelSDK/dynamixel_sdk) by extension 'ignore_ament_install'
[0.619s] Level 1:colcon.colcon_core.package_identification:_identify(src/OpenManipulatorX_ROS2-main/DynamixelSDK/dynamixel_sdk) by extensions ['colcon_pkg']
[0.619s] Level 1:colcon.colcon_core.package_identification:_identify(src/OpenManipulatorX_ROS2-main/DynamixelSDK/dynamixel_sdk) by extension 'colcon_pkg'
[0.619s] Level 1:colcon.colcon_core.package_identification:_identify(src/OpenManipulatorX_ROS2-main/DynamixelSDK/dynamixel_sdk) by extensions ['colcon_meta']
[0.619s] Level 1:colcon.colcon_core.package_identification:_identify(src/OpenManipulatorX_ROS2-main/DynamixelSDK/dynamixel_sdk) by extension 'colcon_meta'
[0.619s] Level 1:colcon.colcon_core.package_identification:_identify(src/OpenManipulatorX_ROS2-main/DynamixelSDK/dynamixel_sdk) by extensions ['ros']
[0.619s] Level 1:colcon.colcon_core.package_identification:_identify(src/OpenManipulatorX_ROS2-main/DynamixelSDK/dynamixel_sdk) by extension 'ros'
[0.624s] DEBUG:colcon.colcon_core.package_identification:Package 'src/OpenManipulatorX_ROS2-main/DynamixelSDK/dynamixel_sdk' with type 'ros.ament_cmake' and name 'dynamixel_sdk'
[0.624s] Level 1:colcon.colcon_core.package_identification:_identify(src/OpenManipulatorX_ROS2-main/DynamixelSDK/dynamixel_sdk_custom_interfaces) by extensions ['ignore', 'ignore_ament_install']
[0.625s] Level 1:colcon.colcon_core.package_identification:_identify(src/OpenManipulatorX_ROS2-main/DynamixelSDK/dynamixel_sdk_custom_interfaces) by extension 'ignore'
[0.625s] Level 1:colcon.colcon_core.package_identification:_identify(src/OpenManipulatorX_ROS2-main/DynamixelSDK/dynamixel_sdk_custom_interfaces) by extension 'ignore_ament_install'
[0.625s] Level 1:colcon.colcon_core.package_identification:_identify(src/OpenManipulatorX_ROS2-main/DynamixelSDK/dynamixel_sdk_custom_interfaces) by extensions ['colcon_pkg']
[0.625s] Level 1:colcon.colcon_core.package_identification:_identify(src/OpenManipulatorX_ROS2-main/DynamixelSDK/dynamixel_sdk_custom_interfaces) by extension 'colcon_pkg'
[0.625s] Level 1:colcon.colcon_core.package_identification:_identify(src/OpenManipulatorX_ROS2-main/DynamixelSDK/dynamixel_sdk_custom_interfaces) by extensions ['colcon_meta']
[0.625s] Level 1:colcon.colcon_core.package_identification:_identify(src/OpenManipulatorX_ROS2-main/DynamixelSDK/dynamixel_sdk_custom_interfaces) by extension 'colcon_meta'
[0.625s] Level 1:colcon.colcon_core.package_identification:_identify(src/OpenManipulatorX_ROS2-main/DynamixelSDK/dynamixel_sdk_custom_interfaces) by extensions ['ros']
[0.625s] Level 1:colcon.colcon_core.package_identification:_identify(src/OpenManipulatorX_ROS2-main/DynamixelSDK/dynamixel_sdk_custom_interfaces) by extension 'ros'
[0.627s] DEBUG:colcon.colcon_core.package_identification:Package 'src/OpenManipulatorX_ROS2-main/DynamixelSDK/dynamixel_sdk_custom_interfaces' with type 'ros.ament_cmake' and name 'dynamixel_sdk_custom_interfaces'
[0.627s] Level 1:colcon.colcon_core.package_identification:_identify(src/OpenManipulatorX_ROS2-main/DynamixelSDK/dynamixel_sdk_examples) by extensions ['ignore', 'ignore_ament_install']
[0.627s] Level 1:colcon.colcon_core.package_identification:_identify(src/OpenManipulatorX_ROS2-main/DynamixelSDK/dynamixel_sdk_examples) by extension 'ignore'
[0.627s] Level 1:colcon.colcon_core.package_identification:_identify(src/OpenManipulatorX_ROS2-main/DynamixelSDK/dynamixel_sdk_examples) by extension 'ignore_ament_install'
[0.627s] Level 1:colcon.colcon_core.package_identification:_identify(src/OpenManipulatorX_ROS2-main/DynamixelSDK/dynamixel_sdk_examples) by extensions ['colcon_pkg']
[0.628s] Level 1:colcon.colcon_core.package_identification:_identify(src/OpenManipulatorX_ROS2-main/DynamixelSDK/dynamixel_sdk_examples) by extension 'colcon_pkg'
[0.628s] Level 1:colcon.colcon_core.package_identification:_identify(src/OpenManipulatorX_ROS2-main/DynamixelSDK/dynamixel_sdk_examples) by extensions ['colcon_meta']
[0.628s] Level 1:colcon.colcon_core.package_identification:_identify(src/OpenManipulatorX_ROS2-main/DynamixelSDK/dynamixel_sdk_examples) by extension 'colcon_meta'
[0.628s] Level 1:colcon.colcon_core.package_identification:_identify(src/OpenManipulatorX_ROS2-main/DynamixelSDK/dynamixel_sdk_examples) by extensions ['ros']
[0.628s] Level 1:colcon.colcon_core.package_identification:_identify(src/OpenManipulatorX_ROS2-main/DynamixelSDK/dynamixel_sdk_examples) by extension 'ros'
[0.630s] DEBUG:colcon.colcon_core.package_identification:Package 'src/OpenManipulatorX_ROS2-main/DynamixelSDK/dynamixel_sdk_examples' with type 'ros.ament_cmake' and name 'dynamixel_sdk_examples'
[0.630s] Level 1:colcon.colcon_core.package_identification:_identify(src/OpenManipulatorX_ROS2-main/dynamixel-workbench) by extensions ['ignore', 'ignore_ament_install']
[0.630s] Level 1:colcon.colcon_core.package_identification:_identify(src/OpenManipulatorX_ROS2-main/dynamixel-workbench) by extension 'ignore'
[0.630s] Level 1:colcon.colcon_core.package_identification:_identify(src/OpenManipulatorX_ROS2-main/dynamixel-workbench) by extension 'ignore_ament_install'
[0.630s] Level 1:colcon.colcon_core.package_identification:_identify(src/OpenManipulatorX_ROS2-main/dynamixel-workbench) by extensions ['colcon_pkg']
[0.630s] Level 1:colcon.colcon_core.package_identification:_identify(src/OpenManipulatorX_ROS2-main/dynamixel-workbench) by extension 'colcon_pkg'
[0.631s] Level 1:colcon.colcon_core.package_identification:_identify(src/OpenManipulatorX_ROS2-main/dynamixel-workbench) by extensions ['colcon_meta']
[0.631s] Level 1:colcon.colcon_core.package_identification:_identify(src/OpenManipulatorX_ROS2-main/dynamixel-workbench) by extension 'colcon_meta'
[0.631s] Level 1:colcon.colcon_core.package_identification:_identify(src/OpenManipulatorX_ROS2-main/dynamixel-workbench) by extensions ['ros']
[0.631s] Level 1:colcon.colcon_core.package_identification:_identify(src/OpenManipulatorX_ROS2-main/dynamixel-workbench) by extension 'ros'
[0.631s] Level 1:colcon.colcon_core.package_identification:_identify(src/OpenManipulatorX_ROS2-main/dynamixel-workbench) by extensions ['cmake', 'python']
[0.631s] Level 1:colcon.colcon_core.package_identification:_identify(src/OpenManipulatorX_ROS2-main/dynamixel-workbench) by extension 'cmake'
[0.631s] Level 1:colcon.colcon_core.package_identification:_identify(src/OpenManipulatorX_ROS2-main/dynamixel-workbench) by extension 'python'
[0.631s] Level 1:colcon.colcon_core.package_identification:_identify(src/OpenManipulatorX_ROS2-main/dynamixel-workbench) by extensions ['python_setup_py']
[0.631s] Level 1:colcon.colcon_core.package_identification:_identify(src/OpenManipulatorX_ROS2-main/dynamixel-workbench) by extension 'python_setup_py'
[0.632s] Level 1:colcon.colcon_core.package_identification:_identify(src/OpenManipulatorX_ROS2-main/dynamixel-workbench/dynamixel_workbench) by extensions ['ignore', 'ignore_ament_install']
[0.632s] Level 1:colcon.colcon_core.package_identification:_identify(src/OpenManipulatorX_ROS2-main/dynamixel-workbench/dynamixel_workbench) by extension 'ignore'
[0.632s] Level 1:colcon.colcon_core.package_identification:_identify(src/OpenManipulatorX_ROS2-main/dynamixel-workbench/dynamixel_workbench) by extension 'ignore_ament_install'
[0.632s] Level 1:colcon.colcon_core.package_identification:_identify(src/OpenManipulatorX_ROS2-main/dynamixel-workbench/dynamixel_workbench) by extensions ['colcon_pkg']
[0.632s] Level 1:colcon.colcon_core.package_identification:_identify(src/OpenManipulatorX_ROS2-main/dynamixel-workbench/dynamixel_workbench) by extension 'colcon_pkg'
[0.632s] Level 1:colcon.colcon_core.package_identification:_identify(src/OpenManipulatorX_ROS2-main/dynamixel-workbench/dynamixel_workbench) by extensions ['colcon_meta']
[0.632s] Level 1:colcon.colcon_core.package_identification:_identify(src/OpenManipulatorX_ROS2-main/dynamixel-workbench/dynamixel_workbench) by extension 'colcon_meta'
[0.632s] Level 1:colcon.colcon_core.package_identification:_identify(src/OpenManipulatorX_ROS2-main/dynamixel-workbench/dynamixel_workbench) by extensions ['ros']
[0.632s] Level 1:colcon.colcon_core.package_identification:_identify(src/OpenManipulatorX_ROS2-main/dynamixel-workbench/dynamixel_workbench) by extension 'ros'
[0.634s] DEBUG:colcon.colcon_core.package_identification:Package 'src/OpenManipulatorX_ROS2-main/dynamixel-workbench/dynamixel_workbench' with type 'ros.ament_cmake' and name 'dynamixel_workbench'
[0.634s] Level 1:colcon.colcon_core.package_identification:_identify(src/OpenManipulatorX_ROS2-main/dynamixel-workbench/dynamixel_workbench_toolbox) by extensions ['ignore', 'ignore_ament_install']
[0.634s] Level 1:colcon.colcon_core.package_identification:_identify(src/OpenManipulatorX_ROS2-main/dynamixel-workbench/dynamixel_workbench_toolbox) by extension 'ignore'
[0.634s] Level 1:colcon.colcon_core.package_identification:_identify(src/OpenManipulatorX_ROS2-main/dynamixel-workbench/dynamixel_workbench_toolbox) by extension 'ignore_ament_install'
[0.635s] Level 1:colcon.colcon_core.package_identification:_identify(src/OpenManipulatorX_ROS2-main/dynamixel-workbench/dynamixel_workbench_toolbox) by extensions ['colcon_pkg']
[0.635s] Level 1:colcon.colcon_core.package_identification:_identify(src/OpenManipulatorX_ROS2-main/dynamixel-workbench/dynamixel_workbench_toolbox) by extension 'colcon_pkg'
[0.635s] Level 1:colcon.colcon_core.package_identification:_identify(src/OpenManipulatorX_ROS2-main/dynamixel-workbench/dynamixel_workbench_toolbox) by extensions ['colcon_meta']
[0.635s] Level 1:colcon.colcon_core.package_identification:_identify(src/OpenManipulatorX_ROS2-main/dynamixel-workbench/dynamixel_workbench_toolbox) by extension 'colcon_meta'
[0.635s] Level 1:colcon.colcon_core.package_identification:_identify(src/OpenManipulatorX_ROS2-main/dynamixel-workbench/dynamixel_workbench_toolbox) by extensions ['ros']
[0.635s] Level 1:colcon.colcon_core.package_identification:_identify(src/OpenManipulatorX_ROS2-main/dynamixel-workbench/dynamixel_workbench_toolbox) by extension 'ros'
[0.637s] DEBUG:colcon.colcon_core.package_identification:Package 'src/OpenManipulatorX_ROS2-main/dynamixel-workbench/dynamixel_workbench_toolbox' with type 'ros.ament_cmake' and name 'dynamixel_workbench_toolbox'
[0.637s] Level 1:colcon.colcon_core.package_identification:_identify(src/OpenManipulatorX_ROS2-main/forward) by extensions ['ignore', 'ignore_ament_install']
[0.637s] Level 1:colcon.colcon_core.package_identification:_identify(src/OpenManipulatorX_ROS2-main/forward) by extension 'ignore'
[0.637s] Level 1:colcon.colcon_core.package_identification:_identify(src/OpenManipulatorX_ROS2-main/forward) by extension 'ignore_ament_install'
[0.637s] Level 1:colcon.colcon_core.package_identification:_identify(src/OpenManipulatorX_ROS2-main/forward) by extensions ['colcon_pkg']
[0.637s] Level 1:colcon.colcon_core.package_identification:_identify(src/OpenManipulatorX_ROS2-main/forward) by extension 'colcon_pkg'
[0.637s] Level 1:colcon.colcon_core.package_identification:_identify(src/OpenManipulatorX_ROS2-main/forward) by extensions ['colcon_meta']
[0.638s] Level 1:colcon.colcon_core.package_identification:_identify(src/OpenManipulatorX_ROS2-main/forward) by extension 'colcon_meta'
[0.638s] Level 1:colcon.colcon_core.package_identification:_identify(src/OpenManipulatorX_ROS2-main/forward) by extensions ['ros']
[0.638s] Level 1:colcon.colcon_core.package_identification:_identify(src/OpenManipulatorX_ROS2-main/forward) by extension 'ros'
[0.639s] DEBUG:colcon.colcon_core.package_identification:Package 'src/OpenManipulatorX_ROS2-main/forward' with type 'ros.ament_python' and name 'forward'
[0.639s] Level 1:colcon.colcon_core.package_identification:_identify(src/OpenManipulatorX_ROS2-main/inverse) by extensions ['ignore', 'ignore_ament_install']
[0.640s] Level 1:colcon.colcon_core.package_identification:_identify(src/OpenManipulatorX_ROS2-main/inverse) by extension 'ignore'
[0.640s] Level 1:colcon.colcon_core.package_identification:_identify(src/OpenManipulatorX_ROS2-main/inverse) by extension 'ignore_ament_install'
[0.640s] Level 1:colcon.colcon_core.package_identification:_identify(src/OpenManipulatorX_ROS2-main/inverse) by extensions ['colcon_pkg']
[0.640s] Level 1:colcon.colcon_core.package_identification:_identify(src/OpenManipulatorX_ROS2-main/inverse) by extension 'colcon_pkg'
[0.640s] Level 1:colcon.colcon_core.package_identification:_identify(src/OpenManipulatorX_ROS2-main/inverse) by extensions ['colcon_meta']
[0.640s] Level 1:colcon.colcon_core.package_identification:_identify(src/OpenManipulatorX_ROS2-main/inverse) by extension 'colcon_meta'
[0.640s] Level 1:colcon.colcon_core.package_identification:_identify(src/OpenManipulatorX_ROS2-main/inverse) by extensions ['ros']
[0.640s] Level 1:colcon.colcon_core.package_identification:_identify(src/OpenManipulatorX_ROS2-main/inverse) by extension 'ros'
[0.641s] DEBUG:colcon.colcon_core.package_identification:Package 'src/OpenManipulatorX_ROS2-main/inverse' with type 'ros.ament_python' and name 'inverse'
[0.642s] Level 1:colcon.colcon_core.package_identification:_identify(src/OpenManipulatorX_ROS2-main/my_service_package) by extensions ['ignore', 'ignore_ament_install']
[0.642s] Level 1:colcon.colcon_core.package_identification:_identify(src/OpenManipulatorX_ROS2-main/my_service_package) by extension 'ignore'
[0.642s] Level 1:colcon.colcon_core.package_identification:_identify(src/OpenManipulatorX_ROS2-main/my_service_package) by extension 'ignore_ament_install'
[0.642s] Level 1:colcon.colcon_core.package_identification:_identify(src/OpenManipulatorX_ROS2-main/my_service_package) by extensions ['colcon_pkg']
[0.642s] Level 1:colcon.colcon_core.package_identification:_identify(src/OpenManipulatorX_ROS2-main/my_service_package) by extension 'colcon_pkg'
[0.642s] Level 1:colcon.colcon_core.package_identification:_identify(src/OpenManipulatorX_ROS2-main/my_service_package) by extensions ['colcon_meta']
[0.642s] Level 1:colcon.colcon_core.package_identification:_identify(src/OpenManipulatorX_ROS2-main/my_service_package) by extension 'colcon_meta'
[0.642s] Level 1:colcon.colcon_core.package_identification:_identify(src/OpenManipulatorX_ROS2-main/my_service_package) by extensions ['ros']
[0.643s] Level 1:colcon.colcon_core.package_identification:_identify(src/OpenManipulatorX_ROS2-main/my_service_package) by extension 'ros'
[0.644s] DEBUG:colcon.colcon_core.package_identification:Package 'src/OpenManipulatorX_ROS2-main/my_service_package' with type 'ros.ament_cmake' and name 'my_service_package'
[0.644s] Level 1:colcon.colcon_core.package_identification:_identify(src/OpenManipulatorX_ROS2-main/open_manipulator) by extensions ['ignore', 'ignore_ament_install']
[0.644s] Level 1:colcon.colcon_core.package_identification:_identify(src/OpenManipulatorX_ROS2-main/open_manipulator) by extension 'ignore'
[0.645s] Level 1:colcon.colcon_core.package_identification:_identify(src/OpenManipulatorX_ROS2-main/open_manipulator) by extension 'ignore_ament_install'
[0.645s] Level 1:colcon.colcon_core.package_identification:_identify(src/OpenManipulatorX_ROS2-main/open_manipulator) by extensions ['colcon_pkg']
[0.645s] Level 1:colcon.colcon_core.package_identification:_identify(src/OpenManipulatorX_ROS2-main/open_manipulator) by extension 'colcon_pkg'
[0.645s] Level 1:colcon.colcon_core.package_identification:_identify(src/OpenManipulatorX_ROS2-main/open_manipulator) by extensions ['colcon_meta']
[0.645s] Level 1:colcon.colcon_core.package_identification:_identify(src/OpenManipulatorX_ROS2-main/open_manipulator) by extension 'colcon_meta'
[0.645s] Level 1:colcon.colcon_core.package_identification:_identify(src/OpenManipulatorX_ROS2-main/open_manipulator) by extensions ['ros']
[0.645s] Level 1:colcon.colcon_core.package_identification:_identify(src/OpenManipulatorX_ROS2-main/open_manipulator) by extension 'ros'
[0.645s] Level 1:colcon.colcon_core.package_identification:_identify(src/OpenManipulatorX_ROS2-main/open_manipulator) by extensions ['cmake', 'python']
[0.645s] Level 1:colcon.colcon_core.package_identification:_identify(src/OpenManipulatorX_ROS2-main/open_manipulator) by extension 'cmake'
[0.645s] Level 1:colcon.colcon_core.package_identification:_identify(src/OpenManipulatorX_ROS2-main/open_manipulator) by extension 'python'
[0.646s] Level 1:colcon.colcon_core.package_identification:_identify(src/OpenManipulatorX_ROS2-main/open_manipulator) by extensions ['python_setup_py']
[0.646s] Level 1:colcon.colcon_core.package_identification:_identify(src/OpenManipulatorX_ROS2-main/open_manipulator) by extension 'python_setup_py'
[0.646s] Level 1:colcon.colcon_core.package_identification:_identify(src/OpenManipulatorX_ROS2-main/open_manipulator/open_manipulator) by extensions ['ignore', 'ignore_ament_install']
[0.646s] Level 1:colcon.colcon_core.package_identification:_identify(src/OpenManipulatorX_ROS2-main/open_manipulator/open_manipulator) by extension 'ignore'
[0.646s] Level 1:colcon.colcon_core.package_identification:_identify(src/OpenManipulatorX_ROS2-main/open_manipulator/open_manipulator) by extension 'ignore_ament_install'
[0.646s] Level 1:colcon.colcon_core.package_identification:_identify(src/OpenManipulatorX_ROS2-main/open_manipulator/open_manipulator) by extensions ['colcon_pkg']
[0.646s] Level 1:colcon.colcon_core.package_identification:_identify(src/OpenManipulatorX_ROS2-main/open_manipulator/open_manipulator) by extension 'colcon_pkg'
[0.646s] Level 1:colcon.colcon_core.package_identification:_identify(src/OpenManipulatorX_ROS2-main/open_manipulator/open_manipulator) by extensions ['colcon_meta']
[0.646s] Level 1:colcon.colcon_core.package_identification:_identify(src/OpenManipulatorX_ROS2-main/open_manipulator/open_manipulator) by extension 'colcon_meta'
[0.647s] Level 1:colcon.colcon_core.package_identification:_identify(src/OpenManipulatorX_ROS2-main/open_manipulator/open_manipulator) by extensions ['ros']
[0.647s] Level 1:colcon.colcon_core.package_identification:_identify(src/OpenManipulatorX_ROS2-main/open_manipulator/open_manipulator) by extension 'ros'
[0.648s] DEBUG:colcon.colcon_core.package_identification:Package 'src/OpenManipulatorX_ROS2-main/open_manipulator/open_manipulator' with type 'ros.ament_cmake' and name 'open_manipulator'
[0.648s] Level 1:colcon.colcon_core.package_identification:_identify(src/OpenManipulatorX_ROS2-main/open_manipulator/open_manipulator_x_controller) by extensions ['ignore', 'ignore_ament_install']
[0.649s] Level 1:colcon.colcon_core.package_identification:_identify(src/OpenManipulatorX_ROS2-main/open_manipulator/open_manipulator_x_controller) by extension 'ignore'
[0.649s] Level 1:colcon.colcon_core.package_identification:_identify(src/OpenManipulatorX_ROS2-main/open_manipulator/open_manipulator_x_controller) by extension 'ignore_ament_install'
[0.649s] Level 1:colcon.colcon_core.package_identification:_identify(src/OpenManipulatorX_ROS2-main/open_manipulator/open_manipulator_x_controller) by extensions ['colcon_pkg']
[0.649s] Level 1:colcon.colcon_core.package_identification:_identify(src/OpenManipulatorX_ROS2-main/open_manipulator/open_manipulator_x_controller) by extension 'colcon_pkg'
[0.649s] Level 1:colcon.colcon_core.package_identification:_identify(src/OpenManipulatorX_ROS2-main/open_manipulator/open_manipulator_x_controller) by extensions ['colcon_meta']
[0.649s] Level 1:colcon.colcon_core.package_identification:_identify(src/OpenManipulatorX_ROS2-main/open_manipulator/open_manipulator_x_controller) by extension 'colcon_meta'
[0.649s] Level 1:colcon.colcon_core.package_identification:_identify(src/OpenManipulatorX_ROS2-main/open_manipulator/open_manipulator_x_controller) by extensions ['ros']
[0.649s] Level 1:colcon.colcon_core.package_identification:_identify(src/OpenManipulatorX_ROS2-main/open_manipulator/open_manipulator_x_controller) by extension 'ros'
[0.652s] DEBUG:colcon.colcon_core.package_identification:Package 'src/OpenManipulatorX_ROS2-main/open_manipulator/open_manipulator_x_controller' with type 'ros.ament_cmake' and name 'open_manipulator_x_controller'
[0.652s] Level 1:colcon.colcon_core.package_identification:_identify(src/OpenManipulatorX_ROS2-main/open_manipulator/open_manipulator_x_description) by extensions ['ignore', 'ignore_ament_install']
[0.653s] Level 1:colcon.colcon_core.package_identification:_identify(src/OpenManipulatorX_ROS2-main/open_manipulator/open_manipulator_x_description) by extension 'ignore'
[0.653s] Level 1:colcon.colcon_core.package_identification:_identify(src/OpenManipulatorX_ROS2-main/open_manipulator/open_manipulator_x_description) by extension 'ignore_ament_install'
[0.653s] Level 1:colcon.colcon_core.package_identification:_identify(src/OpenManipulatorX_ROS2-main/open_manipulator/open_manipulator_x_description) by extensions ['colcon_pkg']
[0.653s] Level 1:colcon.colcon_core.package_identification:_identify(src/OpenManipulatorX_ROS2-main/open_manipulator/open_manipulator_x_description) by extension 'colcon_pkg'
[0.653s] Level 1:colcon.colcon_core.package_identification:_identify(src/OpenManipulatorX_ROS2-main/open_manipulator/open_manipulator_x_description) by extensions ['colcon_meta']
[0.653s] Level 1:colcon.colcon_core.package_identification:_identify(src/OpenManipulatorX_ROS2-main/open_manipulator/open_manipulator_x_description) by extension 'colcon_meta'
[0.653s] Level 1:colcon.colcon_core.package_identification:_identify(src/OpenManipulatorX_ROS2-main/open_manipulator/open_manipulator_x_description) by extensions ['ros']
[0.653s] Level 1:colcon.colcon_core.package_identification:_identify(src/OpenManipulatorX_ROS2-main/open_manipulator/open_manipulator_x_description) by extension 'ros'
[0.655s] DEBUG:colcon.colcon_core.package_identification:Package 'src/OpenManipulatorX_ROS2-main/open_manipulator/open_manipulator_x_description' with type 'ros.ament_cmake' and name 'open_manipulator_x_description'
[0.656s] Level 1:colcon.colcon_core.package_identification:_identify(src/OpenManipulatorX_ROS2-main/open_manipulator/open_manipulator_x_libs) by extensions ['ignore', 'ignore_ament_install']
[0.656s] Level 1:colcon.colcon_core.package_identification:_identify(src/OpenManipulatorX_ROS2-main/open_manipulator/open_manipulator_x_libs) by extension 'ignore'
[0.656s] Level 1:colcon.colcon_core.package_identification:_identify(src/OpenManipulatorX_ROS2-main/open_manipulator/open_manipulator_x_libs) by extension 'ignore_ament_install'
[0.656s] Level 1:colcon.colcon_core.package_identification:_identify(src/OpenManipulatorX_ROS2-main/open_manipulator/open_manipulator_x_libs) by extensions ['colcon_pkg']
[0.656s] Level 1:colcon.colcon_core.package_identification:_identify(src/OpenManipulatorX_ROS2-main/open_manipulator/open_manipulator_x_libs) by extension 'colcon_pkg'
[0.656s] Level 1:colcon.colcon_core.package_identification:_identify(src/OpenManipulatorX_ROS2-main/open_manipulator/open_manipulator_x_libs) by extensions ['colcon_meta']
[0.656s] Level 1:colcon.colcon_core.package_identification:_identify(src/OpenManipulatorX_ROS2-main/open_manipulator/open_manipulator_x_libs) by extension 'colcon_meta'
[0.656s] Level 1:colcon.colcon_core.package_identification:_identify(src/OpenManipulatorX_ROS2-main/open_manipulator/open_manipulator_x_libs) by extensions ['ros']
[0.657s] Level 1:colcon.colcon_core.package_identification:_identify(src/OpenManipulatorX_ROS2-main/open_manipulator/open_manipulator_x_libs) by extension 'ros'
[0.659s] DEBUG:colcon.colcon_core.package_identification:Package 'src/OpenManipulatorX_ROS2-main/open_manipulator/open_manipulator_x_libs' with type 'ros.ament_cmake' and name 'open_manipulator_x_libs'
[0.659s] Level 1:colcon.colcon_core.package_identification:_identify(src/OpenManipulatorX_ROS2-main/open_manipulator_dependencies) by extensions ['ignore', 'ignore_ament_install']
[0.659s] Level 1:colcon.colcon_core.package_identification:_identify(src/OpenManipulatorX_ROS2-main/open_manipulator_dependencies) by extension 'ignore'
[0.659s] Level 1:colcon.colcon_core.package_identification:_identify(src/OpenManipulatorX_ROS2-main/open_manipulator_dependencies) by extension 'ignore_ament_install'
[0.659s] Level 1:colcon.colcon_core.package_identification:_identify(src/OpenManipulatorX_ROS2-main/open_manipulator_dependencies) by extensions ['colcon_pkg']
[0.660s] Level 1:colcon.colcon_core.package_identification:_identify(src/OpenManipulatorX_ROS2-main/open_manipulator_dependencies) by extension 'colcon_pkg'
[0.660s] Level 1:colcon.colcon_core.package_identification:_identify(src/OpenManipulatorX_ROS2-main/open_manipulator_dependencies) by extensions ['colcon_meta']
[0.660s] Level 1:colcon.colcon_core.package_identification:_identify(src/OpenManipulatorX_ROS2-main/open_manipulator_dependencies) by extension 'colcon_meta'
[0.660s] Level 1:colcon.colcon_core.package_identification:_identify(src/OpenManipulatorX_ROS2-main/open_manipulator_dependencies) by extensions ['ros']
[0.660s] Level 1:colcon.colcon_core.package_identification:_identify(src/OpenManipulatorX_ROS2-main/open_manipulator_dependencies) by extension 'ros'
[0.660s] Level 1:colcon.colcon_core.package_identification:_identify(src/OpenManipulatorX_ROS2-main/open_manipulator_dependencies) by extensions ['cmake', 'python']
[0.660s] Level 1:colcon.colcon_core.package_identification:_identify(src/OpenManipulatorX_ROS2-main/open_manipulator_dependencies) by extension 'cmake'
[0.660s] Level 1:colcon.colcon_core.package_identification:_identify(src/OpenManipulatorX_ROS2-main/open_manipulator_dependencies) by extension 'python'
[0.660s] Level 1:colcon.colcon_core.package_identification:_identify(src/OpenManipulatorX_ROS2-main/open_manipulator_dependencies) by extensions ['python_setup_py']
[0.660s] Level 1:colcon.colcon_core.package_identification:_identify(src/OpenManipulatorX_ROS2-main/open_manipulator_dependencies) by extension 'python_setup_py'
[0.661s] Level 1:colcon.colcon_core.package_identification:_identify(src/OpenManipulatorX_ROS2-main/open_manipulator_dependencies/cmake_modules) by extensions ['ignore', 'ignore_ament_install']
[0.661s] Level 1:colcon.colcon_core.package_identification:_identify(src/OpenManipulatorX_ROS2-main/open_manipulator_dependencies/cmake_modules) by extension 'ignore'
[0.661s] Level 1:colcon.colcon_core.package_identification:_identify(src/OpenManipulatorX_ROS2-main/open_manipulator_dependencies/cmake_modules) by extension 'ignore_ament_install'
[0.661s] Level 1:colcon.colcon_core.package_identification:_identify(src/OpenManipulatorX_ROS2-main/open_manipulator_dependencies/cmake_modules) by extensions ['colcon_pkg']
[0.661s] Level 1:colcon.colcon_core.package_identification:_identify(src/OpenManipulatorX_ROS2-main/open_manipulator_dependencies/cmake_modules) by extension 'colcon_pkg'
[0.661s] Level 1:colcon.colcon_core.package_identification:_identify(src/OpenManipulatorX_ROS2-main/open_manipulator_dependencies/cmake_modules) by extensions ['colcon_meta']
[0.661s] Level 1:colcon.colcon_core.package_identification:_identify(src/OpenManipulatorX_ROS2-main/open_manipulator_dependencies/cmake_modules) by extension 'colcon_meta'
[0.661s] Level 1:colcon.colcon_core.package_identification:_identify(src/OpenManipulatorX_ROS2-main/open_manipulator_dependencies/cmake_modules) by extensions ['ros']
[0.661s] Level 1:colcon.colcon_core.package_identification:_identify(src/OpenManipulatorX_ROS2-main/open_manipulator_dependencies/cmake_modules) by extension 'ros'
[0.663s] DEBUG:colcon.colcon_core.package_identification:Package 'src/OpenManipulatorX_ROS2-main/open_manipulator_dependencies/cmake_modules' with type 'ros.ament_cmake' and name 'cmake_modules'
[0.663s] Level 1:colcon.colcon_core.package_identification:_identify(src/OpenManipulatorX_ROS2-main/open_manipulator_msgs) by extensions ['ignore', 'ignore_ament_install']
[0.663s] Level 1:colcon.colcon_core.package_identification:_identify(src/OpenManipulatorX_ROS2-main/open_manipulator_msgs) by extension 'ignore'
[0.663s] Level 1:colcon.colcon_core.package_identification:_identify(src/OpenManipulatorX_ROS2-main/open_manipulator_msgs) by extension 'ignore_ament_install'
[0.663s] Level 1:colcon.colcon_core.package_identification:_identify(src/OpenManipulatorX_ROS2-main/open_manipulator_msgs) by extensions ['colcon_pkg']
[0.663s] Level 1:colcon.colcon_core.package_identification:_identify(src/OpenManipulatorX_ROS2-main/open_manipulator_msgs) by extension 'colcon_pkg'
[0.663s] Level 1:colcon.colcon_core.package_identification:_identify(src/OpenManipulatorX_ROS2-main/open_manipulator_msgs) by extensions ['colcon_meta']
[0.664s] Level 1:colcon.colcon_core.package_identification:_identify(src/OpenManipulatorX_ROS2-main/open_manipulator_msgs) by extension 'colcon_meta'
[0.664s] Level 1:colcon.colcon_core.package_identification:_identify(src/OpenManipulatorX_ROS2-main/open_manipulator_msgs) by extensions ['ros']
[0.664s] Level 1:colcon.colcon_core.package_identification:_identify(src/OpenManipulatorX_ROS2-main/open_manipulator_msgs) by extension 'ros'
[0.666s] DEBUG:colcon.colcon_core.package_identification:Package 'src/OpenManipulatorX_ROS2-main/open_manipulator_msgs' with type 'ros.ament_cmake' and name 'open_manipulator_msgs'
[0.666s] Level 1:colcon.colcon_core.package_identification:_identify(src/OpenManipulatorX_ROS2-main/pdctr) by extensions ['ignore', 'ignore_ament_install']
[0.666s] Level 1:colcon.colcon_core.package_identification:_identify(src/OpenManipulatorX_ROS2-main/pdctr) by extension 'ignore'
[0.666s] Level 1:colcon.colcon_core.package_identification:_identify(src/OpenManipulatorX_ROS2-main/pdctr) by extension 'ignore_ament_install'
[0.666s] Level 1:colcon.colcon_core.package_identification:_identify(src/OpenManipulatorX_ROS2-main/pdctr) by extensions ['colcon_pkg']
[0.666s] Level 1:colcon.colcon_core.package_identification:_identify(src/OpenManipulatorX_ROS2-main/pdctr) by extension 'colcon_pkg'
[0.667s] Level 1:colcon.colcon_core.package_identification:_identify(src/OpenManipulatorX_ROS2-main/pdctr) by extensions ['colcon_meta']
[0.667s] Level 1:colcon.colcon_core.package_identification:_identify(src/OpenManipulatorX_ROS2-main/pdctr) by extension 'colcon_meta'
[0.667s] Level 1:colcon.colcon_core.package_identification:_identify(src/OpenManipulatorX_ROS2-main/pdctr) by extensions ['ros']
[0.667s] Level 1:colcon.colcon_core.package_identification:_identify(src/OpenManipulatorX_ROS2-main/pdctr) by extension 'ros'
[0.669s] DEBUG:colcon.colcon_core.package_identification:Package 'src/OpenManipulatorX_ROS2-main/pdctr' with type 'ros.ament_python' and name 'pdctr'
[0.670s] Level 1:colcon.colcon_core.package_identification:_identify(src/OpenManipulatorX_ROS2-main/rbe500-example) by extensions ['ignore', 'ignore_ament_install']
[0.670s] Level 1:colcon.colcon_core.package_identification:_identify(src/OpenManipulatorX_ROS2-main/rbe500-example) by extension 'ignore'
[0.670s] Level 1:colcon.colcon_core.package_identification:_identify(src/OpenManipulatorX_ROS2-main/rbe500-example) by extension 'ignore_ament_install'
[0.670s] Level 1:colcon.colcon_core.package_identification:_identify(src/OpenManipulatorX_ROS2-main/rbe500-example) by extensions ['colcon_pkg']
[0.670s] Level 1:colcon.colcon_core.package_identification:_identify(src/OpenManipulatorX_ROS2-main/rbe500-example) by extension 'colcon_pkg'
[0.670s] Level 1:colcon.colcon_core.package_identification:_identify(src/OpenManipulatorX_ROS2-main/rbe500-example) by extensions ['colcon_meta']
[0.670s] Level 1:colcon.colcon_core.package_identification:_identify(src/OpenManipulatorX_ROS2-main/rbe500-example) by extension 'colcon_meta'
[0.671s] Level 1:colcon.colcon_core.package_identification:_identify(src/OpenManipulatorX_ROS2-main/rbe500-example) by extensions ['ros']
[0.671s] Level 1:colcon.colcon_core.package_identification:_identify(src/OpenManipulatorX_ROS2-main/rbe500-example) by extension 'ros'
[0.672s] DEBUG:colcon.colcon_core.package_identification:Package 'src/OpenManipulatorX_ROS2-main/rbe500-example' with type 'ros.ament_cmake' and name 'rbe500-example'
[0.672s] Level 1:colcon.colcon_core.package_identification:_identify(src/OpenManipulatorX_ROS2-main/rbe500_example_py) by extensions ['ignore', 'ignore_ament_install']
[0.672s] Level 1:colcon.colcon_core.package_identification:_identify(src/OpenManipulatorX_ROS2-main/rbe500_example_py) by extension 'ignore'
[0.673s] Level 1:colcon.colcon_core.package_identification:_identify(src/OpenManipulatorX_ROS2-main/rbe500_example_py) by extension 'ignore_ament_install'
[0.673s] Level 1:colcon.colcon_core.package_identification:_identify(src/OpenManipulatorX_ROS2-main/rbe500_example_py) by extensions ['colcon_pkg']
[0.673s] Level 1:colcon.colcon_core.package_identification:_identify(src/OpenManipulatorX_ROS2-main/rbe500_example_py) by extension 'colcon_pkg'
[0.673s] Level 1:colcon.colcon_core.package_identification:_identify(src/OpenManipulatorX_ROS2-main/rbe500_example_py) by extensions ['colcon_meta']
[0.673s] Level 1:colcon.colcon_core.package_identification:_identify(src/OpenManipulatorX_ROS2-main/rbe500_example_py) by extension 'colcon_meta'
[0.673s] Level 1:colcon.colcon_core.package_identification:_identify(src/OpenManipulatorX_ROS2-main/rbe500_example_py) by extensions ['ros']
[0.673s] Level 1:colcon.colcon_core.package_identification:_identify(src/OpenManipulatorX_ROS2-main/rbe500_example_py) by extension 'ros'
[0.674s] DEBUG:colcon.colcon_core.package_identification:Package 'src/OpenManipulatorX_ROS2-main/rbe500_example_py' with type 'ros.ament_python' and name 'rbe500_example_py'
[0.674s] Level 1:colcon.colcon_core.package_identification:_identify(src/OpenManipulatorX_ROS2-main/robotis_manipulator) by extensions ['ignore', 'ignore_ament_install']
[0.675s] Level 1:colcon.colcon_core.package_identification:_identify(src/OpenManipulatorX_ROS2-main/robotis_manipulator) by extension 'ignore'
[0.675s] Level 1:colcon.colcon_core.package_identification:_identify(src/OpenManipulatorX_ROS2-main/robotis_manipulator) by extension 'ignore_ament_install'
[0.675s] Level 1:colcon.colcon_core.package_identification:_identify(src/OpenManipulatorX_ROS2-main/robotis_manipulator) by extensions ['colcon_pkg']
[0.675s] Level 1:colcon.colcon_core.package_identification:_identify(src/OpenManipulatorX_ROS2-main/robotis_manipulator) by extension 'colcon_pkg'
[0.675s] Level 1:colcon.colcon_core.package_identification:_identify(src/OpenManipulatorX_ROS2-main/robotis_manipulator) by extensions ['colcon_meta']
[0.675s] Level 1:colcon.colcon_core.package_identification:_identify(src/OpenManipulatorX_ROS2-main/robotis_manipulator) by extension 'colcon_meta'
[0.675s] Level 1:colcon.colcon_core.package_identification:_identify(src/OpenManipulatorX_ROS2-main/robotis_manipulator) by extensions ['ros']
[0.675s] Level 1:colcon.colcon_core.package_identification:_identify(src/OpenManipulatorX_ROS2-main/robotis_manipulator) by extension 'ros'
[0.677s] DEBUG:colcon.colcon_core.package_identification:Package 'src/OpenManipulatorX_ROS2-main/robotis_manipulator' with type 'ros.ament_cmake' and name 'robotis_manipulator'
[0.677s] Level 1:colcon.colcon_core.package_identification:_identify(src/OpenManipulatorX_ROS2-main/vel_kinematics) by extensions ['ignore', 'ignore_ament_install']
[0.678s] Level 1:colcon.colcon_core.package_identification:_identify(src/OpenManipulatorX_ROS2-main/vel_kinematics) by extension 'ignore'
[0.678s] Level 1:colcon.colcon_core.package_identification:_identify(src/OpenManipulatorX_ROS2-main/vel_kinematics) by extension 'ignore_ament_install'
[0.678s] Level 1:colcon.colcon_core.package_identification:_identify(src/OpenManipulatorX_ROS2-main/vel_kinematics) by extensions ['colcon_pkg']
[0.678s] Level 1:colcon.colcon_core.package_identification:_identify(src/OpenManipulatorX_ROS2-main/vel_kinematics) by extension 'colcon_pkg'
[0.678s] Level 1:colcon.colcon_core.package_identification:_identify(src/OpenManipulatorX_ROS2-main/vel_kinematics) by extensions ['colcon_meta']
[0.678s] Level 1:colcon.colcon_core.package_identification:_identify(src/OpenManipulatorX_ROS2-main/vel_kinematics) by extension 'colcon_meta'
[0.678s] Level 1:colcon.colcon_core.package_identification:_identify(src/OpenManipulatorX_ROS2-main/vel_kinematics) by extensions ['ros']
[0.678s] Level 1:colcon.colcon_core.package_identification:_identify(src/OpenManipulatorX_ROS2-main/vel_kinematics) by extension 'ros'
[0.679s] DEBUG:colcon.colcon_core.package_identification:Package 'src/OpenManipulatorX_ROS2-main/vel_kinematics' with type 'ros.ament_python' and name 'vel_kinematics'
[0.680s] Level 1:colcon.colcon_core.package_discovery:discover_packages(recursive) using defaults
[0.680s] Level 1:colcon.colcon_core.package_discovery:discover_packages(ignore) discover
[0.680s] Level 1:colcon.colcon_core.package_discovery:discover_packages(ignore) using defaults
[0.680s] Level 1:colcon.colcon_core.package_discovery:discover_packages(path) discover
[0.680s] Level 1:colcon.colcon_core.package_discovery:discover_packages(path) using defaults
[0.746s] Level 1:colcon.colcon_core.package_discovery:discover_packages(prefix_path) check parameters
[0.746s] Level 1:colcon.colcon_core.package_discovery:discover_packages(prefix_path) discover
[0.751s] DEBUG:colcon.colcon_installed_package_information.package_discovery:Found 19 installed packages in /home/manav/robotis_ws/install
[0.752s] DEBUG:colcon.colcon_installed_package_information.package_discovery:Found 1 installed packages in /home/manav/ros2_test/install
[0.754s] DEBUG:colcon.colcon_installed_package_information.package_discovery:Found 273 installed packages in /opt/ros/humble
[0.757s] Level 1:colcon.colcon_core.package_discovery:discover_packages(prefix_path) using defaults
[0.836s] Level 5:colcon.colcon_core.verb:set package 'cmake_modules' build argument 'cmake_args' from command line to 'None'
[0.836s] Level 5:colcon.colcon_core.verb:set package 'cmake_modules' build argument 'cmake_target' from command line to 'None'
[0.837s] Level 5:colcon.colcon_core.verb:set package 'cmake_modules' build argument 'cmake_target_skip_unavailable' from command line to 'False'
[0.837s] Level 5:colcon.colcon_core.verb:set package 'cmake_modules' build argument 'cmake_clean_cache' from command line to 'False'
[0.837s] Level 5:colcon.colcon_core.verb:set package 'cmake_modules' build argument 'cmake_clean_first' from command line to 'False'
[0.837s] Level 5:colcon.colcon_core.verb:set package 'cmake_modules' build argument 'cmake_force_configure' from command line to 'False'
[0.837s] Level 5:colcon.colcon_core.verb:set package 'cmake_modules' build argument 'ament_cmake_args' from command line to 'None'
[0.837s] Level 5:colcon.colcon_core.verb:set package 'cmake_modules' build argument 'catkin_cmake_args' from command line to 'None'
[0.837s] Level 5:colcon.colcon_core.verb:set package 'cmake_modules' build argument 'catkin_skip_building_tests' from command line to 'False'
[0.837s] DEBUG:colcon.colcon_core.verb:Building package 'cmake_modules' with the following arguments: {'ament_cmake_args': None, 'build_base': '/home/manav/robotis_ws/build/cmake_modules', 'catkin_cmake_args': None, 'catkin_skip_building_tests': False, 'cmake_args': None, 'cmake_clean_cache': False, 'cmake_clean_first': False, 'cmake_force_configure': False, 'cmake_target': None, 'cmake_target_skip_unavailable': False, 'install_base': '/home/manav/robotis_ws/install/cmake_modules', 'merge_install': False, 'path': '/home/manav/robotis_ws/src/OpenManipulatorX_ROS2-main/open_manipulator_dependencies/cmake_modules', 'symlink_install': False, 'test_result_base': None}
[0.838s] Level 5:colcon.colcon_core.verb:set package 'dynamixel_sdk' build argument 'cmake_args' from command line to 'None'
[0.838s] Level 5:colcon.colcon_core.verb:set package 'dynamixel_sdk' build argument 'cmake_target' from command line to 'None'
[0.838s] Level 5:colcon.colcon_core.verb:set package 'dynamixel_sdk' build argument 'cmake_target_skip_unavailable' from command line to 'False'
[0.838s] Level 5:colcon.colcon_core.verb:set package 'dynamixel_sdk' build argument 'cmake_clean_cache' from command line to 'False'
[0.838s] Level 5:colcon.colcon_core.verb:set package 'dynamixel_sdk' build argument 'cmake_clean_first' from command line to 'False'
[0.838s] Level 5:colcon.colcon_core.verb:set package 'dynamixel_sdk' build argument 'cmake_force_configure' from command line to 'False'
[0.838s] Level 5:colcon.colcon_core.verb:set package 'dynamixel_sdk' build argument 'ament_cmake_args' from command line to 'None'
[0.838s] Level 5:colcon.colcon_core.verb:set package 'dynamixel_sdk' build argument 'catkin_cmake_args' from command line to 'None'
[0.838s] Level 5:colcon.colcon_core.verb:set package 'dynamixel_sdk' build argument 'catkin_skip_building_tests' from command line to 'False'
[0.838s] DEBUG:colcon.colcon_core.verb:Building package 'dynamixel_sdk' with the following arguments: {'ament_cmake_args': None, 'build_base': '/home/manav/robotis_ws/build/dynamixel_sdk', 'catkin_cmake_args': None, 'catkin_skip_building_tests': False, 'cmake_args': None, 'cmake_clean_cache': False, 'cmake_clean_first': False, 'cmake_force_configure': False, 'cmake_target': None, 'cmake_target_skip_unavailable': False, 'install_base': '/home/manav/robotis_ws/install/dynamixel_sdk', 'merge_install': False, 'path': '/home/manav/robotis_ws/src/OpenManipulatorX_ROS2-main/DynamixelSDK/dynamixel_sdk', 'symlink_install': False, 'test_result_base': None}
[0.840s] Level 5:colcon.colcon_core.verb:set package 'dynamixel_sdk_custom_interfaces' build argument 'cmake_args' from command line to 'None'
[0.840s] Level 5:colcon.colcon_core.verb:set package 'dynamixel_sdk_custom_interfaces' build argument 'cmake_target' from command line to 'None'
[0.840s] Level 5:colcon.colcon_core.verb:set package 'dynamixel_sdk_custom_interfaces' build argument 'cmake_target_skip_unavailable' from command line to 'False'
[0.840s] Level 5:colcon.colcon_core.verb:set package 'dynamixel_sdk_custom_interfaces' build argument 'cmake_clean_cache' from command line to 'False'
[0.840s] Level 5:colcon.colcon_core.verb:set package 'dynamixel_sdk_custom_interfaces' build argument 'cmake_clean_first' from command line to 'False'
[0.840s] Level 5:colcon.colcon_core.verb:set package 'dynamixel_sdk_custom_interfaces' build argument 'cmake_force_configure' from command line to 'False'
[0.840s] Level 5:colcon.colcon_core.verb:set package 'dynamixel_sdk_custom_interfaces' build argument 'ament_cmake_args' from command line to 'None'
[0.840s] Level 5:colcon.colcon_core.verb:set package 'dynamixel_sdk_custom_interfaces' build argument 'catkin_cmake_args' from command line to 'None'
[0.840s] Level 5:colcon.colcon_core.verb:set package 'dynamixel_sdk_custom_interfaces' build argument 'catkin_skip_building_tests' from command line to 'False'
[0.840s] DEBUG:colcon.colcon_core.verb:Building package 'dynamixel_sdk_custom_interfaces' with the following arguments: {'ament_cmake_args': None, 'build_base': '/home/manav/robotis_ws/build/dynamixel_sdk_custom_interfaces', 'catkin_cmake_args': None, 'catkin_skip_building_tests': False, 'cmake_args': None, 'cmake_clean_cache': False, 'cmake_clean_first': False, 'cmake_force_configure': False, 'cmake_target': None, 'cmake_target_skip_unavailable': False, 'install_base': '/home/manav/robotis_ws/install/dynamixel_sdk_custom_interfaces', 'merge_install': False, 'path': '/home/manav/robotis_ws/src/OpenManipulatorX_ROS2-main/DynamixelSDK/dynamixel_sdk_custom_interfaces', 'symlink_install': False, 'test_result_base': None}
[0.841s] Level 5:colcon.colcon_core.verb:set package 'forward' build argument 'cmake_args' from command line to 'None'
[0.841s] Level 5:colcon.colcon_core.verb:set package 'forward' build argument 'cmake_target' from command line to 'None'
[0.841s] Level 5:colcon.colcon_core.verb:set package 'forward' build argument 'cmake_target_skip_unavailable' from command line to 'False'
[0.841s] Level 5:colcon.colcon_core.verb:set package 'forward' build argument 'cmake_clean_cache' from command line to 'False'
[0.841s] Level 5:colcon.colcon_core.verb:set package 'forward' build argument 'cmake_clean_first' from command line to 'False'
[0.841s] Level 5:colcon.colcon_core.verb:set package 'forward' build argument 'cmake_force_configure' from command line to 'False'
[0.841s] Level 5:colcon.colcon_core.verb:set package 'forward' build argument 'ament_cmake_args' from command line to 'None'
[0.841s] Level 5:colcon.colcon_core.verb:set package 'forward' build argument 'catkin_cmake_args' from command line to 'None'
[0.842s] Level 5:colcon.colcon_core.verb:set package 'forward' build argument 'catkin_skip_building_tests' from command line to 'False'
[0.842s] DEBUG:colcon.colcon_core.verb:Building package 'forward' with the following arguments: {'ament_cmake_args': None, 'build_base': '/home/manav/robotis_ws/build/forward', 'catkin_cmake_args': None, 'catkin_skip_building_tests': False, 'cmake_args': None, 'cmake_clean_cache': False, 'cmake_clean_first': False, 'cmake_force_configure': False, 'cmake_target': None, 'cmake_target_skip_unavailable': False, 'install_base': '/home/manav/robotis_ws/install/forward', 'merge_install': False, 'path': '/home/manav/robotis_ws/src/OpenManipulatorX_ROS2-main/forward', 'symlink_install': False, 'test_result_base': None}
[0.843s] Level 5:colcon.colcon_core.verb:set package 'inverse' build argument 'cmake_args' from command line to 'None'
[0.843s] Level 5:colcon.colcon_core.verb:set package 'inverse' build argument 'cmake_target' from command line to 'None'
[0.843s] Level 5:colcon.colcon_core.verb:set package 'inverse' build argument 'cmake_target_skip_unavailable' from command line to 'False'
[0.843s] Level 5:colcon.colcon_core.verb:set package 'inverse' build argument 'cmake_clean_cache' from command line to 'False'
[0.843s] Level 5:colcon.colcon_core.verb:set package 'inverse' build argument 'cmake_clean_first' from command line to 'False'
[0.843s] Level 5:colcon.colcon_core.verb:set package 'inverse' build argument 'cmake_force_configure' from command line to 'False'
[0.843s] Level 5:colcon.colcon_core.verb:set package 'inverse' build argument 'ament_cmake_args' from command line to 'None'
[0.843s] Level 5:colcon.colcon_core.verb:set package 'inverse' build argument 'catkin_cmake_args' from command line to 'None'
[0.843s] Level 5:colcon.colcon_core.verb:set package 'inverse' build argument 'catkin_skip_building_tests' from command line to 'False'
[0.843s] DEBUG:colcon.colcon_core.verb:Building package 'inverse' with the following arguments: {'ament_cmake_args': None, 'build_base': '/home/manav/robotis_ws/build/inverse', 'catkin_cmake_args': None, 'catkin_skip_building_tests': False, 'cmake_args': None, 'cmake_clean_cache': False, 'cmake_clean_first': False, 'cmake_force_configure': False, 'cmake_target': None, 'cmake_target_skip_unavailable': False, 'install_base': '/home/manav/robotis_ws/install/inverse', 'merge_install': False, 'path': '/home/manav/robotis_ws/src/OpenManipulatorX_ROS2-main/inverse', 'symlink_install': False, 'test_result_base': None}
[0.844s] Level 5:colcon.colcon_core.verb:set package 'my_service_package' build argument 'cmake_args' from command line to 'None'
[0.844s] Level 5:colcon.colcon_core.verb:set package 'my_service_package' build argument 'cmake_target' from command line to 'None'
[0.844s] Level 5:colcon.colcon_core.verb:set package 'my_service_package' build argument 'cmake_target_skip_unavailable' from command line to 'False'
[0.845s] Level 5:colcon.colcon_core.verb:set package 'my_service_package' build argument 'cmake_clean_cache' from command line to 'False'
[0.845s] Level 5:colcon.colcon_core.verb:set package 'my_service_package' build argument 'cmake_clean_first' from command line to 'False'
[0.845s] Level 5:colcon.colcon_core.verb:set package 'my_service_package' build argument 'cmake_force_configure' from command line to 'False'
[0.845s] Level 5:colcon.colcon_core.verb:set package 'my_service_package' build argument 'ament_cmake_args' from command line to 'None'
[0.845s] Level 5:colcon.colcon_core.verb:set package 'my_service_package' build argument 'catkin_cmake_args' from command line to 'None'
[0.845s] Level 5:colcon.colcon_core.verb:set package 'my_service_package' build argument 'catkin_skip_building_tests' from command line to 'False'
[0.845s] DEBUG:colcon.colcon_core.verb:Building package 'my_service_package' with the following arguments: {'ament_cmake_args': None, 'build_base': '/home/manav/robotis_ws/build/my_service_package', 'catkin_cmake_args': None, 'catkin_skip_building_tests': False, 'cmake_args': None, 'cmake_clean_cache': False, 'cmake_clean_first': False, 'cmake_force_configure': False, 'cmake_target': None, 'cmake_target_skip_unavailable': False, 'install_base': '/home/manav/robotis_ws/install/my_service_package', 'merge_install': False, 'path': '/home/manav/robotis_ws/src/OpenManipulatorX_ROS2-main/my_service_package', 'symlink_install': False, 'test_result_base': None}
[0.846s] Level 5:colcon.colcon_core.verb:set package 'open_manipulator_msgs' build argument 'cmake_args' from command line to 'None'
[0.846s] Level 5:colcon.colcon_core.verb:set package 'open_manipulator_msgs' build argument 'cmake_target' from command line to 'None'
[0.846s] Level 5:colcon.colcon_core.verb:set package 'open_manipulator_msgs' build argument 'cmake_target_skip_unavailable' from command line to 'False'
[0.846s] Level 5:colcon.colcon_core.verb:set package 'open_manipulator_msgs' build argument 'cmake_clean_cache' from command line to 'False'
[0.846s] Level 5:colcon.colcon_core.verb:set package 'open_manipulator_msgs' build argument 'cmake_clean_first' from command line to 'False'
[0.846s] Level 5:colcon.colcon_core.verb:set package 'open_manipulator_msgs' build argument 'cmake_force_configure' from command line to 'False'
[0.846s] Level 5:colcon.colcon_core.verb:set package 'open_manipulator_msgs' build argument 'ament_cmake_args' from command line to 'None'
[0.846s] Level 5:colcon.colcon_core.verb:set package 'open_manipulator_msgs' build argument 'catkin_cmake_args' from command line to 'None'
[0.846s] Level 5:colcon.colcon_core.verb:set package 'open_manipulator_msgs' build argument 'catkin_skip_building_tests' from command line to 'False'
[0.846s] DEBUG:colcon.colcon_core.verb:Building package 'open_manipulator_msgs' with the following arguments: {'ament_cmake_args': None, 'build_base': '/home/manav/robotis_ws/build/open_manipulator_msgs', 'catkin_cmake_args': None, 'catkin_skip_building_tests': False, 'cmake_args': None, 'cmake_clean_cache': False, 'cmake_clean_first': False, 'cmake_force_configure': False, 'cmake_target': None, 'cmake_target_skip_unavailable': False, 'install_base': '/home/manav/robotis_ws/install/open_manipulator_msgs', 'merge_install': False, 'path': '/home/manav/robotis_ws/src/OpenManipulatorX_ROS2-main/open_manipulator_msgs', 'symlink_install': False, 'test_result_base': None}
[0.847s] Level 5:colcon.colcon_core.verb:set package 'open_manipulator_x_description' build argument 'cmake_args' from command line to 'None'
[0.847s] Level 5:colcon.colcon_core.verb:set package 'open_manipulator_x_description' build argument 'cmake_target' from command line to 'None'
[0.847s] Level 5:colcon.colcon_core.verb:set package 'open_manipulator_x_description' build argument 'cmake_target_skip_unavailable' from command line to 'False'
[0.847s] Level 5:colcon.colcon_core.verb:set package 'open_manipulator_x_description' build argument 'cmake_clean_cache' from command line to 'False'
[0.848s] Level 5:colcon.colcon_core.verb:set package 'open_manipulator_x_description' build argument 'cmake_clean_first' from command line to 'False'
[0.848s] Level 5:colcon.colcon_core.verb:set package 'open_manipulator_x_description' build argument 'cmake_force_configure' from command line to 'False'
[0.848s] Level 5:colcon.colcon_core.verb:set package 'open_manipulator_x_description' build argument 'ament_cmake_args' from command line to 'None'
[0.848s] Level 5:colcon.colcon_core.verb:set package 'open_manipulator_x_description' build argument 'catkin_cmake_args' from command line to 'None'
[0.848s] Level 5:colcon.colcon_core.verb:set package 'open_manipulator_x_description' build argument 'catkin_skip_building_tests' from command line to 'False'
[0.848s] DEBUG:colcon.colcon_core.verb:Building package 'open_manipulator_x_description' with the following arguments: {'ament_cmake_args': None, 'build_base': '/home/manav/robotis_ws/build/open_manipulator_x_description', 'catkin_cmake_args': None, 'catkin_skip_building_tests': False, 'cmake_args': None, 'cmake_clean_cache': False, 'cmake_clean_first': False, 'cmake_force_configure': False, 'cmake_target': None, 'cmake_target_skip_unavailable': False, 'install_base': '/home/manav/robotis_ws/install/open_manipulator_x_description', 'merge_install': False, 'path': '/home/manav/robotis_ws/src/OpenManipulatorX_ROS2-main/open_manipulator/open_manipulator_x_description', 'symlink_install': False, 'test_result_base': None}
[0.849s] Level 5:colcon.colcon_core.verb:set package 'pdctr' build argument 'cmake_args' from command line to 'None'
[0.849s] Level 5:colcon.colcon_core.verb:set package 'pdctr' build argument 'cmake_target' from command line to 'None'
[0.849s] Level 5:colcon.colcon_core.verb:set package 'pdctr' build argument 'cmake_target_skip_unavailable' from command line to 'False'
[0.849s] Level 5:colcon.colcon_core.verb:set package 'pdctr' build argument 'cmake_clean_cache' from command line to 'False'
[0.849s] Level 5:colcon.colcon_core.verb:set package 'pdctr' build argument 'cmake_clean_first' from command line to 'False'
[0.849s] Level 5:colcon.colcon_core.verb:set package 'pdctr' build argument 'cmake_force_configure' from command line to 'False'
[0.849s] Level 5:colcon.colcon_core.verb:set package 'pdctr' build argument 'ament_cmake_args' from command line to 'None'
[0.849s] Level 5:colcon.colcon_core.verb:set package 'pdctr' build argument 'catkin_cmake_args' from command line to 'None'
[0.849s] Level 5:colcon.colcon_core.verb:set package 'pdctr' build argument 'catkin_skip_building_tests' from command line to 'False'
[0.849s] DEBUG:colcon.colcon_core.verb:Building package 'pdctr' with the following arguments: {'ament_cmake_args': None, 'build_base': '/home/manav/robotis_ws/build/pdctr', 'catkin_cmake_args': None, 'catkin_skip_building_tests': False, 'cmake_args': None, 'cmake_clean_cache': False, 'cmake_clean_first': False, 'cmake_force_configure': False, 'cmake_target': None, 'cmake_target_skip_unavailable': False, 'install_base': '/home/manav/robotis_ws/install/pdctr', 'merge_install': False, 'path': '/home/manav/robotis_ws/src/OpenManipulatorX_ROS2-main/pdctr', 'symlink_install': False, 'test_result_base': None}
[0.850s] Level 5:colcon.colcon_core.verb:set package 'rbe500_example_py' build argument 'cmake_args' from command line to 'None'
[0.850s] Level 5:colcon.colcon_core.verb:set package 'rbe500_example_py' build argument 'cmake_target' from command line to 'None'
[0.851s] Level 5:colcon.colcon_core.verb:set package 'rbe500_example_py' build argument 'cmake_target_skip_unavailable' from command line to 'False'
[0.851s] Level 5:colcon.colcon_core.verb:set package 'rbe500_example_py' build argument 'cmake_clean_cache' from command line to 'False'
[0.851s] Level 5:colcon.colcon_core.verb:set package 'rbe500_example_py' build argument 'cmake_clean_first' from command line to 'False'
[0.851s] Level 5:colcon.colcon_core.verb:set package 'rbe500_example_py' build argument 'cmake_force_configure' from command line to 'False'
[0.851s] Level 5:colcon.colcon_core.verb:set package 'rbe500_example_py' build argument 'ament_cmake_args' from command line to 'None'
[0.851s] Level 5:colcon.colcon_core.verb:set package 'rbe500_example_py' build argument 'catkin_cmake_args' from command line to 'None'
[0.851s] Level 5:colcon.colcon_core.verb:set package 'rbe500_example_py' build argument 'catkin_skip_building_tests' from command line to 'False'
[0.851s] DEBUG:colcon.colcon_core.verb:Building package 'rbe500_example_py' with the following arguments: {'ament_cmake_args': None, 'build_base': '/home/manav/robotis_ws/build/rbe500_example_py', 'catkin_cmake_args': None, 'catkin_skip_building_tests': False, 'cmake_args': None, 'cmake_clean_cache': False, 'cmake_clean_first': False, 'cmake_force_configure': False, 'cmake_target': None, 'cmake_target_skip_unavailable': False, 'install_base': '/home/manav/robotis_ws/install/rbe500_example_py', 'merge_install': False, 'path': '/home/manav/robotis_ws/src/OpenManipulatorX_ROS2-main/rbe500_example_py', 'symlink_install': False, 'test_result_base': None}
[0.852s] Level 5:colcon.colcon_core.verb:set package 'vel_kinematics' build argument 'cmake_args' from command line to 'None'
[0.852s] Level 5:colcon.colcon_core.verb:set package 'vel_kinematics' build argument 'cmake_target' from command line to 'None'
[0.852s] Level 5:colcon.colcon_core.verb:set package 'vel_kinematics' build argument 'cmake_target_skip_unavailable' from command line to 'False'
[0.852s] Level 5:colcon.colcon_core.verb:set package 'vel_kinematics' build argument 'cmake_clean_cache' from command line to 'False'
[0.852s] Level 5:colcon.colcon_core.verb:set package 'vel_kinematics' build argument 'cmake_clean_first' from command line to 'False'
[0.852s] Level 5:colcon.colcon_core.verb:set package 'vel_kinematics' build argument 'cmake_force_configure' from command line to 'False'
[0.852s] Level 5:colcon.colcon_core.verb:set package 'vel_kinematics' build argument 'ament_cmake_args' from command line to 'None'
[0.852s] Level 5:colcon.colcon_core.verb:set package 'vel_kinematics' build argument 'catkin_cmake_args' from command line to 'None'
[0.852s] Level 5:colcon.colcon_core.verb:set package 'vel_kinematics' build argument 'catkin_skip_building_tests' from command line to 'False'
[0.852s] DEBUG:colcon.colcon_core.verb:Building package 'vel_kinematics' with the following arguments: {'ament_cmake_args': None, 'build_base': '/home/manav/robotis_ws/build/vel_kinematics', 'catkin_cmake_args': None, 'catkin_skip_building_tests': False, 'cmake_args': None, 'cmake_clean_cache': False, 'cmake_clean_first': False, 'cmake_force_configure': False, 'cmake_target': None, 'cmake_target_skip_unavailable': False, 'install_base': '/home/manav/robotis_ws/install/vel_kinematics', 'merge_install': False, 'path': '/home/manav/robotis_ws/src/OpenManipulatorX_ROS2-main/vel_kinematics', 'symlink_install': False, 'test_result_base': None}
[0.854s] Level 5:colcon.colcon_core.verb:set package 'dynamixel_sdk_examples' build argument 'cmake_args' from command line to 'None'
[0.854s] Level 5:colcon.colcon_core.verb:set package 'dynamixel_sdk_examples' build argument 'cmake_target' from command line to 'None'
[0.854s] Level 5:colcon.colcon_core.verb:set package 'dynamixel_sdk_examples' build argument 'cmake_target_skip_unavailable' from command line to 'False'
[0.854s] Level 5:colcon.colcon_core.verb:set package 'dynamixel_sdk_examples' build argument 'cmake_clean_cache' from command line to 'False'
[0.854s] Level 5:colcon.colcon_core.verb:set package 'dynamixel_sdk_examples' build argument 'cmake_clean_first' from command line to 'False'
[0.854s] Level 5:colcon.colcon_core.verb:set package 'dynamixel_sdk_examples' build argument 'cmake_force_configure' from command line to 'False'
[0.854s] Level 5:colcon.colcon_core.verb:set package 'dynamixel_sdk_examples' build argument 'ament_cmake_args' from command line to 'None'
[0.854s] Level 5:colcon.colcon_core.verb:set package 'dynamixel_sdk_examples' build argument 'catkin_cmake_args' from command line to 'None'
[0.854s] Level 5:colcon.colcon_core.verb:set package 'dynamixel_sdk_examples' build argument 'catkin_skip_building_tests' from command line to 'False'
[0.854s] DEBUG:colcon.colcon_core.verb:Building package 'dynamixel_sdk_examples' with the following arguments: {'ament_cmake_args': None, 'build_base': '/home/manav/robotis_ws/build/dynamixel_sdk_examples', 'catkin_cmake_args': None, 'catkin_skip_building_tests': False, 'cmake_args': None, 'cmake_clean_cache': False, 'cmake_clean_first': False, 'cmake_force_configure': False, 'cmake_target': None, 'cmake_target_skip_unavailable': False, 'install_base': '/home/manav/robotis_ws/install/dynamixel_sdk_examples', 'merge_install': False, 'path': '/home/manav/robotis_ws/src/OpenManipulatorX_ROS2-main/DynamixelSDK/dynamixel_sdk_examples', 'symlink_install': False, 'test_result_base': None}
[0.855s] Level 5:colcon.colcon_core.verb:set package 'dynamixel_workbench_toolbox' build argument 'cmake_args' from command line to 'None'
[0.855s] Level 5:colcon.colcon_core.verb:set package 'dynamixel_workbench_toolbox' build argument 'cmake_target' from command line to 'None'
[0.855s] Level 5:colcon.colcon_core.verb:set package 'dynamixel_workbench_toolbox' build argument 'cmake_target_skip_unavailable' from command line to 'False'
[0.856s] Level 5:colcon.colcon_core.verb:set package 'dynamixel_workbench_toolbox' build argument 'cmake_clean_cache' from command line to 'False'
[0.856s] Level 5:colcon.colcon_core.verb:set package 'dynamixel_workbench_toolbox' build argument 'cmake_clean_first' from command line to 'False'
[0.856s] Level 5:colcon.colcon_core.verb:set package 'dynamixel_workbench_toolbox' build argument 'cmake_force_configure' from command line to 'False'
[0.856s] Level 5:colcon.colcon_core.verb:set package 'dynamixel_workbench_toolbox' build argument 'ament_cmake_args' from command line to 'None'
[0.856s] Level 5:colcon.colcon_core.verb:set package 'dynamixel_workbench_toolbox' build argument 'catkin_cmake_args' from command line to 'None'
[0.856s] Level 5:colcon.colcon_core.verb:set package 'dynamixel_workbench_toolbox' build argument 'catkin_skip_building_tests' from command line to 'False'
[0.856s] DEBUG:colcon.colcon_core.verb:Building package 'dynamixel_workbench_toolbox' with the following arguments: {'ament_cmake_args': None, 'build_base': '/home/manav/robotis_ws/build/dynamixel_workbench_toolbox', 'catkin_cmake_args': None, 'catkin_skip_building_tests': False, 'cmake_args': None, 'cmake_clean_cache': False, 'cmake_clean_first': False, 'cmake_force_configure': False, 'cmake_target': None, 'cmake_target_skip_unavailable': False, 'install_base': '/home/manav/robotis_ws/install/dynamixel_workbench_toolbox', 'merge_install': False, 'path': '/home/manav/robotis_ws/src/OpenManipulatorX_ROS2-main/dynamixel-workbench/dynamixel_workbench_toolbox', 'symlink_install': False, 'test_result_base': None}
[0.857s] Level 5:colcon.colcon_core.verb:set package 'rbe500-example' build argument 'cmake_args' from command line to 'None'
[0.857s] Level 5:colcon.colcon_core.verb:set package 'rbe500-example' build argument 'cmake_target' from command line to 'None'
[0.857s] Level 5:colcon.colcon_core.verb:set package 'rbe500-example' build argument 'cmake_target_skip_unavailable' from command line to 'False'
[0.857s] Level 5:colcon.colcon_core.verb:set package 'rbe500-example' build argument 'cmake_clean_cache' from command line to 'False'
[0.857s] Level 5:colcon.colcon_core.verb:set package 'rbe500-example' build argument 'cmake_clean_first' from command line to 'False'
[0.857s] Level 5:colcon.colcon_core.verb:set package 'rbe500-example' build argument 'cmake_force_configure' from command line to 'False'
[0.857s] Level 5:colcon.colcon_core.verb:set package 'rbe500-example' build argument 'ament_cmake_args' from command line to 'None'
[0.857s] Level 5:colcon.colcon_core.verb:set package 'rbe500-example' build argument 'catkin_cmake_args' from command line to 'None'
[0.857s] Level 5:colcon.colcon_core.verb:set package 'rbe500-example' build argument 'catkin_skip_building_tests' from command line to 'False'
[0.857s] DEBUG:colcon.colcon_core.verb:Building package 'rbe500-example' with the following arguments: {'ament_cmake_args': None, 'build_base': '/home/manav/robotis_ws/build/rbe500-example', 'catkin_cmake_args': None, 'catkin_skip_building_tests': False, 'cmake_args': None, 'cmake_clean_cache': False, 'cmake_clean_first': False, 'cmake_force_configure': False, 'cmake_target': None, 'cmake_target_skip_unavailable': False, 'install_base': '/home/manav/robotis_ws/install/rbe500-example', 'merge_install': False, 'path': '/home/manav/robotis_ws/src/OpenManipulatorX_ROS2-main/rbe500-example', 'symlink_install': False, 'test_result_base': None}
[0.858s] Level 5:colcon.colcon_core.verb:set package 'robotis_manipulator' build argument 'cmake_args' from command line to 'None'
[0.858s] Level 5:colcon.colcon_core.verb:set package 'robotis_manipulator' build argument 'cmake_target' from command line to 'None'
[0.858s] Level 5:colcon.colcon_core.verb:set package 'robotis_manipulator' build argument 'cmake_target_skip_unavailable' from command line to 'False'
[0.859s] Level 5:colcon.colcon_core.verb:set package 'robotis_manipulator' build argument 'cmake_clean_cache' from command line to 'False'
[0.859s] Level 5:colcon.colcon_core.verb:set package 'robotis_manipulator' build argument 'cmake_clean_first' from command line to 'False'
[0.859s] Level 5:colcon.colcon_core.verb:set package 'robotis_manipulator' build argument 'cmake_force_configure' from command line to 'False'
[0.859s] Level 5:colcon.colcon_core.verb:set package 'robotis_manipulator' build argument 'ament_cmake_args' from command line to 'None'
[0.859s] Level 5:colcon.colcon_core.verb:set package 'robotis_manipulator' build argument 'catkin_cmake_args' from command line to 'None'
[0.859s] Level 5:colcon.colcon_core.verb:set package 'robotis_manipulator' build argument 'catkin_skip_building_tests' from command line to 'False'
[0.859s] DEBUG:colcon.colcon_core.verb:Building package 'robotis_manipulator' with the following arguments: {'ament_cmake_args': None, 'build_base': '/home/manav/robotis_ws/build/robotis_manipulator', 'catkin_cmake_args': None, 'catkin_skip_building_tests': False, 'cmake_args': None, 'cmake_clean_cache': False, 'cmake_clean_first': False, 'cmake_force_configure': False, 'cmake_target': None, 'cmake_target_skip_unavailable': False, 'install_base': '/home/manav/robotis_ws/install/robotis_manipulator', 'merge_install': False, 'path': '/home/manav/robotis_ws/src/OpenManipulatorX_ROS2-main/robotis_manipulator', 'symlink_install': False, 'test_result_base': None}
[0.860s] Level 5:colcon.colcon_core.verb:set package 'dynamixel_workbench' build argument 'cmake_args' from command line to 'None'
[0.860s] Level 5:colcon.colcon_core.verb:set package 'dynamixel_workbench' build argument 'cmake_target' from command line to 'None'
[0.860s] Level 5:colcon.colcon_core.verb:set package 'dynamixel_workbench' build argument 'cmake_target_skip_unavailable' from command line to 'False'
[0.860s] Level 5:colcon.colcon_core.verb:set package 'dynamixel_workbench' build argument 'cmake_clean_cache' from command line to 'False'
[0.860s] Level 5:colcon.colcon_core.verb:set package 'dynamixel_workbench' build argument 'cmake_clean_first' from command line to 'False'
[0.860s] Level 5:colcon.colcon_core.verb:set package 'dynamixel_workbench' build argument 'cmake_force_configure' from command line to 'False'
[0.860s] Level 5:colcon.colcon_core.verb:set package 'dynamixel_workbench' build argument 'ament_cmake_args' from command line to 'None'
[0.860s] Level 5:colcon.colcon_core.verb:set package 'dynamixel_workbench' build argument 'catkin_cmake_args' from command line to 'None'
[0.860s] Level 5:colcon.colcon_core.verb:set package 'dynamixel_workbench' build argument 'catkin_skip_building_tests' from command line to 'False'
[0.860s] DEBUG:colcon.colcon_core.verb:Building package 'dynamixel_workbench' with the following arguments: {'ament_cmake_args': None, 'build_base': '/home/manav/robotis_ws/build/dynamixel_workbench', 'catkin_cmake_args': None, 'catkin_skip_building_tests': False, 'cmake_args': None, 'cmake_clean_cache': False, 'cmake_clean_first': False, 'cmake_force_configure': False, 'cmake_target': None, 'cmake_target_skip_unavailable': False, 'install_base': '/home/manav/robotis_ws/install/dynamixel_workbench', 'merge_install': False, 'path': '/home/manav/robotis_ws/src/OpenManipulatorX_ROS2-main/dynamixel-workbench/dynamixel_workbench', 'symlink_install': False, 'test_result_base': None}
[0.861s] Level 5:colcon.colcon_core.verb:set package 'open_manipulator_x_libs' build argument 'cmake_args' from command line to 'None'
[0.861s] Level 5:colcon.colcon_core.verb:set package 'open_manipulator_x_libs' build argument 'cmake_target' from command line to 'None'
[0.861s] Level 5:colcon.colcon_core.verb:set package 'open_manipulator_x_libs' build argument 'cmake_target_skip_unavailable' from command line to 'False'
[0.861s] Level 5:colcon.colcon_core.verb:set package 'open_manipulator_x_libs' build argument 'cmake_clean_cache' from command line to 'False'
[0.861s] Level 5:colcon.colcon_core.verb:set package 'open_manipulator_x_libs' build argument 'cmake_clean_first' from command line to 'False'
[0.862s] Level 5:colcon.colcon_core.verb:set package 'open_manipulator_x_libs' build argument 'cmake_force_configure' from command line to 'False'
[0.862s] Level 5:colcon.colcon_core.verb:set package 'open_manipulator_x_libs' build argument 'ament_cmake_args' from command line to 'None'
[0.862s] Level 5:colcon.colcon_core.verb:set package 'open_manipulator_x_libs' build argument 'catkin_cmake_args' from command line to 'None'
[0.862s] Level 5:colcon.colcon_core.verb:set package 'open_manipulator_x_libs' build argument 'catkin_skip_building_tests' from command line to 'False'
[0.862s] DEBUG:colcon.colcon_core.verb:Building package 'open_manipulator_x_libs' with the following arguments: {'ament_cmake_args': None, 'build_base': '/home/manav/robotis_ws/build/open_manipulator_x_libs', 'catkin_cmake_args': None, 'catkin_skip_building_tests': False, 'cmake_args': None, 'cmake_clean_cache': False, 'cmake_clean_first': False, 'cmake_force_configure': False, 'cmake_target': None, 'cmake_target_skip_unavailable': False, 'install_base': '/home/manav/robotis_ws/install/open_manipulator_x_libs', 'merge_install': False, 'path': '/home/manav/robotis_ws/src/OpenManipulatorX_ROS2-main/open_manipulator/open_manipulator_x_libs', 'symlink_install': False, 'test_result_base': None}
[0.863s] Level 5:colcon.colcon_core.verb:set package 'open_manipulator_x_controller' build argument 'cmake_args' from command line to 'None'
[0.863s] Level 5:colcon.colcon_core.verb:set package 'open_manipulator_x_controller' build argument 'cmake_target' from command line to 'None'
[0.863s] Level 5:colcon.colcon_core.verb:set package 'open_manipulator_x_controller' build argument 'cmake_target_skip_unavailable' from command line to 'False'
[0.863s] Level 5:colcon.colcon_core.verb:set package 'open_manipulator_x_controller' build argument 'cmake_clean_cache' from command line to 'False'
[0.863s] Level 5:colcon.colcon_core.verb:set package 'open_manipulator_x_controller' build argument 'cmake_clean_first' from command line to 'False'
[0.863s] Level 5:colcon.colcon_core.verb:set package 'open_manipulator_x_controller' build argument 'cmake_force_configure' from command line to 'False'
[0.863s] Level 5:colcon.colcon_core.verb:set package 'open_manipulator_x_controller' build argument 'ament_cmake_args' from command line to 'None'
[0.863s] Level 5:colcon.colcon_core.verb:set package 'open_manipulator_x_controller' build argument 'catkin_cmake_args' from command line to 'None'
[0.863s] Level 5:colcon.colcon_core.verb:set package 'open_manipulator_x_controller' build argument 'catkin_skip_building_tests' from command line to 'False'
[0.863s] DEBUG:colcon.colcon_core.verb:Building package 'open_manipulator_x_controller' with the following arguments: {'ament_cmake_args': None, 'build_base': '/home/manav/robotis_ws/build/open_manipulator_x_controller', 'catkin_cmake_args': None, 'catkin_skip_building_tests': False, 'cmake_args': None, 'cmake_clean_cache': False, 'cmake_clean_first': False, 'cmake_force_configure': False, 'cmake_target': None, 'cmake_target_skip_unavailable': False, 'install_base': '/home/manav/robotis_ws/install/open_manipulator_x_controller', 'merge_install': False, 'path': '/home/manav/robotis_ws/src/OpenManipulatorX_ROS2-main/open_manipulator/open_manipulator_x_controller', 'symlink_install': False, 'test_result_base': None}
[0.864s] Level 5:colcon.colcon_core.verb:set package 'open_manipulator' build argument 'cmake_args' from command line to 'None'
[0.864s] Level 5:colcon.colcon_core.verb:set package 'open_manipulator' build argument 'cmake_target' from command line to 'None'
[0.864s] Level 5:colcon.colcon_core.verb:set package 'open_manipulator' build argument 'cmake_target_skip_unavailable' from command line to 'False'
[0.864s] Level 5:colcon.colcon_core.verb:set package 'open_manipulator' build argument 'cmake_clean_cache' from command line to 'False'
[0.864s] Level 5:colcon.colcon_core.verb:set package 'open_manipulator' build argument 'cmake_clean_first' from command line to 'False'
[0.864s] Level 5:colcon.colcon_core.verb:set package 'open_manipulator' build argument 'cmake_force_configure' from command line to 'False'
[0.864s] Level 5:colcon.colcon_core.verb:set package 'open_manipulator' build argument 'ament_cmake_args' from command line to 'None'
[0.865s] Level 5:colcon.colcon_core.verb:set package 'open_manipulator' build argument 'catkin_cmake_args' from command line to 'None'
[0.865s] Level 5:colcon.colcon_core.verb:set package 'open_manipulator' build argument 'catkin_skip_building_tests' from command line to 'False'
[0.865s] DEBUG:colcon.colcon_core.verb:Building package 'open_manipulator' with the following arguments: {'ament_cmake_args': None, 'build_base': '/home/manav/robotis_ws/build/open_manipulator', 'catkin_cmake_args': None, 'catkin_skip_building_tests': False, 'cmake_args': None, 'cmake_clean_cache': False, 'cmake_clean_first': False, 'cmake_force_configure': False, 'cmake_target': None, 'cmake_target_skip_unavailable': False, 'install_base': '/home/manav/robotis_ws/install/open_manipulator', 'merge_install': False, 'path': '/home/manav/robotis_ws/src/OpenManipulatorX_ROS2-main/open_manipulator/open_manipulator', 'symlink_install': False, 'test_result_base': None}
[0.865s] INFO:colcon.colcon_core.executor:Executing jobs using 'parallel' executor
[0.867s] DEBUG:colcon.colcon_parallel_executor.executor.parallel:run_until_complete
[0.868s] INFO:colcon.colcon_ros.task.ament_cmake.build:Building ROS package in '/home/manav/robotis_ws/src/OpenManipulatorX_ROS2-main/DynamixelSDK/dynamixel_sdk' with build type 'ament_cmake'
[0.868s] INFO:colcon.colcon_cmake.task.cmake.build:Building CMake package in '/home/manav/robotis_ws/src/OpenManipulatorX_ROS2-main/DynamixelSDK/dynamixel_sdk'
[0.875s] INFO:colcon.colcon_core.plugin_system:Skipping extension 'colcon_core.shell.bat': Not used on non-Windows systems
[0.875s] INFO:colcon.colcon_core.shell:Skip shell extension 'powershell' for command environment: Not usable outside of PowerShell
[0.876s] DEBUG:colcon.colcon_core.shell:Skip shell extension 'dsv' for command environment
[0.892s] INFO:colcon.colcon_ros.task.ament_cmake.build:Building ROS package in '/home/manav/robotis_ws/src/OpenManipulatorX_ROS2-main/open_manipulator_dependencies/cmake_modules' with build type 'ament_cmake'
[0.893s] INFO:colcon.colcon_cmake.task.cmake.build:Building CMake package in '/home/manav/robotis_ws/src/OpenManipulatorX_ROS2-main/open_manipulator_dependencies/cmake_modules'
[0.894s] INFO:colcon.colcon_core.shell:Skip shell extension 'powershell' for command environment: Not usable outside of PowerShell
[0.894s] DEBUG:colcon.colcon_core.shell:Skip shell extension 'dsv' for command environment
[0.913s] INFO:colcon.colcon_ros.task.ament_cmake.build:Building ROS package in '/home/manav/robotis_ws/src/OpenManipulatorX_ROS2-main/open_manipulator_msgs' with build type 'ament_cmake'
[0.914s] INFO:colcon.colcon_cmake.task.cmake.build:Building CMake package in '/home/manav/robotis_ws/src/OpenManipulatorX_ROS2-main/open_manipulator_msgs'
[0.914s] INFO:colcon.colcon_core.shell:Skip shell extension 'powershell' for command environment: Not usable outside of PowerShell
[0.914s] DEBUG:colcon.colcon_core.shell:Skip shell extension 'dsv' for command environment
[0.930s] INFO:colcon.colcon_ros.task.ament_cmake.build:Building ROS package in '/home/manav/robotis_ws/src/OpenManipulatorX_ROS2-main/DynamixelSDK/dynamixel_sdk_custom_interfaces' with build type 'ament_cmake'
[0.930s] INFO:colcon.colcon_cmake.task.cmake.build:Building CMake package in '/home/manav/robotis_ws/src/OpenManipulatorX_ROS2-main/DynamixelSDK/dynamixel_sdk_custom_interfaces'
[0.931s] INFO:colcon.colcon_core.shell:Skip shell extension 'powershell' for command environment: Not usable outside of PowerShell
[0.931s] DEBUG:colcon.colcon_core.shell:Skip shell extension 'dsv' for command environment
[0.954s] DEBUG:colcon.colcon_core.event_handler.log_command:Invoking command in '/home/manav/robotis_ws/build/dynamixel_sdk': CMAKE_PREFIX_PATH=${CMAKE_PREFIX_PATH}:/home/manav/robotis_ws/install/vel_kinematics:/home/manav/robotis_ws/install/rbe500_example_py:/home/manav/robotis_ws/install/pdctr:/home/manav/robotis_ws/install/inverse:/home/manav/robotis_ws/install/forward:/home/manav/ros2_test/install/my_robot_controller:/opt/ros/humble /usr/bin/cmake --build /home/manav/robotis_ws/build/dynamixel_sdk -- -j4 -l4
[0.968s] DEBUG:colcon.colcon_core.event_handler.log_command:Invoking command in '/home/manav/robotis_ws/build/cmake_modules': CMAKE_PREFIX_PATH=${CMAKE_PREFIX_PATH}:/home/manav/robotis_ws/install/vel_kinematics:/home/manav/robotis_ws/install/rbe500_example_py:/home/manav/robotis_ws/install/pdctr:/home/manav/robotis_ws/install/inverse:/home/manav/robotis_ws/install/forward:/home/manav/ros2_test/install/my_robot_controller:/opt/ros/humble /usr/bin/cmake --build /home/manav/robotis_ws/build/cmake_modules -- -j4 -l4
[0.989s] DEBUG:colcon.colcon_core.event_handler.log_command:Invoking command in '/home/manav/robotis_ws/build/open_manipulator_msgs': CMAKE_PREFIX_PATH=${CMAKE_PREFIX_PATH}:/home/manav/robotis_ws/install/vel_kinematics:/home/manav/robotis_ws/install/rbe500_example_py:/home/manav/robotis_ws/install/pdctr:/home/manav/robotis_ws/install/inverse:/home/manav/robotis_ws/install/forward:/home/manav/ros2_test/install/my_robot_controller:/opt/ros/humble /usr/bin/cmake --build /home/manav/robotis_ws/build/open_manipulator_msgs -- -j4 -l4
[1.018s] DEBUG:colcon.colcon_core.event_handler.log_command:Invoking command in '/home/manav/robotis_ws/build/dynamixel_sdk_custom_interfaces': CMAKE_PREFIX_PATH=${CMAKE_PREFIX_PATH}:/home/manav/robotis_ws/install/vel_kinematics:/home/manav/robotis_ws/install/rbe500_example_py:/home/manav/robotis_ws/install/pdctr:/home/manav/robotis_ws/install/inverse:/home/manav/robotis_ws/install/forward:/home/manav/ros2_test/install/my_robot_controller:/opt/ros/humble /usr/bin/cmake --build /home/manav/robotis_ws/build/dynamixel_sdk_custom_interfaces -- -j4 -l4
[1.179s] DEBUG:colcon.colcon_core.event_handler.log_command:Invoked command in '/home/manav/robotis_ws/build/cmake_modules' returned '0': CMAKE_PREFIX_PATH=${CMAKE_PREFIX_PATH}:/home/manav/robotis_ws/install/vel_kinematics:/home/manav/robotis_ws/install/rbe500_example_py:/home/manav/robotis_ws/install/pdctr:/home/manav/robotis_ws/install/inverse:/home/manav/robotis_ws/install/forward:/home/manav/ros2_test/install/my_robot_controller:/opt/ros/humble /usr/bin/cmake --build /home/manav/robotis_ws/build/cmake_modules -- -j4 -l4
[1.227s] DEBUG:colcon.colcon_core.event_handler.log_command:Invoking command in '/home/manav/robotis_ws/build/cmake_modules': CMAKE_PREFIX_PATH=${CMAKE_PREFIX_PATH}:/home/manav/robotis_ws/install/vel_kinematics:/home/manav/robotis_ws/install/rbe500_example_py:/home/manav/robotis_ws/install/pdctr:/home/manav/robotis_ws/install/inverse:/home/manav/robotis_ws/install/forward:/home/manav/ros2_test/install/my_robot_controller:/opt/ros/humble /usr/bin/cmake --install /home/manav/robotis_ws/build/cmake_modules
[1.269s] DEBUG:colcon.colcon_parallel_executor.executor.parallel:run_until_complete was interrupted
[1.269s] DEBUG:colcon.colcon_parallel_executor.executor.parallel:run_until_complete again
[1.279s] Level 1:colcon.colcon_core.environment:create_environment_scripts_only(cmake_modules)
[1.291s] DEBUG:colcon.colcon_core.event_handler.log_command:Invoked command in '/home/manav/robotis_ws/build/cmake_modules' returned '-2': CMAKE_PREFIX_PATH=${CMAKE_PREFIX_PATH}:/home/manav/robotis_ws/install/vel_kinematics:/home/manav/robotis_ws/install/rbe500_example_py:/home/manav/robotis_ws/install/pdctr:/home/manav/robotis_ws/install/inverse:/home/manav/robotis_ws/install/forward:/home/manav/ros2_test/install/my_robot_controller:/opt/ros/humble /usr/bin/cmake --install /home/manav/robotis_ws/build/cmake_modules
[1.303s] Level 1:colcon.colcon_core.environment:checking '/home/manav/robotis_ws/install/cmake_modules' for CMake module files
[1.305s] Level 1:colcon.colcon_core.environment:checking '/home/manav/robotis_ws/install/cmake_modules' for CMake config files
[1.307s] Level 1:colcon.colcon_core.shell:create_environment_hook('cmake_modules', 'cmake_prefix_path')
[1.308s] INFO:colcon.colcon_core.shell:Creating environment hook '/home/manav/robotis_ws/install/cmake_modules/share/cmake_modules/hook/cmake_prefix_path.ps1'
[1.312s] INFO:colcon.colcon_core.shell:Creating environment descriptor '/home/manav/robotis_ws/install/cmake_modules/share/cmake_modules/hook/cmake_prefix_path.dsv'
[1.314s] INFO:colcon.colcon_core.shell:Creating environment hook '/home/manav/robotis_ws/install/cmake_modules/share/cmake_modules/hook/cmake_prefix_path.sh'
[1.317s] Level 1:colcon.colcon_core.environment:checking '/home/manav/robotis_ws/install/cmake_modules/bin'
[1.318s] Level 1:colcon.colcon_core.environment:checking '/home/manav/robotis_ws/install/cmake_modules/lib/pkgconfig/cmake_modules.pc'
[1.319s] Level 1:colcon.colcon_core.environment:checking '/home/manav/robotis_ws/install/cmake_modules/lib/python3.10/site-packages'
[1.320s] Level 1:colcon.colcon_core.environment:checking '/home/manav/robotis_ws/install/cmake_modules/bin'
[1.321s] INFO:colcon.colcon_core.shell:Creating package script '/home/manav/robotis_ws/install/cmake_modules/share/cmake_modules/package.ps1'
[1.323s] INFO:colcon.colcon_core.shell:Creating package descriptor '/home/manav/robotis_ws/install/cmake_modules/share/cmake_modules/package.dsv'
[1.326s] INFO:colcon.colcon_core.shell:Creating package script '/home/manav/robotis_ws/install/cmake_modules/share/cmake_modules/package.sh'
[1.328s] INFO:colcon.colcon_core.shell:Creating package script '/home/manav/robotis_ws/install/cmake_modules/share/cmake_modules/package.bash'
[1.331s] INFO:colcon.colcon_core.shell:Creating package script '/home/manav/robotis_ws/install/cmake_modules/share/cmake_modules/package.zsh'
[1.333s] Level 1:colcon.colcon_core.environment:create_file_with_runtime_dependencies(/home/manav/robotis_ws/install/cmake_modules/share/colcon-core/packages/cmake_modules)
[1.337s] Level 1:colcon.colcon_core.environment:create_environment_scripts_only(open_manipulator_msgs)
[1.338s] Level 1:colcon.colcon_core.environment:checking '/home/manav/robotis_ws/install/open_manipulator_msgs' for CMake module files
[1.340s] DEBUG:colcon.colcon_core.event_handler.log_command:Invoked command in '/home/manav/robotis_ws/build/open_manipulator_msgs' returned '-2': CMAKE_PREFIX_PATH=${CMAKE_PREFIX_PATH}:/home/manav/robotis_ws/install/vel_kinematics:/home/manav/robotis_ws/install/rbe500_example_py:/home/manav/robotis_ws/install/pdctr:/home/manav/robotis_ws/install/inverse:/home/manav/robotis_ws/install/forward:/home/manav/ros2_test/install/my_robot_controller:/opt/ros/humble /usr/bin/cmake --build /home/manav/robotis_ws/build/open_manipulator_msgs -- -j4 -l4
[1.341s] Level 1:colcon.colcon_core.environment:checking '/home/manav/robotis_ws/install/open_manipulator_msgs' for CMake config files
[1.341s] Level 1:colcon.colcon_core.shell:create_environment_hook('open_manipulator_msgs', 'cmake_prefix_path')
[1.342s] INFO:colcon.colcon_core.shell:Creating environment hook '/home/manav/robotis_ws/install/open_manipulator_msgs/share/open_manipulator_msgs/hook/cmake_prefix_path.ps1'
[1.343s] INFO:colcon.colcon_core.shell:Creating environment descriptor '/home/manav/robotis_ws/install/open_manipulator_msgs/share/open_manipulator_msgs/hook/cmake_prefix_path.dsv'
[1.344s] INFO:colcon.colcon_core.shell:Creating environment hook '/home/manav/robotis_ws/install/open_manipulator_msgs/share/open_manipulator_msgs/hook/cmake_prefix_path.sh'
[1.346s] Level 1:colcon.colcon_core.environment:checking '/home/manav/robotis_ws/install/open_manipulator_msgs/lib'
[1.347s] Level 1:colcon.colcon_core.shell:create_environment_hook('open_manipulator_msgs', 'ld_library_path_lib')
[1.347s] INFO:colcon.colcon_core.shell:Creating environment hook '/home/manav/robotis_ws/install/open_manipulator_msgs/share/open_manipulator_msgs/hook/ld_library_path_lib.ps1'
[1.348s] INFO:colcon.colcon_core.shell:Creating environment descriptor '/home/manav/robotis_ws/install/open_manipulator_msgs/share/open_manipulator_msgs/hook/ld_library_path_lib.dsv'
[1.350s] INFO:colcon.colcon_core.shell:Creating environment hook '/home/manav/robotis_ws/install/open_manipulator_msgs/share/open_manipulator_msgs/hook/ld_library_path_lib.sh'
[1.351s] Level 1:colcon.colcon_core.environment:checking '/home/manav/robotis_ws/install/open_manipulator_msgs/bin'
[1.351s] Level 1:colcon.colcon_core.environment:checking '/home/manav/robotis_ws/install/open_manipulator_msgs/lib/pkgconfig/open_manipulator_msgs.pc'
[1.352s] Level 1:colcon.colcon_core.environment:checking '/home/manav/robotis_ws/install/open_manipulator_msgs/lib/python3.10/site-packages'
[1.352s] Level 1:colcon.colcon_core.environment:checking '/home/manav/robotis_ws/install/open_manipulator_msgs/bin'
[1.353s] INFO:colcon.colcon_core.shell:Creating package script '/home/manav/robotis_ws/install/open_manipulator_msgs/share/open_manipulator_msgs/package.ps1'
[1.355s] INFO:colcon.colcon_core.shell:Creating package descriptor '/home/manav/robotis_ws/install/open_manipulator_msgs/share/open_manipulator_msgs/package.dsv'
[1.359s] INFO:colcon.colcon_core.shell:Creating package script '/home/manav/robotis_ws/install/open_manipulator_msgs/share/open_manipulator_msgs/package.sh'
[1.360s] INFO:colcon.colcon_core.shell:Creating package script '/home/manav/robotis_ws/install/open_manipulator_msgs/share/open_manipulator_msgs/package.bash'
[1.361s] INFO:colcon.colcon_core.shell:Creating package script '/home/manav/robotis_ws/install/open_manipulator_msgs/share/open_manipulator_msgs/package.zsh'
[1.362s] Level 1:colcon.colcon_core.environment:create_file_with_runtime_dependencies(/home/manav/robotis_ws/install/open_manipulator_msgs/share/colcon-core/packages/open_manipulator_msgs)
[1.375s] DEBUG:colcon.colcon_parallel_executor.executor.parallel:run_until_complete finished
[1.375s] DEBUG:colcon.colcon_parallel_executor.executor.parallel:closing loop
[1.377s] DEBUG:colcon.colcon_parallel_executor.executor.parallel:loop closed
[1.377s] DEBUG:colcon.colcon_core.event_reactor:joining thread
[1.392s] INFO:colcon.colcon_core.plugin_system:Skipping extension 'colcon_notification.desktop_notification.terminal_notifier': Not used on non-Darwin systems
[1.393s] INFO:colcon.colcon_core.plugin_system:Skipping extension 'colcon_notification.desktop_notification.win32': Not used on non-Windows systems
[1.393s] INFO:colcon.colcon_notification.desktop_notification:Sending desktop notification using 'notify2'
[1.449s] DEBUG:colcon.colcon_core.event_reactor:joined thread
[1.450s] INFO:colcon.colcon_core.shell:Creating prefix script '/home/manav/robotis_ws/install/local_setup.ps1'
[1.452s] INFO:colcon.colcon_core.shell:Creating prefix util module '/home/manav/robotis_ws/install/_local_setup_util_ps1.py'
[1.458s] INFO:colcon.colcon_core.shell:Creating prefix chain script '/home/manav/robotis_ws/install/setup.ps1'
[1.463s] INFO:colcon.colcon_core.shell:Creating prefix script '/home/manav/robotis_ws/install/local_setup.sh'
[1.466s] INFO:colcon.colcon_core.shell:Creating prefix util module '/home/manav/robotis_ws/install/_local_setup_util_sh.py'
[1.468s] INFO:colcon.colcon_core.shell:Creating prefix chain script '/home/manav/robotis_ws/install/setup.sh'
[1.473s] INFO:colcon.colcon_core.shell:Creating prefix script '/home/manav/robotis_ws/install/local_setup.bash'
[1.474s] INFO:colcon.colcon_core.shell:Creating prefix chain script '/home/manav/robotis_ws/install/setup.bash'
[1.480s] INFO:colcon.colcon_core.shell:Creating prefix script '/home/manav/robotis_ws/install/local_setup.zsh'
[1.481s] INFO:colcon.colcon_core.shell:Creating prefix chain script '/home/manav/robotis_ws/install/setup.zsh'
