[0.147s] Invoking command in '/home/manav/robotis_ws/build/my_service_package': CMAKE_PREFIX_PATH=${CMAKE_PREFIX_PATH}:/home/manav/robotis_ws/install/vel_kinematics:/home/manav/robotis_ws/install/rbe500_example_py:/home/manav/robotis_ws/install/pdctr:/home/manav/robotis_ws/install/inverse:/home/manav/robotis_ws/install/forward:/home/manav/ros2_test/install/my_robot_controller:/opt/ros/humble /usr/bin/cmake --build /home/manav/robotis_ws/build/my_service_package -- -j4 -l4
[0.366s] [  1%] Built target my_service_package__cpp
[0.498s] [  1%] Built target ament_cmake_python_copy_my_service_package
[0.610s] [ 12%] Built target my_service_package__rosidl_typesupport_fastrtps_cpp
[0.721s] [ 23%] Built target my_service_package__rosidl_typesupport_introspection_cpp
[1.943s] running egg_info
[1.944s] writing my_service_package.egg-info/PKG-INFO
[1.948s] writing dependency_links to my_service_package.egg-info/dependency_links.txt
[1.951s] writing top-level names to my_service_package.egg-info/top_level.txt
[1.964s] reading manifest file 'my_service_package.egg-info/SOURCES.txt'
[1.968s] writing manifest file 'my_service_package.egg-info/SOURCES.txt'
[2.122s] [ 23%] Built target ament_cmake_python_build_my_service_package_egg
[2.282s] [ 35%] Built target my_service_package__rosidl_typesupport_cpp
[2.386s] [ 46%] Built target my_service_package__rosidl_generator_c
[2.501s] [ 57%] Built target my_service_package__rosidl_typesupport_fastrtps_c
[2.559s] [ 69%] Built target my_service_package__rosidl_typesupport_c
[2.618s] [ 80%] Built target my_service_package__rosidl_typesupport_introspection_c
[2.665s] [ 80%] Built target my_service_package
[2.716s] [ 81%] Built target my_service_package__py
[2.776s] [ 91%] Built target my_service_package__rosidl_generator_py
[2.831s] [ 94%] Built target my_service_package__rosidl_typesupport_fastrtps_c__pyext
[2.885s] [ 97%] Built target my_service_package__rosidl_typesupport_c__pyext
[2.938s] [100%] Built target my_service_package__rosidl_typesupport_introspection_c__pyext
[3.461s] Invoked command in '/home/manav/robotis_ws/build/my_service_package' returned '0': CMAKE_PREFIX_PATH=${CMAKE_PREFIX_PATH}:/home/manav/robotis_ws/install/vel_kinematics:/home/manav/robotis_ws/install/rbe500_example_py:/home/manav/robotis_ws/install/pdctr:/home/manav/robotis_ws/install/inverse:/home/manav/robotis_ws/install/forward:/home/manav/ros2_test/install/my_robot_controller:/opt/ros/humble /usr/bin/cmake --build /home/manav/robotis_ws/build/my_service_package -- -j4 -l4
[3.465s] Invoking command in '/home/manav/robotis_ws/build/my_service_package': CMAKE_PREFIX_PATH=${CMAKE_PREFIX_PATH}:/home/manav/robotis_ws/install/vel_kinematics:/home/manav/robotis_ws/install/rbe500_example_py:/home/manav/robotis_ws/install/pdctr:/home/manav/robotis_ws/install/inverse:/home/manav/robotis_ws/install/forward:/home/manav/ros2_test/install/my_robot_controller:/opt/ros/humble /usr/bin/cmake --install /home/manav/robotis_ws/build/my_service_package
[3.499s] -- Install configuration: ""
[3.499s] -- Up-to-date: /home/manav/robotis_ws/install/my_service_package/share/ament_index/resource_index/rosidl_interfaces/my_service_package
[3.499s] -- Up-to-date: /home/manav/robotis_ws/install/my_service_package/include/my_service_package/my_service_package
[3.499s] -- Up-to-date: /home/manav/robotis_ws/install/my_service_package/include/my_service_package/my_service_package/srv
[3.499s] -- Up-to-date: /home/manav/robotis_ws/install/my_service_package/include/my_service_package/my_service_package/srv/float_pos.h
[3.500s] -- Up-to-date: /home/manav/robotis_ws/install/my_service_package/include/my_service_package/my_service_package/srv/endeffector_velservice.h
[3.504s] -- Up-to-date: /home/manav/robotis_ws/install/my_service_package/include/my_service_package/my_service_package/srv/i_kservice.h
[3.504s] -- Up-to-date: /home/manav/robotis_ws/install/my_service_package/include/my_service_package/my_service_package/srv/detail
[3.506s] -- Up-to-date: /home/manav/robotis_ws/install/my_service_package/include/my_service_package/my_service_package/srv/detail/endeffector_velservice__functions.h
[3.506s] -- Up-to-date: /home/manav/robotis_ws/install/my_service_package/include/my_service_package/my_service_package/srv/detail/joint_velservice__functions.c
[3.506s] -- Up-to-date: /home/manav/robotis_ws/install/my_service_package/include/my_service_package/my_service_package/srv/detail/float_pos__struct.h
[3.507s] -- Up-to-date: /home/manav/robotis_ws/install/my_service_package/include/my_service_package/my_service_package/srv/detail/endeffector_velservice__struct.h
[3.507s] -- Up-to-date: /home/manav/robotis_ws/install/my_service_package/include/my_service_package/my_service_package/srv/detail/float_pos__functions.h
[3.507s] -- Up-to-date: /home/manav/robotis_ws/install/my_service_package/include/my_service_package/my_service_package/srv/detail/joint_velservice__struct.h
[3.507s] -- Up-to-date: /home/manav/robotis_ws/install/my_service_package/include/my_service_package/my_service_package/srv/detail/i_kservice__type_support.h
[3.507s] -- Up-to-date: /home/manav/robotis_ws/install/my_service_package/include/my_service_package/my_service_package/srv/detail/float_pos__functions.c
[3.507s] -- Up-to-date: /home/manav/robotis_ws/install/my_service_package/include/my_service_package/my_service_package/srv/detail/endeffector_velservice__type_support.h
[3.507s] -- Up-to-date: /home/manav/robotis_ws/install/my_service_package/include/my_service_package/my_service_package/srv/detail/i_kservice__struct.h
[3.508s] -- Up-to-date: /home/manav/robotis_ws/install/my_service_package/include/my_service_package/my_service_package/srv/detail/i_kservice__functions.c
[3.508s] -- Up-to-date: /home/manav/robotis_ws/install/my_service_package/include/my_service_package/my_service_package/srv/detail/i_kservice__functions.h
[3.508s] -- Up-to-date: /home/manav/robotis_ws/install/my_service_package/include/my_service_package/my_service_package/srv/detail/float_pos__type_support.h
[3.508s] -- Up-to-date: /home/manav/robotis_ws/install/my_service_package/include/my_service_package/my_service_package/srv/detail/endeffector_velservice__functions.c
[3.508s] -- Up-to-date: /home/manav/robotis_ws/install/my_service_package/include/my_service_package/my_service_package/srv/detail/joint_velservice__type_support.h
[3.508s] -- Up-to-date: /home/manav/robotis_ws/install/my_service_package/include/my_service_package/my_service_package/srv/detail/joint_velservice__functions.h
[3.508s] -- Up-to-date: /home/manav/robotis_ws/install/my_service_package/include/my_service_package/my_service_package/srv/joint_velservice.h
[3.509s] -- Up-to-date: /home/manav/robotis_ws/install/my_service_package/include/my_service_package/my_service_package/msg
[3.513s] -- Up-to-date: /home/manav/robotis_ws/install/my_service_package/include/my_service_package/my_service_package/msg/rot_pos.h
[3.513s] -- Up-to-date: /home/manav/robotis_ws/install/my_service_package/include/my_service_package/my_service_package/msg/vel_pos.h
[3.513s] -- Up-to-date: /home/manav/robotis_ws/install/my_service_package/include/my_service_package/my_service_package/msg/detail
[3.514s] -- Up-to-date: /home/manav/robotis_ws/install/my_service_package/include/my_service_package/my_service_package/msg/detail/rot_pos__struct.h
[3.514s] -- Up-to-date: /home/manav/robotis_ws/install/my_service_package/include/my_service_package/my_service_package/msg/detail/vel_pos__functions.h
[3.514s] -- Up-to-date: /home/manav/robotis_ws/install/my_service_package/include/my_service_package/my_service_package/msg/detail/vel_pos__struct.h
[3.514s] -- Up-to-date: /home/manav/robotis_ws/install/my_service_package/include/my_service_package/my_service_package/msg/detail/vel_pos__type_support.h
[3.514s] -- Up-to-date: /home/manav/robotis_ws/install/my_service_package/include/my_service_package/my_service_package/msg/detail/rot_pos__functions.h
[3.514s] -- Up-to-date: /home/manav/robotis_ws/install/my_service_package/include/my_service_package/my_service_package/msg/detail/rot_pos__functions.c
[3.514s] -- Up-to-date: /home/manav/robotis_ws/install/my_service_package/include/my_service_package/my_service_package/msg/detail/vel_pos__functions.c
[3.514s] -- Up-to-date: /home/manav/robotis_ws/install/my_service_package/include/my_service_package/my_service_package/msg/detail/rot_pos__type_support.h
[3.515s] -- Up-to-date: /home/manav/robotis_ws/install/my_service_package/include/my_service_package/my_service_package/msg/rosidl_generator_c__visibility_control.h
[3.515s] -- Up-to-date: /home/manav/robotis_ws/install/my_service_package/share/my_service_package/environment/library_path.sh
[3.515s] -- Up-to-date: /home/manav/robotis_ws/install/my_service_package/share/my_service_package/environment/library_path.dsv
[3.515s] -- Up-to-date: /home/manav/robotis_ws/install/my_service_package/lib/libmy_service_package__rosidl_generator_c.so
[3.515s] -- Up-to-date: /home/manav/robotis_ws/install/my_service_package/include/my_service_package/my_service_package
[3.515s] -- Up-to-date: /home/manav/robotis_ws/install/my_service_package/include/my_service_package/my_service_package/srv
[3.515s] -- Up-to-date: /home/manav/robotis_ws/install/my_service_package/include/my_service_package/my_service_package/srv/detail
[3.516s] -- Up-to-date: /home/manav/robotis_ws/install/my_service_package/include/my_service_package/my_service_package/srv/detail/float_pos__rosidl_typesupport_fastrtps_c.h
[3.516s] -- Up-to-date: /home/manav/robotis_ws/install/my_service_package/include/my_service_package/my_service_package/srv/detail/i_kservice__rosidl_typesupport_fastrtps_c.h
[3.516s] -- Up-to-date: /home/manav/robotis_ws/install/my_service_package/include/my_service_package/my_service_package/srv/detail/endeffector_velservice__rosidl_typesupport_fastrtps_c.h
[3.520s] -- Up-to-date: /home/manav/robotis_ws/install/my_service_package/include/my_service_package/my_service_package/srv/detail/joint_velservice__rosidl_typesupport_fastrtps_c.h
[3.520s] -- Up-to-date: /home/manav/robotis_ws/install/my_service_package/include/my_service_package/my_service_package/msg
[3.520s] -- Up-to-date: /home/manav/robotis_ws/install/my_service_package/include/my_service_package/my_service_package/msg/rosidl_typesupport_fastrtps_c__visibility_control.h
[3.520s] -- Up-to-date: /home/manav/robotis_ws/install/my_service_package/include/my_service_package/my_service_package/msg/detail
[3.520s] -- Up-to-date: /home/manav/robotis_ws/install/my_service_package/include/my_service_package/my_service_package/msg/detail/vel_pos__rosidl_typesupport_fastrtps_c.h
[3.521s] -- Up-to-date: /home/manav/robotis_ws/install/my_service_package/include/my_service_package/my_service_package/msg/detail/rot_pos__rosidl_typesupport_fastrtps_c.h
[3.521s] -- Up-to-date: /home/manav/robotis_ws/install/my_service_package/lib/libmy_service_package__rosidl_typesupport_fastrtps_c.so
[3.529s] -- Up-to-date: /home/manav/robotis_ws/install/my_service_package/include/my_service_package/my_service_package
[3.530s] -- Up-to-date: /home/manav/robotis_ws/install/my_service_package/include/my_service_package/my_service_package/srv
[3.530s] -- Up-to-date: /home/manav/robotis_ws/install/my_service_package/include/my_service_package/my_service_package/srv/joint_velservice.hpp
[3.530s] -- Up-to-date: /home/manav/robotis_ws/install/my_service_package/include/my_service_package/my_service_package/srv/float_pos.hpp
[3.530s] -- Up-to-date: /home/manav/robotis_ws/install/my_service_package/include/my_service_package/my_service_package/srv/endeffector_velservice.hpp
[3.530s] -- Up-to-date: /home/manav/robotis_ws/install/my_service_package/include/my_service_package/my_service_package/srv/i_kservice.hpp
[3.530s] -- Up-to-date: /home/manav/robotis_ws/install/my_service_package/include/my_service_package/my_service_package/srv/detail
[3.531s] -- Up-to-date: /home/manav/robotis_ws/install/my_service_package/include/my_service_package/my_service_package/srv/detail/float_pos__traits.hpp
[3.531s] -- Up-to-date: /home/manav/robotis_ws/install/my_service_package/include/my_service_package/my_service_package/srv/detail/joint_velservice__struct.hpp
[3.536s] -- Up-to-date: /home/manav/robotis_ws/install/my_service_package/include/my_service_package/my_service_package/srv/detail/i_kservice__traits.hpp
[3.536s] -- Up-to-date: /home/manav/robotis_ws/install/my_service_package/include/my_service_package/my_service_package/srv/detail/joint_velservice__traits.hpp
[3.536s] -- Up-to-date: /home/manav/robotis_ws/install/my_service_package/include/my_service_package/my_service_package/srv/detail/i_kservice__struct.hpp
[3.536s] -- Up-to-date: /home/manav/robotis_ws/install/my_service_package/include/my_service_package/my_service_package/srv/detail/float_pos__builder.hpp
[3.536s] -- Up-to-date: /home/manav/robotis_ws/install/my_service_package/include/my_service_package/my_service_package/srv/detail/i_kservice__builder.hpp
[3.537s] -- Up-to-date: /home/manav/robotis_ws/install/my_service_package/include/my_service_package/my_service_package/srv/detail/endeffector_velservice__struct.hpp
[3.537s] -- Up-to-date: /home/manav/robotis_ws/install/my_service_package/include/my_service_package/my_service_package/srv/detail/joint_velservice__builder.hpp
[3.537s] -- Up-to-date: /home/manav/robotis_ws/install/my_service_package/include/my_service_package/my_service_package/srv/detail/float_pos__struct.hpp
[3.537s] -- Up-to-date: /home/manav/robotis_ws/install/my_service_package/include/my_service_package/my_service_package/srv/detail/endeffector_velservice__traits.hpp
[3.537s] -- Up-to-date: /home/manav/robotis_ws/install/my_service_package/include/my_service_package/my_service_package/srv/detail/endeffector_velservice__builder.hpp
[3.538s] -- Up-to-date: /home/manav/robotis_ws/install/my_service_package/include/my_service_package/my_service_package/msg
[3.538s] -- Up-to-date: /home/manav/robotis_ws/install/my_service_package/include/my_service_package/my_service_package/msg/rot_pos.hpp
[3.538s] -- Up-to-date: /home/manav/robotis_ws/install/my_service_package/include/my_service_package/my_service_package/msg/vel_pos.hpp
[3.538s] -- Up-to-date: /home/manav/robotis_ws/install/my_service_package/include/my_service_package/my_service_package/msg/detail
[3.538s] -- Up-to-date: /home/manav/robotis_ws/install/my_service_package/include/my_service_package/my_service_package/msg/detail/rot_pos__traits.hpp
[3.543s] -- Up-to-date: /home/manav/robotis_ws/install/my_service_package/include/my_service_package/my_service_package/msg/detail/rot_pos__struct.hpp
[3.543s] -- Up-to-date: /home/manav/robotis_ws/install/my_service_package/include/my_service_package/my_service_package/msg/detail/vel_pos__traits.hpp
[3.544s] -- Up-to-date: /home/manav/robotis_ws/install/my_service_package/include/my_service_package/my_service_package/msg/detail/rot_pos__builder.hpp
[3.544s] -- Up-to-date: /home/manav/robotis_ws/install/my_service_package/include/my_service_package/my_service_package/msg/detail/vel_pos__struct.hpp
[3.544s] -- Up-to-date: /home/manav/robotis_ws/install/my_service_package/include/my_service_package/my_service_package/msg/detail/vel_pos__builder.hpp
[3.544s] -- Up-to-date: /home/manav/robotis_ws/install/my_service_package/include/my_service_package/my_service_package
[3.544s] -- Up-to-date: /home/manav/robotis_ws/install/my_service_package/include/my_service_package/my_service_package/srv
[3.544s] -- Up-to-date: /home/manav/robotis_ws/install/my_service_package/include/my_service_package/my_service_package/srv/detail
[3.544s] -- Up-to-date: /home/manav/robotis_ws/install/my_service_package/include/my_service_package/my_service_package/srv/detail/endeffector_velservice__rosidl_typesupport_fastrtps_cpp.hpp
[3.545s] -- Up-to-date: /home/manav/robotis_ws/install/my_service_package/include/my_service_package/my_service_package/srv/detail/dds_fastrtps
[3.545s] -- Up-to-date: /home/manav/robotis_ws/install/my_service_package/include/my_service_package/my_service_package/srv/detail/i_kservice__rosidl_typesupport_fastrtps_cpp.hpp
[3.545s] -- Up-to-date: /home/manav/robotis_ws/install/my_service_package/include/my_service_package/my_service_package/srv/detail/float_pos__rosidl_typesupport_fastrtps_cpp.hpp
[3.545s] -- Up-to-date: /home/manav/robotis_ws/install/my_service_package/include/my_service_package/my_service_package/srv/detail/joint_velservice__rosidl_typesupport_fastrtps_cpp.hpp
[3.545s] -- Up-to-date: /home/manav/robotis_ws/install/my_service_package/include/my_service_package/my_service_package/msg
[3.545s] -- Up-to-date: /home/manav/robotis_ws/install/my_service_package/include/my_service_package/my_service_package/msg/rosidl_typesupport_fastrtps_cpp__visibility_control.h
[3.545s] -- Up-to-date: /home/manav/robotis_ws/install/my_service_package/include/my_service_package/my_service_package/msg/detail
[3.545s] -- Up-to-date: /home/manav/robotis_ws/install/my_service_package/include/my_service_package/my_service_package/msg/detail/rot_pos__rosidl_typesupport_fastrtps_cpp.hpp
[3.546s] -- Up-to-date: /home/manav/robotis_ws/install/my_service_package/include/my_service_package/my_service_package/msg/detail/vel_pos__rosidl_typesupport_fastrtps_cpp.hpp
[3.546s] -- Up-to-date: /home/manav/robotis_ws/install/my_service_package/include/my_service_package/my_service_package/msg/detail/dds_fastrtps
[3.546s] -- Up-to-date: /home/manav/robotis_ws/install/my_service_package/lib/libmy_service_package__rosidl_typesupport_fastrtps_cpp.so
[3.546s] -- Up-to-date: /home/manav/robotis_ws/install/my_service_package/include/my_service_package/my_service_package
[3.546s] -- Up-to-date: /home/manav/robotis_ws/install/my_service_package/include/my_service_package/my_service_package/srv
[3.546s] -- Up-to-date: /home/manav/robotis_ws/install/my_service_package/include/my_service_package/my_service_package/srv/detail
[3.547s] -- Up-to-date: /home/manav/robotis_ws/install/my_service_package/include/my_service_package/my_service_package/srv/detail/endeffector_velservice__rosidl_typesupport_introspection_c.h
[3.547s] -- Up-to-date: /home/manav/robotis_ws/install/my_service_package/include/my_service_package/my_service_package/srv/detail/endeffector_velservice__type_support.c
[3.547s] -- Up-to-date: /home/manav/robotis_ws/install/my_service_package/include/my_service_package/my_service_package/srv/detail/float_pos__type_support.c
[3.547s] -- Up-to-date: /home/manav/robotis_ws/install/my_service_package/include/my_service_package/my_service_package/srv/detail/i_kservice__type_support.c
[3.547s] -- Up-to-date: /home/manav/robotis_ws/install/my_service_package/include/my_service_package/my_service_package/srv/detail/i_kservice__rosidl_typesupport_introspection_c.h
[3.547s] -- Up-to-date: /home/manav/robotis_ws/install/my_service_package/include/my_service_package/my_service_package/srv/detail/joint_velservice__rosidl_typesupport_introspection_c.h
[3.547s] -- Up-to-date: /home/manav/robotis_ws/install/my_service_package/include/my_service_package/my_service_package/srv/detail/joint_velservice__type_support.c
[3.548s] -- Up-to-date: /home/manav/robotis_ws/install/my_service_package/include/my_service_package/my_service_package/srv/detail/float_pos__rosidl_typesupport_introspection_c.h
[3.548s] -- Up-to-date: /home/manav/robotis_ws/install/my_service_package/include/my_service_package/my_service_package/msg
[3.548s] -- Up-to-date: /home/manav/robotis_ws/install/my_service_package/include/my_service_package/my_service_package/msg/rosidl_typesupport_introspection_c__visibility_control.h
[3.557s] -- Up-to-date: /home/manav/robotis_ws/install/my_service_package/include/my_service_package/my_service_package/msg/detail
[3.557s] -- Up-to-date: /home/manav/robotis_ws/install/my_service_package/include/my_service_package/my_service_package/msg/detail/vel_pos__type_support.c
[3.557s] -- Up-to-date: /home/manav/robotis_ws/install/my_service_package/include/my_service_package/my_service_package/msg/detail/vel_pos__rosidl_typesupport_introspection_c.h
[3.558s] -- Up-to-date: /home/manav/robotis_ws/install/my_service_package/include/my_service_package/my_service_package/msg/detail/rot_pos__type_support.c
[3.558s] -- Up-to-date: /home/manav/robotis_ws/install/my_service_package/include/my_service_package/my_service_package/msg/detail/rot_pos__rosidl_typesupport_introspection_c.h
[3.558s] -- Up-to-date: /home/manav/robotis_ws/install/my_service_package/lib/libmy_service_package__rosidl_typesupport_introspection_c.so
[3.558s] -- Up-to-date: /home/manav/robotis_ws/install/my_service_package/lib/libmy_service_package__rosidl_typesupport_c.so
[3.558s] -- Up-to-date: /home/manav/robotis_ws/install/my_service_package/include/my_service_package/my_service_package
[3.558s] -- Up-to-date: /home/manav/robotis_ws/install/my_service_package/include/my_service_package/my_service_package/srv
[3.558s] -- Up-to-date: /home/manav/robotis_ws/install/my_service_package/include/my_service_package/my_service_package/srv/detail
[3.559s] -- Up-to-date: /home/manav/robotis_ws/install/my_service_package/include/my_service_package/my_service_package/srv/detail/joint_velservice__type_support.cpp
[3.559s] -- Up-to-date: /home/manav/robotis_ws/install/my_service_package/include/my_service_package/my_service_package/srv/detail/endeffector_velservice__rosidl_typesupport_introspection_cpp.hpp
[3.559s] -- Up-to-date: /home/manav/robotis_ws/install/my_service_package/include/my_service_package/my_service_package/srv/detail/i_kservice__type_support.cpp
[3.559s] -- Up-to-date: /home/manav/robotis_ws/install/my_service_package/include/my_service_package/my_service_package/srv/detail/endeffector_velservice__type_support.cpp
[3.559s] -- Up-to-date: /home/manav/robotis_ws/install/my_service_package/include/my_service_package/my_service_package/srv/detail/float_pos__type_support.cpp
[3.559s] -- Up-to-date: /home/manav/robotis_ws/install/my_service_package/include/my_service_package/my_service_package/srv/detail/float_pos__rosidl_typesupport_introspection_cpp.hpp
[3.559s] -- Up-to-date: /home/manav/robotis_ws/install/my_service_package/include/my_service_package/my_service_package/srv/detail/joint_velservice__rosidl_typesupport_introspection_cpp.hpp
[3.560s] -- Up-to-date: /home/manav/robotis_ws/install/my_service_package/include/my_service_package/my_service_package/srv/detail/i_kservice__rosidl_typesupport_introspection_cpp.hpp
[3.560s] -- Up-to-date: /home/manav/robotis_ws/install/my_service_package/include/my_service_package/my_service_package/msg
[3.560s] -- Up-to-date: /home/manav/robotis_ws/install/my_service_package/include/my_service_package/my_service_package/msg/detail
[3.564s] -- Up-to-date: /home/manav/robotis_ws/install/my_service_package/include/my_service_package/my_service_package/msg/detail/vel_pos__type_support.cpp
[3.564s] -- Up-to-date: /home/manav/robotis_ws/install/my_service_package/include/my_service_package/my_service_package/msg/detail/rot_pos__rosidl_typesupport_introspection_cpp.hpp
[3.565s] -- Up-to-date: /home/manav/robotis_ws/install/my_service_package/include/my_service_package/my_service_package/msg/detail/rot_pos__type_support.cpp
[3.565s] -- Up-to-date: /home/manav/robotis_ws/install/my_service_package/include/my_service_package/my_service_package/msg/detail/vel_pos__rosidl_typesupport_introspection_cpp.hpp
[3.565s] -- Up-to-date: /home/manav/robotis_ws/install/my_service_package/lib/libmy_service_package__rosidl_typesupport_introspection_cpp.so
[3.565s] -- Up-to-date: /home/manav/robotis_ws/install/my_service_package/lib/libmy_service_package__rosidl_typesupport_cpp.so
[3.565s] -- Up-to-date: /home/manav/robotis_ws/install/my_service_package/share/my_service_package/environment/pythonpath.sh
[3.565s] -- Up-to-date: /home/manav/robotis_ws/install/my_service_package/share/my_service_package/environment/pythonpath.dsv
[3.566s] -- Up-to-date: /home/manav/robotis_ws/install/my_service_package/local/lib/python3.10/dist-packages/my_service_package-0.0.0-py3.10.egg-info
[3.566s] -- Installing: /home/manav/robotis_ws/install/my_service_package/local/lib/python3.10/dist-packages/my_service_package-0.0.0-py3.10.egg-info/top_level.txt
[3.566s] -- Installing: /home/manav/robotis_ws/install/my_service_package/local/lib/python3.10/dist-packages/my_service_package-0.0.0-py3.10.egg-info/dependency_links.txt
[3.566s] -- Installing: /home/manav/robotis_ws/install/my_service_package/local/lib/python3.10/dist-packages/my_service_package-0.0.0-py3.10.egg-info/PKG-INFO
[3.566s] -- Installing: /home/manav/robotis_ws/install/my_service_package/local/lib/python3.10/dist-packages/my_service_package-0.0.0-py3.10.egg-info/SOURCES.txt
[3.566s] -- Up-to-date: /home/manav/robotis_ws/install/my_service_package/local/lib/python3.10/dist-packages/my_service_package
[3.566s] -- Up-to-date: /home/manav/robotis_ws/install/my_service_package/local/lib/python3.10/dist-packages/my_service_package/_my_service_package_s.ep.rosidl_typesupport_introspection_c.c
[3.567s] -- Up-to-date: /home/manav/robotis_ws/install/my_service_package/local/lib/python3.10/dist-packages/my_service_package/libmy_service_package__rosidl_generator_py.so
[3.567s] -- Up-to-date: /home/manav/robotis_ws/install/my_service_package/local/lib/python3.10/dist-packages/my_service_package/my_service_package_s__rosidl_typesupport_fastrtps_c.cpython-310-x86_64-linux-gnu.so
[3.567s] -- Up-to-date: /home/manav/robotis_ws/install/my_service_package/local/lib/python3.10/dist-packages/my_service_package/_my_service_package_s.ep.rosidl_typesupport_fastrtps_c.c
[3.567s] -- Up-to-date: /home/manav/robotis_ws/install/my_service_package/local/lib/python3.10/dist-packages/my_service_package/srv
[3.567s] -- Up-to-date: /home/manav/robotis_ws/install/my_service_package/local/lib/python3.10/dist-packages/my_service_package/srv/_i_kservice.py
[3.567s] -- Up-to-date: /home/manav/robotis_ws/install/my_service_package/local/lib/python3.10/dist-packages/my_service_package/srv/_float_pos_s.c
[3.567s] -- Up-to-date: /home/manav/robotis_ws/install/my_service_package/local/lib/python3.10/dist-packages/my_service_package/srv/_float_pos.py
[3.568s] -- Up-to-date: /home/manav/robotis_ws/install/my_service_package/local/lib/python3.10/dist-packages/my_service_package/srv/_joint_velservice_s.c
[3.568s] -- Up-to-date: /home/manav/robotis_ws/install/my_service_package/local/lib/python3.10/dist-packages/my_service_package/srv/_endeffector_velservice_s.c
[3.568s] -- Up-to-date: /home/manav/robotis_ws/install/my_service_package/local/lib/python3.10/dist-packages/my_service_package/srv/_endeffector_velservice.py
[3.568s] -- Up-to-date: /home/manav/robotis_ws/install/my_service_package/local/lib/python3.10/dist-packages/my_service_package/srv/_i_kservice_s.c
[3.568s] -- Up-to-date: /home/manav/robotis_ws/install/my_service_package/local/lib/python3.10/dist-packages/my_service_package/srv/_joint_velservice.py
[3.568s] -- Up-to-date: /home/manav/robotis_ws/install/my_service_package/local/lib/python3.10/dist-packages/my_service_package/srv/__init__.py
[3.568s] -- Up-to-date: /home/manav/robotis_ws/install/my_service_package/local/lib/python3.10/dist-packages/my_service_package/msg
[3.569s] -- Up-to-date: /home/manav/robotis_ws/install/my_service_package/local/lib/python3.10/dist-packages/my_service_package/msg/_vel_pos.py
[3.569s] -- Up-to-date: /home/manav/robotis_ws/install/my_service_package/local/lib/python3.10/dist-packages/my_service_package/msg/_rot_pos.py
[3.569s] -- Up-to-date: /home/manav/robotis_ws/install/my_service_package/local/lib/python3.10/dist-packages/my_service_package/msg/_vel_pos_s.c
[3.577s] -- Up-to-date: /home/manav/robotis_ws/install/my_service_package/local/lib/python3.10/dist-packages/my_service_package/msg/_rot_pos_s.c
[3.577s] -- Up-to-date: /home/manav/robotis_ws/install/my_service_package/local/lib/python3.10/dist-packages/my_service_package/msg/__init__.py
[3.577s] -- Up-to-date: /home/manav/robotis_ws/install/my_service_package/local/lib/python3.10/dist-packages/my_service_package/_my_service_package_s.ep.rosidl_typesupport_c.c
[3.577s] -- Up-to-date: /home/manav/robotis_ws/install/my_service_package/local/lib/python3.10/dist-packages/my_service_package/my_service_package_s__rosidl_typesupport_introspection_c.cpython-310-x86_64-linux-gnu.so
[3.578s] -- Up-to-date: /home/manav/robotis_ws/install/my_service_package/local/lib/python3.10/dist-packages/my_service_package/my_service_package_s__rosidl_typesupport_c.cpython-310-x86_64-linux-gnu.so
[3.578s] -- Up-to-date: /home/manav/robotis_ws/install/my_service_package/local/lib/python3.10/dist-packages/my_service_package/__init__.py
[3.833s] Listing '/home/manav/robotis_ws/install/my_service_package/local/lib/python3.10/dist-packages/my_service_package'...
[3.833s] Listing '/home/manav/robotis_ws/install/my_service_package/local/lib/python3.10/dist-packages/my_service_package/msg'...
[3.833s] Listing '/home/manav/robotis_ws/install/my_service_package/local/lib/python3.10/dist-packages/my_service_package/srv'...
[3.888s] -- Up-to-date: /home/manav/robotis_ws/install/my_service_package/local/lib/python3.10/dist-packages/my_service_package/my_service_package_s__rosidl_typesupport_fastrtps_c.cpython-310-x86_64-linux-gnu.so
[3.891s] -- Up-to-date: /home/manav/robotis_ws/install/my_service_package/local/lib/python3.10/dist-packages/my_service_package/my_service_package_s__rosidl_typesupport_introspection_c.cpython-310-x86_64-linux-gnu.so
[3.893s] -- Up-to-date: /home/manav/robotis_ws/install/my_service_package/local/lib/python3.10/dist-packages/my_service_package/my_service_package_s__rosidl_typesupport_c.cpython-310-x86_64-linux-gnu.so
[3.899s] -- Up-to-date: /home/manav/robotis_ws/install/my_service_package/lib/libmy_service_package__rosidl_generator_py.so
[3.899s] -- Up-to-date: /home/manav/robotis_ws/install/my_service_package/share/my_service_package/msg/RotPos.idl
[3.899s] -- Up-to-date: /home/manav/robotis_ws/install/my_service_package/share/my_service_package/msg/VelPos.idl
[3.899s] -- Up-to-date: /home/manav/robotis_ws/install/my_service_package/share/my_service_package/srv/IKservice.idl
[3.899s] -- Up-to-date: /home/manav/robotis_ws/install/my_service_package/share/my_service_package/srv/JointVelservice.idl
[3.907s] -- Up-to-date: /home/manav/robotis_ws/install/my_service_package/share/my_service_package/srv/EndeffectorVelservice.idl
[3.907s] -- Up-to-date: /home/manav/robotis_ws/install/my_service_package/share/my_service_package/srv/FloatPos.idl
[3.908s] -- Up-to-date: /home/manav/robotis_ws/install/my_service_package/share/my_service_package/msg/RotPos.msg
[3.909s] -- Up-to-date: /home/manav/robotis_ws/install/my_service_package/share/my_service_package/msg/VelPos.msg
[3.909s] -- Up-to-date: /home/manav/robotis_ws/install/my_service_package/share/my_service_package/srv/IKservice.srv
[3.909s] -- Up-to-date: /home/manav/robotis_ws/install/my_service_package/share/my_service_package/srv/IKservice_Request.msg
[3.909s] -- Up-to-date: /home/manav/robotis_ws/install/my_service_package/share/my_service_package/srv/IKservice_Response.msg
[3.909s] -- Up-to-date: /home/manav/robotis_ws/install/my_service_package/share/my_service_package/srv/JointVelservice.srv
[3.909s] -- Up-to-date: /home/manav/robotis_ws/install/my_service_package/share/my_service_package/srv/JointVelservice_Request.msg
[3.910s] -- Up-to-date: /home/manav/robotis_ws/install/my_service_package/share/my_service_package/srv/JointVelservice_Response.msg
[3.910s] -- Up-to-date: /home/manav/robotis_ws/install/my_service_package/share/my_service_package/srv/EndeffectorVelservice.srv
[3.910s] -- Up-to-date: /home/manav/robotis_ws/install/my_service_package/share/my_service_package/srv/EndeffectorVelservice_Request.msg
[3.910s] -- Up-to-date: /home/manav/robotis_ws/install/my_service_package/share/my_service_package/srv/EndeffectorVelservice_Response.msg
[3.915s] -- Up-to-date: /home/manav/robotis_ws/install/my_service_package/share/my_service_package/srv/FloatPos.srv
[3.916s] -- Up-to-date: /home/manav/robotis_ws/install/my_service_package/share/my_service_package/srv/FloatPos_Request.msg
[3.916s] -- Up-to-date: /home/manav/robotis_ws/install/my_service_package/share/my_service_package/srv/FloatPos_Response.msg
[3.916s] -- Up-to-date: /home/manav/robotis_ws/install/my_service_package/share/ament_index/resource_index/package_run_dependencies/my_service_package
[3.916s] -- Up-to-date: /home/manav/robotis_ws/install/my_service_package/share/ament_index/resource_index/parent_prefix_path/my_service_package
[3.916s] -- Up-to-date: /home/manav/robotis_ws/install/my_service_package/share/my_service_package/environment/ament_prefix_path.sh
[3.916s] -- Up-to-date: /home/manav/robotis_ws/install/my_service_package/share/my_service_package/environment/ament_prefix_path.dsv
[3.917s] -- Up-to-date: /home/manav/robotis_ws/install/my_service_package/share/my_service_package/environment/path.sh
[3.917s] -- Up-to-date: /home/manav/robotis_ws/install/my_service_package/share/my_service_package/environment/path.dsv
[3.917s] -- Up-to-date: /home/manav/robotis_ws/install/my_service_package/share/my_service_package/local_setup.bash
[3.919s] -- Up-to-date: /home/manav/robotis_ws/install/my_service_package/share/my_service_package/local_setup.sh
[3.920s] -- Up-to-date: /home/manav/robotis_ws/install/my_service_package/share/my_service_package/local_setup.zsh
[3.922s] -- Up-to-date: /home/manav/robotis_ws/install/my_service_package/share/my_service_package/local_setup.dsv
[3.922s] -- Installing: /home/manav/robotis_ws/install/my_service_package/share/my_service_package/package.dsv
[3.923s] -- Up-to-date: /home/manav/robotis_ws/install/my_service_package/share/ament_index/resource_index/packages/my_service_package
[3.924s] -- Up-to-date: /home/manav/robotis_ws/install/my_service_package/share/my_service_package/cmake/export_my_service_package__rosidl_generator_cExport.cmake
[3.924s] -- Up-to-date: /home/manav/robotis_ws/install/my_service_package/share/my_service_package/cmake/export_my_service_package__rosidl_generator_cExport-noconfig.cmake
[3.924s] -- Up-to-date: /home/manav/robotis_ws/install/my_service_package/share/my_service_package/cmake/export_my_service_package__rosidl_typesupport_fastrtps_cExport.cmake
[3.925s] -- Up-to-date: /home/manav/robotis_ws/install/my_service_package/share/my_service_package/cmake/export_my_service_package__rosidl_typesupport_fastrtps_cExport-noconfig.cmake
[3.925s] -- Up-to-date: /home/manav/robotis_ws/install/my_service_package/share/my_service_package/cmake/export_my_service_package__rosidl_generator_cppExport.cmake
[3.925s] -- Up-to-date: /home/manav/robotis_ws/install/my_service_package/share/my_service_package/cmake/export_my_service_package__rosidl_typesupport_fastrtps_cppExport.cmake
[3.925s] -- Up-to-date: /home/manav/robotis_ws/install/my_service_package/share/my_service_package/cmake/export_my_service_package__rosidl_typesupport_fastrtps_cppExport-noconfig.cmake
[3.927s] -- Up-to-date: /home/manav/robotis_ws/install/my_service_package/share/my_service_package/cmake/my_service_package__rosidl_typesupport_introspection_cExport.cmake
[3.927s] -- Up-to-date: /home/manav/robotis_ws/install/my_service_package/share/my_service_package/cmake/my_service_package__rosidl_typesupport_introspection_cExport-noconfig.cmake
[3.927s] -- Up-to-date: /home/manav/robotis_ws/install/my_service_package/share/my_service_package/cmake/my_service_package__rosidl_typesupport_cExport.cmake
[3.928s] -- Up-to-date: /home/manav/robotis_ws/install/my_service_package/share/my_service_package/cmake/my_service_package__rosidl_typesupport_cExport-noconfig.cmake
[3.928s] -- Up-to-date: /home/manav/robotis_ws/install/my_service_package/share/my_service_package/cmake/my_service_package__rosidl_typesupport_introspection_cppExport.cmake
[3.936s] -- Up-to-date: /home/manav/robotis_ws/install/my_service_package/share/my_service_package/cmake/my_service_package__rosidl_typesupport_introspection_cppExport-noconfig.cmake
[3.937s] -- Up-to-date: /home/manav/robotis_ws/install/my_service_package/share/my_service_package/cmake/my_service_package__rosidl_typesupport_cppExport.cmake
[3.937s] -- Up-to-date: /home/manav/robotis_ws/install/my_service_package/share/my_service_package/cmake/my_service_package__rosidl_typesupport_cppExport-noconfig.cmake
[3.937s] -- Up-to-date: /home/manav/robotis_ws/install/my_service_package/share/my_service_package/cmake/export_my_service_package__rosidl_generator_pyExport.cmake
[3.937s] -- Up-to-date: /home/manav/robotis_ws/install/my_service_package/share/my_service_package/cmake/export_my_service_package__rosidl_generator_pyExport-noconfig.cmake
[3.937s] -- Up-to-date: /home/manav/robotis_ws/install/my_service_package/share/my_service_package/cmake/rosidl_cmake-extras.cmake
[3.937s] -- Up-to-date: /home/manav/robotis_ws/install/my_service_package/share/my_service_package/cmake/ament_cmake_export_dependencies-extras.cmake
[3.941s] -- Up-to-date: /home/manav/robotis_ws/install/my_service_package/share/my_service_package/cmake/ament_cmake_export_include_directories-extras.cmake
[3.942s] -- Up-to-date: /home/manav/robotis_ws/install/my_service_package/share/my_service_package/cmake/ament_cmake_export_libraries-extras.cmake
[3.942s] -- Up-to-date: /home/manav/robotis_ws/install/my_service_package/share/my_service_package/cmake/ament_cmake_export_targets-extras.cmake
[3.942s] -- Up-to-date: /home/manav/robotis_ws/install/my_service_package/share/my_service_package/cmake/rosidl_cmake_export_typesupport_targets-extras.cmake
[3.942s] -- Up-to-date: /home/manav/robotis_ws/install/my_service_package/share/my_service_package/cmake/rosidl_cmake_export_typesupport_libraries-extras.cmake
[3.942s] -- Up-to-date: /home/manav/robotis_ws/install/my_service_package/share/my_service_package/cmake/my_service_packageConfig.cmake
[3.947s] -- Up-to-date: /home/manav/robotis_ws/install/my_service_package/share/my_service_package/cmake/my_service_packageConfig-version.cmake
[3.947s] -- Up-to-date: /home/manav/robotis_ws/install/my_service_package/share/my_service_package/package.xml
[4.507s] Invoked command in '/home/manav/robotis_ws/build/my_service_package' returned '0': CMAKE_PREFIX_PATH=${CMAKE_PREFIX_PATH}:/home/manav/robotis_ws/install/vel_kinematics:/home/manav/robotis_ws/install/rbe500_example_py:/home/manav/robotis_ws/install/pdctr:/home/manav/robotis_ws/install/inverse:/home/manav/robotis_ws/install/forward:/home/manav/ros2_test/install/my_robot_controller:/opt/ros/humble /usr/bin/cmake --install /home/manav/robotis_ws/build/my_service_package
