[1.690s] Invoking command in '/home/manav/robotis_ws/src/OpenManipulatorX_ROS2-main/inverse': PYTHONPATH=/home/manav/robotis_ws/build/inverse/prefix_override:/usr/lib/python3/dist-packages/colcon_core/task/python/colcon_distutils_commands:/home/manav/robotis_ws/install/inverse/lib/python3.10/site-packages:${PYTHONPATH} /usr/bin/python3 -W ignore:setup.py install is deprecated -W ignore:easy_install command is deprecated setup.py egg_info --egg-base ../../../build/inverse build --build-base /home/manav/robotis_ws/build/inverse/build install --record /home/manav/robotis_ws/build/inverse/install.log --single-version-externally-managed install_data
[2.408s] running egg_info
[2.408s] writing ../../../build/inverse/inverse.egg-info/PKG-INFO
[2.409s] writing dependency_links to ../../../build/inverse/inverse.egg-info/dependency_links.txt
[2.412s] writing entry points to ../../../build/inverse/inverse.egg-info/entry_points.txt
[2.413s] writing requirements to ../../../build/inverse/inverse.egg-info/requires.txt
[2.413s] writing top-level names to ../../../build/inverse/inverse.egg-info/top_level.txt
[2.413s] reading manifest file '../../../build/inverse/inverse.egg-info/SOURCES.txt'
[2.414s] adding license file 'LICENSE'
[2.415s] writing manifest file '../../../build/inverse/inverse.egg-info/SOURCES.txt'
[2.415s] running build
[2.416s] running build_py
[2.416s] running install
[2.417s] running install_lib
[2.419s] running install_data
[2.419s] running install_egg_info
[2.423s] removing '/home/manav/robotis_ws/install/inverse/lib/python3.10/site-packages/inverse-0.0.0-py3.10.egg-info' (and everything under it)
[2.423s] Copying ../../../build/inverse/inverse.egg-info to /home/manav/robotis_ws/install/inverse/lib/python3.10/site-packages/inverse-0.0.0-py3.10.egg-info
[2.425s] running install_scripts
[2.464s] Installing inv_call script to /home/manav/robotis_ws/install/inverse/lib/inverse
[2.465s] writing list of installed files to '/home/manav/robotis_ws/build/inverse/install.log'
[2.905s] Invoked command in '/home/manav/robotis_ws/src/OpenManipulatorX_ROS2-main/inverse' returned '0': PYTHONPATH=/home/manav/robotis_ws/build/inverse/prefix_override:/usr/lib/python3/dist-packages/colcon_core/task/python/colcon_distutils_commands:/home/manav/robotis_ws/install/inverse/lib/python3.10/site-packages:${PYTHONPATH} /usr/bin/python3 -W ignore:setup.py install is deprecated -W ignore:easy_install command is deprecated setup.py egg_info --egg-base ../../../build/inverse build --build-base /home/manav/robotis_ws/build/inverse/build install --record /home/manav/robotis_ws/build/inverse/install.log --single-version-externally-managed install_data
