[4.466s] Invoking command in '/home/manav/robotis_ws/src/OpenManipulatorX_ROS2-main/inverse': PYTHONPATH=/home/manav/robotis_ws/build/inverse/prefix_override:/usr/lib/python3/dist-packages/colcon_core/task/python/colcon_distutils_commands:/home/manav/robotis_ws/install/inverse/lib/python3.10/site-packages:${PYTHONPATH} /usr/bin/python3 -W ignore:setup.py install is deprecated setup.py egg_info --egg-base ../../../build/inverse build --build-base /home/manav/robotis_ws/build/inverse/build install --record /home/manav/robotis_ws/build/inverse/install.log --single-version-externally-managed install_data
[5.995s] running egg_info
[5.998s] writing ../../../build/inverse/inverse.egg-info/PKG-INFO
[5.999s] writing dependency_links to ../../../build/inverse/inverse.egg-info/dependency_links.txt
[5.999s] writing entry points to ../../../build/inverse/inverse.egg-info/entry_points.txt
[6.000s] writing requirements to ../../../build/inverse/inverse.egg-info/requires.txt
[6.001s] writing top-level names to ../../../build/inverse/inverse.egg-info/top_level.txt
[6.010s] reading manifest file '../../../build/inverse/inverse.egg-info/SOURCES.txt'
[6.010s] adding license file 'LICENSE'
[6.010s] writing manifest file '../../../build/inverse/inverse.egg-info/SOURCES.txt'
[6.010s] running build
[6.010s] running build_py
[6.011s] running install
[6.011s] running install_lib
[6.014s] running install_data
[6.015s] running install_egg_info
[6.024s] removing '/home/manav/robotis_ws/install/inverse/lib/python3.10/site-packages/inverse-0.0.0-py3.10.egg-info' (and everything under it)
[6.026s] Copying ../../../build/inverse/inverse.egg-info to /home/manav/robotis_ws/install/inverse/lib/python3.10/site-packages/inverse-0.0.0-py3.10.egg-info
[6.027s] running install_scripts
[6.086s] Installing inv_call script to /home/manav/robotis_ws/install/inverse/lib/inverse
[6.088s] writing list of installed files to '/home/manav/robotis_ws/build/inverse/install.log'
[6.434s] Invoked command in '/home/manav/robotis_ws/src/OpenManipulatorX_ROS2-main/inverse' returned '0': PYTHONPATH=/home/manav/robotis_ws/build/inverse/prefix_override:/usr/lib/python3/dist-packages/colcon_core/task/python/colcon_distutils_commands:/home/manav/robotis_ws/install/inverse/lib/python3.10/site-packages:${PYTHONPATH} /usr/bin/python3 -W ignore:setup.py install is deprecated setup.py egg_info --egg-base ../../../build/inverse build --build-base /home/manav/robotis_ws/build/inverse/build install --record /home/manav/robotis_ws/build/inverse/install.log --single-version-externally-managed install_data
