[0.439s] Invoking command in '/home/manav/robotis_ws/build/my_service_package': CMAKE_PREFIX_PATH=${CMAKE_PREFIX_PATH}:/home/manav/robotis_ws/install/vel_kinematics:/home/manav/robotis_ws/install/rbe500_example_py:/home/manav/robotis_ws/install/pdctr:/home/manav/robotis_ws/install/inverse:/home/manav/robotis_ws/install/forward:/home/manav/ros2_test/install/my_robot_controller:/opt/ros/humble /usr/bin/cmake --build /home/manav/robotis_ws/build/my_service_package -- -j4 -l4
[0.639s] [  1%] Built target my_service_package__cpp
[0.642s] [ 12%] Built target my_service_package__rosidl_generator_c
[0.693s] [ 12%] Built target ament_cmake_python_copy_my_service_package
[0.747s] [ 23%] Built target my_service_package__rosidl_typesupport_introspection_c
[0.764s] [ 35%] Built target my_service_package__rosidl_typesupport_c
[0.786s] [ 46%] Built target my_service_package__rosidl_typesupport_fastrtps_c
[0.829s] [ 57%] Built target my_service_package__rosidl_typesupport_introspection_cpp
[0.883s] [ 69%] Built target my_service_package__rosidl_typesupport_fastrtps_cpp
[0.906s] [ 80%] Built target my_service_package__rosidl_typesupport_cpp
[0.963s] [ 80%] Built target my_service_package
[1.010s] [ 81%] Built target my_service_package__py
[1.109s] [ 91%] Built target my_service_package__rosidl_generator_py
[1.216s] [ 94%] Built target my_service_package__rosidl_typesupport_fastrtps_c__pyext
[1.249s] [ 97%] Built target my_service_package__rosidl_typesupport_introspection_c__pyext
[1.249s] [100%] Built target my_service_package__rosidl_typesupport_c__pyext
[1.502s] running egg_info
[1.503s] writing my_service_package.egg-info/PKG-INFO
[1.505s] writing dependency_links to my_service_package.egg-info/dependency_links.txt
[1.506s] writing top-level names to my_service_package.egg-info/top_level.txt
[1.510s] reading manifest file 'my_service_package.egg-info/SOURCES.txt'
[1.512s] writing manifest file 'my_service_package.egg-info/SOURCES.txt'
[1.556s] [100%] Built target ament_cmake_python_build_my_service_package_egg
[1.820s] Invoked command in '/home/manav/robotis_ws/build/my_service_package' returned '0': CMAKE_PREFIX_PATH=${CMAKE_PREFIX_PATH}:/home/manav/robotis_ws/install/vel_kinematics:/home/manav/robotis_ws/install/rbe500_example_py:/home/manav/robotis_ws/install/pdctr:/home/manav/robotis_ws/install/inverse:/home/manav/robotis_ws/install/forward:/home/manav/ros2_test/install/my_robot_controller:/opt/ros/humble /usr/bin/cmake --build /home/manav/robotis_ws/build/my_service_package -- -j4 -l4
[1.821s] Invoking command in '/home/manav/robotis_ws/build/my_service_package': CMAKE_PREFIX_PATH=${CMAKE_PREFIX_PATH}:/home/manav/robotis_ws/install/vel_kinematics:/home/manav/robotis_ws/install/rbe500_example_py:/home/manav/robotis_ws/install/pdctr:/home/manav/robotis_ws/install/inverse:/home/manav/robotis_ws/install/forward:/home/manav/ros2_test/install/my_robot_controller:/opt/ros/humble /usr/bin/cmake --install /home/manav/robotis_ws/build/my_service_package
[1.841s] -- Install configuration: ""
[1.841s] -- Up-to-date: /home/manav/robotis_ws/install/my_service_package/share/ament_index/resource_index/rosidl_interfaces/my_service_package
[1.841s] -- Up-to-date: /home/manav/robotis_ws/install/my_service_package/include/my_service_package/my_service_package
[1.841s] -- Up-to-date: /home/manav/robotis_ws/install/my_service_package/include/my_service_package/my_service_package/srv
[1.842s] -- Up-to-date: /home/manav/robotis_ws/install/my_service_package/include/my_service_package/my_service_package/srv/float_pos.h
[1.842s] -- Up-to-date: /home/manav/robotis_ws/install/my_service_package/include/my_service_package/my_service_package/srv/endeffector_velservice.h
[1.842s] -- Up-to-date: /home/manav/robotis_ws/install/my_service_package/include/my_service_package/my_service_package/srv/i_kservice.h
[1.842s] -- Up-to-date: /home/manav/robotis_ws/install/my_service_package/include/my_service_package/my_service_package/srv/detail
[1.842s] -- Up-to-date: /home/manav/robotis_ws/install/my_service_package/include/my_service_package/my_service_package/srv/detail/endeffector_velservice__functions.h
[1.842s] -- Up-to-date: /home/manav/robotis_ws/install/my_service_package/include/my_service_package/my_service_package/srv/detail/joint_velservice__functions.c
[1.842s] -- Up-to-date: /home/manav/robotis_ws/install/my_service_package/include/my_service_package/my_service_package/srv/detail/float_pos__struct.h
[1.842s] -- Up-to-date: /home/manav/robotis_ws/install/my_service_package/include/my_service_package/my_service_package/srv/detail/endeffector_velservice__struct.h
[1.843s] -- Up-to-date: /home/manav/robotis_ws/install/my_service_package/include/my_service_package/my_service_package/srv/detail/float_pos__functions.h
[1.843s] -- Up-to-date: /home/manav/robotis_ws/install/my_service_package/include/my_service_package/my_service_package/srv/detail/joint_velservice__struct.h
[1.843s] -- Up-to-date: /home/manav/robotis_ws/install/my_service_package/include/my_service_package/my_service_package/srv/detail/i_kservice__type_support.h
[1.843s] -- Up-to-date: /home/manav/robotis_ws/install/my_service_package/include/my_service_package/my_service_package/srv/detail/float_pos__functions.c
[1.843s] -- Up-to-date: /home/manav/robotis_ws/install/my_service_package/include/my_service_package/my_service_package/srv/detail/endeffector_velservice__type_support.h
[1.843s] -- Up-to-date: /home/manav/robotis_ws/install/my_service_package/include/my_service_package/my_service_package/srv/detail/i_kservice__struct.h
[1.843s] -- Up-to-date: /home/manav/robotis_ws/install/my_service_package/include/my_service_package/my_service_package/srv/detail/i_kservice__functions.c
[1.843s] -- Up-to-date: /home/manav/robotis_ws/install/my_service_package/include/my_service_package/my_service_package/srv/detail/i_kservice__functions.h
[1.847s] -- Up-to-date: /home/manav/robotis_ws/install/my_service_package/include/my_service_package/my_service_package/srv/detail/float_pos__type_support.h
[1.847s] -- Up-to-date: /home/manav/robotis_ws/install/my_service_package/include/my_service_package/my_service_package/srv/detail/endeffector_velservice__functions.c
[1.847s] -- Up-to-date: /home/manav/robotis_ws/install/my_service_package/include/my_service_package/my_service_package/srv/detail/joint_velservice__type_support.h
[1.847s] -- Up-to-date: /home/manav/robotis_ws/install/my_service_package/include/my_service_package/my_service_package/srv/detail/joint_velservice__functions.h
[1.847s] -- Up-to-date: /home/manav/robotis_ws/install/my_service_package/include/my_service_package/my_service_package/srv/joint_velservice.h
[1.847s] -- Up-to-date: /home/manav/robotis_ws/install/my_service_package/include/my_service_package/my_service_package/msg
[1.848s] -- Up-to-date: /home/manav/robotis_ws/install/my_service_package/include/my_service_package/my_service_package/msg/rot_pos.h
[1.848s] -- Up-to-date: /home/manav/robotis_ws/install/my_service_package/include/my_service_package/my_service_package/msg/vel_pos.h
[1.848s] -- Up-to-date: /home/manav/robotis_ws/install/my_service_package/include/my_service_package/my_service_package/msg/detail
[1.848s] -- Up-to-date: /home/manav/robotis_ws/install/my_service_package/include/my_service_package/my_service_package/msg/detail/rot_pos__struct.h
[1.848s] -- Up-to-date: /home/manav/robotis_ws/install/my_service_package/include/my_service_package/my_service_package/msg/detail/vel_pos__functions.h
[1.848s] -- Up-to-date: /home/manav/robotis_ws/install/my_service_package/include/my_service_package/my_service_package/msg/detail/vel_pos__struct.h
[1.848s] -- Up-to-date: /home/manav/robotis_ws/install/my_service_package/include/my_service_package/my_service_package/msg/detail/vel_pos__type_support.h
[1.848s] -- Up-to-date: /home/manav/robotis_ws/install/my_service_package/include/my_service_package/my_service_package/msg/detail/rot_pos__functions.h
[1.849s] -- Up-to-date: /home/manav/robotis_ws/install/my_service_package/include/my_service_package/my_service_package/msg/detail/rot_pos__functions.c
[1.849s] -- Up-to-date: /home/manav/robotis_ws/install/my_service_package/include/my_service_package/my_service_package/msg/detail/vel_pos__functions.c
[1.849s] -- Up-to-date: /home/manav/robotis_ws/install/my_service_package/include/my_service_package/my_service_package/msg/detail/rot_pos__type_support.h
[1.849s] -- Up-to-date: /home/manav/robotis_ws/install/my_service_package/include/my_service_package/my_service_package/msg/rosidl_generator_c__visibility_control.h
[1.849s] -- Up-to-date: /home/manav/robotis_ws/install/my_service_package/share/my_service_package/environment/library_path.sh
[1.849s] -- Up-to-date: /home/manav/robotis_ws/install/my_service_package/share/my_service_package/environment/library_path.dsv
[1.849s] -- Up-to-date: /home/manav/robotis_ws/install/my_service_package/lib/libmy_service_package__rosidl_generator_c.so
[1.853s] -- Up-to-date: /home/manav/robotis_ws/install/my_service_package/include/my_service_package/my_service_package
[1.854s] -- Up-to-date: /home/manav/robotis_ws/install/my_service_package/include/my_service_package/my_service_package/srv
[1.854s] -- Up-to-date: /home/manav/robotis_ws/install/my_service_package/include/my_service_package/my_service_package/srv/detail
[1.854s] -- Up-to-date: /home/manav/robotis_ws/install/my_service_package/include/my_service_package/my_service_package/srv/detail/float_pos__rosidl_typesupport_fastrtps_c.h
[1.854s] -- Up-to-date: /home/manav/robotis_ws/install/my_service_package/include/my_service_package/my_service_package/srv/detail/i_kservice__rosidl_typesupport_fastrtps_c.h
[1.855s] -- Up-to-date: /home/manav/robotis_ws/install/my_service_package/include/my_service_package/my_service_package/srv/detail/endeffector_velservice__rosidl_typesupport_fastrtps_c.h
[1.856s] -- Up-to-date: /home/manav/robotis_ws/install/my_service_package/include/my_service_package/my_service_package/srv/detail/joint_velservice__rosidl_typesupport_fastrtps_c.h
[1.856s] -- Up-to-date: /home/manav/robotis_ws/install/my_service_package/include/my_service_package/my_service_package/msg
[1.856s] -- Up-to-date: /home/manav/robotis_ws/install/my_service_package/include/my_service_package/my_service_package/msg/rosidl_typesupport_fastrtps_c__visibility_control.h
[1.856s] -- Up-to-date: /home/manav/robotis_ws/install/my_service_package/include/my_service_package/my_service_package/msg/detail
[1.856s] -- Up-to-date: /home/manav/robotis_ws/install/my_service_package/include/my_service_package/my_service_package/msg/detail/vel_pos__rosidl_typesupport_fastrtps_c.h
[1.856s] -- Up-to-date: /home/manav/robotis_ws/install/my_service_package/include/my_service_package/my_service_package/msg/detail/rot_pos__rosidl_typesupport_fastrtps_c.h
[1.860s] -- Up-to-date: /home/manav/robotis_ws/install/my_service_package/lib/libmy_service_package__rosidl_typesupport_fastrtps_c.so
[1.860s] -- Up-to-date: /home/manav/robotis_ws/install/my_service_package/include/my_service_package/my_service_package
[1.860s] -- Up-to-date: /home/manav/robotis_ws/install/my_service_package/include/my_service_package/my_service_package/srv
[1.860s] -- Up-to-date: /home/manav/robotis_ws/install/my_service_package/include/my_service_package/my_service_package/srv/joint_velservice.hpp
[1.860s] -- Up-to-date: /home/manav/robotis_ws/install/my_service_package/include/my_service_package/my_service_package/srv/float_pos.hpp
[1.860s] -- Up-to-date: /home/manav/robotis_ws/install/my_service_package/include/my_service_package/my_service_package/srv/endeffector_velservice.hpp
[1.860s] -- Up-to-date: /home/manav/robotis_ws/install/my_service_package/include/my_service_package/my_service_package/srv/i_kservice.hpp
[1.861s] -- Up-to-date: /home/manav/robotis_ws/install/my_service_package/include/my_service_package/my_service_package/srv/detail
[1.861s] -- Up-to-date: /home/manav/robotis_ws/install/my_service_package/include/my_service_package/my_service_package/srv/detail/float_pos__traits.hpp
[1.861s] -- Up-to-date: /home/manav/robotis_ws/install/my_service_package/include/my_service_package/my_service_package/srv/detail/joint_velservice__struct.hpp
[1.861s] -- Up-to-date: /home/manav/robotis_ws/install/my_service_package/include/my_service_package/my_service_package/srv/detail/i_kservice__traits.hpp
[1.861s] -- Up-to-date: /home/manav/robotis_ws/install/my_service_package/include/my_service_package/my_service_package/srv/detail/joint_velservice__traits.hpp
[1.862s] -- Up-to-date: /home/manav/robotis_ws/install/my_service_package/include/my_service_package/my_service_package/srv/detail/i_kservice__struct.hpp
[1.862s] -- Up-to-date: /home/manav/robotis_ws/install/my_service_package/include/my_service_package/my_service_package/srv/detail/float_pos__builder.hpp
[1.862s] -- Up-to-date: /home/manav/robotis_ws/install/my_service_package/include/my_service_package/my_service_package/srv/detail/i_kservice__builder.hpp
[1.862s] -- Up-to-date: /home/manav/robotis_ws/install/my_service_package/include/my_service_package/my_service_package/srv/detail/endeffector_velservice__struct.hpp
[1.863s] -- Up-to-date: /home/manav/robotis_ws/install/my_service_package/include/my_service_package/my_service_package/srv/detail/joint_velservice__builder.hpp
[1.864s] -- Up-to-date: /home/manav/robotis_ws/install/my_service_package/include/my_service_package/my_service_package/srv/detail/float_pos__struct.hpp
[1.864s] -- Up-to-date: /home/manav/robotis_ws/install/my_service_package/include/my_service_package/my_service_package/srv/detail/endeffector_velservice__traits.hpp
[1.864s] -- Up-to-date: /home/manav/robotis_ws/install/my_service_package/include/my_service_package/my_service_package/srv/detail/endeffector_velservice__builder.hpp
[1.864s] -- Up-to-date: /home/manav/robotis_ws/install/my_service_package/include/my_service_package/my_service_package/msg
[1.864s] -- Up-to-date: /home/manav/robotis_ws/install/my_service_package/include/my_service_package/my_service_package/msg/rot_pos.hpp
[1.864s] -- Up-to-date: /home/manav/robotis_ws/install/my_service_package/include/my_service_package/my_service_package/msg/vel_pos.hpp
[1.864s] -- Up-to-date: /home/manav/robotis_ws/install/my_service_package/include/my_service_package/my_service_package/msg/detail
[1.864s] -- Up-to-date: /home/manav/robotis_ws/install/my_service_package/include/my_service_package/my_service_package/msg/detail/rot_pos__traits.hpp
[1.865s] -- Up-to-date: /home/manav/robotis_ws/install/my_service_package/include/my_service_package/my_service_package/msg/detail/rot_pos__struct.hpp
[1.865s] -- Up-to-date: /home/manav/robotis_ws/install/my_service_package/include/my_service_package/my_service_package/msg/detail/vel_pos__traits.hpp
[1.865s] -- Up-to-date: /home/manav/robotis_ws/install/my_service_package/include/my_service_package/my_service_package/msg/detail/rot_pos__builder.hpp
[1.865s] -- Up-to-date: /home/manav/robotis_ws/install/my_service_package/include/my_service_package/my_service_package/msg/detail/vel_pos__struct.hpp
[1.865s] -- Up-to-date: /home/manav/robotis_ws/install/my_service_package/include/my_service_package/my_service_package/msg/detail/vel_pos__builder.hpp
[1.865s] -- Up-to-date: /home/manav/robotis_ws/install/my_service_package/include/my_service_package/my_service_package
[1.865s] -- Up-to-date: /home/manav/robotis_ws/install/my_service_package/include/my_service_package/my_service_package/srv
[1.865s] -- Up-to-date: /home/manav/robotis_ws/install/my_service_package/include/my_service_package/my_service_package/srv/detail
[1.865s] -- Up-to-date: /home/manav/robotis_ws/install/my_service_package/include/my_service_package/my_service_package/srv/detail/endeffector_velservice__rosidl_typesupport_fastrtps_cpp.hpp
[1.866s] -- Up-to-date: /home/manav/robotis_ws/install/my_service_package/include/my_service_package/my_service_package/srv/detail/dds_fastrtps
[1.866s] -- Up-to-date: /home/manav/robotis_ws/install/my_service_package/include/my_service_package/my_service_package/srv/detail/i_kservice__rosidl_typesupport_fastrtps_cpp.hpp
[1.866s] -- Up-to-date: /home/manav/robotis_ws/install/my_service_package/include/my_service_package/my_service_package/srv/detail/float_pos__rosidl_typesupport_fastrtps_cpp.hpp
[1.866s] -- Up-to-date: /home/manav/robotis_ws/install/my_service_package/include/my_service_package/my_service_package/srv/detail/joint_velservice__rosidl_typesupport_fastrtps_cpp.hpp
[1.866s] -- Up-to-date: /home/manav/robotis_ws/install/my_service_package/include/my_service_package/my_service_package/msg
[1.866s] -- Up-to-date: /home/manav/robotis_ws/install/my_service_package/include/my_service_package/my_service_package/msg/rosidl_typesupport_fastrtps_cpp__visibility_control.h
[1.866s] -- Up-to-date: /home/manav/robotis_ws/install/my_service_package/include/my_service_package/my_service_package/msg/detail
[1.872s] -- Up-to-date: /home/manav/robotis_ws/install/my_service_package/include/my_service_package/my_service_package/msg/detail/rot_pos__rosidl_typesupport_fastrtps_cpp.hpp
[1.872s] -- Up-to-date: /home/manav/robotis_ws/install/my_service_package/include/my_service_package/my_service_package/msg/detail/vel_pos__rosidl_typesupport_fastrtps_cpp.hpp
[1.872s] -- Up-to-date: /home/manav/robotis_ws/install/my_service_package/include/my_service_package/my_service_package/msg/detail/dds_fastrtps
[1.872s] -- Up-to-date: /home/manav/robotis_ws/install/my_service_package/lib/libmy_service_package__rosidl_typesupport_fastrtps_cpp.so
[1.872s] -- Up-to-date: /home/manav/robotis_ws/install/my_service_package/include/my_service_package/my_service_package
[1.872s] -- Up-to-date: /home/manav/robotis_ws/install/my_service_package/include/my_service_package/my_service_package/srv
[1.872s] -- Up-to-date: /home/manav/robotis_ws/install/my_service_package/include/my_service_package/my_service_package/srv/detail
[1.873s] -- Up-to-date: /home/manav/robotis_ws/install/my_service_package/include/my_service_package/my_service_package/srv/detail/endeffector_velservice__rosidl_typesupport_introspection_c.h
[1.873s] -- Up-to-date: /home/manav/robotis_ws/install/my_service_package/include/my_service_package/my_service_package/srv/detail/endeffector_velservice__type_support.c
[1.873s] -- Up-to-date: /home/manav/robotis_ws/install/my_service_package/include/my_service_package/my_service_package/srv/detail/float_pos__type_support.c
[1.874s] -- Up-to-date: /home/manav/robotis_ws/install/my_service_package/include/my_service_package/my_service_package/srv/detail/i_kservice__type_support.c
[1.874s] -- Up-to-date: /home/manav/robotis_ws/install/my_service_package/include/my_service_package/my_service_package/srv/detail/i_kservice__rosidl_typesupport_introspection_c.h
[1.874s] -- Up-to-date: /home/manav/robotis_ws/install/my_service_package/include/my_service_package/my_service_package/srv/detail/joint_velservice__rosidl_typesupport_introspection_c.h
[1.877s] -- Up-to-date: /home/manav/robotis_ws/install/my_service_package/include/my_service_package/my_service_package/srv/detail/joint_velservice__type_support.c
[1.877s] -- Up-to-date: /home/manav/robotis_ws/install/my_service_package/include/my_service_package/my_service_package/srv/detail/float_pos__rosidl_typesupport_introspection_c.h
[1.877s] -- Up-to-date: /home/manav/robotis_ws/install/my_service_package/include/my_service_package/my_service_package/msg
[1.877s] -- Up-to-date: /home/manav/robotis_ws/install/my_service_package/include/my_service_package/my_service_package/msg/rosidl_typesupport_introspection_c__visibility_control.h
[1.878s] -- Up-to-date: /home/manav/robotis_ws/install/my_service_package/include/my_service_package/my_service_package/msg/detail
[1.878s] -- Up-to-date: /home/manav/robotis_ws/install/my_service_package/include/my_service_package/my_service_package/msg/detail/vel_pos__type_support.c
[1.878s] -- Up-to-date: /home/manav/robotis_ws/install/my_service_package/include/my_service_package/my_service_package/msg/detail/vel_pos__rosidl_typesupport_introspection_c.h
[1.878s] -- Up-to-date: /home/manav/robotis_ws/install/my_service_package/include/my_service_package/my_service_package/msg/detail/rot_pos__type_support.c
[1.878s] -- Up-to-date: /home/manav/robotis_ws/install/my_service_package/include/my_service_package/my_service_package/msg/detail/rot_pos__rosidl_typesupport_introspection_c.h
[1.878s] -- Up-to-date: /home/manav/robotis_ws/install/my_service_package/lib/libmy_service_package__rosidl_typesupport_introspection_c.so
[1.878s] -- Up-to-date: /home/manav/robotis_ws/install/my_service_package/lib/libmy_service_package__rosidl_typesupport_c.so
[1.879s] -- Up-to-date: /home/manav/robotis_ws/install/my_service_package/include/my_service_package/my_service_package
[1.879s] -- Up-to-date: /home/manav/robotis_ws/install/my_service_package/include/my_service_package/my_service_package/srv
[1.879s] -- Up-to-date: /home/manav/robotis_ws/install/my_service_package/include/my_service_package/my_service_package/srv/detail
[1.879s] -- Up-to-date: /home/manav/robotis_ws/install/my_service_package/include/my_service_package/my_service_package/srv/detail/joint_velservice__type_support.cpp
[1.879s] -- Up-to-date: /home/manav/robotis_ws/install/my_service_package/include/my_service_package/my_service_package/srv/detail/endeffector_velservice__rosidl_typesupport_introspection_cpp.hpp
[1.881s] -- Up-to-date: /home/manav/robotis_ws/install/my_service_package/include/my_service_package/my_service_package/srv/detail/i_kservice__type_support.cpp
[1.881s] -- Up-to-date: /home/manav/robotis_ws/install/my_service_package/include/my_service_package/my_service_package/srv/detail/endeffector_velservice__type_support.cpp
[1.882s] -- Up-to-date: /home/manav/robotis_ws/install/my_service_package/include/my_service_package/my_service_package/srv/detail/float_pos__type_support.cpp
[1.882s] -- Up-to-date: /home/manav/robotis_ws/install/my_service_package/include/my_service_package/my_service_package/srv/detail/float_pos__rosidl_typesupport_introspection_cpp.hpp
[1.882s] -- Up-to-date: /home/manav/robotis_ws/install/my_service_package/include/my_service_package/my_service_package/srv/detail/joint_velservice__rosidl_typesupport_introspection_cpp.hpp
[1.882s] -- Up-to-date: /home/manav/robotis_ws/install/my_service_package/include/my_service_package/my_service_package/srv/detail/i_kservice__rosidl_typesupport_introspection_cpp.hpp
[1.882s] -- Up-to-date: /home/manav/robotis_ws/install/my_service_package/include/my_service_package/my_service_package/msg
[1.882s] -- Up-to-date: /home/manav/robotis_ws/install/my_service_package/include/my_service_package/my_service_package/msg/detail
[1.882s] -- Up-to-date: /home/manav/robotis_ws/install/my_service_package/include/my_service_package/my_service_package/msg/detail/vel_pos__type_support.cpp
[1.883s] -- Up-to-date: /home/manav/robotis_ws/install/my_service_package/include/my_service_package/my_service_package/msg/detail/rot_pos__rosidl_typesupport_introspection_cpp.hpp
[1.883s] -- Up-to-date: /home/manav/robotis_ws/install/my_service_package/include/my_service_package/my_service_package/msg/detail/rot_pos__type_support.cpp
[1.883s] -- Up-to-date: /home/manav/robotis_ws/install/my_service_package/include/my_service_package/my_service_package/msg/detail/vel_pos__rosidl_typesupport_introspection_cpp.hpp
[1.883s] -- Up-to-date: /home/manav/robotis_ws/install/my_service_package/lib/libmy_service_package__rosidl_typesupport_introspection_cpp.so
[1.883s] -- Up-to-date: /home/manav/robotis_ws/install/my_service_package/lib/libmy_service_package__rosidl_typesupport_cpp.so
[1.883s] -- Up-to-date: /home/manav/robotis_ws/install/my_service_package/share/my_service_package/environment/pythonpath.sh
[1.883s] -- Up-to-date: /home/manav/robotis_ws/install/my_service_package/share/my_service_package/environment/pythonpath.dsv
[1.884s] -- Up-to-date: /home/manav/robotis_ws/install/my_service_package/local/lib/python3.10/dist-packages/my_service_package-0.0.0-py3.10.egg-info
[1.886s] -- Installing: /home/manav/robotis_ws/install/my_service_package/local/lib/python3.10/dist-packages/my_service_package-0.0.0-py3.10.egg-info/top_level.txt
[1.886s] -- Installing: /home/manav/robotis_ws/install/my_service_package/local/lib/python3.10/dist-packages/my_service_package-0.0.0-py3.10.egg-info/dependency_links.txt
[1.886s] -- Installing: /home/manav/robotis_ws/install/my_service_package/local/lib/python3.10/dist-packages/my_service_package-0.0.0-py3.10.egg-info/PKG-INFO
[1.886s] -- Installing: /home/manav/robotis_ws/install/my_service_package/local/lib/python3.10/dist-packages/my_service_package-0.0.0-py3.10.egg-info/SOURCES.txt
[1.886s] -- Up-to-date: /home/manav/robotis_ws/install/my_service_package/local/lib/python3.10/dist-packages/my_service_package
[1.887s] -- Up-to-date: /home/manav/robotis_ws/install/my_service_package/local/lib/python3.10/dist-packages/my_service_package/_my_service_package_s.ep.rosidl_typesupport_introspection_c.c
[1.887s] -- Up-to-date: /home/manav/robotis_ws/install/my_service_package/local/lib/python3.10/dist-packages/my_service_package/libmy_service_package__rosidl_generator_py.so
[1.887s] -- Up-to-date: /home/manav/robotis_ws/install/my_service_package/local/lib/python3.10/dist-packages/my_service_package/my_service_package_s__rosidl_typesupport_fastrtps_c.cpython-310-x86_64-linux-gnu.so
[1.887s] -- Up-to-date: /home/manav/robotis_ws/install/my_service_package/local/lib/python3.10/dist-packages/my_service_package/_my_service_package_s.ep.rosidl_typesupport_fastrtps_c.c
[1.889s] -- Up-to-date: /home/manav/robotis_ws/install/my_service_package/local/lib/python3.10/dist-packages/my_service_package/srv
[1.889s] -- Up-to-date: /home/manav/robotis_ws/install/my_service_package/local/lib/python3.10/dist-packages/my_service_package/srv/_i_kservice.py
[1.889s] -- Up-to-date: /home/manav/robotis_ws/install/my_service_package/local/lib/python3.10/dist-packages/my_service_package/srv/_float_pos_s.c
[1.889s] -- Up-to-date: /home/manav/robotis_ws/install/my_service_package/local/lib/python3.10/dist-packages/my_service_package/srv/_float_pos.py
[1.889s] -- Up-to-date: /home/manav/robotis_ws/install/my_service_package/local/lib/python3.10/dist-packages/my_service_package/srv/_joint_velservice_s.c
[1.889s] -- Up-to-date: /home/manav/robotis_ws/install/my_service_package/local/lib/python3.10/dist-packages/my_service_package/srv/_endeffector_velservice_s.c
[1.890s] -- Up-to-date: /home/manav/robotis_ws/install/my_service_package/local/lib/python3.10/dist-packages/my_service_package/srv/_endeffector_velservice.py
[1.893s] -- Up-to-date: /home/manav/robotis_ws/install/my_service_package/local/lib/python3.10/dist-packages/my_service_package/srv/_i_kservice_s.c
[1.893s] -- Up-to-date: /home/manav/robotis_ws/install/my_service_package/local/lib/python3.10/dist-packages/my_service_package/srv/_joint_velservice.py
[1.894s] -- Up-to-date: /home/manav/robotis_ws/install/my_service_package/local/lib/python3.10/dist-packages/my_service_package/srv/__init__.py
[1.894s] -- Up-to-date: /home/manav/robotis_ws/install/my_service_package/local/lib/python3.10/dist-packages/my_service_package/msg
[1.894s] -- Up-to-date: /home/manav/robotis_ws/install/my_service_package/local/lib/python3.10/dist-packages/my_service_package/msg/_vel_pos.py
[1.895s] -- Up-to-date: /home/manav/robotis_ws/install/my_service_package/local/lib/python3.10/dist-packages/my_service_package/msg/_rot_pos.py
[1.895s] -- Up-to-date: /home/manav/robotis_ws/install/my_service_package/local/lib/python3.10/dist-packages/my_service_package/msg/_vel_pos_s.c
[1.895s] -- Up-to-date: /home/manav/robotis_ws/install/my_service_package/local/lib/python3.10/dist-packages/my_service_package/msg/_rot_pos_s.c
[1.895s] -- Up-to-date: /home/manav/robotis_ws/install/my_service_package/local/lib/python3.10/dist-packages/my_service_package/msg/__init__.py
[1.895s] -- Up-to-date: /home/manav/robotis_ws/install/my_service_package/local/lib/python3.10/dist-packages/my_service_package/_my_service_package_s.ep.rosidl_typesupport_c.c
[1.895s] -- Up-to-date: /home/manav/robotis_ws/install/my_service_package/local/lib/python3.10/dist-packages/my_service_package/my_service_package_s__rosidl_typesupport_introspection_c.cpython-310-x86_64-linux-gnu.so
[1.896s] -- Up-to-date: /home/manav/robotis_ws/install/my_service_package/local/lib/python3.10/dist-packages/my_service_package/my_service_package_s__rosidl_typesupport_c.cpython-310-x86_64-linux-gnu.so
[1.896s] -- Up-to-date: /home/manav/robotis_ws/install/my_service_package/local/lib/python3.10/dist-packages/my_service_package/__init__.py
[2.006s] Listing '/home/manav/robotis_ws/install/my_service_package/local/lib/python3.10/dist-packages/my_service_package'...
[2.006s] Listing '/home/manav/robotis_ws/install/my_service_package/local/lib/python3.10/dist-packages/my_service_package/msg'...
[2.006s] Listing '/home/manav/robotis_ws/install/my_service_package/local/lib/python3.10/dist-packages/my_service_package/srv'...
[2.019s] -- Up-to-date: /home/manav/robotis_ws/install/my_service_package/local/lib/python3.10/dist-packages/my_service_package/my_service_package_s__rosidl_typesupport_fastrtps_c.cpython-310-x86_64-linux-gnu.so
[2.021s] -- Up-to-date: /home/manav/robotis_ws/install/my_service_package/local/lib/python3.10/dist-packages/my_service_package/my_service_package_s__rosidl_typesupport_introspection_c.cpython-310-x86_64-linux-gnu.so
[2.023s] -- Up-to-date: /home/manav/robotis_ws/install/my_service_package/local/lib/python3.10/dist-packages/my_service_package/my_service_package_s__rosidl_typesupport_c.cpython-310-x86_64-linux-gnu.so
[2.023s] -- Up-to-date: /home/manav/robotis_ws/install/my_service_package/lib/libmy_service_package__rosidl_generator_py.so
[2.025s] -- Up-to-date: /home/manav/robotis_ws/install/my_service_package/share/my_service_package/msg/RotPos.idl
[2.026s] -- Up-to-date: /home/manav/robotis_ws/install/my_service_package/share/my_service_package/msg/VelPos.idl
[2.027s] -- Up-to-date: /home/manav/robotis_ws/install/my_service_package/share/my_service_package/srv/IKservice.idl
[2.027s] -- Up-to-date: /home/manav/robotis_ws/install/my_service_package/share/my_service_package/srv/JointVelservice.idl
[2.027s] -- Up-to-date: /home/manav/robotis_ws/install/my_service_package/share/my_service_package/srv/EndeffectorVelservice.idl
[2.027s] -- Up-to-date: /home/manav/robotis_ws/install/my_service_package/share/my_service_package/srv/FloatPos.idl
[2.027s] -- Up-to-date: /home/manav/robotis_ws/install/my_service_package/share/my_service_package/msg/RotPos.msg
[2.027s] -- Up-to-date: /home/manav/robotis_ws/install/my_service_package/share/my_service_package/msg/VelPos.msg
[2.028s] -- Up-to-date: /home/manav/robotis_ws/install/my_service_package/share/my_service_package/srv/IKservice.srv
[2.029s] -- Up-to-date: /home/manav/robotis_ws/install/my_service_package/share/my_service_package/srv/IKservice_Request.msg
[2.031s] -- Up-to-date: /home/manav/robotis_ws/install/my_service_package/share/my_service_package/srv/IKservice_Response.msg
[2.031s] -- Up-to-date: /home/manav/robotis_ws/install/my_service_package/share/my_service_package/srv/JointVelservice.srv
[2.031s] -- Up-to-date: /home/manav/robotis_ws/install/my_service_package/share/my_service_package/srv/JointVelservice_Request.msg
[2.031s] -- Up-to-date: /home/manav/robotis_ws/install/my_service_package/share/my_service_package/srv/JointVelservice_Response.msg
[2.032s] -- Up-to-date: /home/manav/robotis_ws/install/my_service_package/share/my_service_package/srv/EndeffectorVelservice.srv
[2.032s] -- Up-to-date: /home/manav/robotis_ws/install/my_service_package/share/my_service_package/srv/EndeffectorVelservice_Request.msg
[2.032s] -- Up-to-date: /home/manav/robotis_ws/install/my_service_package/share/my_service_package/srv/EndeffectorVelservice_Response.msg
[2.032s] -- Up-to-date: /home/manav/robotis_ws/install/my_service_package/share/my_service_package/srv/FloatPos.srv
[2.032s] -- Up-to-date: /home/manav/robotis_ws/install/my_service_package/share/my_service_package/srv/FloatPos_Request.msg
[2.032s] -- Up-to-date: /home/manav/robotis_ws/install/my_service_package/share/my_service_package/srv/FloatPos_Response.msg
[2.032s] -- Up-to-date: /home/manav/robotis_ws/install/my_service_package/share/ament_index/resource_index/package_run_dependencies/my_service_package
[2.033s] -- Up-to-date: /home/manav/robotis_ws/install/my_service_package/share/ament_index/resource_index/parent_prefix_path/my_service_package
[2.033s] -- Up-to-date: /home/manav/robotis_ws/install/my_service_package/share/my_service_package/environment/ament_prefix_path.sh
[2.033s] -- Up-to-date: /home/manav/robotis_ws/install/my_service_package/share/my_service_package/environment/ament_prefix_path.dsv
[2.033s] -- Up-to-date: /home/manav/robotis_ws/install/my_service_package/share/my_service_package/environment/path.sh
[2.033s] -- Up-to-date: /home/manav/robotis_ws/install/my_service_package/share/my_service_package/environment/path.dsv
[2.033s] -- Up-to-date: /home/manav/robotis_ws/install/my_service_package/share/my_service_package/local_setup.bash
[2.033s] -- Up-to-date: /home/manav/robotis_ws/install/my_service_package/share/my_service_package/local_setup.sh
[2.034s] -- Up-to-date: /home/manav/robotis_ws/install/my_service_package/share/my_service_package/local_setup.zsh
[2.034s] -- Up-to-date: /home/manav/robotis_ws/install/my_service_package/share/my_service_package/local_setup.dsv
[2.034s] -- Installing: /home/manav/robotis_ws/install/my_service_package/share/my_service_package/package.dsv
[2.038s] -- Up-to-date: /home/manav/robotis_ws/install/my_service_package/share/ament_index/resource_index/packages/my_service_package
[2.038s] -- Up-to-date: /home/manav/robotis_ws/install/my_service_package/share/my_service_package/cmake/export_my_service_package__rosidl_generator_cExport.cmake
[2.038s] -- Up-to-date: /home/manav/robotis_ws/install/my_service_package/share/my_service_package/cmake/export_my_service_package__rosidl_generator_cExport-noconfig.cmake
[2.039s] -- Up-to-date: /home/manav/robotis_ws/install/my_service_package/share/my_service_package/cmake/export_my_service_package__rosidl_typesupport_fastrtps_cExport.cmake
[2.040s] -- Up-to-date: /home/manav/robotis_ws/install/my_service_package/share/my_service_package/cmake/export_my_service_package__rosidl_typesupport_fastrtps_cExport-noconfig.cmake
[2.040s] -- Up-to-date: /home/manav/robotis_ws/install/my_service_package/share/my_service_package/cmake/export_my_service_package__rosidl_generator_cppExport.cmake
[2.040s] -- Up-to-date: /home/manav/robotis_ws/install/my_service_package/share/my_service_package/cmake/export_my_service_package__rosidl_typesupport_fastrtps_cppExport.cmake
[2.040s] -- Up-to-date: /home/manav/robotis_ws/install/my_service_package/share/my_service_package/cmake/export_my_service_package__rosidl_typesupport_fastrtps_cppExport-noconfig.cmake
[2.041s] -- Up-to-date: /home/manav/robotis_ws/install/my_service_package/share/my_service_package/cmake/my_service_package__rosidl_typesupport_introspection_cExport.cmake
[2.041s] -- Up-to-date: /home/manav/robotis_ws/install/my_service_package/share/my_service_package/cmake/my_service_package__rosidl_typesupport_introspection_cExport-noconfig.cmake
[2.041s] -- Up-to-date: /home/manav/robotis_ws/install/my_service_package/share/my_service_package/cmake/my_service_package__rosidl_typesupport_cExport.cmake
[2.041s] -- Up-to-date: /home/manav/robotis_ws/install/my_service_package/share/my_service_package/cmake/my_service_package__rosidl_typesupport_cExport-noconfig.cmake
[2.041s] -- Up-to-date: /home/manav/robotis_ws/install/my_service_package/share/my_service_package/cmake/my_service_package__rosidl_typesupport_introspection_cppExport.cmake
[2.041s] -- Up-to-date: /home/manav/robotis_ws/install/my_service_package/share/my_service_package/cmake/my_service_package__rosidl_typesupport_introspection_cppExport-noconfig.cmake
[2.041s] -- Up-to-date: /home/manav/robotis_ws/install/my_service_package/share/my_service_package/cmake/my_service_package__rosidl_typesupport_cppExport.cmake
[2.042s] -- Up-to-date: /home/manav/robotis_ws/install/my_service_package/share/my_service_package/cmake/my_service_package__rosidl_typesupport_cppExport-noconfig.cmake
[2.042s] -- Up-to-date: /home/manav/robotis_ws/install/my_service_package/share/my_service_package/cmake/export_my_service_package__rosidl_generator_pyExport.cmake
[2.042s] -- Up-to-date: /home/manav/robotis_ws/install/my_service_package/share/my_service_package/cmake/export_my_service_package__rosidl_generator_pyExport-noconfig.cmake
[2.042s] -- Up-to-date: /home/manav/robotis_ws/install/my_service_package/share/my_service_package/cmake/rosidl_cmake-extras.cmake
[2.042s] -- Up-to-date: /home/manav/robotis_ws/install/my_service_package/share/my_service_package/cmake/ament_cmake_export_dependencies-extras.cmake
[2.043s] -- Up-to-date: /home/manav/robotis_ws/install/my_service_package/share/my_service_package/cmake/ament_cmake_export_include_directories-extras.cmake
[2.046s] -- Up-to-date: /home/manav/robotis_ws/install/my_service_package/share/my_service_package/cmake/ament_cmake_export_libraries-extras.cmake
[2.046s] -- Up-to-date: /home/manav/robotis_ws/install/my_service_package/share/my_service_package/cmake/ament_cmake_export_targets-extras.cmake
[2.047s] -- Up-to-date: /home/manav/robotis_ws/install/my_service_package/share/my_service_package/cmake/rosidl_cmake_export_typesupport_targets-extras.cmake
[2.047s] -- Up-to-date: /home/manav/robotis_ws/install/my_service_package/share/my_service_package/cmake/rosidl_cmake_export_typesupport_libraries-extras.cmake
[2.047s] -- Up-to-date: /home/manav/robotis_ws/install/my_service_package/share/my_service_package/cmake/my_service_packageConfig.cmake
[2.047s] -- Up-to-date: /home/manav/robotis_ws/install/my_service_package/share/my_service_package/cmake/my_service_packageConfig-version.cmake
[2.047s] -- Up-to-date: /home/manav/robotis_ws/install/my_service_package/share/my_service_package/package.xml
[2.055s] Invoked command in '/home/manav/robotis_ws/build/my_service_package' returned '0': CMAKE_PREFIX_PATH=${CMAKE_PREFIX_PATH}:/home/manav/robotis_ws/install/vel_kinematics:/home/manav/robotis_ws/install/rbe500_example_py:/home/manav/robotis_ws/install/pdctr:/home/manav/robotis_ws/install/inverse:/home/manav/robotis_ws/install/forward:/home/manav/ros2_test/install/my_robot_controller:/opt/ros/humble /usr/bin/cmake --install /home/manav/robotis_ws/build/my_service_package
