[3.763s] Invoking command in '/home/manav/robotis_ws/src/OpenManipulatorX_ROS2-main/inverse': PYTHONPATH=/home/manav/robotis_ws/build/inverse/prefix_override:/usr/lib/python3/dist-packages/colcon_core/task/python/colcon_distutils_commands:/home/manav/robotis_ws/install/inverse/lib/python3.10/site-packages:${PYTHONPATH} /usr/bin/python3 -W ignore:setup.py install is deprecated -W ignore:easy_install command is deprecated setup.py egg_info --egg-base ../../../build/inverse build --build-base /home/manav/robotis_ws/build/inverse/build install --record /home/manav/robotis_ws/build/inverse/install.log --single-version-externally-managed install_data
[5.197s] running egg_info
[5.197s] writing ../../../build/inverse/inverse.egg-info/PKG-INFO
[5.198s] writing dependency_links to ../../../build/inverse/inverse.egg-info/dependency_links.txt
[5.198s] writing entry points to ../../../build/inverse/inverse.egg-info/entry_points.txt
[5.198s] writing requirements to ../../../build/inverse/inverse.egg-info/requires.txt
[5.199s] writing top-level names to ../../../build/inverse/inverse.egg-info/top_level.txt
[5.199s] reading manifest file '../../../build/inverse/inverse.egg-info/SOURCES.txt'
[5.199s] adding license file 'LICENSE'
[5.200s] writing manifest file '../../../build/inverse/inverse.egg-info/SOURCES.txt'
[5.201s] running build
[5.202s] running build_py
[5.202s] running install
[5.202s] running install_lib
[5.203s] running install_data
[5.203s] running install_egg_info
[5.209s] removing '/home/manav/robotis_ws/install/inverse/lib/python3.10/site-packages/inverse-0.0.0-py3.10.egg-info' (and everything under it)
[5.209s] Copying ../../../build/inverse/inverse.egg-info to /home/manav/robotis_ws/install/inverse/lib/python3.10/site-packages/inverse-0.0.0-py3.10.egg-info
[5.212s] running install_scripts
[5.255s] Installing inv_call script to /home/manav/robotis_ws/install/inverse/lib/inverse
[5.256s] writing list of installed files to '/home/manav/robotis_ws/build/inverse/install.log'
[6.000s] Invoked command in '/home/manav/robotis_ws/src/OpenManipulatorX_ROS2-main/inverse' returned '0': PYTHONPATH=/home/manav/robotis_ws/build/inverse/prefix_override:/usr/lib/python3/dist-packages/colcon_core/task/python/colcon_distutils_commands:/home/manav/robotis_ws/install/inverse/lib/python3.10/site-packages:${PYTHONPATH} /usr/bin/python3 -W ignore:setup.py install is deprecated -W ignore:easy_install command is deprecated setup.py egg_info --egg-base ../../../build/inverse build --build-base /home/manav/robotis_ws/build/inverse/build install --record /home/manav/robotis_ws/build/inverse/install.log --single-version-externally-managed install_data
