[9.614s] Invoking command in '/home/manav/robotis_ws/src/OpenManipulatorX_ROS2-main/forward': PYTHONPATH=/home/manav/robotis_ws/build/forward/prefix_override:/usr/lib/python3/dist-packages/colcon_core/task/python/colcon_distutils_commands:/home/manav/robotis_ws/install/forward/lib/python3.10/site-packages:${PYTHONPATH} /usr/bin/python3 -W ignore:setup.py install is deprecated -W ignore:easy_install command is deprecated setup.py egg_info --egg-base ../../../build/forward build --build-base /home/manav/robotis_ws/build/forward/build install --record /home/manav/robotis_ws/build/forward/install.log --single-version-externally-managed install_data
[15.079s] running egg_info
[15.094s] writing ../../../build/forward/forward.egg-info/PKG-INFO
[15.094s] writing dependency_links to ../../../build/forward/forward.egg-info/dependency_links.txt
[15.101s] writing entry points to ../../../build/forward/forward.egg-info/entry_points.txt
[15.101s] writing requirements to ../../../build/forward/forward.egg-info/requires.txt
[15.104s] writing top-level names to ../../../build/forward/forward.egg-info/top_level.txt
[15.136s] reading manifest file '../../../build/forward/forward.egg-info/SOURCES.txt'
[15.136s] adding license file 'LICENSE'
[15.150s] writing manifest file '../../../build/forward/forward.egg-info/SOURCES.txt'
[15.150s] running build
[15.156s] running build_py
[15.157s] running install
[15.160s] running install_lib
[15.184s] running install_data
[15.188s] running install_egg_info
[15.220s] removing '/home/manav/robotis_ws/install/forward/lib/python3.10/site-packages/forward-0.0.0-py3.10.egg-info' (and everything under it)
[15.230s] Copying ../../../build/forward/forward.egg-info to /home/manav/robotis_ws/install/forward/lib/python3.10/site-packages/forward-0.0.0-py3.10.egg-info
[15.255s] running install_scripts
[15.635s] Installing fwd_call script to /home/manav/robotis_ws/install/forward/lib/forward
[15.636s] writing list of installed files to '/home/manav/robotis_ws/build/forward/install.log'
[16.018s] Invoked command in '/home/manav/robotis_ws/src/OpenManipulatorX_ROS2-main/forward' returned '0': PYTHONPATH=/home/manav/robotis_ws/build/forward/prefix_override:/usr/lib/python3/dist-packages/colcon_core/task/python/colcon_distutils_commands:/home/manav/robotis_ws/install/forward/lib/python3.10/site-packages:${PYTHONPATH} /usr/bin/python3 -W ignore:setup.py install is deprecated -W ignore:easy_install command is deprecated setup.py egg_info --egg-base ../../../build/forward build --build-base /home/manav/robotis_ws/build/forward/build install --record /home/manav/robotis_ws/build/forward/install.log --single-version-externally-managed install_data
