[1.159s] Invoking command in '/home/manav/robotis_ws/src/OpenManipulatorX_ROS2-main/forward': PYTHONPATH=/home/manav/robotis_ws/build/forward/prefix_override:/usr/lib/python3/dist-packages/colcon_core/task/python/colcon_distutils_commands:/home/manav/robotis_ws/install/forward/lib/python3.10/site-packages:${PYTHONPATH} /usr/bin/python3 -W ignore:setup.py install is deprecated -W ignore:easy_install command is deprecated setup.py egg_info --egg-base ../../../build/forward build --build-base /home/manav/robotis_ws/build/forward/build install --record /home/manav/robotis_ws/build/forward/install.log --single-version-externally-managed install_data
[2.060s] running egg_info
[2.068s] writing ../../../build/forward/forward.egg-info/PKG-INFO
[2.069s] writing dependency_links to ../../../build/forward/forward.egg-info/dependency_links.txt
[2.071s] writing entry points to ../../../build/forward/forward.egg-info/entry_points.txt
[2.071s] writing requirements to ../../../build/forward/forward.egg-info/requires.txt
[2.071s] writing top-level names to ../../../build/forward/forward.egg-info/top_level.txt
[2.079s] reading manifest file '../../../build/forward/forward.egg-info/SOURCES.txt'
[2.080s] adding license file 'LICENSE'
[2.084s] writing manifest file '../../../build/forward/forward.egg-info/SOURCES.txt'
[2.086s] running build
[2.087s] running build_py
[2.088s] running install
[2.088s] running install_lib
[2.097s] running install_data
[2.097s] running install_egg_info
[2.111s] removing '/home/manav/robotis_ws/install/forward/lib/python3.10/site-packages/forward-0.0.0-py3.10.egg-info' (and everything under it)
[2.111s] Copying ../../../build/forward/forward.egg-info to /home/manav/robotis_ws/install/forward/lib/python3.10/site-packages/forward-0.0.0-py3.10.egg-info
[2.116s] running install_scripts
[2.163s] Installing fwd_call script to /home/manav/robotis_ws/install/forward/lib/forward
[2.164s] writing list of installed files to '/home/manav/robotis_ws/build/forward/install.log'
[2.407s] Invoked command in '/home/manav/robotis_ws/src/OpenManipulatorX_ROS2-main/forward' returned '0': PYTHONPATH=/home/manav/robotis_ws/build/forward/prefix_override:/usr/lib/python3/dist-packages/colcon_core/task/python/colcon_distutils_commands:/home/manav/robotis_ws/install/forward/lib/python3.10/site-packages:${PYTHONPATH} /usr/bin/python3 -W ignore:setup.py install is deprecated -W ignore:easy_install command is deprecated setup.py egg_info --egg-base ../../../build/forward build --build-base /home/manav/robotis_ws/build/forward/build install --record /home/manav/robotis_ws/build/forward/install.log --single-version-externally-managed install_data
