[1.004s] Invoking command in '/home/manav/robotis_ws/build/my_service_package': CMAKE_PREFIX_PATH=${CMAKE_PREFIX_PATH}:/home/manav/robotis_ws/install/vel_kinematics:/home/manav/robotis_ws/install/rbe500_example_py:/home/manav/robotis_ws/install/inverse:/home/manav/robotis_ws/install/forward:/home/manav/ros2_test/install/my_robot_controller:/opt/ros/humble /usr/bin/cmake --build /home/manav/robotis_ws/build/my_service_package -- -j4 -l4
[1.168s] -- Found ament_cmake: 1.3.10 (/opt/ros/humble/share/ament_cmake/cmake)
[2.081s] -- Found ament_lint_auto: 0.12.11 (/opt/ros/humble/share/ament_lint_auto/cmake)
[2.487s] -- Found geometry_msgs: 4.2.4 (/opt/ros/humble/share/geometry_msgs/cmake)
[2.620s] -- Found rosidl_generator_c: 3.1.5 (/opt/ros/humble/share/rosidl_generator_c/cmake)
[2.637s] -- Found rosidl_adapter: 3.1.5 (/opt/ros/humble/share/rosidl_adapter/cmake)
[2.663s] -- Found rosidl_generator_cpp: 3.1.5 (/opt/ros/humble/share/rosidl_generator_cpp/cmake)
[2.726s] -- Using all available rosidl_typesupport_c: rosidl_typesupport_fastrtps_c;rosidl_typesupport_introspection_c
[2.787s] -- Using all available rosidl_typesupport_cpp: rosidl_typesupport_fastrtps_cpp;rosidl_typesupport_introspection_cpp
[2.993s] -- Found rosidl_default_generators: 1.2.0 (/opt/ros/humble/share/rosidl_default_generators/cmake)
[4.203s] -- Found ament_cmake_ros: 0.10.0 (/opt/ros/humble/share/ament_cmake_ros/cmake)
[6.401s] -- Using all available rosidl_typesupport_c: rosidl_typesupport_fastrtps_c;rosidl_typesupport_introspection_c
[7.376s] -- Using all available rosidl_typesupport_cpp: rosidl_typesupport_fastrtps_cpp;rosidl_typesupport_introspection_cpp
[7.531s] -- Found python_cmake_module: 0.10.0 (/opt/ros/humble/share/python_cmake_module/cmake)
[7.671s] -- Using PYTHON_EXECUTABLE: /usr/bin/python3
[7.671s] -- Using PYTHON_INCLUDE_DIRS: /usr/include/python3.10
[7.672s] -- Using PYTHON_LIBRARIES: /usr/lib/x86_64-linux-gnu/libpython3.10.so
[7.986s] -- Added test 'lint_cmake' to check CMake code style
[7.989s] -- Added test 'xmllint' to check XML markup files
[7.998s] -- Configuring done
[8.111s] -- Generating done
[8.119s] -- Build files have been written to: /home/manav/robotis_ws/build/my_service_package
[8.225s] [  1%] [34m[1mGenerating C++ code for ROS interfaces[0m
[10.115s] [  1%] Built target my_service_package__cpp
[10.211s] [  1%] Built target ament_cmake_python_copy_my_service_package
[10.245s] [  3%] [34m[1mGenerating C++ type support for eProsima Fast-RTPS[0m
[11.809s] [35m[1mConsolidate compiler generated dependencies of target my_service_package__rosidl_typesupport_fastrtps_cpp[0m
[11.858s] [  4%] [32mBuilding CXX object CMakeFiles/my_service_package__rosidl_typesupport_fastrtps_cpp.dir/rosidl_typesupport_fastrtps_cpp/my_service_package/msg/detail/dds_fastrtps/rot_pos__type_support.cpp.o[0m
[12.913s] [  6%] [32mBuilding CXX object CMakeFiles/my_service_package__rosidl_typesupport_fastrtps_cpp.dir/rosidl_typesupport_fastrtps_cpp/my_service_package/msg/detail/dds_fastrtps/vel_pos__type_support.cpp.o[0m
[13.943s] [  7%] [32mBuilding CXX object CMakeFiles/my_service_package__rosidl_typesupport_fastrtps_cpp.dir/rosidl_typesupport_fastrtps_cpp/my_service_package/srv/detail/dds_fastrtps/i_kservice__type_support.cpp.o[0m
[15.175s] [  9%] [32mBuilding CXX object CMakeFiles/my_service_package__rosidl_typesupport_fastrtps_cpp.dir/rosidl_typesupport_fastrtps_cpp/my_service_package/srv/detail/dds_fastrtps/joint_velservice__type_support.cpp.o[0m
[16.356s] [ 11%] [32mBuilding CXX object CMakeFiles/my_service_package__rosidl_typesupport_fastrtps_cpp.dir/rosidl_typesupport_fastrtps_cpp/my_service_package/srv/detail/dds_fastrtps/endeffector_velservice__type_support.cpp.o[0m
[17.446s] [ 12%] [32m[1mLinking CXX shared library libmy_service_package__rosidl_typesupport_fastrtps_cpp.so[0m
[17.661s] [ 12%] Built target my_service_package__rosidl_typesupport_fastrtps_cpp
[17.687s] [ 14%] [34m[1mGenerating C++ introspection for ROS interfaces[0m
[19.070s] [35m[1mConsolidate compiler generated dependencies of target my_service_package__rosidl_typesupport_introspection_cpp[0m
[19.105s] [ 15%] [32mBuilding CXX object CMakeFiles/my_service_package__rosidl_typesupport_introspection_cpp.dir/rosidl_typesupport_introspection_cpp/my_service_package/msg/detail/rot_pos__type_support.cpp.o[0m
[20.103s] [ 17%] [32mBuilding CXX object CMakeFiles/my_service_package__rosidl_typesupport_introspection_cpp.dir/rosidl_typesupport_introspection_cpp/my_service_package/msg/detail/vel_pos__type_support.cpp.o[0m
[21.062s] [ 19%] [32mBuilding CXX object CMakeFiles/my_service_package__rosidl_typesupport_introspection_cpp.dir/rosidl_typesupport_introspection_cpp/my_service_package/srv/detail/i_kservice__type_support.cpp.o[0m
[22.223s] [ 20%] [32mBuilding CXX object CMakeFiles/my_service_package__rosidl_typesupport_introspection_cpp.dir/rosidl_typesupport_introspection_cpp/my_service_package/srv/detail/joint_velservice__type_support.cpp.o[0m
[23.182s] [ 22%] [32mBuilding CXX object CMakeFiles/my_service_package__rosidl_typesupport_introspection_cpp.dir/rosidl_typesupport_introspection_cpp/my_service_package/srv/detail/endeffector_velservice__type_support.cpp.o[0m
[24.178s] [ 23%] [32m[1mLinking CXX shared library libmy_service_package__rosidl_typesupport_introspection_cpp.so[0m
[24.404s] [ 23%] Built target my_service_package__rosidl_typesupport_introspection_cpp
[25.086s] running egg_info
[25.087s] writing my_service_package.egg-info/PKG-INFO
[25.089s] writing dependency_links to my_service_package.egg-info/dependency_links.txt
[25.090s] writing top-level names to my_service_package.egg-info/top_level.txt
[25.093s] reading manifest file 'my_service_package.egg-info/SOURCES.txt'
[25.094s] writing manifest file 'my_service_package.egg-info/SOURCES.txt'
[25.150s] [ 23%] Built target ament_cmake_python_build_my_service_package_egg
[25.172s] [ 25%] [34m[1mGenerating C++ type support dispatch for ROS interfaces[0m
[26.179s] [35m[1mConsolidate compiler generated dependencies of target my_service_package__rosidl_typesupport_cpp[0m
[26.215s] [ 26%] [32mBuilding CXX object CMakeFiles/my_service_package__rosidl_typesupport_cpp.dir/rosidl_typesupport_cpp/my_service_package/msg/rot_pos__type_support.cpp.o[0m
[26.765s] [ 28%] [32mBuilding CXX object CMakeFiles/my_service_package__rosidl_typesupport_cpp.dir/rosidl_typesupport_cpp/my_service_package/srv/i_kservice__type_support.cpp.o[0m
[27.372s] [ 30%] [32mBuilding CXX object CMakeFiles/my_service_package__rosidl_typesupport_cpp.dir/rosidl_typesupport_cpp/my_service_package/srv/joint_velservice__type_support.cpp.o[0m
[27.970s] [ 31%] [32mBuilding CXX object CMakeFiles/my_service_package__rosidl_typesupport_cpp.dir/rosidl_typesupport_cpp/my_service_package/srv/endeffector_velservice__type_support.cpp.o[0m
[28.571s] [ 33%] [32mBuilding CXX object CMakeFiles/my_service_package__rosidl_typesupport_cpp.dir/rosidl_typesupport_cpp/my_service_package/msg/vel_pos__type_support.cpp.o[0m
[29.137s] [ 34%] [32m[1mLinking CXX shared library libmy_service_package__rosidl_typesupport_cpp.so[0m
[29.238s] [ 34%] Built target my_service_package__rosidl_typesupport_cpp
[29.263s] [ 36%] [34m[1mGenerating C code for ROS interfaces[0m
[31.182s] [35m[1mConsolidate compiler generated dependencies of target my_service_package__rosidl_generator_c[0m
[31.210s] [ 38%] [32mBuilding C object CMakeFiles/my_service_package__rosidl_generator_c.dir/rosidl_generator_c/my_service_package/msg/detail/rot_pos__functions.c.o[0m
[31.321s] [ 39%] [32mBuilding C object CMakeFiles/my_service_package__rosidl_generator_c.dir/rosidl_generator_c/my_service_package/srv/detail/joint_velservice__functions.c.o[0m
[31.466s] [ 41%] [32mBuilding C object CMakeFiles/my_service_package__rosidl_generator_c.dir/rosidl_generator_c/my_service_package/srv/detail/endeffector_velservice__functions.c.o[0m
[31.619s] [ 42%] [32mBuilding C object CMakeFiles/my_service_package__rosidl_generator_c.dir/rosidl_generator_c/my_service_package/srv/detail/i_kservice__functions.c.o[0m
[31.768s] [ 44%] [32mBuilding C object CMakeFiles/my_service_package__rosidl_generator_c.dir/rosidl_generator_c/my_service_package/msg/detail/vel_pos__functions.c.o[0m
[31.892s] [ 46%] [32m[1mLinking C shared library libmy_service_package__rosidl_generator_c.so[0m
[31.988s] [ 46%] Built target my_service_package__rosidl_generator_c
[32.011s] [ 47%] [34m[1mGenerating C type support for eProsima Fast-RTPS[0m
[33.204s] [35m[1mConsolidate compiler generated dependencies of target my_service_package__rosidl_typesupport_fastrtps_c[0m
[33.234s] [ 49%] [32mBuilding CXX object CMakeFiles/my_service_package__rosidl_typesupport_fastrtps_c.dir/rosidl_typesupport_fastrtps_c/my_service_package/msg/detail/rot_pos__type_support_c.cpp.o[0m
[33.812s] [ 50%] [32mBuilding CXX object CMakeFiles/my_service_package__rosidl_typesupport_fastrtps_c.dir/rosidl_typesupport_fastrtps_c/my_service_package/msg/detail/vel_pos__type_support_c.cpp.o[0m
[34.423s] [ 52%] [32mBuilding CXX object CMakeFiles/my_service_package__rosidl_typesupport_fastrtps_c.dir/rosidl_typesupport_fastrtps_c/my_service_package/srv/detail/i_kservice__type_support_c.cpp.o[0m
[35.084s] [ 53%] [32mBuilding CXX object CMakeFiles/my_service_package__rosidl_typesupport_fastrtps_c.dir/rosidl_typesupport_fastrtps_c/my_service_package/srv/detail/joint_velservice__type_support_c.cpp.o[0m
[35.710s] [ 55%] [32mBuilding CXX object CMakeFiles/my_service_package__rosidl_typesupport_fastrtps_c.dir/rosidl_typesupport_fastrtps_c/my_service_package/srv/detail/endeffector_velservice__type_support_c.cpp.o[0m
[36.251s] [ 57%] [32m[1mLinking CXX shared library libmy_service_package__rosidl_typesupport_fastrtps_c.so[0m
[36.395s] [ 57%] Built target my_service_package__rosidl_typesupport_fastrtps_c
[36.413s] [ 58%] [34m[1mGenerating C type support dispatch for ROS interfaces[0m
[37.344s] [35m[1mConsolidate compiler generated dependencies of target my_service_package__rosidl_typesupport_c[0m
[37.367s] [ 60%] [32mBuilding CXX object CMakeFiles/my_service_package__rosidl_typesupport_c.dir/rosidl_typesupport_c/my_service_package/msg/rot_pos__type_support.cpp.o[0m
[37.415s] [ 61%] [32mBuilding CXX object CMakeFiles/my_service_package__rosidl_typesupport_c.dir/rosidl_typesupport_c/my_service_package/srv/i_kservice__type_support.cpp.o[0m
[37.468s] [ 63%] [32mBuilding CXX object CMakeFiles/my_service_package__rosidl_typesupport_c.dir/rosidl_typesupport_c/my_service_package/srv/joint_velservice__type_support.cpp.o[0m
[37.528s] [ 65%] [32mBuilding CXX object CMakeFiles/my_service_package__rosidl_typesupport_c.dir/rosidl_typesupport_c/my_service_package/srv/endeffector_velservice__type_support.cpp.o[0m
[37.593s] [ 66%] [32mBuilding CXX object CMakeFiles/my_service_package__rosidl_typesupport_c.dir/rosidl_typesupport_c/my_service_package/msg/vel_pos__type_support.cpp.o[0m
[37.639s] [ 68%] [32m[1mLinking CXX shared library libmy_service_package__rosidl_typesupport_c.so[0m
[37.711s] [ 68%] Built target my_service_package__rosidl_typesupport_c
[37.728s] [ 69%] [34m[1mGenerating C introspection for ROS interfaces[0m
[38.864s] [35m[1mConsolidate compiler generated dependencies of target my_service_package__rosidl_typesupport_introspection_c[0m
[38.888s] [ 71%] [32mBuilding C object CMakeFiles/my_service_package__rosidl_typesupport_introspection_c.dir/rosidl_typesupport_introspection_c/my_service_package/msg/detail/rot_pos__type_support.c.o[0m
[38.962s] [ 73%] [32mBuilding C object CMakeFiles/my_service_package__rosidl_typesupport_introspection_c.dir/rosidl_typesupport_introspection_c/my_service_package/srv/detail/joint_velservice__type_support.c.o[0m
[39.059s] [ 74%] [32mBuilding C object CMakeFiles/my_service_package__rosidl_typesupport_introspection_c.dir/rosidl_typesupport_introspection_c/my_service_package/srv/detail/endeffector_velservice__type_support.c.o[0m
[39.169s] [ 76%] [32mBuilding C object CMakeFiles/my_service_package__rosidl_typesupport_introspection_c.dir/rosidl_typesupport_introspection_c/my_service_package/srv/detail/i_kservice__type_support.c.o[0m
[39.295s] [ 77%] [32mBuilding C object CMakeFiles/my_service_package__rosidl_typesupport_introspection_c.dir/rosidl_typesupport_introspection_c/my_service_package/msg/detail/vel_pos__type_support.c.o[0m
[39.406s] [ 79%] [32m[1mLinking C shared library libmy_service_package__rosidl_typesupport_introspection_c.so[0m
[39.484s] [ 79%] Built target my_service_package__rosidl_typesupport_introspection_c
[39.526s] [ 79%] Built target my_service_package
[39.567s] [ 80%] [34m[1mGenerating Python code for ROS interfaces[0m
[42.214s] [ 80%] Built target my_service_package__py
[42.252s] [35m[1mConsolidate compiler generated dependencies of target my_service_package__rosidl_generator_py[0m
[42.305s] [ 82%] [32mBuilding C object CMakeFiles/my_service_package__rosidl_generator_py.dir/rosidl_generator_py/my_service_package/msg/_rot_pos_s.c.o[0m
[42.651s] [ 84%] [32mBuilding C object CMakeFiles/my_service_package__rosidl_generator_py.dir/rosidl_generator_py/my_service_package/srv/_joint_velservice_s.c.o[0m
[42.921s] [ 85%] [32mBuilding C object CMakeFiles/my_service_package__rosidl_generator_py.dir/rosidl_generator_py/my_service_package/srv/_endeffector_velservice_s.c.o[0m
[43.208s] [ 87%] [32mBuilding C object CMakeFiles/my_service_package__rosidl_generator_py.dir/rosidl_generator_py/my_service_package/srv/_i_kservice_s.c.o[0m
[43.547s] [ 88%] [32mBuilding C object CMakeFiles/my_service_package__rosidl_generator_py.dir/rosidl_generator_py/my_service_package/msg/_vel_pos_s.c.o[0m
[43.821s] [ 90%] [32m[1mLinking C shared library rosidl_generator_py/my_service_package/libmy_service_package__rosidl_generator_py.so[0m
[43.960s] [ 90%] Built target my_service_package__rosidl_generator_py
[43.989s] [35m[1mConsolidate compiler generated dependencies of target my_service_package__rosidl_typesupport_fastrtps_c__pyext[0m
[44.028s] [ 92%] [32mBuilding C object CMakeFiles/my_service_package__rosidl_typesupport_fastrtps_c__pyext.dir/rosidl_generator_py/my_service_package/_my_service_package_s.ep.rosidl_typesupport_fastrtps_c.c.o[0m
[44.354s] [ 93%] [32m[1mLinking C shared library rosidl_generator_py/my_service_package/my_service_package_s__rosidl_typesupport_fastrtps_c.cpython-310-x86_64-linux-gnu.so[0m
[44.510s] [ 93%] Built target my_service_package__rosidl_typesupport_fastrtps_c__pyext
[44.538s] [35m[1mConsolidate compiler generated dependencies of target my_service_package__rosidl_typesupport_c__pyext[0m
[44.574s] [ 95%] [32mBuilding C object CMakeFiles/my_service_package__rosidl_typesupport_c__pyext.dir/rosidl_generator_py/my_service_package/_my_service_package_s.ep.rosidl_typesupport_c.c.o[0m
[44.879s] [ 96%] [32m[1mLinking C shared library rosidl_generator_py/my_service_package/my_service_package_s__rosidl_typesupport_c.cpython-310-x86_64-linux-gnu.so[0m
[44.984s] [ 96%] Built target my_service_package__rosidl_typesupport_c__pyext
[45.024s] [35m[1mConsolidate compiler generated dependencies of target my_service_package__rosidl_typesupport_introspection_c__pyext[0m
[45.059s] [ 98%] [32mBuilding C object CMakeFiles/my_service_package__rosidl_typesupport_introspection_c__pyext.dir/rosidl_generator_py/my_service_package/_my_service_package_s.ep.rosidl_typesupport_introspection_c.c.o[0m
[45.416s] [100%] [32m[1mLinking C shared library rosidl_generator_py/my_service_package/my_service_package_s__rosidl_typesupport_introspection_c.cpython-310-x86_64-linux-gnu.so[0m
[45.526s] [100%] Built target my_service_package__rosidl_typesupport_introspection_c__pyext
[45.556s] Invoked command in '/home/manav/robotis_ws/build/my_service_package' returned '0': CMAKE_PREFIX_PATH=${CMAKE_PREFIX_PATH}:/home/manav/robotis_ws/install/vel_kinematics:/home/manav/robotis_ws/install/rbe500_example_py:/home/manav/robotis_ws/install/inverse:/home/manav/robotis_ws/install/forward:/home/manav/ros2_test/install/my_robot_controller:/opt/ros/humble /usr/bin/cmake --build /home/manav/robotis_ws/build/my_service_package -- -j4 -l4
[46.065s] Invoking command in '/home/manav/robotis_ws/build/my_service_package': CMAKE_PREFIX_PATH=${CMAKE_PREFIX_PATH}:/home/manav/robotis_ws/install/vel_kinematics:/home/manav/robotis_ws/install/rbe500_example_py:/home/manav/robotis_ws/install/inverse:/home/manav/robotis_ws/install/forward:/home/manav/ros2_test/install/my_robot_controller:/opt/ros/humble /usr/bin/cmake --install /home/manav/robotis_ws/build/my_service_package
[46.085s] -- Install configuration: ""
[46.086s] -- Installing: /home/manav/robotis_ws/install/my_service_package/share/ament_index/resource_index/rosidl_interfaces/my_service_package
[46.086s] -- Up-to-date: /home/manav/robotis_ws/install/my_service_package/include/my_service_package/my_service_package
[46.086s] -- Up-to-date: /home/manav/robotis_ws/install/my_service_package/include/my_service_package/my_service_package/srv
[46.086s] -- Installing: /home/manav/robotis_ws/install/my_service_package/include/my_service_package/my_service_package/srv/endeffector_velservice.h
[46.087s] -- Installing: /home/manav/robotis_ws/install/my_service_package/include/my_service_package/my_service_package/srv/i_kservice.h
[46.087s] -- Up-to-date: /home/manav/robotis_ws/install/my_service_package/include/my_service_package/my_service_package/srv/detail
[46.088s] -- Installing: /home/manav/robotis_ws/install/my_service_package/include/my_service_package/my_service_package/srv/detail/endeffector_velservice__functions.h
[46.088s] -- Installing: /home/manav/robotis_ws/install/my_service_package/include/my_service_package/my_service_package/srv/detail/joint_velservice__functions.c
[46.089s] -- Installing: /home/manav/robotis_ws/install/my_service_package/include/my_service_package/my_service_package/srv/detail/endeffector_velservice__struct.h
[46.090s] -- Installing: /home/manav/robotis_ws/install/my_service_package/include/my_service_package/my_service_package/srv/detail/joint_velservice__struct.h
[46.090s] -- Installing: /home/manav/robotis_ws/install/my_service_package/include/my_service_package/my_service_package/srv/detail/i_kservice__type_support.h
[46.090s] -- Installing: /home/manav/robotis_ws/install/my_service_package/include/my_service_package/my_service_package/srv/detail/endeffector_velservice__type_support.h
[46.091s] -- Installing: /home/manav/robotis_ws/install/my_service_package/include/my_service_package/my_service_package/srv/detail/i_kservice__struct.h
[46.092s] -- Installing: /home/manav/robotis_ws/install/my_service_package/include/my_service_package/my_service_package/srv/detail/i_kservice__functions.c
[46.092s] -- Installing: /home/manav/robotis_ws/install/my_service_package/include/my_service_package/my_service_package/srv/detail/i_kservice__functions.h
[46.093s] -- Installing: /home/manav/robotis_ws/install/my_service_package/include/my_service_package/my_service_package/srv/detail/endeffector_velservice__functions.c
[46.093s] -- Installing: /home/manav/robotis_ws/install/my_service_package/include/my_service_package/my_service_package/srv/detail/joint_velservice__type_support.h
[46.094s] -- Installing: /home/manav/robotis_ws/install/my_service_package/include/my_service_package/my_service_package/srv/detail/joint_velservice__functions.h
[46.094s] -- Installing: /home/manav/robotis_ws/install/my_service_package/include/my_service_package/my_service_package/srv/joint_velservice.h
[46.094s] -- Up-to-date: /home/manav/robotis_ws/install/my_service_package/include/my_service_package/my_service_package/msg
[46.095s] -- Installing: /home/manav/robotis_ws/install/my_service_package/include/my_service_package/my_service_package/msg/rot_pos.h
[46.095s] -- Installing: /home/manav/robotis_ws/install/my_service_package/include/my_service_package/my_service_package/msg/vel_pos.h
[46.096s] -- Up-to-date: /home/manav/robotis_ws/install/my_service_package/include/my_service_package/my_service_package/msg/detail
[46.096s] -- Installing: /home/manav/robotis_ws/install/my_service_package/include/my_service_package/my_service_package/msg/detail/rot_pos__struct.h
[46.097s] -- Installing: /home/manav/robotis_ws/install/my_service_package/include/my_service_package/my_service_package/msg/detail/vel_pos__functions.h
[46.097s] -- Installing: /home/manav/robotis_ws/install/my_service_package/include/my_service_package/my_service_package/msg/detail/vel_pos__struct.h
[46.097s] -- Installing: /home/manav/robotis_ws/install/my_service_package/include/my_service_package/my_service_package/msg/detail/vel_pos__type_support.h
[46.098s] -- Installing: /home/manav/robotis_ws/install/my_service_package/include/my_service_package/my_service_package/msg/detail/rot_pos__functions.h
[46.099s] -- Installing: /home/manav/robotis_ws/install/my_service_package/include/my_service_package/my_service_package/msg/detail/rot_pos__functions.c
[46.100s] -- Installing: /home/manav/robotis_ws/install/my_service_package/include/my_service_package/my_service_package/msg/detail/vel_pos__functions.c
[46.100s] -- Installing: /home/manav/robotis_ws/install/my_service_package/include/my_service_package/my_service_package/msg/detail/rot_pos__type_support.h
[46.101s] -- Up-to-date: /home/manav/robotis_ws/install/my_service_package/include/my_service_package/my_service_package/msg/rosidl_generator_c__visibility_control.h
[46.101s] -- Up-to-date: /home/manav/robotis_ws/install/my_service_package/share/my_service_package/environment/library_path.sh
[46.102s] -- Installing: /home/manav/robotis_ws/install/my_service_package/share/my_service_package/environment/library_path.dsv
[46.102s] -- Installing: /home/manav/robotis_ws/install/my_service_package/lib/libmy_service_package__rosidl_generator_c.so
[46.102s] -- Set runtime path of "/home/manav/robotis_ws/install/my_service_package/lib/libmy_service_package__rosidl_generator_c.so" to ""
[46.103s] -- Up-to-date: /home/manav/robotis_ws/install/my_service_package/include/my_service_package/my_service_package
[46.103s] -- Up-to-date: /home/manav/robotis_ws/install/my_service_package/include/my_service_package/my_service_package/srv
[46.103s] -- Up-to-date: /home/manav/robotis_ws/install/my_service_package/include/my_service_package/my_service_package/srv/detail
[46.104s] -- Installing: /home/manav/robotis_ws/install/my_service_package/include/my_service_package/my_service_package/srv/detail/i_kservice__rosidl_typesupport_fastrtps_c.h
[46.104s] -- Installing: /home/manav/robotis_ws/install/my_service_package/include/my_service_package/my_service_package/srv/detail/endeffector_velservice__rosidl_typesupport_fastrtps_c.h
[46.105s] -- Installing: /home/manav/robotis_ws/install/my_service_package/include/my_service_package/my_service_package/srv/detail/joint_velservice__rosidl_typesupport_fastrtps_c.h
[46.106s] -- Up-to-date: /home/manav/robotis_ws/install/my_service_package/include/my_service_package/my_service_package/msg
[46.106s] -- Up-to-date: /home/manav/robotis_ws/install/my_service_package/include/my_service_package/my_service_package/msg/rosidl_typesupport_fastrtps_c__visibility_control.h
[46.106s] -- Up-to-date: /home/manav/robotis_ws/install/my_service_package/include/my_service_package/my_service_package/msg/detail
[46.107s] -- Installing: /home/manav/robotis_ws/install/my_service_package/include/my_service_package/my_service_package/msg/detail/vel_pos__rosidl_typesupport_fastrtps_c.h
[46.107s] -- Installing: /home/manav/robotis_ws/install/my_service_package/include/my_service_package/my_service_package/msg/detail/rot_pos__rosidl_typesupport_fastrtps_c.h
[46.108s] -- Installing: /home/manav/robotis_ws/install/my_service_package/lib/libmy_service_package__rosidl_typesupport_fastrtps_c.so
[46.109s] -- Set runtime path of "/home/manav/robotis_ws/install/my_service_package/lib/libmy_service_package__rosidl_typesupport_fastrtps_c.so" to ""
[46.109s] -- Up-to-date: /home/manav/robotis_ws/install/my_service_package/include/my_service_package/my_service_package
[46.110s] -- Up-to-date: /home/manav/robotis_ws/install/my_service_package/include/my_service_package/my_service_package/srv
[46.110s] -- Installing: /home/manav/robotis_ws/install/my_service_package/include/my_service_package/my_service_package/srv/joint_velservice.hpp
[46.111s] -- Installing: /home/manav/robotis_ws/install/my_service_package/include/my_service_package/my_service_package/srv/endeffector_velservice.hpp
[46.111s] -- Installing: /home/manav/robotis_ws/install/my_service_package/include/my_service_package/my_service_package/srv/i_kservice.hpp
[46.112s] -- Up-to-date: /home/manav/robotis_ws/install/my_service_package/include/my_service_package/my_service_package/srv/detail
[46.112s] -- Installing: /home/manav/robotis_ws/install/my_service_package/include/my_service_package/my_service_package/srv/detail/joint_velservice__struct.hpp
[46.113s] -- Installing: /home/manav/robotis_ws/install/my_service_package/include/my_service_package/my_service_package/srv/detail/i_kservice__traits.hpp
[46.114s] -- Installing: /home/manav/robotis_ws/install/my_service_package/include/my_service_package/my_service_package/srv/detail/joint_velservice__traits.hpp
[46.114s] -- Installing: /home/manav/robotis_ws/install/my_service_package/include/my_service_package/my_service_package/srv/detail/i_kservice__struct.hpp
[46.114s] -- Installing: /home/manav/robotis_ws/install/my_service_package/include/my_service_package/my_service_package/srv/detail/i_kservice__builder.hpp
[46.114s] -- Installing: /home/manav/robotis_ws/install/my_service_package/include/my_service_package/my_service_package/srv/detail/endeffector_velservice__struct.hpp
[46.114s] -- Installing: /home/manav/robotis_ws/install/my_service_package/include/my_service_package/my_service_package/srv/detail/joint_velservice__builder.hpp
[46.114s] -- Installing: /home/manav/robotis_ws/install/my_service_package/include/my_service_package/my_service_package/srv/detail/endeffector_velservice__traits.hpp
[46.116s] -- Installing: /home/manav/robotis_ws/install/my_service_package/include/my_service_package/my_service_package/srv/detail/endeffector_velservice__builder.hpp
[46.117s] -- Up-to-date: /home/manav/robotis_ws/install/my_service_package/include/my_service_package/my_service_package/msg
[46.117s] -- Installing: /home/manav/robotis_ws/install/my_service_package/include/my_service_package/my_service_package/msg/rot_pos.hpp
[46.118s] -- Installing: /home/manav/robotis_ws/install/my_service_package/include/my_service_package/my_service_package/msg/vel_pos.hpp
[46.118s] -- Up-to-date: /home/manav/robotis_ws/install/my_service_package/include/my_service_package/my_service_package/msg/detail
[46.119s] -- Installing: /home/manav/robotis_ws/install/my_service_package/include/my_service_package/my_service_package/msg/detail/rot_pos__traits.hpp
[46.119s] -- Installing: /home/manav/robotis_ws/install/my_service_package/include/my_service_package/my_service_package/msg/detail/rot_pos__struct.hpp
[46.120s] -- Installing: /home/manav/robotis_ws/install/my_service_package/include/my_service_package/my_service_package/msg/detail/vel_pos__traits.hpp
[46.120s] -- Installing: /home/manav/robotis_ws/install/my_service_package/include/my_service_package/my_service_package/msg/detail/rot_pos__builder.hpp
[46.120s] -- Installing: /home/manav/robotis_ws/install/my_service_package/include/my_service_package/my_service_package/msg/detail/vel_pos__struct.hpp
[46.121s] -- Installing: /home/manav/robotis_ws/install/my_service_package/include/my_service_package/my_service_package/msg/detail/vel_pos__builder.hpp
[46.121s] -- Up-to-date: /home/manav/robotis_ws/install/my_service_package/include/my_service_package/my_service_package
[46.121s] -- Up-to-date: /home/manav/robotis_ws/install/my_service_package/include/my_service_package/my_service_package/srv
[46.121s] -- Up-to-date: /home/manav/robotis_ws/install/my_service_package/include/my_service_package/my_service_package/srv/detail
[46.121s] -- Installing: /home/manav/robotis_ws/install/my_service_package/include/my_service_package/my_service_package/srv/detail/endeffector_velservice__rosidl_typesupport_fastrtps_cpp.hpp
[46.123s] -- Up-to-date: /home/manav/robotis_ws/install/my_service_package/include/my_service_package/my_service_package/srv/detail/dds_fastrtps
[46.124s] -- Installing: /home/manav/robotis_ws/install/my_service_package/include/my_service_package/my_service_package/srv/detail/i_kservice__rosidl_typesupport_fastrtps_cpp.hpp
[46.125s] -- Installing: /home/manav/robotis_ws/install/my_service_package/include/my_service_package/my_service_package/srv/detail/joint_velservice__rosidl_typesupport_fastrtps_cpp.hpp
[46.125s] -- Up-to-date: /home/manav/robotis_ws/install/my_service_package/include/my_service_package/my_service_package/msg
[46.126s] -- Up-to-date: /home/manav/robotis_ws/install/my_service_package/include/my_service_package/my_service_package/msg/rosidl_typesupport_fastrtps_cpp__visibility_control.h
[46.126s] -- Up-to-date: /home/manav/robotis_ws/install/my_service_package/include/my_service_package/my_service_package/msg/detail
[46.127s] -- Installing: /home/manav/robotis_ws/install/my_service_package/include/my_service_package/my_service_package/msg/detail/rot_pos__rosidl_typesupport_fastrtps_cpp.hpp
[46.127s] -- Installing: /home/manav/robotis_ws/install/my_service_package/include/my_service_package/my_service_package/msg/detail/vel_pos__rosidl_typesupport_fastrtps_cpp.hpp
[46.128s] -- Up-to-date: /home/manav/robotis_ws/install/my_service_package/include/my_service_package/my_service_package/msg/detail/dds_fastrtps
[46.128s] -- Installing: /home/manav/robotis_ws/install/my_service_package/lib/libmy_service_package__rosidl_typesupport_fastrtps_cpp.so
[46.129s] -- Set runtime path of "/home/manav/robotis_ws/install/my_service_package/lib/libmy_service_package__rosidl_typesupport_fastrtps_cpp.so" to ""
[46.129s] -- Up-to-date: /home/manav/robotis_ws/install/my_service_package/include/my_service_package/my_service_package
[46.129s] -- Up-to-date: /home/manav/robotis_ws/install/my_service_package/include/my_service_package/my_service_package/srv
[46.130s] -- Up-to-date: /home/manav/robotis_ws/install/my_service_package/include/my_service_package/my_service_package/srv/detail
[46.130s] -- Installing: /home/manav/robotis_ws/install/my_service_package/include/my_service_package/my_service_package/srv/detail/endeffector_velservice__rosidl_typesupport_introspection_c.h
[46.130s] -- Installing: /home/manav/robotis_ws/install/my_service_package/include/my_service_package/my_service_package/srv/detail/endeffector_velservice__type_support.c
[46.131s] -- Installing: /home/manav/robotis_ws/install/my_service_package/include/my_service_package/my_service_package/srv/detail/i_kservice__type_support.c
[46.131s] -- Installing: /home/manav/robotis_ws/install/my_service_package/include/my_service_package/my_service_package/srv/detail/i_kservice__rosidl_typesupport_introspection_c.h
[46.131s] -- Installing: /home/manav/robotis_ws/install/my_service_package/include/my_service_package/my_service_package/srv/detail/joint_velservice__rosidl_typesupport_introspection_c.h
[46.132s] -- Installing: /home/manav/robotis_ws/install/my_service_package/include/my_service_package/my_service_package/srv/detail/joint_velservice__type_support.c
[46.132s] -- Up-to-date: /home/manav/robotis_ws/install/my_service_package/include/my_service_package/my_service_package/msg
[46.132s] -- Up-to-date: /home/manav/robotis_ws/install/my_service_package/include/my_service_package/my_service_package/msg/rosidl_typesupport_introspection_c__visibility_control.h
[46.132s] -- Up-to-date: /home/manav/robotis_ws/install/my_service_package/include/my_service_package/my_service_package/msg/detail
[46.133s] -- Installing: /home/manav/robotis_ws/install/my_service_package/include/my_service_package/my_service_package/msg/detail/vel_pos__type_support.c
[46.134s] -- Installing: /home/manav/robotis_ws/install/my_service_package/include/my_service_package/my_service_package/msg/detail/vel_pos__rosidl_typesupport_introspection_c.h
[46.134s] -- Installing: /home/manav/robotis_ws/install/my_service_package/include/my_service_package/my_service_package/msg/detail/rot_pos__type_support.c
[46.134s] -- Installing: /home/manav/robotis_ws/install/my_service_package/include/my_service_package/my_service_package/msg/detail/rot_pos__rosidl_typesupport_introspection_c.h
[46.134s] -- Installing: /home/manav/robotis_ws/install/my_service_package/lib/libmy_service_package__rosidl_typesupport_introspection_c.so
[46.134s] -- Set runtime path of "/home/manav/robotis_ws/install/my_service_package/lib/libmy_service_package__rosidl_typesupport_introspection_c.so" to ""
[46.136s] -- Installing: /home/manav/robotis_ws/install/my_service_package/lib/libmy_service_package__rosidl_typesupport_c.so
[46.136s] -- Set runtime path of "/home/manav/robotis_ws/install/my_service_package/lib/libmy_service_package__rosidl_typesupport_c.so" to ""
[46.136s] -- Up-to-date: /home/manav/robotis_ws/install/my_service_package/include/my_service_package/my_service_package
[46.136s] -- Up-to-date: /home/manav/robotis_ws/install/my_service_package/include/my_service_package/my_service_package/srv
[46.137s] -- Up-to-date: /home/manav/robotis_ws/install/my_service_package/include/my_service_package/my_service_package/srv/detail
[46.137s] -- Installing: /home/manav/robotis_ws/install/my_service_package/include/my_service_package/my_service_package/srv/detail/joint_velservice__type_support.cpp
[46.137s] -- Installing: /home/manav/robotis_ws/install/my_service_package/include/my_service_package/my_service_package/srv/detail/endeffector_velservice__rosidl_typesupport_introspection_cpp.hpp
[46.137s] -- Installing: /home/manav/robotis_ws/install/my_service_package/include/my_service_package/my_service_package/srv/detail/i_kservice__type_support.cpp
[46.141s] -- Installing: /home/manav/robotis_ws/install/my_service_package/include/my_service_package/my_service_package/srv/detail/endeffector_velservice__type_support.cpp
[46.142s] -- Installing: /home/manav/robotis_ws/install/my_service_package/include/my_service_package/my_service_package/srv/detail/joint_velservice__rosidl_typesupport_introspection_cpp.hpp
[46.142s] -- Installing: /home/manav/robotis_ws/install/my_service_package/include/my_service_package/my_service_package/srv/detail/i_kservice__rosidl_typesupport_introspection_cpp.hpp
[46.142s] -- Up-to-date: /home/manav/robotis_ws/install/my_service_package/include/my_service_package/my_service_package/msg
[46.142s] -- Up-to-date: /home/manav/robotis_ws/install/my_service_package/include/my_service_package/my_service_package/msg/detail
[46.142s] -- Installing: /home/manav/robotis_ws/install/my_service_package/include/my_service_package/my_service_package/msg/detail/vel_pos__type_support.cpp
[46.144s] -- Installing: /home/manav/robotis_ws/install/my_service_package/include/my_service_package/my_service_package/msg/detail/rot_pos__rosidl_typesupport_introspection_cpp.hpp
[46.144s] -- Installing: /home/manav/robotis_ws/install/my_service_package/include/my_service_package/my_service_package/msg/detail/rot_pos__type_support.cpp
[46.144s] -- Installing: /home/manav/robotis_ws/install/my_service_package/include/my_service_package/my_service_package/msg/detail/vel_pos__rosidl_typesupport_introspection_cpp.hpp
[46.144s] -- Installing: /home/manav/robotis_ws/install/my_service_package/lib/libmy_service_package__rosidl_typesupport_introspection_cpp.so
[46.145s] -- Set runtime path of "/home/manav/robotis_ws/install/my_service_package/lib/libmy_service_package__rosidl_typesupport_introspection_cpp.so" to ""
[46.146s] -- Installing: /home/manav/robotis_ws/install/my_service_package/lib/libmy_service_package__rosidl_typesupport_cpp.so
[46.146s] -- Set runtime path of "/home/manav/robotis_ws/install/my_service_package/lib/libmy_service_package__rosidl_typesupport_cpp.so" to ""
[46.146s] -- Up-to-date: /home/manav/robotis_ws/install/my_service_package/share/my_service_package/environment/pythonpath.sh
[46.146s] -- Installing: /home/manav/robotis_ws/install/my_service_package/share/my_service_package/environment/pythonpath.dsv
[46.148s] -- Up-to-date: /home/manav/robotis_ws/install/my_service_package/local/lib/python3.10/dist-packages/my_service_package-0.0.0-py3.10.egg-info
[46.148s] -- Installing: /home/manav/robotis_ws/install/my_service_package/local/lib/python3.10/dist-packages/my_service_package-0.0.0-py3.10.egg-info/top_level.txt
[46.148s] -- Installing: /home/manav/robotis_ws/install/my_service_package/local/lib/python3.10/dist-packages/my_service_package-0.0.0-py3.10.egg-info/dependency_links.txt
[46.149s] -- Installing: /home/manav/robotis_ws/install/my_service_package/local/lib/python3.10/dist-packages/my_service_package-0.0.0-py3.10.egg-info/PKG-INFO
[46.149s] -- Installing: /home/manav/robotis_ws/install/my_service_package/local/lib/python3.10/dist-packages/my_service_package-0.0.0-py3.10.egg-info/SOURCES.txt
[46.149s] -- Up-to-date: /home/manav/robotis_ws/install/my_service_package/local/lib/python3.10/dist-packages/my_service_package
[46.149s] -- Installing: /home/manav/robotis_ws/install/my_service_package/local/lib/python3.10/dist-packages/my_service_package/_my_service_package_s.ep.rosidl_typesupport_introspection_c.c
[46.151s] -- Installing: /home/manav/robotis_ws/install/my_service_package/local/lib/python3.10/dist-packages/my_service_package/libmy_service_package__rosidl_generator_py.so
[46.151s] -- Installing: /home/manav/robotis_ws/install/my_service_package/local/lib/python3.10/dist-packages/my_service_package/my_service_package_s__rosidl_typesupport_fastrtps_c.cpython-310-x86_64-linux-gnu.so
[46.152s] -- Installing: /home/manav/robotis_ws/install/my_service_package/local/lib/python3.10/dist-packages/my_service_package/_my_service_package_s.ep.rosidl_typesupport_fastrtps_c.c
[46.152s] -- Up-to-date: /home/manav/robotis_ws/install/my_service_package/local/lib/python3.10/dist-packages/my_service_package/srv
[46.152s] -- Installing: /home/manav/robotis_ws/install/my_service_package/local/lib/python3.10/dist-packages/my_service_package/srv/_i_kservice.py
[46.153s] -- Installing: /home/manav/robotis_ws/install/my_service_package/local/lib/python3.10/dist-packages/my_service_package/srv/_joint_velservice_s.c
[46.154s] -- Installing: /home/manav/robotis_ws/install/my_service_package/local/lib/python3.10/dist-packages/my_service_package/srv/_endeffector_velservice_s.c
[46.154s] -- Installing: /home/manav/robotis_ws/install/my_service_package/local/lib/python3.10/dist-packages/my_service_package/srv/_endeffector_velservice.py
[46.154s] -- Installing: /home/manav/robotis_ws/install/my_service_package/local/lib/python3.10/dist-packages/my_service_package/srv/_i_kservice_s.c
[46.154s] -- Installing: /home/manav/robotis_ws/install/my_service_package/local/lib/python3.10/dist-packages/my_service_package/srv/_joint_velservice.py
[46.154s] -- Installing: /home/manav/robotis_ws/install/my_service_package/local/lib/python3.10/dist-packages/my_service_package/srv/__init__.py
[46.154s] -- Up-to-date: /home/manav/robotis_ws/install/my_service_package/local/lib/python3.10/dist-packages/my_service_package/msg
[46.156s] -- Installing: /home/manav/robotis_ws/install/my_service_package/local/lib/python3.10/dist-packages/my_service_package/msg/_vel_pos.py
[46.157s] -- Installing: /home/manav/robotis_ws/install/my_service_package/local/lib/python3.10/dist-packages/my_service_package/msg/_rot_pos.py
[46.157s] -- Installing: /home/manav/robotis_ws/install/my_service_package/local/lib/python3.10/dist-packages/my_service_package/msg/_vel_pos_s.c
[46.157s] -- Installing: /home/manav/robotis_ws/install/my_service_package/local/lib/python3.10/dist-packages/my_service_package/msg/_rot_pos_s.c
[46.157s] -- Installing: /home/manav/robotis_ws/install/my_service_package/local/lib/python3.10/dist-packages/my_service_package/msg/__init__.py
[46.157s] -- Installing: /home/manav/robotis_ws/install/my_service_package/local/lib/python3.10/dist-packages/my_service_package/_my_service_package_s.ep.rosidl_typesupport_c.c
[46.157s] -- Installing: /home/manav/robotis_ws/install/my_service_package/local/lib/python3.10/dist-packages/my_service_package/my_service_package_s__rosidl_typesupport_introspection_c.cpython-310-x86_64-linux-gnu.so
[46.157s] -- Installing: /home/manav/robotis_ws/install/my_service_package/local/lib/python3.10/dist-packages/my_service_package/my_service_package_s__rosidl_typesupport_c.cpython-310-x86_64-linux-gnu.so
[46.158s] -- Installing: /home/manav/robotis_ws/install/my_service_package/local/lib/python3.10/dist-packages/my_service_package/__init__.py
[46.241s] Listing '/home/manav/robotis_ws/install/my_service_package/local/lib/python3.10/dist-packages/my_service_package'...
[46.242s] Compiling '/home/manav/robotis_ws/install/my_service_package/local/lib/python3.10/dist-packages/my_service_package/__init__.py'...
[46.242s] Listing '/home/manav/robotis_ws/install/my_service_package/local/lib/python3.10/dist-packages/my_service_package/msg'...
[46.242s] Compiling '/home/manav/robotis_ws/install/my_service_package/local/lib/python3.10/dist-packages/my_service_package/msg/__init__.py'...
[46.242s] Compiling '/home/manav/robotis_ws/install/my_service_package/local/lib/python3.10/dist-packages/my_service_package/msg/_rot_pos.py'...
[46.242s] Compiling '/home/manav/robotis_ws/install/my_service_package/local/lib/python3.10/dist-packages/my_service_package/msg/_vel_pos.py'...
[46.242s] Listing '/home/manav/robotis_ws/install/my_service_package/local/lib/python3.10/dist-packages/my_service_package/srv'...
[46.242s] Compiling '/home/manav/robotis_ws/install/my_service_package/local/lib/python3.10/dist-packages/my_service_package/srv/__init__.py'...
[46.244s] Compiling '/home/manav/robotis_ws/install/my_service_package/local/lib/python3.10/dist-packages/my_service_package/srv/_endeffector_velservice.py'...
[46.245s] Compiling '/home/manav/robotis_ws/install/my_service_package/local/lib/python3.10/dist-packages/my_service_package/srv/_i_kservice.py'...
[46.245s] Compiling '/home/manav/robotis_ws/install/my_service_package/local/lib/python3.10/dist-packages/my_service_package/srv/_joint_velservice.py'...
[46.254s] -- Installing: /home/manav/robotis_ws/install/my_service_package/local/lib/python3.10/dist-packages/my_service_package/my_service_package_s__rosidl_typesupport_fastrtps_c.cpython-310-x86_64-linux-gnu.so
[46.256s] -- Set runtime path of "/home/manav/robotis_ws/install/my_service_package/local/lib/python3.10/dist-packages/my_service_package/my_service_package_s__rosidl_typesupport_fastrtps_c.cpython-310-x86_64-linux-gnu.so" to ""
[46.256s] -- Installing: /home/manav/robotis_ws/install/my_service_package/local/lib/python3.10/dist-packages/my_service_package/my_service_package_s__rosidl_typesupport_introspection_c.cpython-310-x86_64-linux-gnu.so
[46.257s] -- Set runtime path of "/home/manav/robotis_ws/install/my_service_package/local/lib/python3.10/dist-packages/my_service_package/my_service_package_s__rosidl_typesupport_introspection_c.cpython-310-x86_64-linux-gnu.so" to ""
[46.258s] -- Installing: /home/manav/robotis_ws/install/my_service_package/local/lib/python3.10/dist-packages/my_service_package/my_service_package_s__rosidl_typesupport_c.cpython-310-x86_64-linux-gnu.so
[46.259s] -- Set runtime path of "/home/manav/robotis_ws/install/my_service_package/local/lib/python3.10/dist-packages/my_service_package/my_service_package_s__rosidl_typesupport_c.cpython-310-x86_64-linux-gnu.so" to ""
[46.259s] -- Installing: /home/manav/robotis_ws/install/my_service_package/lib/libmy_service_package__rosidl_generator_py.so
[46.261s] -- Set runtime path of "/home/manav/robotis_ws/install/my_service_package/lib/libmy_service_package__rosidl_generator_py.so" to ""
[46.262s] -- Up-to-date: /home/manav/robotis_ws/install/my_service_package/share/my_service_package/msg/RotPos.idl
[46.262s] -- Installing: /home/manav/robotis_ws/install/my_service_package/share/my_service_package/msg/VelPos.idl
[46.263s] -- Up-to-date: /home/manav/robotis_ws/install/my_service_package/share/my_service_package/srv/IKservice.idl
[46.263s] -- Up-to-date: /home/manav/robotis_ws/install/my_service_package/share/my_service_package/srv/JointVelservice.idl
[46.263s] -- Up-to-date: /home/manav/robotis_ws/install/my_service_package/share/my_service_package/srv/EndeffectorVelservice.idl
[46.263s] -- Up-to-date: /home/manav/robotis_ws/install/my_service_package/share/my_service_package/msg/RotPos.msg
[46.263s] -- Installing: /home/manav/robotis_ws/install/my_service_package/share/my_service_package/msg/VelPos.msg
[46.263s] -- Up-to-date: /home/manav/robotis_ws/install/my_service_package/share/my_service_package/srv/IKservice.srv
[46.263s] -- Up-to-date: /home/manav/robotis_ws/install/my_service_package/share/my_service_package/srv/IKservice_Request.msg
[46.264s] -- Up-to-date: /home/manav/robotis_ws/install/my_service_package/share/my_service_package/srv/IKservice_Response.msg
[46.264s] -- Up-to-date: /home/manav/robotis_ws/install/my_service_package/share/my_service_package/srv/JointVelservice.srv
[46.264s] -- Up-to-date: /home/manav/robotis_ws/install/my_service_package/share/my_service_package/srv/JointVelservice_Request.msg
[46.264s] -- Up-to-date: /home/manav/robotis_ws/install/my_service_package/share/my_service_package/srv/JointVelservice_Response.msg
[46.264s] -- Up-to-date: /home/manav/robotis_ws/install/my_service_package/share/my_service_package/srv/EndeffectorVelservice.srv
[46.264s] -- Up-to-date: /home/manav/robotis_ws/install/my_service_package/share/my_service_package/srv/EndeffectorVelservice_Request.msg
[46.265s] -- Up-to-date: /home/manav/robotis_ws/install/my_service_package/share/my_service_package/srv/EndeffectorVelservice_Response.msg
[46.266s] -- Up-to-date: /home/manav/robotis_ws/install/my_service_package/share/ament_index/resource_index/package_run_dependencies/my_service_package
[46.266s] -- Up-to-date: /home/manav/robotis_ws/install/my_service_package/share/ament_index/resource_index/parent_prefix_path/my_service_package
[46.267s] -- Up-to-date: /home/manav/robotis_ws/install/my_service_package/share/my_service_package/environment/ament_prefix_path.sh
[46.267s] -- Installing: /home/manav/robotis_ws/install/my_service_package/share/my_service_package/environment/ament_prefix_path.dsv
[46.267s] -- Up-to-date: /home/manav/robotis_ws/install/my_service_package/share/my_service_package/environment/path.sh
[46.268s] -- Installing: /home/manav/robotis_ws/install/my_service_package/share/my_service_package/environment/path.dsv
[46.268s] -- Up-to-date: /home/manav/robotis_ws/install/my_service_package/share/my_service_package/local_setup.bash
[46.269s] -- Up-to-date: /home/manav/robotis_ws/install/my_service_package/share/my_service_package/local_setup.sh
[46.269s] -- Up-to-date: /home/manav/robotis_ws/install/my_service_package/share/my_service_package/local_setup.zsh
[46.270s] -- Installing: /home/manav/robotis_ws/install/my_service_package/share/my_service_package/local_setup.dsv
[46.270s] -- Installing: /home/manav/robotis_ws/install/my_service_package/share/my_service_package/package.dsv
[46.270s] -- Up-to-date: /home/manav/robotis_ws/install/my_service_package/share/ament_index/resource_index/packages/my_service_package
[46.270s] -- Up-to-date: /home/manav/robotis_ws/install/my_service_package/share/my_service_package/cmake/export_my_service_package__rosidl_generator_cExport.cmake
[46.271s] -- Up-to-date: /home/manav/robotis_ws/install/my_service_package/share/my_service_package/cmake/export_my_service_package__rosidl_generator_cExport-noconfig.cmake
[46.271s] -- Up-to-date: /home/manav/robotis_ws/install/my_service_package/share/my_service_package/cmake/export_my_service_package__rosidl_typesupport_fastrtps_cExport.cmake
[46.271s] -- Up-to-date: /home/manav/robotis_ws/install/my_service_package/share/my_service_package/cmake/export_my_service_package__rosidl_typesupport_fastrtps_cExport-noconfig.cmake
[46.271s] -- Up-to-date: /home/manav/robotis_ws/install/my_service_package/share/my_service_package/cmake/export_my_service_package__rosidl_generator_cppExport.cmake
[46.272s] -- Up-to-date: /home/manav/robotis_ws/install/my_service_package/share/my_service_package/cmake/export_my_service_package__rosidl_typesupport_fastrtps_cppExport.cmake
[46.276s] -- Up-to-date: /home/manav/robotis_ws/install/my_service_package/share/my_service_package/cmake/export_my_service_package__rosidl_typesupport_fastrtps_cppExport-noconfig.cmake
[46.277s] -- Up-to-date: /home/manav/robotis_ws/install/my_service_package/share/my_service_package/cmake/my_service_package__rosidl_typesupport_introspection_cExport.cmake
[46.277s] -- Up-to-date: /home/manav/robotis_ws/install/my_service_package/share/my_service_package/cmake/my_service_package__rosidl_typesupport_introspection_cExport-noconfig.cmake
[46.277s] -- Up-to-date: /home/manav/robotis_ws/install/my_service_package/share/my_service_package/cmake/my_service_package__rosidl_typesupport_cExport.cmake
[46.277s] -- Up-to-date: /home/manav/robotis_ws/install/my_service_package/share/my_service_package/cmake/my_service_package__rosidl_typesupport_cExport-noconfig.cmake
[46.277s] -- Up-to-date: /home/manav/robotis_ws/install/my_service_package/share/my_service_package/cmake/my_service_package__rosidl_typesupport_introspection_cppExport.cmake
[46.277s] -- Up-to-date: /home/manav/robotis_ws/install/my_service_package/share/my_service_package/cmake/my_service_package__rosidl_typesupport_introspection_cppExport-noconfig.cmake
[46.278s] -- Up-to-date: /home/manav/robotis_ws/install/my_service_package/share/my_service_package/cmake/my_service_package__rosidl_typesupport_cppExport.cmake
[46.278s] -- Up-to-date: /home/manav/robotis_ws/install/my_service_package/share/my_service_package/cmake/my_service_package__rosidl_typesupport_cppExport-noconfig.cmake
[46.278s] -- Up-to-date: /home/manav/robotis_ws/install/my_service_package/share/my_service_package/cmake/export_my_service_package__rosidl_generator_pyExport.cmake
[46.278s] -- Up-to-date: /home/manav/robotis_ws/install/my_service_package/share/my_service_package/cmake/export_my_service_package__rosidl_generator_pyExport-noconfig.cmake
[46.281s] -- Installing: /home/manav/robotis_ws/install/my_service_package/share/my_service_package/cmake/rosidl_cmake-extras.cmake
[46.282s] -- Up-to-date: /home/manav/robotis_ws/install/my_service_package/share/my_service_package/cmake/ament_cmake_export_dependencies-extras.cmake
[46.282s] -- Up-to-date: /home/manav/robotis_ws/install/my_service_package/share/my_service_package/cmake/ament_cmake_export_include_directories-extras.cmake
[46.282s] -- Up-to-date: /home/manav/robotis_ws/install/my_service_package/share/my_service_package/cmake/ament_cmake_export_libraries-extras.cmake
[46.282s] -- Up-to-date: /home/manav/robotis_ws/install/my_service_package/share/my_service_package/cmake/ament_cmake_export_targets-extras.cmake
[46.282s] -- Up-to-date: /home/manav/robotis_ws/install/my_service_package/share/my_service_package/cmake/rosidl_cmake_export_typesupport_targets-extras.cmake
[46.282s] -- Up-to-date: /home/manav/robotis_ws/install/my_service_package/share/my_service_package/cmake/rosidl_cmake_export_typesupport_libraries-extras.cmake
[46.282s] -- Up-to-date: /home/manav/robotis_ws/install/my_service_package/share/my_service_package/cmake/my_service_packageConfig.cmake
[46.283s] -- Up-to-date: /home/manav/robotis_ws/install/my_service_package/share/my_service_package/cmake/my_service_packageConfig-version.cmake
[46.283s] -- Up-to-date: /home/manav/robotis_ws/install/my_service_package/share/my_service_package/package.xml
[46.283s] Invoked command in '/home/manav/robotis_ws/build/my_service_package' returned '0': CMAKE_PREFIX_PATH=${CMAKE_PREFIX_PATH}:/home/manav/robotis_ws/install/vel_kinematics:/home/manav/robotis_ws/install/rbe500_example_py:/home/manav/robotis_ws/install/inverse:/home/manav/robotis_ws/install/forward:/home/manav/ros2_test/install/my_robot_controller:/opt/ros/humble /usr/bin/cmake --install /home/manav/robotis_ws/build/my_service_package
