[0.043s] Invoking command in '/home/manav/robotis_ws/build/dynamixel_sdk': CMAKE_PREFIX_PATH=${CMAKE_PREFIX_PATH}:/home/manav/robotis_ws/install/vel_kinematics:/home/manav/robotis_ws/install/rbe500_example_py:/home/manav/robotis_ws/install/inverse:/home/manav/robotis_ws/install/forward:/home/manav/ros2_test/install/my_robot_controller:/opt/ros/humble /usr/bin/cmake --build /home/manav/robotis_ws/build/dynamixel_sdk -- -j4 -l4
[0.201s] [100%] Built target dynamixel_sdk
[0.370s] Invoked command in '/home/manav/robotis_ws/build/dynamixel_sdk' returned '0': CMAKE_PREFIX_PATH=${CMAKE_PREFIX_PATH}:/home/manav/robotis_ws/install/vel_kinematics:/home/manav/robotis_ws/install/rbe500_example_py:/home/manav/robotis_ws/install/inverse:/home/manav/robotis_ws/install/forward:/home/manav/ros2_test/install/my_robot_controller:/opt/ros/humble /usr/bin/cmake --build /home/manav/robotis_ws/build/dynamixel_sdk -- -j4 -l4
[0.804s] Invoking command in '/home/manav/robotis_ws/build/dynamixel_sdk': CMAKE_PREFIX_PATH=${CMAKE_PREFIX_PATH}:/home/manav/robotis_ws/install/vel_kinematics:/home/manav/robotis_ws/install/rbe500_example_py:/home/manav/robotis_ws/install/inverse:/home/manav/robotis_ws/install/forward:/home/manav/ros2_test/install/my_robot_controller:/opt/ros/humble /usr/bin/cmake --install /home/manav/robotis_ws/build/dynamixel_sdk
[0.853s] -- Install configuration: ""
[0.858s] -- Up-to-date: /home/manav/robotis_ws/install/dynamixel_sdk/include/
[0.858s] -- Up-to-date: /home/manav/robotis_ws/install/dynamixel_sdk/include//dynamixel_sdk
[0.858s] -- Up-to-date: /home/manav/robotis_ws/install/dynamixel_sdk/include//dynamixel_sdk/port_handler_windows.h
[0.858s] -- Up-to-date: /home/manav/robotis_ws/install/dynamixel_sdk/include//dynamixel_sdk/protocol1_packet_handler.h
[0.858s] -- Up-to-date: /home/manav/robotis_ws/install/dynamixel_sdk/include//dynamixel_sdk/group_sync_read.h
[0.858s] -- Up-to-date: /home/manav/robotis_ws/install/dynamixel_sdk/include//dynamixel_sdk/group_sync_write.h
[0.858s] -- Up-to-date: /home/manav/robotis_ws/install/dynamixel_sdk/include//dynamixel_sdk/port_handler_arduino.h
[0.859s] -- Up-to-date: /home/manav/robotis_ws/install/dynamixel_sdk/include//dynamixel_sdk/port_handler_linux.h
[0.859s] -- Up-to-date: /home/manav/robotis_ws/install/dynamixel_sdk/include//dynamixel_sdk/protocol2_packet_handler.h
[0.866s] -- Up-to-date: /home/manav/robotis_ws/install/dynamixel_sdk/include//dynamixel_sdk/packet_handler.h
[0.868s] -- Up-to-date: /home/manav/robotis_ws/install/dynamixel_sdk/include//dynamixel_sdk/port_handler_mac.h
[0.869s] -- Up-to-date: /home/manav/robotis_ws/install/dynamixel_sdk/include//dynamixel_sdk/port_handler.h
[0.869s] -- Up-to-date: /home/manav/robotis_ws/install/dynamixel_sdk/include//dynamixel_sdk/group_bulk_read.h
[0.875s] -- Up-to-date: /home/manav/robotis_ws/install/dynamixel_sdk/include//dynamixel_sdk/group_bulk_write.h
[0.875s] -- Up-to-date: /home/manav/robotis_ws/install/dynamixel_sdk/include//dynamixel_sdk/dynamixel_sdk.h
[0.875s] -- Up-to-date: /home/manav/robotis_ws/install/dynamixel_sdk/lib/libdynamixel_sdk.so
[0.875s] -- Up-to-date: /home/manav/robotis_ws/install/dynamixel_sdk/share/dynamixel_sdk/environment/library_path.sh
[0.875s] -- Up-to-date: /home/manav/robotis_ws/install/dynamixel_sdk/share/dynamixel_sdk/environment/library_path.dsv
[0.876s] -- Up-to-date: /home/manav/robotis_ws/install/dynamixel_sdk/share/ament_index/resource_index/package_run_dependencies/dynamixel_sdk
[0.876s] -- Up-to-date: /home/manav/robotis_ws/install/dynamixel_sdk/share/ament_index/resource_index/parent_prefix_path/dynamixel_sdk
[0.881s] -- Up-to-date: /home/manav/robotis_ws/install/dynamixel_sdk/share/dynamixel_sdk/environment/ament_prefix_path.sh
[0.881s] -- Up-to-date: /home/manav/robotis_ws/install/dynamixel_sdk/share/dynamixel_sdk/environment/ament_prefix_path.dsv
[0.882s] -- Up-to-date: /home/manav/robotis_ws/install/dynamixel_sdk/share/dynamixel_sdk/environment/path.sh
[0.882s] -- Up-to-date: /home/manav/robotis_ws/install/dynamixel_sdk/share/dynamixel_sdk/environment/path.dsv
[0.891s] -- Up-to-date: /home/manav/robotis_ws/install/dynamixel_sdk/share/dynamixel_sdk/local_setup.bash
[0.891s] -- Up-to-date: /home/manav/robotis_ws/install/dynamixel_sdk/share/dynamixel_sdk/local_setup.sh
[0.891s] -- Up-to-date: /home/manav/robotis_ws/install/dynamixel_sdk/share/dynamixel_sdk/local_setup.zsh
[0.892s] -- Up-to-date: /home/manav/robotis_ws/install/dynamixel_sdk/share/dynamixel_sdk/local_setup.dsv
[0.892s] -- Installing: /home/manav/robotis_ws/install/dynamixel_sdk/share/dynamixel_sdk/package.dsv
[0.892s] -- Up-to-date: /home/manav/robotis_ws/install/dynamixel_sdk/share/ament_index/resource_index/packages/dynamixel_sdk
[0.895s] -- Up-to-date: /home/manav/robotis_ws/install/dynamixel_sdk/share/dynamixel_sdk/cmake/ament_cmake_export_include_directories-extras.cmake
[0.895s] -- Up-to-date: /home/manav/robotis_ws/install/dynamixel_sdk/share/dynamixel_sdk/cmake/ament_cmake_export_libraries-extras.cmake
[0.895s] -- Up-to-date: /home/manav/robotis_ws/install/dynamixel_sdk/share/dynamixel_sdk/cmake/dynamixel_sdkConfig.cmake
[0.896s] -- Up-to-date: /home/manav/robotis_ws/install/dynamixel_sdk/share/dynamixel_sdk/cmake/dynamixel_sdkConfig-version.cmake
[0.896s] -- Up-to-date: /home/manav/robotis_ws/install/dynamixel_sdk/share/dynamixel_sdk/package.xml
[0.916s] Invoked command in '/home/manav/robotis_ws/build/dynamixel_sdk' returned '0': CMAKE_PREFIX_PATH=${CMAKE_PREFIX_PATH}:/home/manav/robotis_ws/install/vel_kinematics:/home/manav/robotis_ws/install/rbe500_example_py:/home/manav/robotis_ws/install/inverse:/home/manav/robotis_ws/install/forward:/home/manav/ros2_test/install/my_robot_controller:/opt/ros/humble /usr/bin/cmake --install /home/manav/robotis_ws/build/dynamixel_sdk
