[2.882s] Invoking command in '/home/manav/robotis_ws/src/OpenManipulatorX_ROS2-main/forward': PYTHONPATH=/home/manav/robotis_ws/build/forward/prefix_override:/usr/lib/python3/dist-packages/colcon_core/task/python/colcon_distutils_commands:/home/manav/robotis_ws/install/forward/lib/python3.10/site-packages:${PYTHONPATH} /usr/bin/python3 -W ignore:setup.py install is deprecated setup.py egg_info --egg-base ../../../build/forward build --build-base /home/manav/robotis_ws/build/forward/build install --record /home/manav/robotis_ws/build/forward/install.log --single-version-externally-managed install_data
[4.333s] running egg_info
[4.334s] writing ../../../build/forward/forward.egg-info/PKG-INFO
[4.335s] writing dependency_links to ../../../build/forward/forward.egg-info/dependency_links.txt
[4.336s] writing entry points to ../../../build/forward/forward.egg-info/entry_points.txt
[4.337s] writing requirements to ../../../build/forward/forward.egg-info/requires.txt
[4.338s] writing top-level names to ../../../build/forward/forward.egg-info/top_level.txt
[4.345s] reading manifest file '../../../build/forward/forward.egg-info/SOURCES.txt'
[4.345s] adding license file 'LICENSE'
[4.348s] writing manifest file '../../../build/forward/forward.egg-info/SOURCES.txt'
[4.349s] running build
[4.349s] running build_py
[4.355s] running install
[4.355s] running install_lib
[4.355s] running install_data
[4.360s] running install_egg_info
[4.363s] removing '/home/manav/robotis_ws/install/forward/lib/python3.10/site-packages/forward-0.0.0-py3.10.egg-info' (and everything under it)
[4.365s] Copying ../../../build/forward/forward.egg-info to /home/manav/robotis_ws/install/forward/lib/python3.10/site-packages/forward-0.0.0-py3.10.egg-info
[4.371s] running install_scripts
[4.452s] Installing fwd_call script to /home/manav/robotis_ws/install/forward/lib/forward
[4.452s] writing list of installed files to '/home/manav/robotis_ws/build/forward/install.log'
[4.597s] Invoked command in '/home/manav/robotis_ws/src/OpenManipulatorX_ROS2-main/forward' returned '0': PYTHONPATH=/home/manav/robotis_ws/build/forward/prefix_override:/usr/lib/python3/dist-packages/colcon_core/task/python/colcon_distutils_commands:/home/manav/robotis_ws/install/forward/lib/python3.10/site-packages:${PYTHONPATH} /usr/bin/python3 -W ignore:setup.py install is deprecated setup.py egg_info --egg-base ../../../build/forward build --build-base /home/manav/robotis_ws/build/forward/build install --record /home/manav/robotis_ws/build/forward/install.log --single-version-externally-managed install_data
