[0.057s] Invoking command in '/home/manav/robotis_ws/build/dynamixel_sdk': CMAKE_PREFIX_PATH=${CMAKE_PREFIX_PATH}:/home/manav/robotis_ws/install/vel_kinematics:/home/manav/robotis_ws/install/rbe500_example_py:/home/manav/robotis_ws/install/inverse:/home/manav/robotis_ws/install/forward:/home/manav/ros2_test/install/my_robot_controller:/opt/ros/humble /usr/bin/cmake --build /home/manav/robotis_ws/build/dynamixel_sdk -- -j4 -l4
[0.334s] [100%] Built target dynamixel_sdk
[0.569s] Invoked command in '/home/manav/robotis_ws/build/dynamixel_sdk' returned '0': CMAKE_PREFIX_PATH=${CMAKE_PREFIX_PATH}:/home/manav/robotis_ws/install/vel_kinematics:/home/manav/robotis_ws/install/rbe500_example_py:/home/manav/robotis_ws/install/inverse:/home/manav/robotis_ws/install/forward:/home/manav/ros2_test/install/my_robot_controller:/opt/ros/humble /usr/bin/cmake --build /home/manav/robotis_ws/build/dynamixel_sdk -- -j4 -l4
[1.098s] Invoking command in '/home/manav/robotis_ws/build/dynamixel_sdk': CMAKE_PREFIX_PATH=${CMAKE_PREFIX_PATH}:/home/manav/robotis_ws/install/vel_kinematics:/home/manav/robotis_ws/install/rbe500_example_py:/home/manav/robotis_ws/install/inverse:/home/manav/robotis_ws/install/forward:/home/manav/ros2_test/install/my_robot_controller:/opt/ros/humble /usr/bin/cmake --install /home/manav/robotis_ws/build/dynamixel_sdk
[1.145s] -- Install configuration: ""
[1.145s] -- Up-to-date: /home/manav/robotis_ws/install/dynamixel_sdk/include/
[1.145s] -- Up-to-date: /home/manav/robotis_ws/install/dynamixel_sdk/include//dynamixel_sdk
[1.145s] -- Up-to-date: /home/manav/robotis_ws/install/dynamixel_sdk/include//dynamixel_sdk/port_handler_windows.h
[1.152s] -- Up-to-date: /home/manav/robotis_ws/install/dynamixel_sdk/include//dynamixel_sdk/protocol1_packet_handler.h
[1.152s] -- Up-to-date: /home/manav/robotis_ws/install/dynamixel_sdk/include//dynamixel_sdk/group_sync_read.h
[1.152s] -- Up-to-date: /home/manav/robotis_ws/install/dynamixel_sdk/include//dynamixel_sdk/group_sync_write.h
[1.157s] -- Up-to-date: /home/manav/robotis_ws/install/dynamixel_sdk/include//dynamixel_sdk/port_handler_arduino.h
[1.157s] -- Up-to-date: /home/manav/robotis_ws/install/dynamixel_sdk/include//dynamixel_sdk/port_handler_linux.h
[1.157s] -- Up-to-date: /home/manav/robotis_ws/install/dynamixel_sdk/include//dynamixel_sdk/protocol2_packet_handler.h
[1.158s] -- Up-to-date: /home/manav/robotis_ws/install/dynamixel_sdk/include//dynamixel_sdk/packet_handler.h
[1.158s] -- Up-to-date: /home/manav/robotis_ws/install/dynamixel_sdk/include//dynamixel_sdk/port_handler_mac.h
[1.158s] -- Up-to-date: /home/manav/robotis_ws/install/dynamixel_sdk/include//dynamixel_sdk/port_handler.h
[1.158s] -- Up-to-date: /home/manav/robotis_ws/install/dynamixel_sdk/include//dynamixel_sdk/group_bulk_read.h
[1.158s] -- Up-to-date: /home/manav/robotis_ws/install/dynamixel_sdk/include//dynamixel_sdk/group_bulk_write.h
[1.158s] -- Up-to-date: /home/manav/robotis_ws/install/dynamixel_sdk/include//dynamixel_sdk/dynamixel_sdk.h
[1.158s] -- Up-to-date: /home/manav/robotis_ws/install/dynamixel_sdk/lib/libdynamixel_sdk.so
[1.158s] -- Up-to-date: /home/manav/robotis_ws/install/dynamixel_sdk/share/dynamixel_sdk/environment/library_path.sh
[1.159s] -- Up-to-date: /home/manav/robotis_ws/install/dynamixel_sdk/share/dynamixel_sdk/environment/library_path.dsv
[1.159s] -- Up-to-date: /home/manav/robotis_ws/install/dynamixel_sdk/share/ament_index/resource_index/package_run_dependencies/dynamixel_sdk
[1.159s] -- Up-to-date: /home/manav/robotis_ws/install/dynamixel_sdk/share/ament_index/resource_index/parent_prefix_path/dynamixel_sdk
[1.159s] -- Up-to-date: /home/manav/robotis_ws/install/dynamixel_sdk/share/dynamixel_sdk/environment/ament_prefix_path.sh
[1.159s] -- Up-to-date: /home/manav/robotis_ws/install/dynamixel_sdk/share/dynamixel_sdk/environment/ament_prefix_path.dsv
[1.159s] -- Up-to-date: /home/manav/robotis_ws/install/dynamixel_sdk/share/dynamixel_sdk/environment/path.sh
[1.159s] -- Up-to-date: /home/manav/robotis_ws/install/dynamixel_sdk/share/dynamixel_sdk/environment/path.dsv
[1.159s] -- Up-to-date: /home/manav/robotis_ws/install/dynamixel_sdk/share/dynamixel_sdk/local_setup.bash
[1.169s] -- Up-to-date: /home/manav/robotis_ws/install/dynamixel_sdk/share/dynamixel_sdk/local_setup.sh
[1.169s] -- Up-to-date: /home/manav/robotis_ws/install/dynamixel_sdk/share/dynamixel_sdk/local_setup.zsh
[1.169s] -- Up-to-date: /home/manav/robotis_ws/install/dynamixel_sdk/share/dynamixel_sdk/local_setup.dsv
[1.169s] -- Installing: /home/manav/robotis_ws/install/dynamixel_sdk/share/dynamixel_sdk/package.dsv
[1.169s] -- Up-to-date: /home/manav/robotis_ws/install/dynamixel_sdk/share/ament_index/resource_index/packages/dynamixel_sdk
[1.171s] -- Up-to-date: /home/manav/robotis_ws/install/dynamixel_sdk/share/dynamixel_sdk/cmake/ament_cmake_export_include_directories-extras.cmake
[1.174s] -- Up-to-date: /home/manav/robotis_ws/install/dynamixel_sdk/share/dynamixel_sdk/cmake/ament_cmake_export_libraries-extras.cmake
[1.174s] -- Up-to-date: /home/manav/robotis_ws/install/dynamixel_sdk/share/dynamixel_sdk/cmake/dynamixel_sdkConfig.cmake
[1.174s] -- Up-to-date: /home/manav/robotis_ws/install/dynamixel_sdk/share/dynamixel_sdk/cmake/dynamixel_sdkConfig-version.cmake
[1.174s] -- Up-to-date: /home/manav/robotis_ws/install/dynamixel_sdk/share/dynamixel_sdk/package.xml
[1.180s] Invoked command in '/home/manav/robotis_ws/build/dynamixel_sdk' returned '0': CMAKE_PREFIX_PATH=${CMAKE_PREFIX_PATH}:/home/manav/robotis_ws/install/vel_kinematics:/home/manav/robotis_ws/install/rbe500_example_py:/home/manav/robotis_ws/install/inverse:/home/manav/robotis_ws/install/forward:/home/manav/ros2_test/install/my_robot_controller:/opt/ros/humble /usr/bin/cmake --install /home/manav/robotis_ws/build/dynamixel_sdk
