[0.063s] Invoking command in '/home/manav/robotis_ws/build/cmake_modules': CMAKE_PREFIX_PATH=${CMAKE_PREFIX_PATH}:/home/manav/robotis_ws/install/vel_kinematics:/home/manav/robotis_ws/install/rbe500_example_py:/home/manav/robotis_ws/install/inverse:/home/manav/robotis_ws/install/forward:/home/manav/ros2_test/install/my_robot_controller:/opt/ros/humble /usr/bin/cmake --build /home/manav/robotis_ws/build/cmake_modules -- -j4 -l4
[0.187s] Invoked command in '/home/manav/robotis_ws/build/cmake_modules' returned '0': CMAKE_PREFIX_PATH=${CMAKE_PREFIX_PATH}:/home/manav/robotis_ws/install/vel_kinematics:/home/manav/robotis_ws/install/rbe500_example_py:/home/manav/robotis_ws/install/inverse:/home/manav/robotis_ws/install/forward:/home/manav/ros2_test/install/my_robot_controller:/opt/ros/humble /usr/bin/cmake --build /home/manav/robotis_ws/build/cmake_modules -- -j4 -l4
[0.350s] Invoking command in '/home/manav/robotis_ws/build/cmake_modules': CMAKE_PREFIX_PATH=${CMAKE_PREFIX_PATH}:/home/manav/robotis_ws/install/vel_kinematics:/home/manav/robotis_ws/install/rbe500_example_py:/home/manav/robotis_ws/install/inverse:/home/manav/robotis_ws/install/forward:/home/manav/ros2_test/install/my_robot_controller:/opt/ros/humble /usr/bin/cmake --install /home/manav/robotis_ws/build/cmake_modules
[0.416s] -- Install configuration: ""
[0.419s] -- Up-to-date: /home/manav/robotis_ws/install/cmake_modules/share/cmake_modules/cmake/Modules
[0.421s] -- Up-to-date: /home/manav/robotis_ws/install/cmake_modules/share/cmake_modules/cmake/Modules/FindGSL.cmake
[0.422s] -- Up-to-date: /home/manav/robotis_ws/install/cmake_modules/share/cmake_modules/cmake/Modules/FindTinyXML.cmake
[0.424s] -- Up-to-date: /home/manav/robotis_ws/install/cmake_modules/share/cmake_modules/cmake/Modules/FindXenomai.cmake
[0.427s] -- Up-to-date: /home/manav/robotis_ws/install/cmake_modules/share/cmake_modules/cmake/Modules/FindTinyXML2.cmake
[0.429s] -- Up-to-date: /home/manav/robotis_ws/install/cmake_modules/share/cmake_modules/cmake/Modules/FindGflags.cmake
[0.431s] -- Up-to-date: /home/manav/robotis_ws/install/cmake_modules/share/cmake_modules/cmake/Modules/FindTBB.cmake
[0.433s] -- Up-to-date: /home/manav/robotis_ws/install/cmake_modules/share/cmake_modules/cmake/Modules/FindUUID.cmake
[0.440s] -- Up-to-date: /home/manav/robotis_ws/install/cmake_modules/share/cmake_modules/cmake/Modules/FindPoco.cmake
[0.441s] -- Up-to-date: /home/manav/robotis_ws/install/cmake_modules/share/cmake_modules/cmake/Modules/FindNUMPY.cmake
[0.441s] -- Up-to-date: /home/manav/robotis_ws/install/cmake_modules/share/ament_index/resource_index/package_run_dependencies/cmake_modules
[0.441s] -- Up-to-date: /home/manav/robotis_ws/install/cmake_modules/share/ament_index/resource_index/parent_prefix_path/cmake_modules
[0.442s] -- Up-to-date: /home/manav/robotis_ws/install/cmake_modules/share/cmake_modules/environment/ament_prefix_path.sh
[0.442s] -- Up-to-date: /home/manav/robotis_ws/install/cmake_modules/share/cmake_modules/environment/ament_prefix_path.dsv
[0.442s] -- Up-to-date: /home/manav/robotis_ws/install/cmake_modules/share/cmake_modules/environment/path.sh
[0.442s] -- Up-to-date: /home/manav/robotis_ws/install/cmake_modules/share/cmake_modules/environment/path.dsv
[0.442s] -- Up-to-date: /home/manav/robotis_ws/install/cmake_modules/share/cmake_modules/local_setup.bash
[0.442s] -- Up-to-date: /home/manav/robotis_ws/install/cmake_modules/share/cmake_modules/local_setup.sh
[0.443s] -- Up-to-date: /home/manav/robotis_ws/install/cmake_modules/share/cmake_modules/local_setup.zsh
[0.462s] -- Up-to-date: /home/manav/robotis_ws/install/cmake_modules/share/cmake_modules/local_setup.dsv
[0.462s] -- Installing: /home/manav/robotis_ws/install/cmake_modules/share/cmake_modules/package.dsv
[0.463s] -- Up-to-date: /home/manav/robotis_ws/install/cmake_modules/share/ament_index/resource_index/packages/cmake_modules
[0.463s] -- Up-to-date: /home/manav/robotis_ws/install/cmake_modules/share/cmake_modules/cmake/cmake_modules-extras.cmake
[0.464s] -- Up-to-date: /home/manav/robotis_ws/install/cmake_modules/share/cmake_modules/cmake/ament_cmake_export_dependencies-extras.cmake
[0.464s] -- Up-to-date: /home/manav/robotis_ws/install/cmake_modules/share/cmake_modules/cmake/cmake_modulesConfig.cmake
[0.464s] -- Up-to-date: /home/manav/robotis_ws/install/cmake_modules/share/cmake_modules/cmake/cmake_modulesConfig-version.cmake
[0.464s] -- Up-to-date: /home/manav/robotis_ws/install/cmake_modules/share/cmake_modules/package.xml
[0.474s] Invoked command in '/home/manav/robotis_ws/build/cmake_modules' returned '0': CMAKE_PREFIX_PATH=${CMAKE_PREFIX_PATH}:/home/manav/robotis_ws/install/vel_kinematics:/home/manav/robotis_ws/install/rbe500_example_py:/home/manav/robotis_ws/install/inverse:/home/manav/robotis_ws/install/forward:/home/manav/ros2_test/install/my_robot_controller:/opt/ros/humble /usr/bin/cmake --install /home/manav/robotis_ws/build/cmake_modules
