[3.528s] Invoking command in '/home/manav/robotis_ws/src/OpenManipulatorX_ROS2-main/inverse': PYTHONPATH=/home/manav/robotis_ws/build/inverse/prefix_override:/usr/lib/python3/dist-packages/colcon_core/task/python/colcon_distutils_commands:/home/manav/robotis_ws/install/inverse/lib/python3.10/site-packages:${PYTHONPATH} /usr/bin/python3 -W ignore:setup.py install is deprecated -W ignore:easy_install command is deprecated setup.py egg_info --egg-base ../../../build/inverse build --build-base /home/manav/robotis_ws/build/inverse/build install --record /home/manav/robotis_ws/build/inverse/install.log --single-version-externally-managed install_data
[4.401s] running egg_info
[4.403s] writing ../../../build/inverse/inverse.egg-info/PKG-INFO
[4.404s] writing dependency_links to ../../../build/inverse/inverse.egg-info/dependency_links.txt
[4.408s] writing entry points to ../../../build/inverse/inverse.egg-info/entry_points.txt
[4.408s] writing requirements to ../../../build/inverse/inverse.egg-info/requires.txt
[4.409s] writing top-level names to ../../../build/inverse/inverse.egg-info/top_level.txt
[4.419s] reading manifest file '../../../build/inverse/inverse.egg-info/SOURCES.txt'
[4.420s] adding license file 'LICENSE'
[4.426s] writing manifest file '../../../build/inverse/inverse.egg-info/SOURCES.txt'
[4.431s] running build
[4.433s] running build_py
[4.434s] running install
[4.435s] running install_lib
[4.441s] running install_data
[4.441s] running install_egg_info
[4.446s] removing '/home/manav/robotis_ws/install/inverse/lib/python3.10/site-packages/inverse-0.0.0-py3.10.egg-info' (and everything under it)
[4.447s] Copying ../../../build/inverse/inverse.egg-info to /home/manav/robotis_ws/install/inverse/lib/python3.10/site-packages/inverse-0.0.0-py3.10.egg-info
[4.456s] running install_scripts
[4.557s] Installing inv_call script to /home/manav/robotis_ws/install/inverse/lib/inverse
[4.561s] writing list of installed files to '/home/manav/robotis_ws/build/inverse/install.log'
[4.956s] Invoked command in '/home/manav/robotis_ws/src/OpenManipulatorX_ROS2-main/inverse' returned '0': PYTHONPATH=/home/manav/robotis_ws/build/inverse/prefix_override:/usr/lib/python3/dist-packages/colcon_core/task/python/colcon_distutils_commands:/home/manav/robotis_ws/install/inverse/lib/python3.10/site-packages:${PYTHONPATH} /usr/bin/python3 -W ignore:setup.py install is deprecated -W ignore:easy_install command is deprecated setup.py egg_info --egg-base ../../../build/inverse build --build-base /home/manav/robotis_ws/build/inverse/build install --record /home/manav/robotis_ws/build/inverse/install.log --single-version-externally-managed install_data
