[3.028s] Invoking command in '/home/manav/robotis_ws/src/OpenManipulatorX_ROS2-main/inverse': PYTHONPATH=/home/manav/robotis_ws/build/inverse/prefix_override:/usr/lib/python3/dist-packages/colcon_core/task/python/colcon_distutils_commands:/home/manav/robotis_ws/install/inverse/lib/python3.10/site-packages:${PYTHONPATH} /usr/bin/python3 -W ignore:setup.py install is deprecated setup.py egg_info --egg-base ../../../build/inverse build --build-base /home/manav/robotis_ws/build/inverse/build install --record /home/manav/robotis_ws/build/inverse/install.log --single-version-externally-managed install_data
[4.314s] running egg_info
[4.315s] writing ../../../build/inverse/inverse.egg-info/PKG-INFO
[4.316s] writing dependency_links to ../../../build/inverse/inverse.egg-info/dependency_links.txt
[4.317s] writing entry points to ../../../build/inverse/inverse.egg-info/entry_points.txt
[4.317s] writing requirements to ../../../build/inverse/inverse.egg-info/requires.txt
[4.320s] writing top-level names to ../../../build/inverse/inverse.egg-info/top_level.txt
[4.321s] reading manifest file '../../../build/inverse/inverse.egg-info/SOURCES.txt'
[4.323s] adding license file 'LICENSE'
[4.323s] writing manifest file '../../../build/inverse/inverse.egg-info/SOURCES.txt'
[4.323s] running build
[4.326s] running build_py
[4.326s] running install
[4.327s] running install_lib
[4.327s] running install_data
[4.328s] running install_egg_info
[4.335s] removing '/home/manav/robotis_ws/install/inverse/lib/python3.10/site-packages/inverse-0.0.0-py3.10.egg-info' (and everything under it)
[4.338s] Copying ../../../build/inverse/inverse.egg-info to /home/manav/robotis_ws/install/inverse/lib/python3.10/site-packages/inverse-0.0.0-py3.10.egg-info
[4.338s] running install_scripts
[4.384s] Installing inv_call script to /home/manav/robotis_ws/install/inverse/lib/inverse
[4.385s] writing list of installed files to '/home/manav/robotis_ws/build/inverse/install.log'
[4.457s] Invoked command in '/home/manav/robotis_ws/src/OpenManipulatorX_ROS2-main/inverse' returned '0': PYTHONPATH=/home/manav/robotis_ws/build/inverse/prefix_override:/usr/lib/python3/dist-packages/colcon_core/task/python/colcon_distutils_commands:/home/manav/robotis_ws/install/inverse/lib/python3.10/site-packages:${PYTHONPATH} /usr/bin/python3 -W ignore:setup.py install is deprecated setup.py egg_info --egg-base ../../../build/inverse build --build-base /home/manav/robotis_ws/build/inverse/build install --record /home/manav/robotis_ws/build/inverse/install.log --single-version-externally-managed install_data
