[2.692s] Invoking command in '/home/manav/robotis_ws/src/OpenManipulatorX_ROS2-main/pdctr': PYTHONPATH=/home/manav/robotis_ws/build/pdctr/prefix_override:/usr/lib/python3/dist-packages/colcon_core/task/python/colcon_distutils_commands:/home/manav/robotis_ws/install/pdctr/lib/python3.10/site-packages:${PYTHONPATH} /usr/bin/python3 -W ignore:setup.py install is deprecated -W ignore:easy_install command is deprecated setup.py egg_info --egg-base ../../../build/pdctr build --build-base /home/manav/robotis_ws/build/pdctr/build install --record /home/manav/robotis_ws/build/pdctr/install.log --single-version-externally-managed install_data
[4.330s] running egg_info
[4.332s] creating ../../../build/pdctr/pdctr.egg-info
[4.333s] writing ../../../build/pdctr/pdctr.egg-info/PKG-INFO
[4.333s] writing dependency_links to ../../../build/pdctr/pdctr.egg-info/dependency_links.txt
[4.333s] writing entry points to ../../../build/pdctr/pdctr.egg-info/entry_points.txt
[4.339s] writing requirements to ../../../build/pdctr/pdctr.egg-info/requires.txt
[4.339s] writing top-level names to ../../../build/pdctr/pdctr.egg-info/top_level.txt
[4.339s] writing manifest file '../../../build/pdctr/pdctr.egg-info/SOURCES.txt'
[4.339s] reading manifest file '../../../build/pdctr/pdctr.egg-info/SOURCES.txt'
[4.340s] adding license file 'LICENSE'
[4.341s] writing manifest file '../../../build/pdctr/pdctr.egg-info/SOURCES.txt'
[4.341s] running build
[4.345s] running build_py
[4.347s] creating /home/manav/robotis_ws/build/pdctr/build
[4.347s] creating /home/manav/robotis_ws/build/pdctr/build/lib
[4.347s] creating /home/manav/robotis_ws/build/pdctr/build/lib/pdctr
[4.347s] copying pdctr/current_calc_send.py -> /home/manav/robotis_ws/build/pdctr/build/lib/pdctr
[4.347s] copying pdctr/motor_control.py -> /home/manav/robotis_ws/build/pdctr/build/lib/pdctr
[4.348s] copying pdctr/__init__.py -> /home/manav/robotis_ws/build/pdctr/build/lib/pdctr
[4.348s] running install
[4.348s] running install_lib
[4.348s] creating /home/manav/robotis_ws/install/pdctr/lib/python3.10/site-packages/pdctr
[4.348s] copying /home/manav/robotis_ws/build/pdctr/build/lib/pdctr/current_calc_send.py -> /home/manav/robotis_ws/install/pdctr/lib/python3.10/site-packages/pdctr
[4.348s] copying /home/manav/robotis_ws/build/pdctr/build/lib/pdctr/motor_control.py -> /home/manav/robotis_ws/install/pdctr/lib/python3.10/site-packages/pdctr
[4.348s] copying /home/manav/robotis_ws/build/pdctr/build/lib/pdctr/__init__.py -> /home/manav/robotis_ws/install/pdctr/lib/python3.10/site-packages/pdctr
[4.358s] byte-compiling /home/manav/robotis_ws/install/pdctr/lib/python3.10/site-packages/pdctr/current_calc_send.py to current_calc_send.cpython-310.pyc
[4.358s] byte-compiling /home/manav/robotis_ws/install/pdctr/lib/python3.10/site-packages/pdctr/motor_control.py to motor_control.cpython-310.pyc
[4.358s] byte-compiling /home/manav/robotis_ws/install/pdctr/lib/python3.10/site-packages/pdctr/__init__.py to __init__.cpython-310.pyc
[4.358s] running install_data
[4.358s] creating /home/manav/robotis_ws/install/pdctr/share/ament_index
[4.358s] creating /home/manav/robotis_ws/install/pdctr/share/ament_index/resource_index
[4.358s] creating /home/manav/robotis_ws/install/pdctr/share/ament_index/resource_index/packages
[4.359s] copying resource/pdctr -> /home/manav/robotis_ws/install/pdctr/share/ament_index/resource_index/packages
[4.359s] copying package.xml -> /home/manav/robotis_ws/install/pdctr/share/pdctr
[4.361s] running install_egg_info
[4.367s] Copying ../../../build/pdctr/pdctr.egg-info to /home/manav/robotis_ws/install/pdctr/lib/python3.10/site-packages/pdctr-0.0.0-py3.10.egg-info
[4.367s] running install_scripts
[4.476s] writing list of installed files to '/home/manav/robotis_ws/build/pdctr/install.log'
[4.638s] Invoked command in '/home/manav/robotis_ws/src/OpenManipulatorX_ROS2-main/pdctr' returned '0': PYTHONPATH=/home/manav/robotis_ws/build/pdctr/prefix_override:/usr/lib/python3/dist-packages/colcon_core/task/python/colcon_distutils_commands:/home/manav/robotis_ws/install/pdctr/lib/python3.10/site-packages:${PYTHONPATH} /usr/bin/python3 -W ignore:setup.py install is deprecated -W ignore:easy_install command is deprecated setup.py egg_info --egg-base ../../../build/pdctr build --build-base /home/manav/robotis_ws/build/pdctr/build install --record /home/manav/robotis_ws/build/pdctr/install.log --single-version-externally-managed install_data
