[1.510s] Invoking command in '/home/manav/robotis_ws/src/OpenManipulatorX_ROS2-main/pdctr': PYTHONPATH=/home/manav/robotis_ws/build/pdctr/prefix_override:/usr/lib/python3/dist-packages/colcon_core/task/python/colcon_distutils_commands:/home/manav/robotis_ws/install/pdctr/lib/python3.10/site-packages:${PYTHONPATH} /usr/bin/python3 -W ignore:setup.py install is deprecated -W ignore:easy_install command is deprecated setup.py egg_info --egg-base ../../../build/pdctr build --build-base /home/manav/robotis_ws/build/pdctr/build install --record /home/manav/robotis_ws/build/pdctr/install.log --single-version-externally-managed install_data
[2.151s] running egg_info
[2.153s] writing ../../../build/pdctr/pdctr.egg-info/PKG-INFO
[2.153s] writing dependency_links to ../../../build/pdctr/pdctr.egg-info/dependency_links.txt
[2.153s] writing entry points to ../../../build/pdctr/pdctr.egg-info/entry_points.txt
[2.153s] writing requirements to ../../../build/pdctr/pdctr.egg-info/requires.txt
[2.153s] writing top-level names to ../../../build/pdctr/pdctr.egg-info/top_level.txt
[2.158s] reading manifest file '../../../build/pdctr/pdctr.egg-info/SOURCES.txt'
[2.158s] adding license file 'LICENSE'
[2.158s] writing manifest file '../../../build/pdctr/pdctr.egg-info/SOURCES.txt'
[2.158s] running build
[2.159s] running build_py
[2.160s] copying pdctr/position_control.py -> /home/manav/robotis_ws/build/pdctr/build/lib/pdctr
[2.160s] copying pdctr/current_calc_send.py -> /home/manav/robotis_ws/build/pdctr/build/lib/pdctr
[2.160s] running install
[2.160s] running install_lib
[2.163s] copying /home/manav/robotis_ws/build/pdctr/build/lib/pdctr/position_control.py -> /home/manav/robotis_ws/install/pdctr/lib/python3.10/site-packages/pdctr
[2.163s] copying /home/manav/robotis_ws/build/pdctr/build/lib/pdctr/current_calc_send.py -> /home/manav/robotis_ws/install/pdctr/lib/python3.10/site-packages/pdctr
[2.163s] byte-compiling /home/manav/robotis_ws/install/pdctr/lib/python3.10/site-packages/pdctr/position_control.py to position_control.cpython-310.pyc
[2.168s] byte-compiling /home/manav/robotis_ws/install/pdctr/lib/python3.10/site-packages/pdctr/current_calc_send.py to current_calc_send.cpython-310.pyc
[2.168s] running install_data
[2.168s] running install_egg_info
[2.173s] removing '/home/manav/robotis_ws/install/pdctr/lib/python3.10/site-packages/pdctr-0.0.0-py3.10.egg-info' (and everything under it)
[2.174s] Copying ../../../build/pdctr/pdctr.egg-info to /home/manav/robotis_ws/install/pdctr/lib/python3.10/site-packages/pdctr-0.0.0-py3.10.egg-info
[2.179s] running install_scripts
[2.240s] Installing current_call script to /home/manav/robotis_ws/install/pdctr/lib/pdctr
[2.241s] Installing motor_call script to /home/manav/robotis_ws/install/pdctr/lib/pdctr
[2.241s] Installing pos_call script to /home/manav/robotis_ws/install/pdctr/lib/pdctr
[2.242s] writing list of installed files to '/home/manav/robotis_ws/build/pdctr/install.log'
[2.340s] Invoked command in '/home/manav/robotis_ws/src/OpenManipulatorX_ROS2-main/pdctr' returned '0': PYTHONPATH=/home/manav/robotis_ws/build/pdctr/prefix_override:/usr/lib/python3/dist-packages/colcon_core/task/python/colcon_distutils_commands:/home/manav/robotis_ws/install/pdctr/lib/python3.10/site-packages:${PYTHONPATH} /usr/bin/python3 -W ignore:setup.py install is deprecated -W ignore:easy_install command is deprecated setup.py egg_info --egg-base ../../../build/pdctr build --build-base /home/manav/robotis_ws/build/pdctr/build install --record /home/manav/robotis_ws/build/pdctr/install.log --single-version-externally-managed install_data
