[0.029s] Invoking command in '/home/manav/robotis_ws/build/my_service_package': CMAKE_PREFIX_PATH=${CMAKE_PREFIX_PATH}:/home/manav/robotis_ws/install/vel_kinematics:/home/manav/robotis_ws/install/rbe500_example_py:/home/manav/robotis_ws/install/pdctr:/home/manav/robotis_ws/install/inverse:/home/manav/robotis_ws/install/forward:/home/manav/ros2_test/install/my_robot_controller:/opt/ros/humble /usr/bin/cmake /home/manav/robotis_ws/src/OpenManipulatorX_ROS2-main/my_service_package -DCMAKE_INSTALL_PREFIX=/home/manav/robotis_ws/install/my_service_package
[0.338s] -- The C compiler identification is GNU 11.4.0
[0.714s] -- The CXX compiler identification is GNU 11.4.0
[0.755s] -- Detecting C compiler ABI info
[1.188s] -- Detecting C compiler ABI info - done
[1.226s] -- Check for working C compiler: /usr/bin/cc - skipped
[1.227s] -- Detecting C compile features
[1.231s] -- Detecting C compile features - done
[1.238s] -- Detecting CXX compiler ABI info
[1.683s] -- Detecting CXX compiler ABI info - done
[1.742s] -- Check for working CXX compiler: /usr/bin/c++ - skipped
[1.745s] -- Detecting CXX compile features
[1.749s] -- Detecting CXX compile features - done
[1.772s] -- Found ament_cmake: 1.3.10 (/opt/ros/humble/share/ament_cmake/cmake)
[2.735s] -- Found Python3: /usr/bin/python3 (found version "3.10.12") found components: Interpreter 
[3.182s] -- Found ament_lint_auto: 0.12.11 (/opt/ros/humble/share/ament_lint_auto/cmake)
[3.480s] -- Found geometry_msgs: 4.2.4 (/opt/ros/humble/share/geometry_msgs/cmake)
[3.712s] -- Found rosidl_generator_c: 3.1.5 (/opt/ros/humble/share/rosidl_generator_c/cmake)
[3.748s] -- Found rosidl_adapter: 3.1.5 (/opt/ros/humble/share/rosidl_adapter/cmake)
[3.809s] -- Found rosidl_generator_cpp: 3.1.5 (/opt/ros/humble/share/rosidl_generator_cpp/cmake)
[3.887s] -- Using all available rosidl_typesupport_c: rosidl_typesupport_fastrtps_c;rosidl_typesupport_introspection_c
[4.010s] -- Using all available rosidl_typesupport_cpp: rosidl_typesupport_fastrtps_cpp;rosidl_typesupport_introspection_cpp
[4.240s] -- Found rosidl_default_generators: 1.2.0 (/opt/ros/humble/share/rosidl_default_generators/cmake)
[5.738s] -- Found ament_cmake_ros: 0.10.0 (/opt/ros/humble/share/ament_cmake_ros/cmake)
[7.219s] -- Using all available rosidl_typesupport_c: rosidl_typesupport_fastrtps_c;rosidl_typesupport_introspection_c
[7.732s] -- Using all available rosidl_typesupport_cpp: rosidl_typesupport_fastrtps_cpp;rosidl_typesupport_introspection_cpp
[7.826s] -- Found PythonInterp: /usr/bin/python3 (found suitable version "3.10.12", minimum required is "3.6") 
[7.831s] -- Found python_cmake_module: 0.10.0 (/opt/ros/humble/share/python_cmake_module/cmake)
[7.895s] -- Found PythonLibs: /usr/lib/x86_64-linux-gnu/libpython3.10.so (found suitable version "3.10.12", minimum required is "3.5") 
[7.895s] -- Using PYTHON_EXECUTABLE: /usr/bin/python3
[7.896s] -- Using PYTHON_INCLUDE_DIRS: /usr/include/python3.10
[7.896s] -- Using PYTHON_LIBRARIES: /usr/lib/x86_64-linux-gnu/libpython3.10.so
[7.947s] -- Found PythonExtra: .so  
[8.140s] -- Added test 'lint_cmake' to check CMake code style
[8.146s] -- Added test 'xmllint' to check XML markup files
[8.170s] -- Configuring done
[8.352s] -- Generating done
[8.396s] -- Build files have been written to: /home/manav/robotis_ws/build/my_service_package
[8.427s] Invoked command in '/home/manav/robotis_ws/build/my_service_package' returned '0': CMAKE_PREFIX_PATH=${CMAKE_PREFIX_PATH}:/home/manav/robotis_ws/install/vel_kinematics:/home/manav/robotis_ws/install/rbe500_example_py:/home/manav/robotis_ws/install/pdctr:/home/manav/robotis_ws/install/inverse:/home/manav/robotis_ws/install/forward:/home/manav/ros2_test/install/my_robot_controller:/opt/ros/humble /usr/bin/cmake /home/manav/robotis_ws/src/OpenManipulatorX_ROS2-main/my_service_package -DCMAKE_INSTALL_PREFIX=/home/manav/robotis_ws/install/my_service_package
[8.428s] Invoking command in '/home/manav/robotis_ws/build/my_service_package': CMAKE_PREFIX_PATH=${CMAKE_PREFIX_PATH}:/home/manav/robotis_ws/install/vel_kinematics:/home/manav/robotis_ws/install/rbe500_example_py:/home/manav/robotis_ws/install/pdctr:/home/manav/robotis_ws/install/inverse:/home/manav/robotis_ws/install/forward:/home/manav/ros2_test/install/my_robot_controller:/opt/ros/humble /usr/bin/cmake --build /home/manav/robotis_ws/build/my_service_package -- -j4 -l4
[8.615s] [  1%] [34m[1mGenerating C++ code for ROS interfaces[0m
[10.875s] [  1%] Built target my_service_package__cpp
[10.931s] [  1%] Built target ament_cmake_python_copy_my_service_package
[10.951s] [  2%] [34m[1mGenerating C++ type support for eProsima Fast-RTPS[0m
[12.616s] [  4%] [32mBuilding CXX object CMakeFiles/my_service_package__rosidl_typesupport_fastrtps_cpp.dir/rosidl_typesupport_fastrtps_cpp/my_service_package/msg/detail/dds_fastrtps/rot_pos__type_support.cpp.o[0m
[13.576s] [  5%] [32mBuilding CXX object CMakeFiles/my_service_package__rosidl_typesupport_fastrtps_cpp.dir/rosidl_typesupport_fastrtps_cpp/my_service_package/msg/detail/dds_fastrtps/vel_pos__type_support.cpp.o[0m
[14.605s] [  7%] [32mBuilding CXX object CMakeFiles/my_service_package__rosidl_typesupport_fastrtps_cpp.dir/rosidl_typesupport_fastrtps_cpp/my_service_package/srv/detail/dds_fastrtps/i_kservice__type_support.cpp.o[0m
[16.118s] [  8%] [32mBuilding CXX object CMakeFiles/my_service_package__rosidl_typesupport_fastrtps_cpp.dir/rosidl_typesupport_fastrtps_cpp/my_service_package/srv/detail/dds_fastrtps/joint_velservice__type_support.cpp.o[0m
[18.090s] [  9%] [32mBuilding CXX object CMakeFiles/my_service_package__rosidl_typesupport_fastrtps_cpp.dir/rosidl_typesupport_fastrtps_cpp/my_service_package/srv/detail/dds_fastrtps/endeffector_velservice__type_support.cpp.o[0m
[19.941s] [ 11%] [32mBuilding CXX object CMakeFiles/my_service_package__rosidl_typesupport_fastrtps_cpp.dir/rosidl_typesupport_fastrtps_cpp/my_service_package/srv/detail/dds_fastrtps/float_pos__type_support.cpp.o[0m
[21.366s] [ 12%] [32m[1mLinking CXX shared library libmy_service_package__rosidl_typesupport_fastrtps_cpp.so[0m
[21.715s] [ 12%] Built target my_service_package__rosidl_typesupport_fastrtps_cpp
[21.785s] [ 14%] [34m[1mGenerating C++ introspection for ROS interfaces[0m
[24.469s] [ 15%] [32mBuilding CXX object CMakeFiles/my_service_package__rosidl_typesupport_introspection_cpp.dir/rosidl_typesupport_introspection_cpp/my_service_package/msg/detail/rot_pos__type_support.cpp.o[0m
[26.404s] [ 16%] [32mBuilding CXX object CMakeFiles/my_service_package__rosidl_typesupport_introspection_cpp.dir/rosidl_typesupport_introspection_cpp/my_service_package/msg/detail/vel_pos__type_support.cpp.o[0m
[27.908s] [ 18%] [32mBuilding CXX object CMakeFiles/my_service_package__rosidl_typesupport_introspection_cpp.dir/rosidl_typesupport_introspection_cpp/my_service_package/srv/detail/i_kservice__type_support.cpp.o[0m
[29.746s] [ 19%] [32mBuilding CXX object CMakeFiles/my_service_package__rosidl_typesupport_introspection_cpp.dir/rosidl_typesupport_introspection_cpp/my_service_package/srv/detail/joint_velservice__type_support.cpp.o[0m
[31.277s] [ 21%] [32mBuilding CXX object CMakeFiles/my_service_package__rosidl_typesupport_introspection_cpp.dir/rosidl_typesupport_introspection_cpp/my_service_package/srv/detail/endeffector_velservice__type_support.cpp.o[0m
[32.342s] [ 22%] [32mBuilding CXX object CMakeFiles/my_service_package__rosidl_typesupport_introspection_cpp.dir/rosidl_typesupport_introspection_cpp/my_service_package/srv/detail/float_pos__type_support.cpp.o[0m
[33.174s] [ 23%] [32m[1mLinking CXX shared library libmy_service_package__rosidl_typesupport_introspection_cpp.so[0m
[33.394s] [ 23%] Built target my_service_package__rosidl_typesupport_introspection_cpp
[34.030s] running egg_info
[34.031s] creating my_service_package.egg-info
[34.032s] writing my_service_package.egg-info/PKG-INFO
[34.032s] writing dependency_links to my_service_package.egg-info/dependency_links.txt
[34.032s] writing top-level names to my_service_package.egg-info/top_level.txt
[34.034s] writing manifest file 'my_service_package.egg-info/SOURCES.txt'
[34.036s] reading manifest file 'my_service_package.egg-info/SOURCES.txt'
[34.037s] writing manifest file 'my_service_package.egg-info/SOURCES.txt'
[34.103s] [ 23%] Built target ament_cmake_python_build_my_service_package_egg
[34.127s] [ 25%] [34m[1mGenerating C++ type support dispatch for ROS interfaces[0m
[35.562s] [ 26%] [32mBuilding CXX object CMakeFiles/my_service_package__rosidl_typesupport_cpp.dir/rosidl_typesupport_cpp/my_service_package/msg/rot_pos__type_support.cpp.o[0m
[36.124s] [ 28%] [32mBuilding CXX object CMakeFiles/my_service_package__rosidl_typesupport_cpp.dir/rosidl_typesupport_cpp/my_service_package/srv/i_kservice__type_support.cpp.o[0m
[36.751s] [ 29%] [32mBuilding CXX object CMakeFiles/my_service_package__rosidl_typesupport_cpp.dir/rosidl_typesupport_cpp/my_service_package/srv/joint_velservice__type_support.cpp.o[0m
[37.359s] [ 30%] [32mBuilding CXX object CMakeFiles/my_service_package__rosidl_typesupport_cpp.dir/rosidl_typesupport_cpp/my_service_package/srv/endeffector_velservice__type_support.cpp.o[0m
[37.987s] [ 32%] [32mBuilding CXX object CMakeFiles/my_service_package__rosidl_typesupport_cpp.dir/rosidl_typesupport_cpp/my_service_package/srv/float_pos__type_support.cpp.o[0m
[38.728s] [ 33%] [32mBuilding CXX object CMakeFiles/my_service_package__rosidl_typesupport_cpp.dir/rosidl_typesupport_cpp/my_service_package/msg/vel_pos__type_support.cpp.o[0m
[39.430s] [ 35%] [32m[1mLinking CXX shared library libmy_service_package__rosidl_typesupport_cpp.so[0m
[39.529s] [ 35%] Built target my_service_package__rosidl_typesupport_cpp
[39.555s] [ 36%] [34m[1mGenerating C code for ROS interfaces[0m
[41.939s] [ 38%] [32mBuilding C object CMakeFiles/my_service_package__rosidl_generator_c.dir/rosidl_generator_c/my_service_package/msg/detail/rot_pos__functions.c.o[0m
[42.045s] [ 39%] [32mBuilding C object CMakeFiles/my_service_package__rosidl_generator_c.dir/rosidl_generator_c/my_service_package/srv/detail/joint_velservice__functions.c.o[0m
[42.176s] [ 40%] [32mBuilding C object CMakeFiles/my_service_package__rosidl_generator_c.dir/rosidl_generator_c/my_service_package/srv/detail/endeffector_velservice__functions.c.o[0m
[42.316s] [ 42%] [32mBuilding C object CMakeFiles/my_service_package__rosidl_generator_c.dir/rosidl_generator_c/my_service_package/srv/detail/float_pos__functions.c.o[0m
[42.492s] [ 43%] [32mBuilding C object CMakeFiles/my_service_package__rosidl_generator_c.dir/rosidl_generator_c/my_service_package/srv/detail/i_kservice__functions.c.o[0m
[42.629s] [ 45%] [32mBuilding C object CMakeFiles/my_service_package__rosidl_generator_c.dir/rosidl_generator_c/my_service_package/msg/detail/vel_pos__functions.c.o[0m
[42.740s] [ 46%] [32m[1mLinking C shared library libmy_service_package__rosidl_generator_c.so[0m
[42.827s] [ 46%] Built target my_service_package__rosidl_generator_c
[42.849s] [ 47%] [34m[1mGenerating C type support for eProsima Fast-RTPS[0m
[44.295s] [ 49%] [32mBuilding CXX object CMakeFiles/my_service_package__rosidl_typesupport_fastrtps_c.dir/rosidl_typesupport_fastrtps_c/my_service_package/msg/detail/rot_pos__type_support_c.cpp.o[0m
[45.050s] [ 50%] [32mBuilding CXX object CMakeFiles/my_service_package__rosidl_typesupport_fastrtps_c.dir/rosidl_typesupport_fastrtps_c/my_service_package/msg/detail/vel_pos__type_support_c.cpp.o[0m
[45.795s] [ 52%] [32mBuilding CXX object CMakeFiles/my_service_package__rosidl_typesupport_fastrtps_c.dir/rosidl_typesupport_fastrtps_c/my_service_package/srv/detail/i_kservice__type_support_c.cpp.o[0m
[46.526s] [ 53%] [32mBuilding CXX object CMakeFiles/my_service_package__rosidl_typesupport_fastrtps_c.dir/rosidl_typesupport_fastrtps_c/my_service_package/srv/detail/joint_velservice__type_support_c.cpp.o[0m
[47.235s] [ 54%] [32mBuilding CXX object CMakeFiles/my_service_package__rosidl_typesupport_fastrtps_c.dir/rosidl_typesupport_fastrtps_c/my_service_package/srv/detail/endeffector_velservice__type_support_c.cpp.o[0m
[47.963s] [ 56%] [32mBuilding CXX object CMakeFiles/my_service_package__rosidl_typesupport_fastrtps_c.dir/rosidl_typesupport_fastrtps_c/my_service_package/srv/detail/float_pos__type_support_c.cpp.o[0m
[48.772s] [ 57%] [32m[1mLinking CXX shared library libmy_service_package__rosidl_typesupport_fastrtps_c.so[0m
[48.968s] [ 57%] Built target my_service_package__rosidl_typesupport_fastrtps_c
[48.993s] [ 59%] [34m[1mGenerating C type support dispatch for ROS interfaces[0m
[50.109s] [ 60%] [32mBuilding CXX object CMakeFiles/my_service_package__rosidl_typesupport_c.dir/rosidl_typesupport_c/my_service_package/msg/rot_pos__type_support.cpp.o[0m
[50.184s] [ 61%] [32mBuilding CXX object CMakeFiles/my_service_package__rosidl_typesupport_c.dir/rosidl_typesupport_c/my_service_package/srv/i_kservice__type_support.cpp.o[0m
[50.249s] [ 63%] [32mBuilding CXX object CMakeFiles/my_service_package__rosidl_typesupport_c.dir/rosidl_typesupport_c/my_service_package/srv/joint_velservice__type_support.cpp.o[0m
[50.318s] [ 64%] [32mBuilding CXX object CMakeFiles/my_service_package__rosidl_typesupport_c.dir/rosidl_typesupport_c/my_service_package/srv/endeffector_velservice__type_support.cpp.o[0m
[50.390s] [ 66%] [32mBuilding CXX object CMakeFiles/my_service_package__rosidl_typesupport_c.dir/rosidl_typesupport_c/my_service_package/srv/float_pos__type_support.cpp.o[0m
[50.462s] [ 67%] [32mBuilding CXX object CMakeFiles/my_service_package__rosidl_typesupport_c.dir/rosidl_typesupport_c/my_service_package/msg/vel_pos__type_support.cpp.o[0m
[50.528s] [ 69%] [32m[1mLinking CXX shared library libmy_service_package__rosidl_typesupport_c.so[0m
[50.648s] [ 69%] Built target my_service_package__rosidl_typesupport_c
[50.697s] [ 70%] [34m[1mGenerating C introspection for ROS interfaces[0m
[52.230s] [ 71%] [32mBuilding C object CMakeFiles/my_service_package__rosidl_typesupport_introspection_c.dir/rosidl_typesupport_introspection_c/my_service_package/msg/detail/rot_pos__type_support.c.o[0m
[52.313s] [ 73%] [32mBuilding C object CMakeFiles/my_service_package__rosidl_typesupport_introspection_c.dir/rosidl_typesupport_introspection_c/my_service_package/srv/detail/joint_velservice__type_support.c.o[0m
[52.463s] [ 74%] [32mBuilding C object CMakeFiles/my_service_package__rosidl_typesupport_introspection_c.dir/rosidl_typesupport_introspection_c/my_service_package/srv/detail/endeffector_velservice__type_support.c.o[0m
[52.548s] [ 76%] [32mBuilding C object CMakeFiles/my_service_package__rosidl_typesupport_introspection_c.dir/rosidl_typesupport_introspection_c/my_service_package/srv/detail/float_pos__type_support.c.o[0m
[52.629s] [ 77%] [32mBuilding C object CMakeFiles/my_service_package__rosidl_typesupport_introspection_c.dir/rosidl_typesupport_introspection_c/my_service_package/srv/detail/i_kservice__type_support.c.o[0m
[52.735s] [ 78%] [32mBuilding C object CMakeFiles/my_service_package__rosidl_typesupport_introspection_c.dir/rosidl_typesupport_introspection_c/my_service_package/msg/detail/vel_pos__type_support.c.o[0m
[52.857s] [ 80%] [32m[1mLinking C shared library libmy_service_package__rosidl_typesupport_introspection_c.so[0m
[52.933s] [ 80%] Built target my_service_package__rosidl_typesupport_introspection_c
[52.973s] [ 80%] Built target my_service_package
[53.016s] [ 81%] [34m[1mGenerating Python code for ROS interfaces[0m
[55.709s] [ 81%] Built target my_service_package__py
[55.813s] [ 83%] [32mBuilding C object CMakeFiles/my_service_package__rosidl_generator_py.dir/rosidl_generator_py/my_service_package/msg/_rot_pos_s.c.o[0m
[56.094s] [ 84%] [32mBuilding C object CMakeFiles/my_service_package__rosidl_generator_py.dir/rosidl_generator_py/my_service_package/srv/_joint_velservice_s.c.o[0m
[56.370s] [ 85%] [32mBuilding C object CMakeFiles/my_service_package__rosidl_generator_py.dir/rosidl_generator_py/my_service_package/srv/_endeffector_velservice_s.c.o[0m
[56.651s] [ 87%] [32mBuilding C object CMakeFiles/my_service_package__rosidl_generator_py.dir/rosidl_generator_py/my_service_package/srv/_float_pos_s.c.o[0m
[57.051s] [ 88%] [32mBuilding C object CMakeFiles/my_service_package__rosidl_generator_py.dir/rosidl_generator_py/my_service_package/srv/_i_kservice_s.c.o[0m
[57.397s] [ 90%] [32mBuilding C object CMakeFiles/my_service_package__rosidl_generator_py.dir/rosidl_generator_py/my_service_package/msg/_vel_pos_s.c.o[0m
[57.742s] [ 91%] [32m[1mLinking C shared library rosidl_generator_py/my_service_package/libmy_service_package__rosidl_generator_py.so[0m
[57.843s] [ 91%] Built target my_service_package__rosidl_generator_py
[57.887s] [ 92%] [32mBuilding C object CMakeFiles/my_service_package__rosidl_typesupport_fastrtps_c__pyext.dir/rosidl_generator_py/my_service_package/_my_service_package_s.ep.rosidl_typesupport_fastrtps_c.c.o[0m
[58.283s] [ 94%] [32m[1mLinking C shared library rosidl_generator_py/my_service_package/my_service_package_s__rosidl_typesupport_fastrtps_c.cpython-310-x86_64-linux-gnu.so[0m
[58.391s] [ 94%] Built target my_service_package__rosidl_typesupport_fastrtps_c__pyext
[58.446s] [ 95%] [32mBuilding C object CMakeFiles/my_service_package__rosidl_typesupport_c__pyext.dir/rosidl_generator_py/my_service_package/_my_service_package_s.ep.rosidl_typesupport_c.c.o[0m
[58.792s] [ 97%] [32m[1mLinking C shared library rosidl_generator_py/my_service_package/my_service_package_s__rosidl_typesupport_c.cpython-310-x86_64-linux-gnu.so[0m
[58.896s] [ 97%] Built target my_service_package__rosidl_typesupport_c__pyext
[58.936s] [ 98%] [32mBuilding C object CMakeFiles/my_service_package__rosidl_typesupport_introspection_c__pyext.dir/rosidl_generator_py/my_service_package/_my_service_package_s.ep.rosidl_typesupport_introspection_c.c.o[0m
[59.186s] [100%] [32m[1mLinking C shared library rosidl_generator_py/my_service_package/my_service_package_s__rosidl_typesupport_introspection_c.cpython-310-x86_64-linux-gnu.so[0m
[59.254s] [100%] Built target my_service_package__rosidl_typesupport_introspection_c__pyext
[59.282s] Invoked command in '/home/manav/robotis_ws/build/my_service_package' returned '0': CMAKE_PREFIX_PATH=${CMAKE_PREFIX_PATH}:/home/manav/robotis_ws/install/vel_kinematics:/home/manav/robotis_ws/install/rbe500_example_py:/home/manav/robotis_ws/install/pdctr:/home/manav/robotis_ws/install/inverse:/home/manav/robotis_ws/install/forward:/home/manav/ros2_test/install/my_robot_controller:/opt/ros/humble /usr/bin/cmake --build /home/manav/robotis_ws/build/my_service_package -- -j4 -l4
[59.283s] Invoking command in '/home/manav/robotis_ws/build/my_service_package': CMAKE_PREFIX_PATH=${CMAKE_PREFIX_PATH}:/home/manav/robotis_ws/install/vel_kinematics:/home/manav/robotis_ws/install/rbe500_example_py:/home/manav/robotis_ws/install/pdctr:/home/manav/robotis_ws/install/inverse:/home/manav/robotis_ws/install/forward:/home/manav/ros2_test/install/my_robot_controller:/opt/ros/humble /usr/bin/cmake --install /home/manav/robotis_ws/build/my_service_package
[59.296s] -- Install configuration: ""
[59.297s] -- Installing: /home/manav/robotis_ws/install/my_service_package/share/ament_index/resource_index/rosidl_interfaces/my_service_package
[59.297s] -- Installing: /home/manav/robotis_ws/install/my_service_package/include/my_service_package/my_service_package
[59.297s] -- Installing: /home/manav/robotis_ws/install/my_service_package/include/my_service_package/my_service_package/srv
[59.297s] -- Installing: /home/manav/robotis_ws/install/my_service_package/include/my_service_package/my_service_package/srv/float_pos.h
[59.298s] -- Installing: /home/manav/robotis_ws/install/my_service_package/include/my_service_package/my_service_package/srv/endeffector_velservice.h
[59.298s] -- Installing: /home/manav/robotis_ws/install/my_service_package/include/my_service_package/my_service_package/srv/i_kservice.h
[59.299s] -- Installing: /home/manav/robotis_ws/install/my_service_package/include/my_service_package/my_service_package/srv/detail
[59.299s] -- Installing: /home/manav/robotis_ws/install/my_service_package/include/my_service_package/my_service_package/srv/detail/endeffector_velservice__functions.h
[59.300s] -- Installing: /home/manav/robotis_ws/install/my_service_package/include/my_service_package/my_service_package/srv/detail/joint_velservice__functions.c
[59.300s] -- Installing: /home/manav/robotis_ws/install/my_service_package/include/my_service_package/my_service_package/srv/detail/float_pos__struct.h
[59.300s] -- Installing: /home/manav/robotis_ws/install/my_service_package/include/my_service_package/my_service_package/srv/detail/endeffector_velservice__struct.h
[59.300s] -- Installing: /home/manav/robotis_ws/install/my_service_package/include/my_service_package/my_service_package/srv/detail/float_pos__functions.h
[59.300s] -- Installing: /home/manav/robotis_ws/install/my_service_package/include/my_service_package/my_service_package/srv/detail/joint_velservice__struct.h
[59.300s] -- Installing: /home/manav/robotis_ws/install/my_service_package/include/my_service_package/my_service_package/srv/detail/i_kservice__type_support.h
[59.301s] -- Installing: /home/manav/robotis_ws/install/my_service_package/include/my_service_package/my_service_package/srv/detail/float_pos__functions.c
[59.301s] -- Installing: /home/manav/robotis_ws/install/my_service_package/include/my_service_package/my_service_package/srv/detail/endeffector_velservice__type_support.h
[59.301s] -- Installing: /home/manav/robotis_ws/install/my_service_package/include/my_service_package/my_service_package/srv/detail/i_kservice__struct.h
[59.301s] -- Installing: /home/manav/robotis_ws/install/my_service_package/include/my_service_package/my_service_package/srv/detail/i_kservice__functions.c
[59.301s] -- Installing: /home/manav/robotis_ws/install/my_service_package/include/my_service_package/my_service_package/srv/detail/i_kservice__functions.h
[59.301s] -- Installing: /home/manav/robotis_ws/install/my_service_package/include/my_service_package/my_service_package/srv/detail/float_pos__type_support.h
[59.302s] -- Installing: /home/manav/robotis_ws/install/my_service_package/include/my_service_package/my_service_package/srv/detail/endeffector_velservice__functions.c
[59.302s] -- Installing: /home/manav/robotis_ws/install/my_service_package/include/my_service_package/my_service_package/srv/detail/joint_velservice__type_support.h
[59.302s] -- Installing: /home/manav/robotis_ws/install/my_service_package/include/my_service_package/my_service_package/srv/detail/joint_velservice__functions.h
[59.302s] -- Installing: /home/manav/robotis_ws/install/my_service_package/include/my_service_package/my_service_package/srv/joint_velservice.h
[59.302s] -- Installing: /home/manav/robotis_ws/install/my_service_package/include/my_service_package/my_service_package/msg
[59.302s] -- Installing: /home/manav/robotis_ws/install/my_service_package/include/my_service_package/my_service_package/msg/rot_pos.h
[59.302s] -- Installing: /home/manav/robotis_ws/install/my_service_package/include/my_service_package/my_service_package/msg/vel_pos.h
[59.303s] -- Installing: /home/manav/robotis_ws/install/my_service_package/include/my_service_package/my_service_package/msg/detail
[59.303s] -- Installing: /home/manav/robotis_ws/install/my_service_package/include/my_service_package/my_service_package/msg/detail/rot_pos__struct.h
[59.303s] -- Installing: /home/manav/robotis_ws/install/my_service_package/include/my_service_package/my_service_package/msg/detail/vel_pos__functions.h
[59.303s] -- Installing: /home/manav/robotis_ws/install/my_service_package/include/my_service_package/my_service_package/msg/detail/vel_pos__struct.h
[59.304s] -- Installing: /home/manav/robotis_ws/install/my_service_package/include/my_service_package/my_service_package/msg/detail/vel_pos__type_support.h
[59.304s] -- Installing: /home/manav/robotis_ws/install/my_service_package/include/my_service_package/my_service_package/msg/detail/rot_pos__functions.h
[59.304s] -- Installing: /home/manav/robotis_ws/install/my_service_package/include/my_service_package/my_service_package/msg/detail/rot_pos__functions.c
[59.305s] -- Installing: /home/manav/robotis_ws/install/my_service_package/include/my_service_package/my_service_package/msg/detail/vel_pos__functions.c
[59.305s] -- Installing: /home/manav/robotis_ws/install/my_service_package/include/my_service_package/my_service_package/msg/detail/rot_pos__type_support.h
[59.305s] -- Installing: /home/manav/robotis_ws/install/my_service_package/include/my_service_package/my_service_package/msg/rosidl_generator_c__visibility_control.h
[59.305s] -- Installing: /home/manav/robotis_ws/install/my_service_package/share/my_service_package/environment/library_path.sh
[59.306s] -- Installing: /home/manav/robotis_ws/install/my_service_package/share/my_service_package/environment/library_path.dsv
[59.307s] -- Installing: /home/manav/robotis_ws/install/my_service_package/lib/libmy_service_package__rosidl_generator_c.so
[59.307s] -- Set runtime path of "/home/manav/robotis_ws/install/my_service_package/lib/libmy_service_package__rosidl_generator_c.so" to ""
[59.307s] -- Up-to-date: /home/manav/robotis_ws/install/my_service_package/include/my_service_package/my_service_package
[59.308s] -- Up-to-date: /home/manav/robotis_ws/install/my_service_package/include/my_service_package/my_service_package/srv
[59.308s] -- Up-to-date: /home/manav/robotis_ws/install/my_service_package/include/my_service_package/my_service_package/srv/detail
[59.308s] -- Installing: /home/manav/robotis_ws/install/my_service_package/include/my_service_package/my_service_package/srv/detail/float_pos__rosidl_typesupport_fastrtps_c.h
[59.308s] -- Installing: /home/manav/robotis_ws/install/my_service_package/include/my_service_package/my_service_package/srv/detail/i_kservice__rosidl_typesupport_fastrtps_c.h
[59.308s] -- Installing: /home/manav/robotis_ws/install/my_service_package/include/my_service_package/my_service_package/srv/detail/endeffector_velservice__rosidl_typesupport_fastrtps_c.h
[59.308s] -- Installing: /home/manav/robotis_ws/install/my_service_package/include/my_service_package/my_service_package/srv/detail/joint_velservice__rosidl_typesupport_fastrtps_c.h
[59.311s] -- Up-to-date: /home/manav/robotis_ws/install/my_service_package/include/my_service_package/my_service_package/msg
[59.311s] -- Installing: /home/manav/robotis_ws/install/my_service_package/include/my_service_package/my_service_package/msg/rosidl_typesupport_fastrtps_c__visibility_control.h
[59.311s] -- Up-to-date: /home/manav/robotis_ws/install/my_service_package/include/my_service_package/my_service_package/msg/detail
[59.312s] -- Installing: /home/manav/robotis_ws/install/my_service_package/include/my_service_package/my_service_package/msg/detail/vel_pos__rosidl_typesupport_fastrtps_c.h
[59.312s] -- Installing: /home/manav/robotis_ws/install/my_service_package/include/my_service_package/my_service_package/msg/detail/rot_pos__rosidl_typesupport_fastrtps_c.h
[59.312s] -- Installing: /home/manav/robotis_ws/install/my_service_package/lib/libmy_service_package__rosidl_typesupport_fastrtps_c.so
[59.313s] -- Set runtime path of "/home/manav/robotis_ws/install/my_service_package/lib/libmy_service_package__rosidl_typesupport_fastrtps_c.so" to ""
[59.313s] -- Up-to-date: /home/manav/robotis_ws/install/my_service_package/include/my_service_package/my_service_package
[59.313s] -- Up-to-date: /home/manav/robotis_ws/install/my_service_package/include/my_service_package/my_service_package/srv
[59.313s] -- Installing: /home/manav/robotis_ws/install/my_service_package/include/my_service_package/my_service_package/srv/joint_velservice.hpp
[59.314s] -- Installing: /home/manav/robotis_ws/install/my_service_package/include/my_service_package/my_service_package/srv/float_pos.hpp
[59.314s] -- Installing: /home/manav/robotis_ws/install/my_service_package/include/my_service_package/my_service_package/srv/endeffector_velservice.hpp
[59.315s] -- Installing: /home/manav/robotis_ws/install/my_service_package/include/my_service_package/my_service_package/srv/i_kservice.hpp
[59.316s] -- Up-to-date: /home/manav/robotis_ws/install/my_service_package/include/my_service_package/my_service_package/srv/detail
[59.316s] -- Installing: /home/manav/robotis_ws/install/my_service_package/include/my_service_package/my_service_package/srv/detail/float_pos__traits.hpp
[59.317s] -- Installing: /home/manav/robotis_ws/install/my_service_package/include/my_service_package/my_service_package/srv/detail/joint_velservice__struct.hpp
[59.317s] -- Installing: /home/manav/robotis_ws/install/my_service_package/include/my_service_package/my_service_package/srv/detail/i_kservice__traits.hpp
[59.318s] -- Installing: /home/manav/robotis_ws/install/my_service_package/include/my_service_package/my_service_package/srv/detail/joint_velservice__traits.hpp
[59.318s] -- Installing: /home/manav/robotis_ws/install/my_service_package/include/my_service_package/my_service_package/srv/detail/i_kservice__struct.hpp
[59.319s] -- Installing: /home/manav/robotis_ws/install/my_service_package/include/my_service_package/my_service_package/srv/detail/float_pos__builder.hpp
[59.319s] -- Installing: /home/manav/robotis_ws/install/my_service_package/include/my_service_package/my_service_package/srv/detail/i_kservice__builder.hpp
[59.320s] -- Installing: /home/manav/robotis_ws/install/my_service_package/include/my_service_package/my_service_package/srv/detail/endeffector_velservice__struct.hpp
[59.321s] -- Installing: /home/manav/robotis_ws/install/my_service_package/include/my_service_package/my_service_package/srv/detail/joint_velservice__builder.hpp
[59.322s] -- Installing: /home/manav/robotis_ws/install/my_service_package/include/my_service_package/my_service_package/srv/detail/float_pos__struct.hpp
[59.323s] -- Installing: /home/manav/robotis_ws/install/my_service_package/include/my_service_package/my_service_package/srv/detail/endeffector_velservice__traits.hpp
[59.323s] -- Installing: /home/manav/robotis_ws/install/my_service_package/include/my_service_package/my_service_package/srv/detail/endeffector_velservice__builder.hpp
[59.323s] -- Up-to-date: /home/manav/robotis_ws/install/my_service_package/include/my_service_package/my_service_package/msg
[59.323s] -- Installing: /home/manav/robotis_ws/install/my_service_package/include/my_service_package/my_service_package/msg/rot_pos.hpp
[59.323s] -- Installing: /home/manav/robotis_ws/install/my_service_package/include/my_service_package/my_service_package/msg/vel_pos.hpp
[59.323s] -- Up-to-date: /home/manav/robotis_ws/install/my_service_package/include/my_service_package/my_service_package/msg/detail
[59.323s] -- Installing: /home/manav/robotis_ws/install/my_service_package/include/my_service_package/my_service_package/msg/detail/rot_pos__traits.hpp
[59.324s] -- Installing: /home/manav/robotis_ws/install/my_service_package/include/my_service_package/my_service_package/msg/detail/rot_pos__struct.hpp
[59.324s] -- Installing: /home/manav/robotis_ws/install/my_service_package/include/my_service_package/my_service_package/msg/detail/vel_pos__traits.hpp
[59.324s] -- Installing: /home/manav/robotis_ws/install/my_service_package/include/my_service_package/my_service_package/msg/detail/rot_pos__builder.hpp
[59.324s] -- Installing: /home/manav/robotis_ws/install/my_service_package/include/my_service_package/my_service_package/msg/detail/vel_pos__struct.hpp
[59.326s] -- Installing: /home/manav/robotis_ws/install/my_service_package/include/my_service_package/my_service_package/msg/detail/vel_pos__builder.hpp
[59.327s] -- Up-to-date: /home/manav/robotis_ws/install/my_service_package/include/my_service_package/my_service_package
[59.327s] -- Up-to-date: /home/manav/robotis_ws/install/my_service_package/include/my_service_package/my_service_package/srv
[59.327s] -- Up-to-date: /home/manav/robotis_ws/install/my_service_package/include/my_service_package/my_service_package/srv/detail
[59.327s] -- Installing: /home/manav/robotis_ws/install/my_service_package/include/my_service_package/my_service_package/srv/detail/endeffector_velservice__rosidl_typesupport_fastrtps_cpp.hpp
[59.328s] -- Installing: /home/manav/robotis_ws/install/my_service_package/include/my_service_package/my_service_package/srv/detail/dds_fastrtps
[59.328s] -- Installing: /home/manav/robotis_ws/install/my_service_package/include/my_service_package/my_service_package/srv/detail/i_kservice__rosidl_typesupport_fastrtps_cpp.hpp
[59.328s] -- Installing: /home/manav/robotis_ws/install/my_service_package/include/my_service_package/my_service_package/srv/detail/float_pos__rosidl_typesupport_fastrtps_cpp.hpp
[59.328s] -- Installing: /home/manav/robotis_ws/install/my_service_package/include/my_service_package/my_service_package/srv/detail/joint_velservice__rosidl_typesupport_fastrtps_cpp.hpp
[59.328s] -- Up-to-date: /home/manav/robotis_ws/install/my_service_package/include/my_service_package/my_service_package/msg
[59.329s] -- Installing: /home/manav/robotis_ws/install/my_service_package/include/my_service_package/my_service_package/msg/rosidl_typesupport_fastrtps_cpp__visibility_control.h
[59.329s] -- Up-to-date: /home/manav/robotis_ws/install/my_service_package/include/my_service_package/my_service_package/msg/detail
[59.329s] -- Installing: /home/manav/robotis_ws/install/my_service_package/include/my_service_package/my_service_package/msg/detail/rot_pos__rosidl_typesupport_fastrtps_cpp.hpp
[59.329s] -- Installing: /home/manav/robotis_ws/install/my_service_package/include/my_service_package/my_service_package/msg/detail/vel_pos__rosidl_typesupport_fastrtps_cpp.hpp
[59.329s] -- Installing: /home/manav/robotis_ws/install/my_service_package/include/my_service_package/my_service_package/msg/detail/dds_fastrtps
[59.330s] -- Installing: /home/manav/robotis_ws/install/my_service_package/lib/libmy_service_package__rosidl_typesupport_fastrtps_cpp.so
[59.330s] -- Set runtime path of "/home/manav/robotis_ws/install/my_service_package/lib/libmy_service_package__rosidl_typesupport_fastrtps_cpp.so" to ""
[59.330s] -- Up-to-date: /home/manav/robotis_ws/install/my_service_package/include/my_service_package/my_service_package
[59.330s] -- Up-to-date: /home/manav/robotis_ws/install/my_service_package/include/my_service_package/my_service_package/srv
[59.330s] -- Up-to-date: /home/manav/robotis_ws/install/my_service_package/include/my_service_package/my_service_package/srv/detail
[59.330s] -- Installing: /home/manav/robotis_ws/install/my_service_package/include/my_service_package/my_service_package/srv/detail/endeffector_velservice__rosidl_typesupport_introspection_c.h
[59.330s] -- Installing: /home/manav/robotis_ws/install/my_service_package/include/my_service_package/my_service_package/srv/detail/endeffector_velservice__type_support.c
[59.330s] -- Installing: /home/manav/robotis_ws/install/my_service_package/include/my_service_package/my_service_package/srv/detail/float_pos__type_support.c
[59.331s] -- Installing: /home/manav/robotis_ws/install/my_service_package/include/my_service_package/my_service_package/srv/detail/i_kservice__type_support.c
[59.331s] -- Installing: /home/manav/robotis_ws/install/my_service_package/include/my_service_package/my_service_package/srv/detail/i_kservice__rosidl_typesupport_introspection_c.h
[59.331s] -- Installing: /home/manav/robotis_ws/install/my_service_package/include/my_service_package/my_service_package/srv/detail/joint_velservice__rosidl_typesupport_introspection_c.h
[59.331s] -- Installing: /home/manav/robotis_ws/install/my_service_package/include/my_service_package/my_service_package/srv/detail/joint_velservice__type_support.c
[59.331s] -- Installing: /home/manav/robotis_ws/install/my_service_package/include/my_service_package/my_service_package/srv/detail/float_pos__rosidl_typesupport_introspection_c.h
[59.331s] -- Up-to-date: /home/manav/robotis_ws/install/my_service_package/include/my_service_package/my_service_package/msg
[59.331s] -- Installing: /home/manav/robotis_ws/install/my_service_package/include/my_service_package/my_service_package/msg/rosidl_typesupport_introspection_c__visibility_control.h
[59.331s] -- Up-to-date: /home/manav/robotis_ws/install/my_service_package/include/my_service_package/my_service_package/msg/detail
[59.331s] -- Installing: /home/manav/robotis_ws/install/my_service_package/include/my_service_package/my_service_package/msg/detail/vel_pos__type_support.c
[59.332s] -- Installing: /home/manav/robotis_ws/install/my_service_package/include/my_service_package/my_service_package/msg/detail/vel_pos__rosidl_typesupport_introspection_c.h
[59.332s] -- Installing: /home/manav/robotis_ws/install/my_service_package/include/my_service_package/my_service_package/msg/detail/rot_pos__type_support.c
[59.332s] -- Installing: /home/manav/robotis_ws/install/my_service_package/include/my_service_package/my_service_package/msg/detail/rot_pos__rosidl_typesupport_introspection_c.h
[59.332s] -- Installing: /home/manav/robotis_ws/install/my_service_package/lib/libmy_service_package__rosidl_typesupport_introspection_c.so
[59.332s] -- Set runtime path of "/home/manav/robotis_ws/install/my_service_package/lib/libmy_service_package__rosidl_typesupport_introspection_c.so" to ""
[59.333s] -- Installing: /home/manav/robotis_ws/install/my_service_package/lib/libmy_service_package__rosidl_typesupport_c.so
[59.333s] -- Set runtime path of "/home/manav/robotis_ws/install/my_service_package/lib/libmy_service_package__rosidl_typesupport_c.so" to ""
[59.334s] -- Up-to-date: /home/manav/robotis_ws/install/my_service_package/include/my_service_package/my_service_package
[59.335s] -- Up-to-date: /home/manav/robotis_ws/install/my_service_package/include/my_service_package/my_service_package/srv
[59.336s] -- Up-to-date: /home/manav/robotis_ws/install/my_service_package/include/my_service_package/my_service_package/srv/detail
[59.337s] -- Installing: /home/manav/robotis_ws/install/my_service_package/include/my_service_package/my_service_package/srv/detail/joint_velservice__type_support.cpp
[59.338s] -- Installing: /home/manav/robotis_ws/install/my_service_package/include/my_service_package/my_service_package/srv/detail/endeffector_velservice__rosidl_typesupport_introspection_cpp.hpp
[59.338s] -- Installing: /home/manav/robotis_ws/install/my_service_package/include/my_service_package/my_service_package/srv/detail/i_kservice__type_support.cpp
[59.339s] -- Installing: /home/manav/robotis_ws/install/my_service_package/include/my_service_package/my_service_package/srv/detail/endeffector_velservice__type_support.cpp
[59.339s] -- Installing: /home/manav/robotis_ws/install/my_service_package/include/my_service_package/my_service_package/srv/detail/float_pos__type_support.cpp
[59.339s] -- Installing: /home/manav/robotis_ws/install/my_service_package/include/my_service_package/my_service_package/srv/detail/float_pos__rosidl_typesupport_introspection_cpp.hpp
[59.339s] -- Installing: /home/manav/robotis_ws/install/my_service_package/include/my_service_package/my_service_package/srv/detail/joint_velservice__rosidl_typesupport_introspection_cpp.hpp
[59.339s] -- Installing: /home/manav/robotis_ws/install/my_service_package/include/my_service_package/my_service_package/srv/detail/i_kservice__rosidl_typesupport_introspection_cpp.hpp
[59.339s] -- Up-to-date: /home/manav/robotis_ws/install/my_service_package/include/my_service_package/my_service_package/msg
[59.339s] -- Up-to-date: /home/manav/robotis_ws/install/my_service_package/include/my_service_package/my_service_package/msg/detail
[59.340s] -- Installing: /home/manav/robotis_ws/install/my_service_package/include/my_service_package/my_service_package/msg/detail/vel_pos__type_support.cpp
[59.340s] -- Installing: /home/manav/robotis_ws/install/my_service_package/include/my_service_package/my_service_package/msg/detail/rot_pos__rosidl_typesupport_introspection_cpp.hpp
[59.340s] -- Installing: /home/manav/robotis_ws/install/my_service_package/include/my_service_package/my_service_package/msg/detail/rot_pos__type_support.cpp
[59.340s] -- Installing: /home/manav/robotis_ws/install/my_service_package/include/my_service_package/my_service_package/msg/detail/vel_pos__rosidl_typesupport_introspection_cpp.hpp
[59.340s] -- Installing: /home/manav/robotis_ws/install/my_service_package/lib/libmy_service_package__rosidl_typesupport_introspection_cpp.so
[59.340s] -- Set runtime path of "/home/manav/robotis_ws/install/my_service_package/lib/libmy_service_package__rosidl_typesupport_introspection_cpp.so" to ""
[59.340s] -- Installing: /home/manav/robotis_ws/install/my_service_package/lib/libmy_service_package__rosidl_typesupport_cpp.so
[59.345s] -- Set runtime path of "/home/manav/robotis_ws/install/my_service_package/lib/libmy_service_package__rosidl_typesupport_cpp.so" to ""
[59.345s] -- Installing: /home/manav/robotis_ws/install/my_service_package/share/my_service_package/environment/pythonpath.sh
[59.345s] -- Installing: /home/manav/robotis_ws/install/my_service_package/share/my_service_package/environment/pythonpath.dsv
[59.345s] -- Installing: /home/manav/robotis_ws/install/my_service_package/local/lib/python3.10/dist-packages/my_service_package-0.0.0-py3.10.egg-info
[59.345s] -- Installing: /home/manav/robotis_ws/install/my_service_package/local/lib/python3.10/dist-packages/my_service_package-0.0.0-py3.10.egg-info/top_level.txt
[59.346s] -- Installing: /home/manav/robotis_ws/install/my_service_package/local/lib/python3.10/dist-packages/my_service_package-0.0.0-py3.10.egg-info/dependency_links.txt
[59.346s] -- Installing: /home/manav/robotis_ws/install/my_service_package/local/lib/python3.10/dist-packages/my_service_package-0.0.0-py3.10.egg-info/PKG-INFO
[59.346s] -- Installing: /home/manav/robotis_ws/install/my_service_package/local/lib/python3.10/dist-packages/my_service_package-0.0.0-py3.10.egg-info/SOURCES.txt
[59.346s] -- Installing: /home/manav/robotis_ws/install/my_service_package/local/lib/python3.10/dist-packages/my_service_package
[59.346s] -- Installing: /home/manav/robotis_ws/install/my_service_package/local/lib/python3.10/dist-packages/my_service_package/_my_service_package_s.ep.rosidl_typesupport_introspection_c.c
[59.346s] -- Installing: /home/manav/robotis_ws/install/my_service_package/local/lib/python3.10/dist-packages/my_service_package/libmy_service_package__rosidl_generator_py.so
[59.346s] -- Installing: /home/manav/robotis_ws/install/my_service_package/local/lib/python3.10/dist-packages/my_service_package/my_service_package_s__rosidl_typesupport_fastrtps_c.cpython-310-x86_64-linux-gnu.so
[59.347s] -- Installing: /home/manav/robotis_ws/install/my_service_package/local/lib/python3.10/dist-packages/my_service_package/_my_service_package_s.ep.rosidl_typesupport_fastrtps_c.c
[59.347s] -- Installing: /home/manav/robotis_ws/install/my_service_package/local/lib/python3.10/dist-packages/my_service_package/srv
[59.347s] -- Installing: /home/manav/robotis_ws/install/my_service_package/local/lib/python3.10/dist-packages/my_service_package/srv/_i_kservice.py
[59.347s] -- Installing: /home/manav/robotis_ws/install/my_service_package/local/lib/python3.10/dist-packages/my_service_package/srv/_float_pos_s.c
[59.347s] -- Installing: /home/manav/robotis_ws/install/my_service_package/local/lib/python3.10/dist-packages/my_service_package/srv/_float_pos.py
[59.347s] -- Installing: /home/manav/robotis_ws/install/my_service_package/local/lib/python3.10/dist-packages/my_service_package/srv/_joint_velservice_s.c
[59.347s] -- Installing: /home/manav/robotis_ws/install/my_service_package/local/lib/python3.10/dist-packages/my_service_package/srv/_endeffector_velservice_s.c
[59.347s] -- Installing: /home/manav/robotis_ws/install/my_service_package/local/lib/python3.10/dist-packages/my_service_package/srv/_endeffector_velservice.py
[59.348s] -- Installing: /home/manav/robotis_ws/install/my_service_package/local/lib/python3.10/dist-packages/my_service_package/srv/_i_kservice_s.c
[59.348s] -- Installing: /home/manav/robotis_ws/install/my_service_package/local/lib/python3.10/dist-packages/my_service_package/srv/_joint_velservice.py
[59.348s] -- Installing: /home/manav/robotis_ws/install/my_service_package/local/lib/python3.10/dist-packages/my_service_package/srv/__init__.py
[59.348s] -- Installing: /home/manav/robotis_ws/install/my_service_package/local/lib/python3.10/dist-packages/my_service_package/msg
[59.348s] -- Installing: /home/manav/robotis_ws/install/my_service_package/local/lib/python3.10/dist-packages/my_service_package/msg/_vel_pos.py
[59.348s] -- Installing: /home/manav/robotis_ws/install/my_service_package/local/lib/python3.10/dist-packages/my_service_package/msg/_rot_pos.py
[59.348s] -- Installing: /home/manav/robotis_ws/install/my_service_package/local/lib/python3.10/dist-packages/my_service_package/msg/_vel_pos_s.c
[59.348s] -- Installing: /home/manav/robotis_ws/install/my_service_package/local/lib/python3.10/dist-packages/my_service_package/msg/_rot_pos_s.c
[59.349s] -- Installing: /home/manav/robotis_ws/install/my_service_package/local/lib/python3.10/dist-packages/my_service_package/msg/__init__.py
[59.349s] -- Installing: /home/manav/robotis_ws/install/my_service_package/local/lib/python3.10/dist-packages/my_service_package/_my_service_package_s.ep.rosidl_typesupport_c.c
[59.349s] -- Installing: /home/manav/robotis_ws/install/my_service_package/local/lib/python3.10/dist-packages/my_service_package/my_service_package_s__rosidl_typesupport_introspection_c.cpython-310-x86_64-linux-gnu.so
[59.349s] -- Installing: /home/manav/robotis_ws/install/my_service_package/local/lib/python3.10/dist-packages/my_service_package/my_service_package_s__rosidl_typesupport_c.cpython-310-x86_64-linux-gnu.so
[59.349s] -- Installing: /home/manav/robotis_ws/install/my_service_package/local/lib/python3.10/dist-packages/my_service_package/__init__.py
[59.453s] Listing '/home/manav/robotis_ws/install/my_service_package/local/lib/python3.10/dist-packages/my_service_package'...
[59.454s] Compiling '/home/manav/robotis_ws/install/my_service_package/local/lib/python3.10/dist-packages/my_service_package/__init__.py'...
[59.454s] Listing '/home/manav/robotis_ws/install/my_service_package/local/lib/python3.10/dist-packages/my_service_package/msg'...
[59.454s] Compiling '/home/manav/robotis_ws/install/my_service_package/local/lib/python3.10/dist-packages/my_service_package/msg/__init__.py'...
[59.454s] Compiling '/home/manav/robotis_ws/install/my_service_package/local/lib/python3.10/dist-packages/my_service_package/msg/_rot_pos.py'...
[59.454s] Compiling '/home/manav/robotis_ws/install/my_service_package/local/lib/python3.10/dist-packages/my_service_package/msg/_vel_pos.py'...
[59.454s] Listing '/home/manav/robotis_ws/install/my_service_package/local/lib/python3.10/dist-packages/my_service_package/srv'...
[59.454s] Compiling '/home/manav/robotis_ws/install/my_service_package/local/lib/python3.10/dist-packages/my_service_package/srv/__init__.py'...
[59.455s] Compiling '/home/manav/robotis_ws/install/my_service_package/local/lib/python3.10/dist-packages/my_service_package/srv/_endeffector_velservice.py'...
[59.455s] Compiling '/home/manav/robotis_ws/install/my_service_package/local/lib/python3.10/dist-packages/my_service_package/srv/_float_pos.py'...
[59.455s] Compiling '/home/manav/robotis_ws/install/my_service_package/local/lib/python3.10/dist-packages/my_service_package/srv/_i_kservice.py'...
[59.455s] Compiling '/home/manav/robotis_ws/install/my_service_package/local/lib/python3.10/dist-packages/my_service_package/srv/_joint_velservice.py'...
[59.464s] -- Installing: /home/manav/robotis_ws/install/my_service_package/local/lib/python3.10/dist-packages/my_service_package/my_service_package_s__rosidl_typesupport_fastrtps_c.cpython-310-x86_64-linux-gnu.so
[59.465s] -- Set runtime path of "/home/manav/robotis_ws/install/my_service_package/local/lib/python3.10/dist-packages/my_service_package/my_service_package_s__rosidl_typesupport_fastrtps_c.cpython-310-x86_64-linux-gnu.so" to ""
[59.466s] -- Installing: /home/manav/robotis_ws/install/my_service_package/local/lib/python3.10/dist-packages/my_service_package/my_service_package_s__rosidl_typesupport_introspection_c.cpython-310-x86_64-linux-gnu.so
[59.467s] -- Set runtime path of "/home/manav/robotis_ws/install/my_service_package/local/lib/python3.10/dist-packages/my_service_package/my_service_package_s__rosidl_typesupport_introspection_c.cpython-310-x86_64-linux-gnu.so" to ""
[59.468s] -- Installing: /home/manav/robotis_ws/install/my_service_package/local/lib/python3.10/dist-packages/my_service_package/my_service_package_s__rosidl_typesupport_c.cpython-310-x86_64-linux-gnu.so
[59.469s] -- Set runtime path of "/home/manav/robotis_ws/install/my_service_package/local/lib/python3.10/dist-packages/my_service_package/my_service_package_s__rosidl_typesupport_c.cpython-310-x86_64-linux-gnu.so" to ""
[59.470s] -- Installing: /home/manav/robotis_ws/install/my_service_package/lib/libmy_service_package__rosidl_generator_py.so
[59.477s] -- Set runtime path of "/home/manav/robotis_ws/install/my_service_package/lib/libmy_service_package__rosidl_generator_py.so" to ""
[59.477s] -- Installing: /home/manav/robotis_ws/install/my_service_package/share/my_service_package/msg/RotPos.idl
[59.478s] -- Installing: /home/manav/robotis_ws/install/my_service_package/share/my_service_package/msg/VelPos.idl
[59.478s] -- Installing: /home/manav/robotis_ws/install/my_service_package/share/my_service_package/srv/IKservice.idl
[59.478s] -- Installing: /home/manav/robotis_ws/install/my_service_package/share/my_service_package/srv/JointVelservice.idl
[59.478s] -- Installing: /home/manav/robotis_ws/install/my_service_package/share/my_service_package/srv/EndeffectorVelservice.idl
[59.478s] -- Installing: /home/manav/robotis_ws/install/my_service_package/share/my_service_package/srv/FloatPos.idl
[59.480s] -- Installing: /home/manav/robotis_ws/install/my_service_package/share/my_service_package/msg/RotPos.msg
[59.481s] -- Installing: /home/manav/robotis_ws/install/my_service_package/share/my_service_package/msg/VelPos.msg
[59.481s] -- Installing: /home/manav/robotis_ws/install/my_service_package/share/my_service_package/srv/IKservice.srv
[59.481s] -- Installing: /home/manav/robotis_ws/install/my_service_package/share/my_service_package/srv/IKservice_Request.msg
[59.481s] -- Installing: /home/manav/robotis_ws/install/my_service_package/share/my_service_package/srv/IKservice_Response.msg
[59.481s] -- Installing: /home/manav/robotis_ws/install/my_service_package/share/my_service_package/srv/JointVelservice.srv
[59.481s] -- Installing: /home/manav/robotis_ws/install/my_service_package/share/my_service_package/srv/JointVelservice_Request.msg
[59.481s] -- Installing: /home/manav/robotis_ws/install/my_service_package/share/my_service_package/srv/JointVelservice_Response.msg
[59.482s] -- Installing: /home/manav/robotis_ws/install/my_service_package/share/my_service_package/srv/EndeffectorVelservice.srv
[59.482s] -- Installing: /home/manav/robotis_ws/install/my_service_package/share/my_service_package/srv/EndeffectorVelservice_Request.msg
[59.482s] -- Installing: /home/manav/robotis_ws/install/my_service_package/share/my_service_package/srv/EndeffectorVelservice_Response.msg
[59.482s] -- Installing: /home/manav/robotis_ws/install/my_service_package/share/my_service_package/srv/FloatPos.srv
[59.482s] -- Installing: /home/manav/robotis_ws/install/my_service_package/share/my_service_package/srv/FloatPos_Request.msg
[59.482s] -- Installing: /home/manav/robotis_ws/install/my_service_package/share/my_service_package/srv/FloatPos_Response.msg
[59.482s] -- Installing: /home/manav/robotis_ws/install/my_service_package/share/ament_index/resource_index/package_run_dependencies/my_service_package
[59.483s] -- Installing: /home/manav/robotis_ws/install/my_service_package/share/ament_index/resource_index/parent_prefix_path/my_service_package
[59.483s] -- Installing: /home/manav/robotis_ws/install/my_service_package/share/my_service_package/environment/ament_prefix_path.sh
[59.483s] -- Installing: /home/manav/robotis_ws/install/my_service_package/share/my_service_package/environment/ament_prefix_path.dsv
[59.483s] -- Installing: /home/manav/robotis_ws/install/my_service_package/share/my_service_package/environment/path.sh
[59.483s] -- Installing: /home/manav/robotis_ws/install/my_service_package/share/my_service_package/environment/path.dsv
[59.484s] -- Installing: /home/manav/robotis_ws/install/my_service_package/share/my_service_package/local_setup.bash
[59.484s] -- Installing: /home/manav/robotis_ws/install/my_service_package/share/my_service_package/local_setup.sh
[59.484s] -- Installing: /home/manav/robotis_ws/install/my_service_package/share/my_service_package/local_setup.zsh
[59.484s] -- Installing: /home/manav/robotis_ws/install/my_service_package/share/my_service_package/local_setup.dsv
[59.484s] -- Installing: /home/manav/robotis_ws/install/my_service_package/share/my_service_package/package.dsv
[59.485s] -- Installing: /home/manav/robotis_ws/install/my_service_package/share/ament_index/resource_index/packages/my_service_package
[59.485s] -- Installing: /home/manav/robotis_ws/install/my_service_package/share/my_service_package/cmake/export_my_service_package__rosidl_generator_cExport.cmake
[59.485s] -- Installing: /home/manav/robotis_ws/install/my_service_package/share/my_service_package/cmake/export_my_service_package__rosidl_generator_cExport-noconfig.cmake
[59.485s] -- Installing: /home/manav/robotis_ws/install/my_service_package/share/my_service_package/cmake/export_my_service_package__rosidl_typesupport_fastrtps_cExport.cmake
[59.486s] -- Installing: /home/manav/robotis_ws/install/my_service_package/share/my_service_package/cmake/export_my_service_package__rosidl_typesupport_fastrtps_cExport-noconfig.cmake
[59.486s] -- Installing: /home/manav/robotis_ws/install/my_service_package/share/my_service_package/cmake/export_my_service_package__rosidl_generator_cppExport.cmake
[59.486s] -- Installing: /home/manav/robotis_ws/install/my_service_package/share/my_service_package/cmake/export_my_service_package__rosidl_typesupport_fastrtps_cppExport.cmake
[59.487s] -- Installing: /home/manav/robotis_ws/install/my_service_package/share/my_service_package/cmake/export_my_service_package__rosidl_typesupport_fastrtps_cppExport-noconfig.cmake
[59.489s] -- Installing: /home/manav/robotis_ws/install/my_service_package/share/my_service_package/cmake/my_service_package__rosidl_typesupport_introspection_cExport.cmake
[59.490s] -- Installing: /home/manav/robotis_ws/install/my_service_package/share/my_service_package/cmake/my_service_package__rosidl_typesupport_introspection_cExport-noconfig.cmake
[59.490s] -- Installing: /home/manav/robotis_ws/install/my_service_package/share/my_service_package/cmake/my_service_package__rosidl_typesupport_cExport.cmake
[59.490s] -- Installing: /home/manav/robotis_ws/install/my_service_package/share/my_service_package/cmake/my_service_package__rosidl_typesupport_cExport-noconfig.cmake
[59.490s] -- Installing: /home/manav/robotis_ws/install/my_service_package/share/my_service_package/cmake/my_service_package__rosidl_typesupport_introspection_cppExport.cmake
[59.490s] -- Installing: /home/manav/robotis_ws/install/my_service_package/share/my_service_package/cmake/my_service_package__rosidl_typesupport_introspection_cppExport-noconfig.cmake
[59.490s] -- Installing: /home/manav/robotis_ws/install/my_service_package/share/my_service_package/cmake/my_service_package__rosidl_typesupport_cppExport.cmake
[59.490s] -- Installing: /home/manav/robotis_ws/install/my_service_package/share/my_service_package/cmake/my_service_package__rosidl_typesupport_cppExport-noconfig.cmake
[59.491s] -- Installing: /home/manav/robotis_ws/install/my_service_package/share/my_service_package/cmake/export_my_service_package__rosidl_generator_pyExport.cmake
[59.491s] -- Installing: /home/manav/robotis_ws/install/my_service_package/share/my_service_package/cmake/export_my_service_package__rosidl_generator_pyExport-noconfig.cmake
[59.491s] -- Installing: /home/manav/robotis_ws/install/my_service_package/share/my_service_package/cmake/rosidl_cmake-extras.cmake
[59.493s] -- Installing: /home/manav/robotis_ws/install/my_service_package/share/my_service_package/cmake/ament_cmake_export_dependencies-extras.cmake
[59.493s] -- Installing: /home/manav/robotis_ws/install/my_service_package/share/my_service_package/cmake/ament_cmake_export_include_directories-extras.cmake
[59.493s] -- Installing: /home/manav/robotis_ws/install/my_service_package/share/my_service_package/cmake/ament_cmake_export_libraries-extras.cmake
[59.493s] -- Installing: /home/manav/robotis_ws/install/my_service_package/share/my_service_package/cmake/ament_cmake_export_targets-extras.cmake
[59.493s] -- Installing: /home/manav/robotis_ws/install/my_service_package/share/my_service_package/cmake/rosidl_cmake_export_typesupport_targets-extras.cmake
[59.493s] -- Installing: /home/manav/robotis_ws/install/my_service_package/share/my_service_package/cmake/rosidl_cmake_export_typesupport_libraries-extras.cmake
[59.493s] -- Installing: /home/manav/robotis_ws/install/my_service_package/share/my_service_package/cmake/my_service_packageConfig.cmake
[59.494s] -- Installing: /home/manav/robotis_ws/install/my_service_package/share/my_service_package/cmake/my_service_packageConfig-version.cmake
[59.494s] -- Installing: /home/manav/robotis_ws/install/my_service_package/share/my_service_package/package.xml
[59.499s] Invoked command in '/home/manav/robotis_ws/build/my_service_package' returned '0': CMAKE_PREFIX_PATH=${CMAKE_PREFIX_PATH}:/home/manav/robotis_ws/install/vel_kinematics:/home/manav/robotis_ws/install/rbe500_example_py:/home/manav/robotis_ws/install/pdctr:/home/manav/robotis_ws/install/inverse:/home/manav/robotis_ws/install/forward:/home/manav/ros2_test/install/my_robot_controller:/opt/ros/humble /usr/bin/cmake --install /home/manav/robotis_ws/build/my_service_package
