[0.035s] Invoking command in '/home/manav/robotis_ws/build/open_manipulator_x_description': CMAKE_PREFIX_PATH=${CMAKE_PREFIX_PATH}:/home/manav/robotis_ws/install/vel_kinematics:/home/manav/robotis_ws/install/rbe500_example_py:/home/manav/robotis_ws/install/inverse:/home/manav/robotis_ws/install/forward:/home/manav/ros2_test/install/my_robot_controller:/opt/ros/humble /usr/bin/cmake --build /home/manav/robotis_ws/build/open_manipulator_x_description -- -j4 -l4
[0.264s] Invoked command in '/home/manav/robotis_ws/build/open_manipulator_x_description' returned '0': CMAKE_PREFIX_PATH=${CMAKE_PREFIX_PATH}:/home/manav/robotis_ws/install/vel_kinematics:/home/manav/robotis_ws/install/rbe500_example_py:/home/manav/robotis_ws/install/inverse:/home/manav/robotis_ws/install/forward:/home/manav/ros2_test/install/my_robot_controller:/opt/ros/humble /usr/bin/cmake --build /home/manav/robotis_ws/build/open_manipulator_x_description -- -j4 -l4
[0.430s] Invoking command in '/home/manav/robotis_ws/build/open_manipulator_x_description': CMAKE_PREFIX_PATH=${CMAKE_PREFIX_PATH}:/home/manav/robotis_ws/install/vel_kinematics:/home/manav/robotis_ws/install/rbe500_example_py:/home/manav/robotis_ws/install/inverse:/home/manav/robotis_ws/install/forward:/home/manav/ros2_test/install/my_robot_controller:/opt/ros/humble /usr/bin/cmake --install /home/manav/robotis_ws/build/open_manipulator_x_description
[0.479s] -- Install configuration: ""
[0.480s] -- Up-to-date: /home/manav/robotis_ws/install/open_manipulator_x_description/share/open_manipulator_x_description/launch
[0.480s] -- Up-to-date: /home/manav/robotis_ws/install/open_manipulator_x_description/share/open_manipulator_x_description/launch/.DS_Store
[0.481s] -- Up-to-date: /home/manav/robotis_ws/install/open_manipulator_x_description/share/open_manipulator_x_description/launch/open_manipulator_x_rviz.launch.py
[0.481s] -- Up-to-date: /home/manav/robotis_ws/install/open_manipulator_x_description/share/open_manipulator_x_description/meshes
[0.496s] -- Up-to-date: /home/manav/robotis_ws/install/open_manipulator_x_description/share/open_manipulator_x_description/meshes/chain_link_grip_l.stl
[0.499s] -- Up-to-date: /home/manav/robotis_ws/install/open_manipulator_x_description/share/open_manipulator_x_description/meshes/chain_link1.stl
[0.499s] -- Up-to-date: /home/manav/robotis_ws/install/open_manipulator_x_description/share/open_manipulator_x_description/meshes/chain_link_grip_r.stl
[0.499s] -- Up-to-date: /home/manav/robotis_ws/install/open_manipulator_x_description/share/open_manipulator_x_description/meshes/chain_link4.stl
[0.499s] -- Up-to-date: /home/manav/robotis_ws/install/open_manipulator_x_description/share/open_manipulator_x_description/meshes/chain_link5.stl
[0.500s] -- Up-to-date: /home/manav/robotis_ws/install/open_manipulator_x_description/share/open_manipulator_x_description/meshes/chain_link3.stl
[0.500s] -- Up-to-date: /home/manav/robotis_ws/install/open_manipulator_x_description/share/open_manipulator_x_description/meshes/chain_link2.stl
[0.500s] -- Up-to-date: /home/manav/robotis_ws/install/open_manipulator_x_description/share/open_manipulator_x_description/rviz
[0.500s] -- Up-to-date: /home/manav/robotis_ws/install/open_manipulator_x_description/share/open_manipulator_x_description/rviz/open_manipulator_x.rviz
[0.500s] -- Up-to-date: /home/manav/robotis_ws/install/open_manipulator_x_description/share/open_manipulator_x_description/urdf
[0.500s] -- Up-to-date: /home/manav/robotis_ws/install/open_manipulator_x_description/share/open_manipulator_x_description/urdf/open_manipulator_x.transmission.xacro
[0.500s] -- Up-to-date: /home/manav/robotis_ws/install/open_manipulator_x_description/share/open_manipulator_x_description/urdf/open_manipulator_x_robot.urdf.xacro
[0.500s] -- Up-to-date: /home/manav/robotis_ws/install/open_manipulator_x_description/share/open_manipulator_x_description/urdf/materials.xacro
[0.501s] -- Up-to-date: /home/manav/robotis_ws/install/open_manipulator_x_description/share/open_manipulator_x_description/urdf/open_manipulator_x.gazebo.xacro
[0.509s] -- Up-to-date: /home/manav/robotis_ws/install/open_manipulator_x_description/share/open_manipulator_x_description/urdf/open_manipulator_x.urdf.xacro
[0.509s] -- Up-to-date: /home/manav/robotis_ws/install/open_manipulator_x_description/share/ament_index/resource_index/package_run_dependencies/open_manipulator_x_description
[0.510s] -- Up-to-date: /home/manav/robotis_ws/install/open_manipulator_x_description/share/ament_index/resource_index/parent_prefix_path/open_manipulator_x_description
[0.510s] -- Up-to-date: /home/manav/robotis_ws/install/open_manipulator_x_description/share/open_manipulator_x_description/environment/ament_prefix_path.sh
[0.510s] -- Up-to-date: /home/manav/robotis_ws/install/open_manipulator_x_description/share/open_manipulator_x_description/environment/ament_prefix_path.dsv
[0.510s] -- Up-to-date: /home/manav/robotis_ws/install/open_manipulator_x_description/share/open_manipulator_x_description/environment/path.sh
[0.510s] -- Up-to-date: /home/manav/robotis_ws/install/open_manipulator_x_description/share/open_manipulator_x_description/environment/path.dsv
[0.512s] -- Up-to-date: /home/manav/robotis_ws/install/open_manipulator_x_description/share/open_manipulator_x_description/local_setup.bash
[0.512s] -- Up-to-date: /home/manav/robotis_ws/install/open_manipulator_x_description/share/open_manipulator_x_description/local_setup.sh
[0.512s] -- Up-to-date: /home/manav/robotis_ws/install/open_manipulator_x_description/share/open_manipulator_x_description/local_setup.zsh
[0.512s] -- Up-to-date: /home/manav/robotis_ws/install/open_manipulator_x_description/share/open_manipulator_x_description/local_setup.dsv
[0.513s] -- Installing: /home/manav/robotis_ws/install/open_manipulator_x_description/share/open_manipulator_x_description/package.dsv
[0.514s] -- Up-to-date: /home/manav/robotis_ws/install/open_manipulator_x_description/share/ament_index/resource_index/packages/open_manipulator_x_description
[0.514s] -- Up-to-date: /home/manav/robotis_ws/install/open_manipulator_x_description/share/open_manipulator_x_description/cmake/open_manipulator_x_descriptionConfig.cmake
[0.514s] -- Up-to-date: /home/manav/robotis_ws/install/open_manipulator_x_description/share/open_manipulator_x_description/cmake/open_manipulator_x_descriptionConfig-version.cmake
[0.514s] -- Up-to-date: /home/manav/robotis_ws/install/open_manipulator_x_description/share/open_manipulator_x_description/package.xml
[0.551s] Invoked command in '/home/manav/robotis_ws/build/open_manipulator_x_description' returned '0': CMAKE_PREFIX_PATH=${CMAKE_PREFIX_PATH}:/home/manav/robotis_ws/install/vel_kinematics:/home/manav/robotis_ws/install/rbe500_example_py:/home/manav/robotis_ws/install/inverse:/home/manav/robotis_ws/install/forward:/home/manav/ros2_test/install/my_robot_controller:/opt/ros/humble /usr/bin/cmake --install /home/manav/robotis_ws/build/open_manipulator_x_description
