[2.491s] Invoking command in '/home/manav/robotis_ws/src/OpenManipulatorX_ROS2-main/vel_kinematics': PYTHONPATH=/home/manav/robotis_ws/build/vel_kinematics/prefix_override:/usr/lib/python3/dist-packages/colcon_core/task/python/colcon_distutils_commands:/home/manav/robotis_ws/install/vel_kinematics/lib/python3.10/site-packages:${PYTHONPATH} /usr/bin/python3 -W ignore:setup.py install is deprecated -W ignore:easy_install command is deprecated setup.py egg_info --egg-base ../../../build/vel_kinematics build --build-base /home/manav/robotis_ws/build/vel_kinematics/build install --record /home/manav/robotis_ws/build/vel_kinematics/install.log --single-version-externally-managed install_data
[3.128s] running egg_info
[3.129s] writing ../../../build/vel_kinematics/vel_kinematics.egg-info/PKG-INFO
[3.129s] writing dependency_links to ../../../build/vel_kinematics/vel_kinematics.egg-info/dependency_links.txt
[3.130s] writing entry points to ../../../build/vel_kinematics/vel_kinematics.egg-info/entry_points.txt
[3.130s] writing requirements to ../../../build/vel_kinematics/vel_kinematics.egg-info/requires.txt
[3.130s] writing top-level names to ../../../build/vel_kinematics/vel_kinematics.egg-info/top_level.txt
[3.134s] reading manifest file '../../../build/vel_kinematics/vel_kinematics.egg-info/SOURCES.txt'
[3.135s] adding license file 'LICENSE'
[3.136s] writing manifest file '../../../build/vel_kinematics/vel_kinematics.egg-info/SOURCES.txt'
[3.137s] running build
[3.137s] running build_py
[3.138s] copying vel_kinematics/vel_calc.py -> /home/manav/robotis_ws/build/vel_kinematics/build/lib/vel_kinematics
[3.140s] running install
[3.140s] running install_lib
[3.140s] copying /home/manav/robotis_ws/build/vel_kinematics/build/lib/vel_kinematics/vel_calc.py -> /home/manav/robotis_ws/install/vel_kinematics/lib/python3.10/site-packages/vel_kinematics
[3.141s] byte-compiling /home/manav/robotis_ws/install/vel_kinematics/lib/python3.10/site-packages/vel_kinematics/vel_calc.py to vel_calc.cpython-310.pyc
[3.144s] running install_data
[3.144s] running install_egg_info
[3.149s] removing '/home/manav/robotis_ws/install/vel_kinematics/lib/python3.10/site-packages/vel_kinematics-0.0.0-py3.10.egg-info' (and everything under it)
[3.150s] Copying ../../../build/vel_kinematics/vel_kinematics.egg-info to /home/manav/robotis_ws/install/vel_kinematics/lib/python3.10/site-packages/vel_kinematics-0.0.0-py3.10.egg-info
[3.151s] running install_scripts
[3.193s] Installing velcalc_call script to /home/manav/robotis_ws/install/vel_kinematics/lib/vel_kinematics
[3.193s] Installing velk_call script to /home/manav/robotis_ws/install/vel_kinematics/lib/vel_kinematics
[3.194s] Installing velpub_call script to /home/manav/robotis_ws/install/vel_kinematics/lib/vel_kinematics
[3.194s] writing list of installed files to '/home/manav/robotis_ws/build/vel_kinematics/install.log'
[3.244s] Invoked command in '/home/manav/robotis_ws/src/OpenManipulatorX_ROS2-main/vel_kinematics' returned '0': PYTHONPATH=/home/manav/robotis_ws/build/vel_kinematics/prefix_override:/usr/lib/python3/dist-packages/colcon_core/task/python/colcon_distutils_commands:/home/manav/robotis_ws/install/vel_kinematics/lib/python3.10/site-packages:${PYTHONPATH} /usr/bin/python3 -W ignore:setup.py install is deprecated -W ignore:easy_install command is deprecated setup.py egg_info --egg-base ../../../build/vel_kinematics build --build-base /home/manav/robotis_ws/build/vel_kinematics/build install --record /home/manav/robotis_ws/build/vel_kinematics/install.log --single-version-externally-managed install_data
