[0.054s] Invoking command in '/home/manav/robotis_ws/build/open_manipulator_msgs': CMAKE_PREFIX_PATH=${CMAKE_PREFIX_PATH}:/home/manav/robotis_ws/install/vel_kinematics:/home/manav/robotis_ws/install/rbe500_example_py:/home/manav/robotis_ws/install/inverse:/home/manav/robotis_ws/install/forward:/home/manav/ros2_test/install/my_robot_controller:/opt/ros/humble /usr/bin/cmake --build /home/manav/robotis_ws/build/open_manipulator_msgs -- -j4 -l4
[0.383s] [  0%] Built target ament_cmake_python_copy_open_manipulator_msgs
[0.405s] [ 11%] Built target open_manipulator_msgs__rosidl_generator_c
[0.493s] [ 12%] Built target open_manipulator_msgs__cpp
[0.637s] [ 24%] Built target open_manipulator_msgs__rosidl_typesupport_introspection_c
[0.673s] [ 35%] Built target open_manipulator_msgs__rosidl_typesupport_fastrtps_c
[0.727s] [ 47%] Built target open_manipulator_msgs__rosidl_typesupport_c
[0.849s] [ 62%] Built target open_manipulator_msgs__rosidl_typesupport_cpp
[0.853s] [ 70%] Built target open_manipulator_msgs__rosidl_typesupport_introspection_cpp
[0.910s] [ 82%] Built target open_manipulator_msgs__rosidl_typesupport_fastrtps_cpp
[1.051s] [ 82%] Built target open_manipulator_msgs
[1.162s] [ 83%] Built target open_manipulator_msgs__py
[1.405s] [ 93%] Built target open_manipulator_msgs__rosidl_generator_py
[1.453s] running egg_info
[1.454s] writing open_manipulator_msgs.egg-info/PKG-INFO
[1.455s] writing dependency_links to open_manipulator_msgs.egg-info/dependency_links.txt
[1.456s] writing top-level names to open_manipulator_msgs.egg-info/top_level.txt
[1.460s] reading manifest file 'open_manipulator_msgs.egg-info/SOURCES.txt'
[1.461s] writing manifest file 'open_manipulator_msgs.egg-info/SOURCES.txt'
[1.555s] [ 93%] Built target ament_cmake_python_build_open_manipulator_msgs_egg
[1.603s] [ 95%] Built target open_manipulator_msgs__rosidl_typesupport_c__pyext
[1.607s] [ 97%] Built target open_manipulator_msgs__rosidl_typesupport_introspection_c__pyext
[1.612s] [100%] Built target open_manipulator_msgs__rosidl_typesupport_fastrtps_c__pyext
[1.674s] Invoked command in '/home/manav/robotis_ws/build/open_manipulator_msgs' returned '0': CMAKE_PREFIX_PATH=${CMAKE_PREFIX_PATH}:/home/manav/robotis_ws/install/vel_kinematics:/home/manav/robotis_ws/install/rbe500_example_py:/home/manav/robotis_ws/install/inverse:/home/manav/robotis_ws/install/forward:/home/manav/ros2_test/install/my_robot_controller:/opt/ros/humble /usr/bin/cmake --build /home/manav/robotis_ws/build/open_manipulator_msgs -- -j4 -l4
[3.164s] Invoking command in '/home/manav/robotis_ws/build/open_manipulator_msgs': CMAKE_PREFIX_PATH=${CMAKE_PREFIX_PATH}:/home/manav/robotis_ws/install/vel_kinematics:/home/manav/robotis_ws/install/rbe500_example_py:/home/manav/robotis_ws/install/inverse:/home/manav/robotis_ws/install/forward:/home/manav/ros2_test/install/my_robot_controller:/opt/ros/humble /usr/bin/cmake --install /home/manav/robotis_ws/build/open_manipulator_msgs
[3.202s] -- Install configuration: ""
[3.204s] -- Up-to-date: /home/manav/robotis_ws/install/open_manipulator_msgs/share/ament_index/resource_index/rosidl_interfaces/open_manipulator_msgs
[3.204s] -- Up-to-date: /home/manav/robotis_ws/install/open_manipulator_msgs/include/open_manipulator_msgs/open_manipulator_msgs
[3.205s] -- Up-to-date: /home/manav/robotis_ws/install/open_manipulator_msgs/include/open_manipulator_msgs/open_manipulator_msgs/srv
[3.205s] -- Up-to-date: /home/manav/robotis_ws/install/open_manipulator_msgs/include/open_manipulator_msgs/open_manipulator_msgs/srv/get_joint_position.h
[3.205s] -- Up-to-date: /home/manav/robotis_ws/install/open_manipulator_msgs/include/open_manipulator_msgs/open_manipulator_msgs/srv/get_kinematics_pose.h
[3.205s] -- Up-to-date: /home/manav/robotis_ws/install/open_manipulator_msgs/include/open_manipulator_msgs/open_manipulator_msgs/srv/set_kinematics_pose.h
[3.205s] -- Up-to-date: /home/manav/robotis_ws/install/open_manipulator_msgs/include/open_manipulator_msgs/open_manipulator_msgs/srv/set_joint_position.h
[3.205s] -- Up-to-date: /home/manav/robotis_ws/install/open_manipulator_msgs/include/open_manipulator_msgs/open_manipulator_msgs/srv/detail
[3.206s] -- Up-to-date: /home/manav/robotis_ws/install/open_manipulator_msgs/include/open_manipulator_msgs/open_manipulator_msgs/srv/detail/get_joint_position__functions.c
[3.206s] -- Up-to-date: /home/manav/robotis_ws/install/open_manipulator_msgs/include/open_manipulator_msgs/open_manipulator_msgs/srv/detail/set_kinematics_pose__struct.h
[3.213s] -- Up-to-date: /home/manav/robotis_ws/install/open_manipulator_msgs/include/open_manipulator_msgs/open_manipulator_msgs/srv/detail/set_kinematics_pose__functions.c
[3.214s] -- Up-to-date: /home/manav/robotis_ws/install/open_manipulator_msgs/include/open_manipulator_msgs/open_manipulator_msgs/srv/detail/set_drawing_trajectory__struct.h
[3.214s] -- Up-to-date: /home/manav/robotis_ws/install/open_manipulator_msgs/include/open_manipulator_msgs/open_manipulator_msgs/srv/detail/set_joint_position__struct.h
[3.214s] -- Up-to-date: /home/manav/robotis_ws/install/open_manipulator_msgs/include/open_manipulator_msgs/open_manipulator_msgs/srv/detail/set_drawing_trajectory__functions.h
[3.214s] -- Up-to-date: /home/manav/robotis_ws/install/open_manipulator_msgs/include/open_manipulator_msgs/open_manipulator_msgs/srv/detail/get_joint_position__type_support.h
[3.214s] -- Up-to-date: /home/manav/robotis_ws/install/open_manipulator_msgs/include/open_manipulator_msgs/open_manipulator_msgs/srv/detail/get_kinematics_pose__functions.h
[3.215s] -- Up-to-date: /home/manav/robotis_ws/install/open_manipulator_msgs/include/open_manipulator_msgs/open_manipulator_msgs/srv/detail/get_joint_position__functions.h
[3.215s] -- Up-to-date: /home/manav/robotis_ws/install/open_manipulator_msgs/include/open_manipulator_msgs/open_manipulator_msgs/srv/detail/get_kinematics_pose__type_support.h
[3.215s] -- Up-to-date: /home/manav/robotis_ws/install/open_manipulator_msgs/include/open_manipulator_msgs/open_manipulator_msgs/srv/detail/set_kinematics_pose__type_support.h
[3.215s] -- Up-to-date: /home/manav/robotis_ws/install/open_manipulator_msgs/include/open_manipulator_msgs/open_manipulator_msgs/srv/detail/set_drawing_trajectory__functions.c
[3.215s] -- Up-to-date: /home/manav/robotis_ws/install/open_manipulator_msgs/include/open_manipulator_msgs/open_manipulator_msgs/srv/detail/get_joint_position__struct.h
[3.215s] -- Up-to-date: /home/manav/robotis_ws/install/open_manipulator_msgs/include/open_manipulator_msgs/open_manipulator_msgs/srv/detail/set_actuator_state__type_support.h
[3.215s] -- Up-to-date: /home/manav/robotis_ws/install/open_manipulator_msgs/include/open_manipulator_msgs/open_manipulator_msgs/srv/detail/set_joint_position__functions.c
[3.216s] -- Up-to-date: /home/manav/robotis_ws/install/open_manipulator_msgs/include/open_manipulator_msgs/open_manipulator_msgs/srv/detail/set_kinematics_pose__functions.h
[3.216s] -- Up-to-date: /home/manav/robotis_ws/install/open_manipulator_msgs/include/open_manipulator_msgs/open_manipulator_msgs/srv/detail/set_joint_position__type_support.h
[3.216s] -- Up-to-date: /home/manav/robotis_ws/install/open_manipulator_msgs/include/open_manipulator_msgs/open_manipulator_msgs/srv/detail/set_actuator_state__functions.c
[3.229s] -- Up-to-date: /home/manav/robotis_ws/install/open_manipulator_msgs/include/open_manipulator_msgs/open_manipulator_msgs/srv/detail/set_actuator_state__functions.h
[3.229s] -- Up-to-date: /home/manav/robotis_ws/install/open_manipulator_msgs/include/open_manipulator_msgs/open_manipulator_msgs/srv/detail/set_actuator_state__struct.h
[3.229s] -- Up-to-date: /home/manav/robotis_ws/install/open_manipulator_msgs/include/open_manipulator_msgs/open_manipulator_msgs/srv/detail/get_kinematics_pose__struct.h
[3.229s] -- Up-to-date: /home/manav/robotis_ws/install/open_manipulator_msgs/include/open_manipulator_msgs/open_manipulator_msgs/srv/detail/set_drawing_trajectory__type_support.h
[3.229s] -- Up-to-date: /home/manav/robotis_ws/install/open_manipulator_msgs/include/open_manipulator_msgs/open_manipulator_msgs/srv/detail/get_kinematics_pose__functions.c
[3.229s] -- Up-to-date: /home/manav/robotis_ws/install/open_manipulator_msgs/include/open_manipulator_msgs/open_manipulator_msgs/srv/detail/set_joint_position__functions.h
[3.230s] -- Up-to-date: /home/manav/robotis_ws/install/open_manipulator_msgs/include/open_manipulator_msgs/open_manipulator_msgs/srv/set_drawing_trajectory.h
[3.230s] -- Up-to-date: /home/manav/robotis_ws/install/open_manipulator_msgs/include/open_manipulator_msgs/open_manipulator_msgs/srv/set_actuator_state.h
[3.230s] -- Up-to-date: /home/manav/robotis_ws/install/open_manipulator_msgs/include/open_manipulator_msgs/open_manipulator_msgs/msg
[3.230s] -- Up-to-date: /home/manav/robotis_ws/install/open_manipulator_msgs/include/open_manipulator_msgs/open_manipulator_msgs/msg/open_manipulator_state.h
[3.230s] -- Up-to-date: /home/manav/robotis_ws/install/open_manipulator_msgs/include/open_manipulator_msgs/open_manipulator_msgs/msg/kinematics_pose.h
[3.230s] -- Up-to-date: /home/manav/robotis_ws/install/open_manipulator_msgs/include/open_manipulator_msgs/open_manipulator_msgs/msg/detail
[3.230s] -- Up-to-date: /home/manav/robotis_ws/install/open_manipulator_msgs/include/open_manipulator_msgs/open_manipulator_msgs/msg/detail/open_manipulator_state__functions.h
[3.231s] -- Up-to-date: /home/manav/robotis_ws/install/open_manipulator_msgs/include/open_manipulator_msgs/open_manipulator_msgs/msg/detail/kinematics_pose__type_support.h
[3.231s] -- Up-to-date: /home/manav/robotis_ws/install/open_manipulator_msgs/include/open_manipulator_msgs/open_manipulator_msgs/msg/detail/open_manipulator_state__struct.h
[3.231s] -- Up-to-date: /home/manav/robotis_ws/install/open_manipulator_msgs/include/open_manipulator_msgs/open_manipulator_msgs/msg/detail/kinematics_pose__functions.c
[3.238s] -- Up-to-date: /home/manav/robotis_ws/install/open_manipulator_msgs/include/open_manipulator_msgs/open_manipulator_msgs/msg/detail/joint_position__functions.h
[3.239s] -- Up-to-date: /home/manav/robotis_ws/install/open_manipulator_msgs/include/open_manipulator_msgs/open_manipulator_msgs/msg/detail/joint_position__type_support.h
[3.239s] -- Up-to-date: /home/manav/robotis_ws/install/open_manipulator_msgs/include/open_manipulator_msgs/open_manipulator_msgs/msg/detail/kinematics_pose__functions.h
[3.239s] -- Up-to-date: /home/manav/robotis_ws/install/open_manipulator_msgs/include/open_manipulator_msgs/open_manipulator_msgs/msg/detail/kinematics_pose__struct.h
[3.239s] -- Up-to-date: /home/manav/robotis_ws/install/open_manipulator_msgs/include/open_manipulator_msgs/open_manipulator_msgs/msg/detail/joint_position__struct.h
[3.239s] -- Up-to-date: /home/manav/robotis_ws/install/open_manipulator_msgs/include/open_manipulator_msgs/open_manipulator_msgs/msg/detail/open_manipulator_state__type_support.h
[3.239s] -- Up-to-date: /home/manav/robotis_ws/install/open_manipulator_msgs/include/open_manipulator_msgs/open_manipulator_msgs/msg/detail/joint_position__functions.c
[3.239s] -- Up-to-date: /home/manav/robotis_ws/install/open_manipulator_msgs/include/open_manipulator_msgs/open_manipulator_msgs/msg/detail/open_manipulator_state__functions.c
[3.240s] -- Up-to-date: /home/manav/robotis_ws/install/open_manipulator_msgs/include/open_manipulator_msgs/open_manipulator_msgs/msg/joint_position.h
[3.240s] -- Up-to-date: /home/manav/robotis_ws/install/open_manipulator_msgs/include/open_manipulator_msgs/open_manipulator_msgs/msg/rosidl_generator_c__visibility_control.h
[3.240s] -- Up-to-date: /home/manav/robotis_ws/install/open_manipulator_msgs/share/open_manipulator_msgs/environment/library_path.sh
[3.247s] -- Up-to-date: /home/manav/robotis_ws/install/open_manipulator_msgs/share/open_manipulator_msgs/environment/library_path.dsv
[3.247s] -- Up-to-date: /home/manav/robotis_ws/install/open_manipulator_msgs/lib/libopen_manipulator_msgs__rosidl_generator_c.so
[3.247s] -- Up-to-date: /home/manav/robotis_ws/install/open_manipulator_msgs/include/open_manipulator_msgs/open_manipulator_msgs
[3.248s] -- Up-to-date: /home/manav/robotis_ws/install/open_manipulator_msgs/include/open_manipulator_msgs/open_manipulator_msgs/srv
[3.248s] -- Up-to-date: /home/manav/robotis_ws/install/open_manipulator_msgs/include/open_manipulator_msgs/open_manipulator_msgs/srv/detail
[3.248s] -- Up-to-date: /home/manav/robotis_ws/install/open_manipulator_msgs/include/open_manipulator_msgs/open_manipulator_msgs/srv/detail/set_actuator_state__rosidl_typesupport_fastrtps_c.h
[3.248s] -- Up-to-date: /home/manav/robotis_ws/install/open_manipulator_msgs/include/open_manipulator_msgs/open_manipulator_msgs/srv/detail/set_drawing_trajectory__rosidl_typesupport_fastrtps_c.h
[3.249s] -- Up-to-date: /home/manav/robotis_ws/install/open_manipulator_msgs/include/open_manipulator_msgs/open_manipulator_msgs/srv/detail/get_joint_position__rosidl_typesupport_fastrtps_c.h
[3.249s] -- Up-to-date: /home/manav/robotis_ws/install/open_manipulator_msgs/include/open_manipulator_msgs/open_manipulator_msgs/srv/detail/set_joint_position__rosidl_typesupport_fastrtps_c.h
[3.249s] -- Up-to-date: /home/manav/robotis_ws/install/open_manipulator_msgs/include/open_manipulator_msgs/open_manipulator_msgs/srv/detail/get_kinematics_pose__rosidl_typesupport_fastrtps_c.h
[3.249s] -- Up-to-date: /home/manav/robotis_ws/install/open_manipulator_msgs/include/open_manipulator_msgs/open_manipulator_msgs/srv/detail/set_kinematics_pose__rosidl_typesupport_fastrtps_c.h
[3.250s] -- Up-to-date: /home/manav/robotis_ws/install/open_manipulator_msgs/include/open_manipulator_msgs/open_manipulator_msgs/msg
[3.250s] -- Up-to-date: /home/manav/robotis_ws/install/open_manipulator_msgs/include/open_manipulator_msgs/open_manipulator_msgs/msg/rosidl_typesupport_fastrtps_c__visibility_control.h
[3.250s] -- Up-to-date: /home/manav/robotis_ws/install/open_manipulator_msgs/include/open_manipulator_msgs/open_manipulator_msgs/msg/detail
[3.250s] -- Up-to-date: /home/manav/robotis_ws/install/open_manipulator_msgs/include/open_manipulator_msgs/open_manipulator_msgs/msg/detail/kinematics_pose__rosidl_typesupport_fastrtps_c.h
[3.250s] -- Up-to-date: /home/manav/robotis_ws/install/open_manipulator_msgs/include/open_manipulator_msgs/open_manipulator_msgs/msg/detail/open_manipulator_state__rosidl_typesupport_fastrtps_c.h
[3.250s] -- Up-to-date: /home/manav/robotis_ws/install/open_manipulator_msgs/include/open_manipulator_msgs/open_manipulator_msgs/msg/detail/joint_position__rosidl_typesupport_fastrtps_c.h
[3.250s] -- Up-to-date: /home/manav/robotis_ws/install/open_manipulator_msgs/lib/libopen_manipulator_msgs__rosidl_typesupport_fastrtps_c.so
[3.250s] -- Up-to-date: /home/manav/robotis_ws/install/open_manipulator_msgs/include/open_manipulator_msgs/open_manipulator_msgs
[3.251s] -- Up-to-date: /home/manav/robotis_ws/install/open_manipulator_msgs/include/open_manipulator_msgs/open_manipulator_msgs/srv
[3.251s] -- Up-to-date: /home/manav/robotis_ws/install/open_manipulator_msgs/include/open_manipulator_msgs/open_manipulator_msgs/srv/set_actuator_state.hpp
[3.251s] -- Up-to-date: /home/manav/robotis_ws/install/open_manipulator_msgs/include/open_manipulator_msgs/open_manipulator_msgs/srv/set_kinematics_pose.hpp
[3.255s] -- Up-to-date: /home/manav/robotis_ws/install/open_manipulator_msgs/include/open_manipulator_msgs/open_manipulator_msgs/srv/get_kinematics_pose.hpp
[3.255s] -- Up-to-date: /home/manav/robotis_ws/install/open_manipulator_msgs/include/open_manipulator_msgs/open_manipulator_msgs/srv/set_drawing_trajectory.hpp
[3.255s] -- Up-to-date: /home/manav/robotis_ws/install/open_manipulator_msgs/include/open_manipulator_msgs/open_manipulator_msgs/srv/get_joint_position.hpp
[3.256s] -- Up-to-date: /home/manav/robotis_ws/install/open_manipulator_msgs/include/open_manipulator_msgs/open_manipulator_msgs/srv/detail
[3.256s] -- Up-to-date: /home/manav/robotis_ws/install/open_manipulator_msgs/include/open_manipulator_msgs/open_manipulator_msgs/srv/detail/set_kinematics_pose__builder.hpp
[3.256s] -- Up-to-date: /home/manav/robotis_ws/install/open_manipulator_msgs/include/open_manipulator_msgs/open_manipulator_msgs/srv/detail/set_drawing_trajectory__builder.hpp
[3.256s] -- Up-to-date: /home/manav/robotis_ws/install/open_manipulator_msgs/include/open_manipulator_msgs/open_manipulator_msgs/srv/detail/set_joint_position__traits.hpp
[3.256s] -- Up-to-date: /home/manav/robotis_ws/install/open_manipulator_msgs/include/open_manipulator_msgs/open_manipulator_msgs/srv/detail/get_joint_position__builder.hpp
[3.256s] -- Up-to-date: /home/manav/robotis_ws/install/open_manipulator_msgs/include/open_manipulator_msgs/open_manipulator_msgs/srv/detail/set_kinematics_pose__traits.hpp
[3.256s] -- Up-to-date: /home/manav/robotis_ws/install/open_manipulator_msgs/include/open_manipulator_msgs/open_manipulator_msgs/srv/detail/get_joint_position__traits.hpp
[3.256s] -- Up-to-date: /home/manav/robotis_ws/install/open_manipulator_msgs/include/open_manipulator_msgs/open_manipulator_msgs/srv/detail/set_drawing_trajectory__traits.hpp
[3.257s] -- Up-to-date: /home/manav/robotis_ws/install/open_manipulator_msgs/include/open_manipulator_msgs/open_manipulator_msgs/srv/detail/set_joint_position__builder.hpp
[3.257s] -- Up-to-date: /home/manav/robotis_ws/install/open_manipulator_msgs/include/open_manipulator_msgs/open_manipulator_msgs/srv/detail/get_kinematics_pose__struct.hpp
[3.257s] -- Up-to-date: /home/manav/robotis_ws/install/open_manipulator_msgs/include/open_manipulator_msgs/open_manipulator_msgs/srv/detail/get_kinematics_pose__traits.hpp
[3.257s] -- Up-to-date: /home/manav/robotis_ws/install/open_manipulator_msgs/include/open_manipulator_msgs/open_manipulator_msgs/srv/detail/get_kinematics_pose__builder.hpp
[3.257s] -- Up-to-date: /home/manav/robotis_ws/install/open_manipulator_msgs/include/open_manipulator_msgs/open_manipulator_msgs/srv/detail/set_actuator_state__builder.hpp
[3.261s] -- Up-to-date: /home/manav/robotis_ws/install/open_manipulator_msgs/include/open_manipulator_msgs/open_manipulator_msgs/srv/detail/set_kinematics_pose__struct.hpp
[3.262s] -- Up-to-date: /home/manav/robotis_ws/install/open_manipulator_msgs/include/open_manipulator_msgs/open_manipulator_msgs/srv/detail/set_actuator_state__traits.hpp
[3.262s] -- Up-to-date: /home/manav/robotis_ws/install/open_manipulator_msgs/include/open_manipulator_msgs/open_manipulator_msgs/srv/detail/set_joint_position__struct.hpp
[3.262s] -- Up-to-date: /home/manav/robotis_ws/install/open_manipulator_msgs/include/open_manipulator_msgs/open_manipulator_msgs/srv/detail/set_drawing_trajectory__struct.hpp
[3.262s] -- Up-to-date: /home/manav/robotis_ws/install/open_manipulator_msgs/include/open_manipulator_msgs/open_manipulator_msgs/srv/detail/set_actuator_state__struct.hpp
[3.262s] -- Up-to-date: /home/manav/robotis_ws/install/open_manipulator_msgs/include/open_manipulator_msgs/open_manipulator_msgs/srv/detail/get_joint_position__struct.hpp
[3.263s] -- Up-to-date: /home/manav/robotis_ws/install/open_manipulator_msgs/include/open_manipulator_msgs/open_manipulator_msgs/srv/set_joint_position.hpp
[3.263s] -- Up-to-date: /home/manav/robotis_ws/install/open_manipulator_msgs/include/open_manipulator_msgs/open_manipulator_msgs/msg
[3.263s] -- Up-to-date: /home/manav/robotis_ws/install/open_manipulator_msgs/include/open_manipulator_msgs/open_manipulator_msgs/msg/joint_position.hpp
[3.263s] -- Up-to-date: /home/manav/robotis_ws/install/open_manipulator_msgs/include/open_manipulator_msgs/open_manipulator_msgs/msg/kinematics_pose.hpp
[3.287s] -- Up-to-date: /home/manav/robotis_ws/install/open_manipulator_msgs/include/open_manipulator_msgs/open_manipulator_msgs/msg/open_manipulator_state.hpp
[3.287s] -- Up-to-date: /home/manav/robotis_ws/install/open_manipulator_msgs/include/open_manipulator_msgs/open_manipulator_msgs/msg/detail
[3.287s] -- Up-to-date: /home/manav/robotis_ws/install/open_manipulator_msgs/include/open_manipulator_msgs/open_manipulator_msgs/msg/detail/open_manipulator_state__builder.hpp
[3.287s] -- Up-to-date: /home/manav/robotis_ws/install/open_manipulator_msgs/include/open_manipulator_msgs/open_manipulator_msgs/msg/detail/joint_position__builder.hpp
[3.288s] -- Up-to-date: /home/manav/robotis_ws/install/open_manipulator_msgs/include/open_manipulator_msgs/open_manipulator_msgs/msg/detail/joint_position__traits.hpp
[3.288s] -- Up-to-date: /home/manav/robotis_ws/install/open_manipulator_msgs/include/open_manipulator_msgs/open_manipulator_msgs/msg/detail/open_manipulator_state__struct.hpp
[3.288s] -- Up-to-date: /home/manav/robotis_ws/install/open_manipulator_msgs/include/open_manipulator_msgs/open_manipulator_msgs/msg/detail/kinematics_pose__struct.hpp
[3.297s] -- Up-to-date: /home/manav/robotis_ws/install/open_manipulator_msgs/include/open_manipulator_msgs/open_manipulator_msgs/msg/detail/open_manipulator_state__traits.hpp
[3.297s] -- Up-to-date: /home/manav/robotis_ws/install/open_manipulator_msgs/include/open_manipulator_msgs/open_manipulator_msgs/msg/detail/joint_position__struct.hpp
[3.297s] -- Up-to-date: /home/manav/robotis_ws/install/open_manipulator_msgs/include/open_manipulator_msgs/open_manipulator_msgs/msg/detail/kinematics_pose__builder.hpp
[3.298s] -- Up-to-date: /home/manav/robotis_ws/install/open_manipulator_msgs/include/open_manipulator_msgs/open_manipulator_msgs/msg/detail/kinematics_pose__traits.hpp
[3.298s] -- Up-to-date: /home/manav/robotis_ws/install/open_manipulator_msgs/include/open_manipulator_msgs/open_manipulator_msgs
[3.298s] -- Up-to-date: /home/manav/robotis_ws/install/open_manipulator_msgs/include/open_manipulator_msgs/open_manipulator_msgs/srv
[3.298s] -- Up-to-date: /home/manav/robotis_ws/install/open_manipulator_msgs/include/open_manipulator_msgs/open_manipulator_msgs/srv/detail
[3.298s] -- Up-to-date: /home/manav/robotis_ws/install/open_manipulator_msgs/include/open_manipulator_msgs/open_manipulator_msgs/srv/detail/set_drawing_trajectory__rosidl_typesupport_fastrtps_cpp.hpp
[3.298s] -- Up-to-date: /home/manav/robotis_ws/install/open_manipulator_msgs/include/open_manipulator_msgs/open_manipulator_msgs/srv/detail/get_joint_position__rosidl_typesupport_fastrtps_cpp.hpp
[3.298s] -- Up-to-date: /home/manav/robotis_ws/install/open_manipulator_msgs/include/open_manipulator_msgs/open_manipulator_msgs/srv/detail/set_kinematics_pose__rosidl_typesupport_fastrtps_cpp.hpp
[3.299s] -- Up-to-date: /home/manav/robotis_ws/install/open_manipulator_msgs/include/open_manipulator_msgs/open_manipulator_msgs/srv/detail/set_actuator_state__rosidl_typesupport_fastrtps_cpp.hpp
[3.299s] -- Up-to-date: /home/manav/robotis_ws/install/open_manipulator_msgs/include/open_manipulator_msgs/open_manipulator_msgs/srv/detail/set_joint_position__rosidl_typesupport_fastrtps_cpp.hpp
[3.299s] -- Up-to-date: /home/manav/robotis_ws/install/open_manipulator_msgs/include/open_manipulator_msgs/open_manipulator_msgs/srv/detail/dds_fastrtps
[3.299s] -- Up-to-date: /home/manav/robotis_ws/install/open_manipulator_msgs/include/open_manipulator_msgs/open_manipulator_msgs/srv/detail/get_kinematics_pose__rosidl_typesupport_fastrtps_cpp.hpp
[3.299s] -- Up-to-date: /home/manav/robotis_ws/install/open_manipulator_msgs/include/open_manipulator_msgs/open_manipulator_msgs/msg
[3.312s] -- Up-to-date: /home/manav/robotis_ws/install/open_manipulator_msgs/include/open_manipulator_msgs/open_manipulator_msgs/msg/rosidl_typesupport_fastrtps_cpp__visibility_control.h
[3.312s] -- Up-to-date: /home/manav/robotis_ws/install/open_manipulator_msgs/include/open_manipulator_msgs/open_manipulator_msgs/msg/detail
[3.312s] -- Up-to-date: /home/manav/robotis_ws/install/open_manipulator_msgs/include/open_manipulator_msgs/open_manipulator_msgs/msg/detail/open_manipulator_state__rosidl_typesupport_fastrtps_cpp.hpp
[3.317s] -- Up-to-date: /home/manav/robotis_ws/install/open_manipulator_msgs/include/open_manipulator_msgs/open_manipulator_msgs/msg/detail/kinematics_pose__rosidl_typesupport_fastrtps_cpp.hpp
[3.317s] -- Up-to-date: /home/manav/robotis_ws/install/open_manipulator_msgs/include/open_manipulator_msgs/open_manipulator_msgs/msg/detail/dds_fastrtps
[3.317s] -- Up-to-date: /home/manav/robotis_ws/install/open_manipulator_msgs/include/open_manipulator_msgs/open_manipulator_msgs/msg/detail/joint_position__rosidl_typesupport_fastrtps_cpp.hpp
[3.318s] -- Up-to-date: /home/manav/robotis_ws/install/open_manipulator_msgs/lib/libopen_manipulator_msgs__rosidl_typesupport_fastrtps_cpp.so
[3.318s] -- Up-to-date: /home/manav/robotis_ws/install/open_manipulator_msgs/include/open_manipulator_msgs/open_manipulator_msgs
[3.318s] -- Up-to-date: /home/manav/robotis_ws/install/open_manipulator_msgs/include/open_manipulator_msgs/open_manipulator_msgs/srv
[3.328s] -- Up-to-date: /home/manav/robotis_ws/install/open_manipulator_msgs/include/open_manipulator_msgs/open_manipulator_msgs/srv/detail
[3.329s] -- Up-to-date: /home/manav/robotis_ws/install/open_manipulator_msgs/include/open_manipulator_msgs/open_manipulator_msgs/srv/detail/get_joint_position__rosidl_typesupport_introspection_c.h
[3.329s] -- Up-to-date: /home/manav/robotis_ws/install/open_manipulator_msgs/include/open_manipulator_msgs/open_manipulator_msgs/srv/detail/set_joint_position__rosidl_typesupport_introspection_c.h
[3.329s] -- Up-to-date: /home/manav/robotis_ws/install/open_manipulator_msgs/include/open_manipulator_msgs/open_manipulator_msgs/srv/detail/set_drawing_trajectory__rosidl_typesupport_introspection_c.h
[3.329s] -- Up-to-date: /home/manav/robotis_ws/install/open_manipulator_msgs/include/open_manipulator_msgs/open_manipulator_msgs/srv/detail/set_joint_position__type_support.c
[3.329s] -- Up-to-date: /home/manav/robotis_ws/install/open_manipulator_msgs/include/open_manipulator_msgs/open_manipulator_msgs/srv/detail/set_kinematics_pose__type_support.c
[3.329s] -- Up-to-date: /home/manav/robotis_ws/install/open_manipulator_msgs/include/open_manipulator_msgs/open_manipulator_msgs/srv/detail/get_kinematics_pose__type_support.c
[3.329s] -- Up-to-date: /home/manav/robotis_ws/install/open_manipulator_msgs/include/open_manipulator_msgs/open_manipulator_msgs/srv/detail/set_actuator_state__rosidl_typesupport_introspection_c.h
[3.330s] -- Up-to-date: /home/manav/robotis_ws/install/open_manipulator_msgs/include/open_manipulator_msgs/open_manipulator_msgs/srv/detail/set_drawing_trajectory__type_support.c
[3.330s] -- Up-to-date: /home/manav/robotis_ws/install/open_manipulator_msgs/include/open_manipulator_msgs/open_manipulator_msgs/srv/detail/set_kinematics_pose__rosidl_typesupport_introspection_c.h
[3.330s] -- Up-to-date: /home/manav/robotis_ws/install/open_manipulator_msgs/include/open_manipulator_msgs/open_manipulator_msgs/srv/detail/set_actuator_state__type_support.c
[3.330s] -- Up-to-date: /home/manav/robotis_ws/install/open_manipulator_msgs/include/open_manipulator_msgs/open_manipulator_msgs/srv/detail/get_joint_position__type_support.c
[3.330s] -- Up-to-date: /home/manav/robotis_ws/install/open_manipulator_msgs/include/open_manipulator_msgs/open_manipulator_msgs/srv/detail/get_kinematics_pose__rosidl_typesupport_introspection_c.h
[3.330s] -- Up-to-date: /home/manav/robotis_ws/install/open_manipulator_msgs/include/open_manipulator_msgs/open_manipulator_msgs/msg
[3.330s] -- Up-to-date: /home/manav/robotis_ws/install/open_manipulator_msgs/include/open_manipulator_msgs/open_manipulator_msgs/msg/rosidl_typesupport_introspection_c__visibility_control.h
[3.330s] -- Up-to-date: /home/manav/robotis_ws/install/open_manipulator_msgs/include/open_manipulator_msgs/open_manipulator_msgs/msg/detail
[3.331s] -- Up-to-date: /home/manav/robotis_ws/install/open_manipulator_msgs/include/open_manipulator_msgs/open_manipulator_msgs/msg/detail/open_manipulator_state__rosidl_typesupport_introspection_c.h
[3.331s] -- Up-to-date: /home/manav/robotis_ws/install/open_manipulator_msgs/include/open_manipulator_msgs/open_manipulator_msgs/msg/detail/open_manipulator_state__type_support.c
[3.331s] -- Up-to-date: /home/manav/robotis_ws/install/open_manipulator_msgs/include/open_manipulator_msgs/open_manipulator_msgs/msg/detail/kinematics_pose__rosidl_typesupport_introspection_c.h
[3.331s] -- Up-to-date: /home/manav/robotis_ws/install/open_manipulator_msgs/include/open_manipulator_msgs/open_manipulator_msgs/msg/detail/joint_position__rosidl_typesupport_introspection_c.h
[3.333s] -- Up-to-date: /home/manav/robotis_ws/install/open_manipulator_msgs/include/open_manipulator_msgs/open_manipulator_msgs/msg/detail/kinematics_pose__type_support.c
[3.335s] -- Up-to-date: /home/manav/robotis_ws/install/open_manipulator_msgs/include/open_manipulator_msgs/open_manipulator_msgs/msg/detail/joint_position__type_support.c
[3.335s] -- Up-to-date: /home/manav/robotis_ws/install/open_manipulator_msgs/lib/libopen_manipulator_msgs__rosidl_typesupport_introspection_c.so
[3.335s] -- Up-to-date: /home/manav/robotis_ws/install/open_manipulator_msgs/lib/libopen_manipulator_msgs__rosidl_typesupport_c.so
[3.336s] -- Up-to-date: /home/manav/robotis_ws/install/open_manipulator_msgs/include/open_manipulator_msgs/open_manipulator_msgs
[3.336s] -- Up-to-date: /home/manav/robotis_ws/install/open_manipulator_msgs/include/open_manipulator_msgs/open_manipulator_msgs/srv
[3.336s] -- Up-to-date: /home/manav/robotis_ws/install/open_manipulator_msgs/include/open_manipulator_msgs/open_manipulator_msgs/srv/detail
[3.336s] -- Up-to-date: /home/manav/robotis_ws/install/open_manipulator_msgs/include/open_manipulator_msgs/open_manipulator_msgs/srv/detail/get_kinematics_pose__rosidl_typesupport_introspection_cpp.hpp
[3.338s] -- Up-to-date: /home/manav/robotis_ws/install/open_manipulator_msgs/include/open_manipulator_msgs/open_manipulator_msgs/srv/detail/set_drawing_trajectory__rosidl_typesupport_introspection_cpp.hpp
[3.338s] -- Up-to-date: /home/manav/robotis_ws/install/open_manipulator_msgs/include/open_manipulator_msgs/open_manipulator_msgs/srv/detail/set_kinematics_pose__type_support.cpp
[3.340s] -- Up-to-date: /home/manav/robotis_ws/install/open_manipulator_msgs/include/open_manipulator_msgs/open_manipulator_msgs/srv/detail/set_actuator_state__type_support.cpp
[3.340s] -- Up-to-date: /home/manav/robotis_ws/install/open_manipulator_msgs/include/open_manipulator_msgs/open_manipulator_msgs/srv/detail/get_joint_position__rosidl_typesupport_introspection_cpp.hpp
[3.340s] -- Up-to-date: /home/manav/robotis_ws/install/open_manipulator_msgs/include/open_manipulator_msgs/open_manipulator_msgs/srv/detail/get_kinematics_pose__type_support.cpp
[3.341s] -- Up-to-date: /home/manav/robotis_ws/install/open_manipulator_msgs/include/open_manipulator_msgs/open_manipulator_msgs/srv/detail/set_joint_position__type_support.cpp
[3.341s] -- Up-to-date: /home/manav/robotis_ws/install/open_manipulator_msgs/include/open_manipulator_msgs/open_manipulator_msgs/srv/detail/set_actuator_state__rosidl_typesupport_introspection_cpp.hpp
[3.341s] -- Up-to-date: /home/manav/robotis_ws/install/open_manipulator_msgs/include/open_manipulator_msgs/open_manipulator_msgs/srv/detail/set_kinematics_pose__rosidl_typesupport_introspection_cpp.hpp
[3.341s] -- Up-to-date: /home/manav/robotis_ws/install/open_manipulator_msgs/include/open_manipulator_msgs/open_manipulator_msgs/srv/detail/get_joint_position__type_support.cpp
[3.343s] -- Up-to-date: /home/manav/robotis_ws/install/open_manipulator_msgs/include/open_manipulator_msgs/open_manipulator_msgs/srv/detail/set_joint_position__rosidl_typesupport_introspection_cpp.hpp
[3.343s] -- Up-to-date: /home/manav/robotis_ws/install/open_manipulator_msgs/include/open_manipulator_msgs/open_manipulator_msgs/srv/detail/set_drawing_trajectory__type_support.cpp
[3.343s] -- Up-to-date: /home/manav/robotis_ws/install/open_manipulator_msgs/include/open_manipulator_msgs/open_manipulator_msgs/msg
[3.347s] -- Up-to-date: /home/manav/robotis_ws/install/open_manipulator_msgs/include/open_manipulator_msgs/open_manipulator_msgs/msg/detail
[3.347s] -- Up-to-date: /home/manav/robotis_ws/install/open_manipulator_msgs/include/open_manipulator_msgs/open_manipulator_msgs/msg/detail/kinematics_pose__type_support.cpp
[3.347s] -- Up-to-date: /home/manav/robotis_ws/install/open_manipulator_msgs/include/open_manipulator_msgs/open_manipulator_msgs/msg/detail/open_manipulator_state__type_support.cpp
[3.348s] -- Up-to-date: /home/manav/robotis_ws/install/open_manipulator_msgs/include/open_manipulator_msgs/open_manipulator_msgs/msg/detail/open_manipulator_state__rosidl_typesupport_introspection_cpp.hpp
[3.348s] -- Up-to-date: /home/manav/robotis_ws/install/open_manipulator_msgs/include/open_manipulator_msgs/open_manipulator_msgs/msg/detail/joint_position__type_support.cpp
[3.348s] -- Up-to-date: /home/manav/robotis_ws/install/open_manipulator_msgs/include/open_manipulator_msgs/open_manipulator_msgs/msg/detail/joint_position__rosidl_typesupport_introspection_cpp.hpp
[3.348s] -- Up-to-date: /home/manav/robotis_ws/install/open_manipulator_msgs/include/open_manipulator_msgs/open_manipulator_msgs/msg/detail/kinematics_pose__rosidl_typesupport_introspection_cpp.hpp
[3.348s] -- Up-to-date: /home/manav/robotis_ws/install/open_manipulator_msgs/lib/libopen_manipulator_msgs__rosidl_typesupport_introspection_cpp.so
[3.348s] -- Up-to-date: /home/manav/robotis_ws/install/open_manipulator_msgs/lib/libopen_manipulator_msgs__rosidl_typesupport_cpp.so
[3.348s] -- Up-to-date: /home/manav/robotis_ws/install/open_manipulator_msgs/share/open_manipulator_msgs/environment/pythonpath.sh
[3.348s] -- Up-to-date: /home/manav/robotis_ws/install/open_manipulator_msgs/share/open_manipulator_msgs/environment/pythonpath.dsv
[3.349s] -- Up-to-date: /home/manav/robotis_ws/install/open_manipulator_msgs/local/lib/python3.10/dist-packages/open_manipulator_msgs-2.2.0-py3.10.egg-info
[3.349s] -- Installing: /home/manav/robotis_ws/install/open_manipulator_msgs/local/lib/python3.10/dist-packages/open_manipulator_msgs-2.2.0-py3.10.egg-info/top_level.txt
[3.349s] -- Installing: /home/manav/robotis_ws/install/open_manipulator_msgs/local/lib/python3.10/dist-packages/open_manipulator_msgs-2.2.0-py3.10.egg-info/dependency_links.txt
[3.353s] -- Installing: /home/manav/robotis_ws/install/open_manipulator_msgs/local/lib/python3.10/dist-packages/open_manipulator_msgs-2.2.0-py3.10.egg-info/PKG-INFO
[3.354s] -- Installing: /home/manav/robotis_ws/install/open_manipulator_msgs/local/lib/python3.10/dist-packages/open_manipulator_msgs-2.2.0-py3.10.egg-info/SOURCES.txt
[3.354s] -- Up-to-date: /home/manav/robotis_ws/install/open_manipulator_msgs/local/lib/python3.10/dist-packages/open_manipulator_msgs
[3.355s] -- Up-to-date: /home/manav/robotis_ws/install/open_manipulator_msgs/local/lib/python3.10/dist-packages/open_manipulator_msgs/open_manipulator_msgs_s__rosidl_typesupport_introspection_c.cpython-310-x86_64-linux-gnu.so
[3.355s] -- Up-to-date: /home/manav/robotis_ws/install/open_manipulator_msgs/local/lib/python3.10/dist-packages/open_manipulator_msgs/_open_manipulator_msgs_s.ep.rosidl_typesupport_fastrtps_c.c
[3.356s] -- Up-to-date: /home/manav/robotis_ws/install/open_manipulator_msgs/local/lib/python3.10/dist-packages/open_manipulator_msgs/libopen_manipulator_msgs__rosidl_generator_py.so
[3.356s] -- Up-to-date: /home/manav/robotis_ws/install/open_manipulator_msgs/local/lib/python3.10/dist-packages/open_manipulator_msgs/_open_manipulator_msgs_s.ep.rosidl_typesupport_introspection_c.c
[3.356s] -- Up-to-date: /home/manav/robotis_ws/install/open_manipulator_msgs/local/lib/python3.10/dist-packages/open_manipulator_msgs/open_manipulator_msgs_s__rosidl_typesupport_c.cpython-310-x86_64-linux-gnu.so
[3.356s] -- Up-to-date: /home/manav/robotis_ws/install/open_manipulator_msgs/local/lib/python3.10/dist-packages/open_manipulator_msgs/srv
[3.356s] -- Up-to-date: /home/manav/robotis_ws/install/open_manipulator_msgs/local/lib/python3.10/dist-packages/open_manipulator_msgs/srv/_set_drawing_trajectory_s.c
[3.356s] -- Up-to-date: /home/manav/robotis_ws/install/open_manipulator_msgs/local/lib/python3.10/dist-packages/open_manipulator_msgs/srv/_get_joint_position_s.c
[3.356s] -- Up-to-date: /home/manav/robotis_ws/install/open_manipulator_msgs/local/lib/python3.10/dist-packages/open_manipulator_msgs/srv/_set_actuator_state.py
[3.356s] -- Up-to-date: /home/manav/robotis_ws/install/open_manipulator_msgs/local/lib/python3.10/dist-packages/open_manipulator_msgs/srv/_get_kinematics_pose_s.c
[3.357s] -- Up-to-date: /home/manav/robotis_ws/install/open_manipulator_msgs/local/lib/python3.10/dist-packages/open_manipulator_msgs/srv/_set_actuator_state_s.c
[3.357s] -- Up-to-date: /home/manav/robotis_ws/install/open_manipulator_msgs/local/lib/python3.10/dist-packages/open_manipulator_msgs/srv/_set_joint_position_s.c
[3.357s] -- Up-to-date: /home/manav/robotis_ws/install/open_manipulator_msgs/local/lib/python3.10/dist-packages/open_manipulator_msgs/srv/_get_kinematics_pose.py
[3.357s] -- Up-to-date: /home/manav/robotis_ws/install/open_manipulator_msgs/local/lib/python3.10/dist-packages/open_manipulator_msgs/srv/_set_drawing_trajectory.py
[3.357s] -- Up-to-date: /home/manav/robotis_ws/install/open_manipulator_msgs/local/lib/python3.10/dist-packages/open_manipulator_msgs/srv/_get_joint_position.py
[3.357s] -- Up-to-date: /home/manav/robotis_ws/install/open_manipulator_msgs/local/lib/python3.10/dist-packages/open_manipulator_msgs/srv/_set_kinematics_pose.py
[3.358s] -- Up-to-date: /home/manav/robotis_ws/install/open_manipulator_msgs/local/lib/python3.10/dist-packages/open_manipulator_msgs/srv/_set_joint_position.py
[3.358s] -- Up-to-date: /home/manav/robotis_ws/install/open_manipulator_msgs/local/lib/python3.10/dist-packages/open_manipulator_msgs/srv/_set_kinematics_pose_s.c
[3.358s] -- Up-to-date: /home/manav/robotis_ws/install/open_manipulator_msgs/local/lib/python3.10/dist-packages/open_manipulator_msgs/srv/__init__.py
[3.363s] -- Up-to-date: /home/manav/robotis_ws/install/open_manipulator_msgs/local/lib/python3.10/dist-packages/open_manipulator_msgs/_open_manipulator_msgs_s.ep.rosidl_typesupport_c.c
[3.363s] -- Up-to-date: /home/manav/robotis_ws/install/open_manipulator_msgs/local/lib/python3.10/dist-packages/open_manipulator_msgs/msg
[3.364s] -- Up-to-date: /home/manav/robotis_ws/install/open_manipulator_msgs/local/lib/python3.10/dist-packages/open_manipulator_msgs/msg/_joint_position_s.c
[3.364s] -- Up-to-date: /home/manav/robotis_ws/install/open_manipulator_msgs/local/lib/python3.10/dist-packages/open_manipulator_msgs/msg/_open_manipulator_state_s.c
[3.364s] -- Up-to-date: /home/manav/robotis_ws/install/open_manipulator_msgs/local/lib/python3.10/dist-packages/open_manipulator_msgs/msg/_kinematics_pose.py
[3.364s] -- Up-to-date: /home/manav/robotis_ws/install/open_manipulator_msgs/local/lib/python3.10/dist-packages/open_manipulator_msgs/msg/_joint_position.py
[3.364s] -- Up-to-date: /home/manav/robotis_ws/install/open_manipulator_msgs/local/lib/python3.10/dist-packages/open_manipulator_msgs/msg/_open_manipulator_state.py
[3.364s] -- Up-to-date: /home/manav/robotis_ws/install/open_manipulator_msgs/local/lib/python3.10/dist-packages/open_manipulator_msgs/msg/__init__.py
[3.364s] -- Up-to-date: /home/manav/robotis_ws/install/open_manipulator_msgs/local/lib/python3.10/dist-packages/open_manipulator_msgs/msg/_kinematics_pose_s.c
[3.365s] -- Up-to-date: /home/manav/robotis_ws/install/open_manipulator_msgs/local/lib/python3.10/dist-packages/open_manipulator_msgs/open_manipulator_msgs_s__rosidl_typesupport_fastrtps_c.cpython-310-x86_64-linux-gnu.so
[3.369s] -- Up-to-date: /home/manav/robotis_ws/install/open_manipulator_msgs/local/lib/python3.10/dist-packages/open_manipulator_msgs/__init__.py
[3.388s] Listing '/home/manav/robotis_ws/install/open_manipulator_msgs/local/lib/python3.10/dist-packages/open_manipulator_msgs'...
[3.389s] Listing '/home/manav/robotis_ws/install/open_manipulator_msgs/local/lib/python3.10/dist-packages/open_manipulator_msgs/msg'...
[3.389s] Listing '/home/manav/robotis_ws/install/open_manipulator_msgs/local/lib/python3.10/dist-packages/open_manipulator_msgs/srv'...
[3.389s] -- Up-to-date: /home/manav/robotis_ws/install/open_manipulator_msgs/local/lib/python3.10/dist-packages/open_manipulator_msgs/open_manipulator_msgs_s__rosidl_typesupport_fastrtps_c.cpython-310-x86_64-linux-gnu.so
[3.389s] -- Up-to-date: /home/manav/robotis_ws/install/open_manipulator_msgs/local/lib/python3.10/dist-packages/open_manipulator_msgs/open_manipulator_msgs_s__rosidl_typesupport_introspection_c.cpython-310-x86_64-linux-gnu.so
[3.389s] -- Up-to-date: /home/manav/robotis_ws/install/open_manipulator_msgs/local/lib/python3.10/dist-packages/open_manipulator_msgs/open_manipulator_msgs_s__rosidl_typesupport_c.cpython-310-x86_64-linux-gnu.so
[3.389s] -- Up-to-date: /home/manav/robotis_ws/install/open_manipulator_msgs/lib/libopen_manipulator_msgs__rosidl_generator_py.so
[3.389s] -- Up-to-date: /home/manav/robotis_ws/install/open_manipulator_msgs/share/open_manipulator_msgs/msg/JointPosition.idl
[3.390s] -- Up-to-date: /home/manav/robotis_ws/install/open_manipulator_msgs/share/open_manipulator_msgs/msg/KinematicsPose.idl
[3.390s] -- Up-to-date: /home/manav/robotis_ws/install/open_manipulator_msgs/share/open_manipulator_msgs/msg/OpenManipulatorState.idl
[3.392s] -- Up-to-date: /home/manav/robotis_ws/install/open_manipulator_msgs/share/open_manipulator_msgs/srv/GetJointPosition.idl
[3.392s] -- Up-to-date: /home/manav/robotis_ws/install/open_manipulator_msgs/share/open_manipulator_msgs/srv/GetKinematicsPose.idl
[3.393s] -- Up-to-date: /home/manav/robotis_ws/install/open_manipulator_msgs/share/open_manipulator_msgs/srv/SetJointPosition.idl
[3.393s] -- Up-to-date: /home/manav/robotis_ws/install/open_manipulator_msgs/share/open_manipulator_msgs/srv/SetKinematicsPose.idl
[3.393s] -- Up-to-date: /home/manav/robotis_ws/install/open_manipulator_msgs/share/open_manipulator_msgs/srv/SetDrawingTrajectory.idl
[3.393s] -- Up-to-date: /home/manav/robotis_ws/install/open_manipulator_msgs/share/open_manipulator_msgs/srv/SetActuatorState.idl
[3.393s] -- Up-to-date: /home/manav/robotis_ws/install/open_manipulator_msgs/share/open_manipulator_msgs/msg/JointPosition.msg
[3.393s] -- Up-to-date: /home/manav/robotis_ws/install/open_manipulator_msgs/share/open_manipulator_msgs/msg/KinematicsPose.msg
[3.394s] -- Up-to-date: /home/manav/robotis_ws/install/open_manipulator_msgs/share/open_manipulator_msgs/msg/OpenManipulatorState.msg
[3.394s] -- Up-to-date: /home/manav/robotis_ws/install/open_manipulator_msgs/share/open_manipulator_msgs/srv/GetJointPosition.srv
[3.394s] -- Up-to-date: /home/manav/robotis_ws/install/open_manipulator_msgs/share/open_manipulator_msgs/srv/GetJointPosition_Request.msg
[3.394s] -- Up-to-date: /home/manav/robotis_ws/install/open_manipulator_msgs/share/open_manipulator_msgs/srv/GetJointPosition_Response.msg
[3.394s] -- Up-to-date: /home/manav/robotis_ws/install/open_manipulator_msgs/share/open_manipulator_msgs/srv/GetKinematicsPose.srv
[3.394s] -- Up-to-date: /home/manav/robotis_ws/install/open_manipulator_msgs/share/open_manipulator_msgs/srv/GetKinematicsPose_Request.msg
[3.395s] -- Up-to-date: /home/manav/robotis_ws/install/open_manipulator_msgs/share/open_manipulator_msgs/srv/GetKinematicsPose_Response.msg
[3.395s] -- Up-to-date: /home/manav/robotis_ws/install/open_manipulator_msgs/share/open_manipulator_msgs/srv/SetJointPosition.srv
[3.400s] -- Up-to-date: /home/manav/robotis_ws/install/open_manipulator_msgs/share/open_manipulator_msgs/srv/SetJointPosition_Request.msg
[3.400s] -- Up-to-date: /home/manav/robotis_ws/install/open_manipulator_msgs/share/open_manipulator_msgs/srv/SetJointPosition_Response.msg
[3.400s] -- Up-to-date: /home/manav/robotis_ws/install/open_manipulator_msgs/share/open_manipulator_msgs/srv/SetKinematicsPose.srv
[3.400s] -- Up-to-date: /home/manav/robotis_ws/install/open_manipulator_msgs/share/open_manipulator_msgs/srv/SetKinematicsPose_Request.msg
[3.400s] -- Up-to-date: /home/manav/robotis_ws/install/open_manipulator_msgs/share/open_manipulator_msgs/srv/SetKinematicsPose_Response.msg
[3.401s] -- Up-to-date: /home/manav/robotis_ws/install/open_manipulator_msgs/share/open_manipulator_msgs/srv/SetDrawingTrajectory.srv
[3.401s] -- Up-to-date: /home/manav/robotis_ws/install/open_manipulator_msgs/share/open_manipulator_msgs/srv/SetDrawingTrajectory_Request.msg
[3.401s] -- Up-to-date: /home/manav/robotis_ws/install/open_manipulator_msgs/share/open_manipulator_msgs/srv/SetDrawingTrajectory_Response.msg
[3.401s] -- Up-to-date: /home/manav/robotis_ws/install/open_manipulator_msgs/share/open_manipulator_msgs/srv/SetActuatorState.srv
[3.401s] -- Up-to-date: /home/manav/robotis_ws/install/open_manipulator_msgs/share/open_manipulator_msgs/srv/SetActuatorState_Request.msg
[3.401s] -- Up-to-date: /home/manav/robotis_ws/install/open_manipulator_msgs/share/open_manipulator_msgs/srv/SetActuatorState_Response.msg
[3.401s] -- Up-to-date: /home/manav/robotis_ws/install/open_manipulator_msgs/share/ament_index/resource_index/package_run_dependencies/open_manipulator_msgs
[3.401s] -- Up-to-date: /home/manav/robotis_ws/install/open_manipulator_msgs/share/ament_index/resource_index/parent_prefix_path/open_manipulator_msgs
[3.402s] -- Up-to-date: /home/manav/robotis_ws/install/open_manipulator_msgs/share/open_manipulator_msgs/environment/ament_prefix_path.sh
[3.402s] -- Up-to-date: /home/manav/robotis_ws/install/open_manipulator_msgs/share/open_manipulator_msgs/environment/ament_prefix_path.dsv
[3.402s] -- Up-to-date: /home/manav/robotis_ws/install/open_manipulator_msgs/share/open_manipulator_msgs/environment/path.sh
[3.402s] -- Up-to-date: /home/manav/robotis_ws/install/open_manipulator_msgs/share/open_manipulator_msgs/environment/path.dsv
[3.402s] -- Up-to-date: /home/manav/robotis_ws/install/open_manipulator_msgs/share/open_manipulator_msgs/local_setup.bash
[3.402s] -- Up-to-date: /home/manav/robotis_ws/install/open_manipulator_msgs/share/open_manipulator_msgs/local_setup.sh
[3.402s] -- Up-to-date: /home/manav/robotis_ws/install/open_manipulator_msgs/share/open_manipulator_msgs/local_setup.zsh
[3.402s] -- Up-to-date: /home/manav/robotis_ws/install/open_manipulator_msgs/share/open_manipulator_msgs/local_setup.dsv
[3.403s] -- Installing: /home/manav/robotis_ws/install/open_manipulator_msgs/share/open_manipulator_msgs/package.dsv
[3.403s] -- Up-to-date: /home/manav/robotis_ws/install/open_manipulator_msgs/share/ament_index/resource_index/packages/open_manipulator_msgs
[3.403s] -- Up-to-date: /home/manav/robotis_ws/install/open_manipulator_msgs/share/open_manipulator_msgs/cmake/export_open_manipulator_msgs__rosidl_generator_cExport.cmake
[3.408s] -- Up-to-date: /home/manav/robotis_ws/install/open_manipulator_msgs/share/open_manipulator_msgs/cmake/export_open_manipulator_msgs__rosidl_generator_cExport-noconfig.cmake
[3.411s] -- Up-to-date: /home/manav/robotis_ws/install/open_manipulator_msgs/share/open_manipulator_msgs/cmake/export_open_manipulator_msgs__rosidl_typesupport_fastrtps_cExport.cmake
[3.411s] -- Up-to-date: /home/manav/robotis_ws/install/open_manipulator_msgs/share/open_manipulator_msgs/cmake/export_open_manipulator_msgs__rosidl_typesupport_fastrtps_cExport-noconfig.cmake
[3.411s] -- Up-to-date: /home/manav/robotis_ws/install/open_manipulator_msgs/share/open_manipulator_msgs/cmake/export_open_manipulator_msgs__rosidl_generator_cppExport.cmake
[3.411s] -- Up-to-date: /home/manav/robotis_ws/install/open_manipulator_msgs/share/open_manipulator_msgs/cmake/export_open_manipulator_msgs__rosidl_typesupport_fastrtps_cppExport.cmake
[3.412s] -- Up-to-date: /home/manav/robotis_ws/install/open_manipulator_msgs/share/open_manipulator_msgs/cmake/export_open_manipulator_msgs__rosidl_typesupport_fastrtps_cppExport-noconfig.cmake
[3.412s] -- Up-to-date: /home/manav/robotis_ws/install/open_manipulator_msgs/share/open_manipulator_msgs/cmake/open_manipulator_msgs__rosidl_typesupport_introspection_cExport.cmake
[3.412s] -- Up-to-date: /home/manav/robotis_ws/install/open_manipulator_msgs/share/open_manipulator_msgs/cmake/open_manipulator_msgs__rosidl_typesupport_introspection_cExport-noconfig.cmake
[3.412s] -- Up-to-date: /home/manav/robotis_ws/install/open_manipulator_msgs/share/open_manipulator_msgs/cmake/open_manipulator_msgs__rosidl_typesupport_cExport.cmake
[3.412s] -- Up-to-date: /home/manav/robotis_ws/install/open_manipulator_msgs/share/open_manipulator_msgs/cmake/open_manipulator_msgs__rosidl_typesupport_cExport-noconfig.cmake
[3.412s] -- Up-to-date: /home/manav/robotis_ws/install/open_manipulator_msgs/share/open_manipulator_msgs/cmake/open_manipulator_msgs__rosidl_typesupport_introspection_cppExport.cmake
[3.412s] -- Up-to-date: /home/manav/robotis_ws/install/open_manipulator_msgs/share/open_manipulator_msgs/cmake/open_manipulator_msgs__rosidl_typesupport_introspection_cppExport-noconfig.cmake
[3.413s] -- Up-to-date: /home/manav/robotis_ws/install/open_manipulator_msgs/share/open_manipulator_msgs/cmake/open_manipulator_msgs__rosidl_typesupport_cppExport.cmake
[3.413s] -- Up-to-date: /home/manav/robotis_ws/install/open_manipulator_msgs/share/open_manipulator_msgs/cmake/open_manipulator_msgs__rosidl_typesupport_cppExport-noconfig.cmake
[3.413s] -- Up-to-date: /home/manav/robotis_ws/install/open_manipulator_msgs/share/open_manipulator_msgs/cmake/export_open_manipulator_msgs__rosidl_generator_pyExport.cmake
[3.413s] -- Up-to-date: /home/manav/robotis_ws/install/open_manipulator_msgs/share/open_manipulator_msgs/cmake/export_open_manipulator_msgs__rosidl_generator_pyExport-noconfig.cmake
[3.413s] -- Up-to-date: /home/manav/robotis_ws/install/open_manipulator_msgs/share/open_manipulator_msgs/cmake/rosidl_cmake-extras.cmake
[3.413s] -- Up-to-date: /home/manav/robotis_ws/install/open_manipulator_msgs/share/open_manipulator_msgs/cmake/ament_cmake_export_dependencies-extras.cmake
[3.413s] -- Up-to-date: /home/manav/robotis_ws/install/open_manipulator_msgs/share/open_manipulator_msgs/cmake/ament_cmake_export_include_directories-extras.cmake
[3.413s] -- Up-to-date: /home/manav/robotis_ws/install/open_manipulator_msgs/share/open_manipulator_msgs/cmake/ament_cmake_export_libraries-extras.cmake
[3.414s] -- Up-to-date: /home/manav/robotis_ws/install/open_manipulator_msgs/share/open_manipulator_msgs/cmake/ament_cmake_export_targets-extras.cmake
[3.414s] -- Up-to-date: /home/manav/robotis_ws/install/open_manipulator_msgs/share/open_manipulator_msgs/cmake/rosidl_cmake_export_typesupport_targets-extras.cmake
[3.414s] -- Up-to-date: /home/manav/robotis_ws/install/open_manipulator_msgs/share/open_manipulator_msgs/cmake/rosidl_cmake_export_typesupport_libraries-extras.cmake
[3.419s] -- Up-to-date: /home/manav/robotis_ws/install/open_manipulator_msgs/share/open_manipulator_msgs/cmake/open_manipulator_msgsConfig.cmake
[3.419s] -- Up-to-date: /home/manav/robotis_ws/install/open_manipulator_msgs/share/open_manipulator_msgs/cmake/open_manipulator_msgsConfig-version.cmake
[3.420s] -- Up-to-date: /home/manav/robotis_ws/install/open_manipulator_msgs/share/open_manipulator_msgs/package.xml
[3.420s] Invoked command in '/home/manav/robotis_ws/build/open_manipulator_msgs' returned '0': CMAKE_PREFIX_PATH=${CMAKE_PREFIX_PATH}:/home/manav/robotis_ws/install/vel_kinematics:/home/manav/robotis_ws/install/rbe500_example_py:/home/manav/robotis_ws/install/inverse:/home/manav/robotis_ws/install/forward:/home/manav/ros2_test/install/my_robot_controller:/opt/ros/humble /usr/bin/cmake --install /home/manav/robotis_ws/build/open_manipulator_msgs
