running egg_info
creating ../../../build/inverse/inverse.egg-info
writing ../../../build/inverse/inverse.egg-info/PKG-INFO
writing dependency_links to ../../../build/inverse/inverse.egg-info/dependency_links.txt
writing entry points to ../../../build/inverse/inverse.egg-info/entry_points.txt
writing requirements to ../../../build/inverse/inverse.egg-info/requires.txt
writing top-level names to ../../../build/inverse/inverse.egg-info/top_level.txt
writing manifest file '../../../build/inverse/inverse.egg-info/SOURCES.txt'
reading manifest file '../../../build/inverse/inverse.egg-info/SOURCES.txt'
adding license file 'LICENSE'
writing manifest file '../../../build/inverse/inverse.egg-info/SOURCES.txt'
running build
running build_py
creating /home/manav/robotis_ws/build/inverse/build
creating /home/manav/robotis_ws/build/inverse/build/lib
creating /home/manav/robotis_ws/build/inverse/build/lib/inverse
copying inverse/inverse.py -> /home/manav/robotis_ws/build/inverse/build/lib/inverse
copying inverse/__init__.py -> /home/manav/robotis_ws/build/inverse/build/lib/inverse
running install
running install_lib
creating /home/manav/robotis_ws/install/inverse/lib/python3.10/site-packages/inverse
copying /home/manav/robotis_ws/build/inverse/build/lib/inverse/inverse.py -> /home/manav/robotis_ws/install/inverse/lib/python3.10/site-packages/inverse
copying /home/manav/robotis_ws/build/inverse/build/lib/inverse/__init__.py -> /home/manav/robotis_ws/install/inverse/lib/python3.10/site-packages/inverse
byte-compiling /home/manav/robotis_ws/install/inverse/lib/python3.10/site-packages/inverse/inverse.py to inverse.cpython-310.pyc
byte-compiling /home/manav/robotis_ws/install/inverse/lib/python3.10/site-packages/inverse/__init__.py to __init__.cpython-310.pyc
running install_data
creating /home/manav/robotis_ws/install/inverse/share/ament_index
creating /home/manav/robotis_ws/install/inverse/share/ament_index/resource_index
creating /home/manav/robotis_ws/install/inverse/share/ament_index/resource_index/packages
copying resource/inverse -> /home/manav/robotis_ws/install/inverse/share/ament_index/resource_index/packages
copying package.xml -> /home/manav/robotis_ws/install/inverse/share/inverse
running install_egg_info
Copying ../../../build/inverse/inverse.egg-info to /home/manav/robotis_ws/install/inverse/lib/python3.10/site-packages/inverse-0.0.0-py3.10.egg-info
running install_scripts
Installing inv_call script to /home/manav/robotis_ws/install/inverse/lib/inverse
writing list of installed files to '/home/manav/robotis_ws/build/inverse/install.log'
