[2.000s] Invoking command in '/home/manav/robotis_ws/src/OpenManipulatorX_ROS2-main/inverse': PYTHONPATH=/home/manav/robotis_ws/build/inverse/prefix_override:/usr/lib/python3/dist-packages/colcon_core/task/python/colcon_distutils_commands:/home/manav/robotis_ws/install/inverse/lib/python3.10/site-packages:${PYTHONPATH} /usr/bin/python3 -W ignore:setup.py install is deprecated setup.py egg_info --egg-base ../../../build/inverse build --build-base /home/manav/robotis_ws/build/inverse/build install --record /home/manav/robotis_ws/build/inverse/install.log --single-version-externally-managed install_data
[2.992s] running egg_info
[2.996s] writing ../../../build/inverse/inverse.egg-info/PKG-INFO
[2.997s] writing dependency_links to ../../../build/inverse/inverse.egg-info/dependency_links.txt
[2.997s] writing entry points to ../../../build/inverse/inverse.egg-info/entry_points.txt
[2.997s] writing requirements to ../../../build/inverse/inverse.egg-info/requires.txt
[2.997s] writing top-level names to ../../../build/inverse/inverse.egg-info/top_level.txt
[3.003s] reading manifest file '../../../build/inverse/inverse.egg-info/SOURCES.txt'
[3.003s] adding license file 'LICENSE'
[3.005s] writing manifest file '../../../build/inverse/inverse.egg-info/SOURCES.txt'
[3.005s] running build
[3.007s] running build_py
[3.007s] running install
[3.007s] running install_lib
[3.007s] running install_data
[3.007s] running install_egg_info
[3.012s] removing '/home/manav/robotis_ws/install/inverse/lib/python3.10/site-packages/inverse-0.0.0-py3.10.egg-info' (and everything under it)
[3.012s] Copying ../../../build/inverse/inverse.egg-info to /home/manav/robotis_ws/install/inverse/lib/python3.10/site-packages/inverse-0.0.0-py3.10.egg-info
[3.015s] running install_scripts
[3.063s] Installing inv_call script to /home/manav/robotis_ws/install/inverse/lib/inverse
[3.063s] writing list of installed files to '/home/manav/robotis_ws/build/inverse/install.log'
[3.394s] Invoked command in '/home/manav/robotis_ws/src/OpenManipulatorX_ROS2-main/inverse' returned '0': PYTHONPATH=/home/manav/robotis_ws/build/inverse/prefix_override:/usr/lib/python3/dist-packages/colcon_core/task/python/colcon_distutils_commands:/home/manav/robotis_ws/install/inverse/lib/python3.10/site-packages:${PYTHONPATH} /usr/bin/python3 -W ignore:setup.py install is deprecated setup.py egg_info --egg-base ../../../build/inverse build --build-base /home/manav/robotis_ws/build/inverse/build install --record /home/manav/robotis_ws/build/inverse/install.log --single-version-externally-managed install_data
