[1.535s] Invoking command in '/home/manav/robotis_ws/src/OpenManipulatorX_ROS2-main/pdctr': PYTHONPATH=/home/manav/robotis_ws/build/pdctr/prefix_override:/usr/lib/python3/dist-packages/colcon_core/task/python/colcon_distutils_commands:/home/manav/robotis_ws/install/pdctr/lib/python3.10/site-packages:${PYTHONPATH} /usr/bin/python3 -W ignore:setup.py install is deprecated -W ignore:easy_install command is deprecated setup.py egg_info --egg-base ../../../build/pdctr build --build-base /home/manav/robotis_ws/build/pdctr/build install --record /home/manav/robotis_ws/build/pdctr/install.log --single-version-externally-managed install_data
[2.060s] running egg_info
[2.061s] writing ../../../build/pdctr/pdctr.egg-info/PKG-INFO
[2.062s] writing dependency_links to ../../../build/pdctr/pdctr.egg-info/dependency_links.txt
[2.062s] writing entry points to ../../../build/pdctr/pdctr.egg-info/entry_points.txt
[2.062s] writing requirements to ../../../build/pdctr/pdctr.egg-info/requires.txt
[2.063s] writing top-level names to ../../../build/pdctr/pdctr.egg-info/top_level.txt
[2.063s] reading manifest file '../../../build/pdctr/pdctr.egg-info/SOURCES.txt'
[2.063s] adding license file 'LICENSE'
[2.069s] writing manifest file '../../../build/pdctr/pdctr.egg-info/SOURCES.txt'
[2.069s] running build
[2.069s] running build_py
[2.069s] copying pdctr/current_calc_send.py -> /home/manav/robotis_ws/build/pdctr/build/lib/pdctr
[2.069s] running install
[2.070s] running install_lib
[2.070s] copying /home/manav/robotis_ws/build/pdctr/build/lib/pdctr/current_calc_send.py -> /home/manav/robotis_ws/install/pdctr/lib/python3.10/site-packages/pdctr
[2.070s] byte-compiling /home/manav/robotis_ws/install/pdctr/lib/python3.10/site-packages/pdctr/current_calc_send.py to current_calc_send.cpython-310.pyc
[2.074s] running install_data
[2.074s] running install_egg_info
[2.082s] removing '/home/manav/robotis_ws/install/pdctr/lib/python3.10/site-packages/pdctr-0.0.0-py3.10.egg-info' (and everything under it)
[2.083s] Copying ../../../build/pdctr/pdctr.egg-info to /home/manav/robotis_ws/install/pdctr/lib/python3.10/site-packages/pdctr-0.0.0-py3.10.egg-info
[2.083s] running install_scripts
[2.117s] Installing current_call script to /home/manav/robotis_ws/install/pdctr/lib/pdctr
[2.118s] Installing motor_call script to /home/manav/robotis_ws/install/pdctr/lib/pdctr
[2.118s] Installing pos_call script to /home/manav/robotis_ws/install/pdctr/lib/pdctr
[2.118s] writing list of installed files to '/home/manav/robotis_ws/build/pdctr/install.log'
[2.177s] Invoked command in '/home/manav/robotis_ws/src/OpenManipulatorX_ROS2-main/pdctr' returned '0': PYTHONPATH=/home/manav/robotis_ws/build/pdctr/prefix_override:/usr/lib/python3/dist-packages/colcon_core/task/python/colcon_distutils_commands:/home/manav/robotis_ws/install/pdctr/lib/python3.10/site-packages:${PYTHONPATH} /usr/bin/python3 -W ignore:setup.py install is deprecated -W ignore:easy_install command is deprecated setup.py egg_info --egg-base ../../../build/pdctr build --build-base /home/manav/robotis_ws/build/pdctr/build install --record /home/manav/robotis_ws/build/pdctr/install.log --single-version-externally-managed install_data
