[0.039s] Invoking command in '/home/manav/robotis_ws/build/my_service_package': CMAKE_PREFIX_PATH=${CMAKE_PREFIX_PATH}:/home/manav/robotis_ws/install/vel_kinematics:/home/manav/robotis_ws/install/rbe500_example_py:/home/manav/robotis_ws/install/inverse:/home/manav/robotis_ws/install/forward:/home/manav/ros2_test/install/my_robot_controller:/opt/ros/humble /usr/bin/cmake --build /home/manav/robotis_ws/build/my_service_package -- -j4 -l4
[0.373s] [  1%] Built target my_service_package__cpp
[0.489s] [  1%] Built target ament_cmake_python_copy_my_service_package
[0.580s] [ 12%] Built target my_service_package__rosidl_typesupport_fastrtps_cpp
[0.690s] [ 23%] Built target my_service_package__rosidl_typesupport_introspection_cpp
[1.659s] running egg_info
[1.660s] writing my_service_package.egg-info/PKG-INFO
[1.661s] writing dependency_links to my_service_package.egg-info/dependency_links.txt
[1.661s] writing top-level names to my_service_package.egg-info/top_level.txt
[1.668s] reading manifest file 'my_service_package.egg-info/SOURCES.txt'
[1.670s] writing manifest file 'my_service_package.egg-info/SOURCES.txt'
[1.762s] [ 23%] Built target ament_cmake_python_build_my_service_package_egg
[1.892s] [ 34%] Built target my_service_package__rosidl_typesupport_cpp
[2.005s] [ 45%] Built target my_service_package__rosidl_generator_c
[2.100s] [ 56%] Built target my_service_package__rosidl_typesupport_fastrtps_c
[2.201s] [ 67%] Built target my_service_package__rosidl_typesupport_c
[2.281s] [ 78%] Built target my_service_package__rosidl_typesupport_introspection_c
[2.345s] [ 78%] Built target my_service_package
[2.412s] [ 80%] Built target my_service_package__py
[2.495s] [ 89%] Built target my_service_package__rosidl_generator_py
[2.606s] [ 92%] Built target my_service_package__rosidl_typesupport_fastrtps_c__pyext
[2.723s] [ 96%] Built target my_service_package__rosidl_typesupport_c__pyext
[2.862s] [100%] Built target my_service_package__rosidl_typesupport_introspection_c__pyext
[3.997s] Invoked command in '/home/manav/robotis_ws/build/my_service_package' returned '0': CMAKE_PREFIX_PATH=${CMAKE_PREFIX_PATH}:/home/manav/robotis_ws/install/vel_kinematics:/home/manav/robotis_ws/install/rbe500_example_py:/home/manav/robotis_ws/install/inverse:/home/manav/robotis_ws/install/forward:/home/manav/ros2_test/install/my_robot_controller:/opt/ros/humble /usr/bin/cmake --build /home/manav/robotis_ws/build/my_service_package -- -j4 -l4
[4.897s] Invoking command in '/home/manav/robotis_ws/build/my_service_package': CMAKE_PREFIX_PATH=${CMAKE_PREFIX_PATH}:/home/manav/robotis_ws/install/vel_kinematics:/home/manav/robotis_ws/install/rbe500_example_py:/home/manav/robotis_ws/install/inverse:/home/manav/robotis_ws/install/forward:/home/manav/ros2_test/install/my_robot_controller:/opt/ros/humble /usr/bin/cmake --install /home/manav/robotis_ws/build/my_service_package
[4.942s] -- Install configuration: ""
[4.942s] -- Up-to-date: /home/manav/robotis_ws/install/my_service_package/share/ament_index/resource_index/rosidl_interfaces/my_service_package
[4.942s] -- Up-to-date: /home/manav/robotis_ws/install/my_service_package/include/my_service_package/my_service_package
[4.942s] -- Up-to-date: /home/manav/robotis_ws/install/my_service_package/include/my_service_package/my_service_package/srv
[4.942s] -- Up-to-date: /home/manav/robotis_ws/install/my_service_package/include/my_service_package/my_service_package/srv/endeffector_velservice.h
[4.942s] -- Up-to-date: /home/manav/robotis_ws/install/my_service_package/include/my_service_package/my_service_package/srv/i_kservice.h
[4.943s] -- Up-to-date: /home/manav/robotis_ws/install/my_service_package/include/my_service_package/my_service_package/srv/detail
[4.943s] -- Up-to-date: /home/manav/robotis_ws/install/my_service_package/include/my_service_package/my_service_package/srv/detail/endeffector_velservice__functions.h
[4.943s] -- Up-to-date: /home/manav/robotis_ws/install/my_service_package/include/my_service_package/my_service_package/srv/detail/joint_velservice__functions.c
[4.943s] -- Up-to-date: /home/manav/robotis_ws/install/my_service_package/include/my_service_package/my_service_package/srv/detail/endeffector_velservice__struct.h
[4.943s] -- Up-to-date: /home/manav/robotis_ws/install/my_service_package/include/my_service_package/my_service_package/srv/detail/joint_velservice__struct.h
[4.944s] -- Up-to-date: /home/manav/robotis_ws/install/my_service_package/include/my_service_package/my_service_package/srv/detail/i_kservice__type_support.h
[4.947s] -- Up-to-date: /home/manav/robotis_ws/install/my_service_package/include/my_service_package/my_service_package/srv/detail/endeffector_velservice__type_support.h
[4.947s] -- Up-to-date: /home/manav/robotis_ws/install/my_service_package/include/my_service_package/my_service_package/srv/detail/i_kservice__struct.h
[4.947s] -- Up-to-date: /home/manav/robotis_ws/install/my_service_package/include/my_service_package/my_service_package/srv/detail/i_kservice__functions.c
[4.947s] -- Up-to-date: /home/manav/robotis_ws/install/my_service_package/include/my_service_package/my_service_package/srv/detail/i_kservice__functions.h
[4.947s] -- Up-to-date: /home/manav/robotis_ws/install/my_service_package/include/my_service_package/my_service_package/srv/detail/endeffector_velservice__functions.c
[4.947s] -- Up-to-date: /home/manav/robotis_ws/install/my_service_package/include/my_service_package/my_service_package/srv/detail/joint_velservice__type_support.h
[4.947s] -- Up-to-date: /home/manav/robotis_ws/install/my_service_package/include/my_service_package/my_service_package/srv/detail/joint_velservice__functions.h
[4.947s] -- Up-to-date: /home/manav/robotis_ws/install/my_service_package/include/my_service_package/my_service_package/srv/joint_velservice.h
[4.948s] -- Up-to-date: /home/manav/robotis_ws/install/my_service_package/include/my_service_package/my_service_package/msg
[4.948s] -- Up-to-date: /home/manav/robotis_ws/install/my_service_package/include/my_service_package/my_service_package/msg/rot_pos.h
[4.948s] -- Up-to-date: /home/manav/robotis_ws/install/my_service_package/include/my_service_package/my_service_package/msg/detail
[4.948s] -- Up-to-date: /home/manav/robotis_ws/install/my_service_package/include/my_service_package/my_service_package/msg/detail/rot_pos__struct.h
[4.948s] -- Up-to-date: /home/manav/robotis_ws/install/my_service_package/include/my_service_package/my_service_package/msg/detail/rot_pos__functions.h
[4.948s] -- Up-to-date: /home/manav/robotis_ws/install/my_service_package/include/my_service_package/my_service_package/msg/detail/rot_pos__functions.c
[4.948s] -- Up-to-date: /home/manav/robotis_ws/install/my_service_package/include/my_service_package/my_service_package/msg/detail/rot_pos__type_support.h
[4.949s] -- Up-to-date: /home/manav/robotis_ws/install/my_service_package/include/my_service_package/my_service_package/msg/rosidl_generator_c__visibility_control.h
[4.949s] -- Up-to-date: /home/manav/robotis_ws/install/my_service_package/share/my_service_package/environment/library_path.sh
[4.949s] -- Up-to-date: /home/manav/robotis_ws/install/my_service_package/share/my_service_package/environment/library_path.dsv
[4.949s] -- Up-to-date: /home/manav/robotis_ws/install/my_service_package/lib/libmy_service_package__rosidl_generator_c.so
[4.949s] -- Up-to-date: /home/manav/robotis_ws/install/my_service_package/include/my_service_package/my_service_package
[4.949s] -- Up-to-date: /home/manav/robotis_ws/install/my_service_package/include/my_service_package/my_service_package/srv
[4.953s] -- Up-to-date: /home/manav/robotis_ws/install/my_service_package/include/my_service_package/my_service_package/srv/detail
[4.954s] -- Up-to-date: /home/manav/robotis_ws/install/my_service_package/include/my_service_package/my_service_package/srv/detail/i_kservice__rosidl_typesupport_fastrtps_c.h
[4.954s] -- Up-to-date: /home/manav/robotis_ws/install/my_service_package/include/my_service_package/my_service_package/srv/detail/endeffector_velservice__rosidl_typesupport_fastrtps_c.h
[4.955s] -- Up-to-date: /home/manav/robotis_ws/install/my_service_package/include/my_service_package/my_service_package/srv/detail/joint_velservice__rosidl_typesupport_fastrtps_c.h
[4.955s] -- Up-to-date: /home/manav/robotis_ws/install/my_service_package/include/my_service_package/my_service_package/msg
[4.956s] -- Up-to-date: /home/manav/robotis_ws/install/my_service_package/include/my_service_package/my_service_package/msg/rosidl_typesupport_fastrtps_c__visibility_control.h
[4.956s] -- Up-to-date: /home/manav/robotis_ws/install/my_service_package/include/my_service_package/my_service_package/msg/detail
[4.956s] -- Up-to-date: /home/manav/robotis_ws/install/my_service_package/include/my_service_package/my_service_package/msg/detail/rot_pos__rosidl_typesupport_fastrtps_c.h
[4.956s] -- Up-to-date: /home/manav/robotis_ws/install/my_service_package/lib/libmy_service_package__rosidl_typesupport_fastrtps_c.so
[4.956s] -- Up-to-date: /home/manav/robotis_ws/install/my_service_package/include/my_service_package/my_service_package
[4.956s] -- Up-to-date: /home/manav/robotis_ws/install/my_service_package/include/my_service_package/my_service_package/srv
[4.956s] -- Up-to-date: /home/manav/robotis_ws/install/my_service_package/include/my_service_package/my_service_package/srv/joint_velservice.hpp
[4.960s] -- Up-to-date: /home/manav/robotis_ws/install/my_service_package/include/my_service_package/my_service_package/srv/endeffector_velservice.hpp
[4.960s] -- Up-to-date: /home/manav/robotis_ws/install/my_service_package/include/my_service_package/my_service_package/srv/i_kservice.hpp
[4.979s] -- Up-to-date: /home/manav/robotis_ws/install/my_service_package/include/my_service_package/my_service_package/srv/detail
[4.979s] -- Up-to-date: /home/manav/robotis_ws/install/my_service_package/include/my_service_package/my_service_package/srv/detail/joint_velservice__struct.hpp
[4.980s] -- Up-to-date: /home/manav/robotis_ws/install/my_service_package/include/my_service_package/my_service_package/srv/detail/i_kservice__traits.hpp
[4.980s] -- Up-to-date: /home/manav/robotis_ws/install/my_service_package/include/my_service_package/my_service_package/srv/detail/joint_velservice__traits.hpp
[4.980s] -- Up-to-date: /home/manav/robotis_ws/install/my_service_package/include/my_service_package/my_service_package/srv/detail/i_kservice__struct.hpp
[4.980s] -- Up-to-date: /home/manav/robotis_ws/install/my_service_package/include/my_service_package/my_service_package/srv/detail/i_kservice__builder.hpp
[4.980s] -- Up-to-date: /home/manav/robotis_ws/install/my_service_package/include/my_service_package/my_service_package/srv/detail/endeffector_velservice__struct.hpp
[4.980s] -- Up-to-date: /home/manav/robotis_ws/install/my_service_package/include/my_service_package/my_service_package/srv/detail/joint_velservice__builder.hpp
[4.980s] -- Up-to-date: /home/manav/robotis_ws/install/my_service_package/include/my_service_package/my_service_package/srv/detail/endeffector_velservice__traits.hpp
[4.994s] -- Up-to-date: /home/manav/robotis_ws/install/my_service_package/include/my_service_package/my_service_package/srv/detail/endeffector_velservice__builder.hpp
[4.994s] -- Up-to-date: /home/manav/robotis_ws/install/my_service_package/include/my_service_package/my_service_package/msg
[4.994s] -- Up-to-date: /home/manav/robotis_ws/install/my_service_package/include/my_service_package/my_service_package/msg/rot_pos.hpp
[4.994s] -- Up-to-date: /home/manav/robotis_ws/install/my_service_package/include/my_service_package/my_service_package/msg/detail
[4.994s] -- Up-to-date: /home/manav/robotis_ws/install/my_service_package/include/my_service_package/my_service_package/msg/detail/rot_pos__traits.hpp
[4.995s] -- Up-to-date: /home/manav/robotis_ws/install/my_service_package/include/my_service_package/my_service_package/msg/detail/rot_pos__struct.hpp
[4.995s] -- Up-to-date: /home/manav/robotis_ws/install/my_service_package/include/my_service_package/my_service_package/msg/detail/rot_pos__builder.hpp
[4.995s] -- Up-to-date: /home/manav/robotis_ws/install/my_service_package/include/my_service_package/my_service_package
[4.995s] -- Up-to-date: /home/manav/robotis_ws/install/my_service_package/include/my_service_package/my_service_package/srv
[4.995s] -- Up-to-date: /home/manav/robotis_ws/install/my_service_package/include/my_service_package/my_service_package/srv/detail
[4.995s] -- Up-to-date: /home/manav/robotis_ws/install/my_service_package/include/my_service_package/my_service_package/srv/detail/endeffector_velservice__rosidl_typesupport_fastrtps_cpp.hpp
[4.999s] -- Up-to-date: /home/manav/robotis_ws/install/my_service_package/include/my_service_package/my_service_package/srv/detail/dds_fastrtps
[4.999s] -- Up-to-date: /home/manav/robotis_ws/install/my_service_package/include/my_service_package/my_service_package/srv/detail/i_kservice__rosidl_typesupport_fastrtps_cpp.hpp
[4.999s] -- Up-to-date: /home/manav/robotis_ws/install/my_service_package/include/my_service_package/my_service_package/srv/detail/joint_velservice__rosidl_typesupport_fastrtps_cpp.hpp
[4.999s] -- Up-to-date: /home/manav/robotis_ws/install/my_service_package/include/my_service_package/my_service_package/msg
[4.999s] -- Up-to-date: /home/manav/robotis_ws/install/my_service_package/include/my_service_package/my_service_package/msg/rosidl_typesupport_fastrtps_cpp__visibility_control.h
[4.999s] -- Up-to-date: /home/manav/robotis_ws/install/my_service_package/include/my_service_package/my_service_package/msg/detail
[4.999s] -- Up-to-date: /home/manav/robotis_ws/install/my_service_package/include/my_service_package/my_service_package/msg/detail/rot_pos__rosidl_typesupport_fastrtps_cpp.hpp
[5.000s] -- Up-to-date: /home/manav/robotis_ws/install/my_service_package/include/my_service_package/my_service_package/msg/detail/dds_fastrtps
[5.002s] -- Up-to-date: /home/manav/robotis_ws/install/my_service_package/lib/libmy_service_package__rosidl_typesupport_fastrtps_cpp.so
[5.002s] -- Up-to-date: /home/manav/robotis_ws/install/my_service_package/include/my_service_package/my_service_package
[5.004s] -- Up-to-date: /home/manav/robotis_ws/install/my_service_package/include/my_service_package/my_service_package/srv
[5.004s] -- Up-to-date: /home/manav/robotis_ws/install/my_service_package/include/my_service_package/my_service_package/srv/detail
[5.004s] -- Up-to-date: /home/manav/robotis_ws/install/my_service_package/include/my_service_package/my_service_package/srv/detail/endeffector_velservice__rosidl_typesupport_introspection_c.h
[5.005s] -- Up-to-date: /home/manav/robotis_ws/install/my_service_package/include/my_service_package/my_service_package/srv/detail/endeffector_velservice__type_support.c
[5.005s] -- Up-to-date: /home/manav/robotis_ws/install/my_service_package/include/my_service_package/my_service_package/srv/detail/i_kservice__type_support.c
[5.005s] -- Up-to-date: /home/manav/robotis_ws/install/my_service_package/include/my_service_package/my_service_package/srv/detail/i_kservice__rosidl_typesupport_introspection_c.h
[5.005s] -- Up-to-date: /home/manav/robotis_ws/install/my_service_package/include/my_service_package/my_service_package/srv/detail/joint_velservice__rosidl_typesupport_introspection_c.h
[5.005s] -- Up-to-date: /home/manav/robotis_ws/install/my_service_package/include/my_service_package/my_service_package/srv/detail/joint_velservice__type_support.c
[5.005s] -- Up-to-date: /home/manav/robotis_ws/install/my_service_package/include/my_service_package/my_service_package/msg
[5.005s] -- Up-to-date: /home/manav/robotis_ws/install/my_service_package/include/my_service_package/my_service_package/msg/rosidl_typesupport_introspection_c__visibility_control.h
[5.005s] -- Up-to-date: /home/manav/robotis_ws/install/my_service_package/include/my_service_package/my_service_package/msg/detail
[5.008s] -- Up-to-date: /home/manav/robotis_ws/install/my_service_package/include/my_service_package/my_service_package/msg/detail/rot_pos__type_support.c
[5.008s] -- Up-to-date: /home/manav/robotis_ws/install/my_service_package/include/my_service_package/my_service_package/msg/detail/rot_pos__rosidl_typesupport_introspection_c.h
[5.008s] -- Up-to-date: /home/manav/robotis_ws/install/my_service_package/lib/libmy_service_package__rosidl_typesupport_introspection_c.so
[5.012s] -- Up-to-date: /home/manav/robotis_ws/install/my_service_package/lib/libmy_service_package__rosidl_typesupport_c.so
[5.013s] -- Up-to-date: /home/manav/robotis_ws/install/my_service_package/include/my_service_package/my_service_package
[5.013s] -- Up-to-date: /home/manav/robotis_ws/install/my_service_package/include/my_service_package/my_service_package/srv
[5.013s] -- Up-to-date: /home/manav/robotis_ws/install/my_service_package/include/my_service_package/my_service_package/srv/detail
[5.013s] -- Up-to-date: /home/manav/robotis_ws/install/my_service_package/include/my_service_package/my_service_package/srv/detail/joint_velservice__type_support.cpp
[5.013s] -- Up-to-date: /home/manav/robotis_ws/install/my_service_package/include/my_service_package/my_service_package/srv/detail/endeffector_velservice__rosidl_typesupport_introspection_cpp.hpp
[5.013s] -- Up-to-date: /home/manav/robotis_ws/install/my_service_package/include/my_service_package/my_service_package/srv/detail/i_kservice__type_support.cpp
[5.025s] -- Up-to-date: /home/manav/robotis_ws/install/my_service_package/include/my_service_package/my_service_package/srv/detail/endeffector_velservice__type_support.cpp
[5.026s] -- Up-to-date: /home/manav/robotis_ws/install/my_service_package/include/my_service_package/my_service_package/srv/detail/joint_velservice__rosidl_typesupport_introspection_cpp.hpp
[5.026s] -- Up-to-date: /home/manav/robotis_ws/install/my_service_package/include/my_service_package/my_service_package/srv/detail/i_kservice__rosidl_typesupport_introspection_cpp.hpp
[5.026s] -- Up-to-date: /home/manav/robotis_ws/install/my_service_package/include/my_service_package/my_service_package/msg
[5.026s] -- Up-to-date: /home/manav/robotis_ws/install/my_service_package/include/my_service_package/my_service_package/msg/detail
[5.026s] -- Up-to-date: /home/manav/robotis_ws/install/my_service_package/include/my_service_package/my_service_package/msg/detail/rot_pos__rosidl_typesupport_introspection_cpp.hpp
[5.026s] -- Up-to-date: /home/manav/robotis_ws/install/my_service_package/include/my_service_package/my_service_package/msg/detail/rot_pos__type_support.cpp
[5.027s] -- Up-to-date: /home/manav/robotis_ws/install/my_service_package/lib/libmy_service_package__rosidl_typesupport_introspection_cpp.so
[5.027s] -- Up-to-date: /home/manav/robotis_ws/install/my_service_package/lib/libmy_service_package__rosidl_typesupport_cpp.so
[5.027s] -- Up-to-date: /home/manav/robotis_ws/install/my_service_package/share/my_service_package/environment/pythonpath.sh
[5.027s] -- Up-to-date: /home/manav/robotis_ws/install/my_service_package/share/my_service_package/environment/pythonpath.dsv
[5.027s] -- Up-to-date: /home/manav/robotis_ws/install/my_service_package/local/lib/python3.10/dist-packages/my_service_package-0.0.0-py3.10.egg-info
[5.027s] -- Installing: /home/manav/robotis_ws/install/my_service_package/local/lib/python3.10/dist-packages/my_service_package-0.0.0-py3.10.egg-info/top_level.txt
[5.027s] -- Installing: /home/manav/robotis_ws/install/my_service_package/local/lib/python3.10/dist-packages/my_service_package-0.0.0-py3.10.egg-info/dependency_links.txt
[5.040s] -- Installing: /home/manav/robotis_ws/install/my_service_package/local/lib/python3.10/dist-packages/my_service_package-0.0.0-py3.10.egg-info/PKG-INFO
[5.040s] -- Installing: /home/manav/robotis_ws/install/my_service_package/local/lib/python3.10/dist-packages/my_service_package-0.0.0-py3.10.egg-info/SOURCES.txt
[5.040s] -- Up-to-date: /home/manav/robotis_ws/install/my_service_package/local/lib/python3.10/dist-packages/my_service_package
[5.040s] -- Up-to-date: /home/manav/robotis_ws/install/my_service_package/local/lib/python3.10/dist-packages/my_service_package/_my_service_package_s.ep.rosidl_typesupport_introspection_c.c
[5.040s] -- Up-to-date: /home/manav/robotis_ws/install/my_service_package/local/lib/python3.10/dist-packages/my_service_package/libmy_service_package__rosidl_generator_py.so
[5.041s] -- Up-to-date: /home/manav/robotis_ws/install/my_service_package/local/lib/python3.10/dist-packages/my_service_package/my_service_package_s__rosidl_typesupport_fastrtps_c.cpython-310-x86_64-linux-gnu.so
[5.041s] -- Up-to-date: /home/manav/robotis_ws/install/my_service_package/local/lib/python3.10/dist-packages/my_service_package/_my_service_package_s.ep.rosidl_typesupport_fastrtps_c.c
[5.041s] -- Up-to-date: /home/manav/robotis_ws/install/my_service_package/local/lib/python3.10/dist-packages/my_service_package/srv
[5.041s] -- Up-to-date: /home/manav/robotis_ws/install/my_service_package/local/lib/python3.10/dist-packages/my_service_package/srv/_i_kservice.py
[5.041s] -- Up-to-date: /home/manav/robotis_ws/install/my_service_package/local/lib/python3.10/dist-packages/my_service_package/srv/_joint_velservice_s.c
[5.041s] -- Up-to-date: /home/manav/robotis_ws/install/my_service_package/local/lib/python3.10/dist-packages/my_service_package/srv/_endeffector_velservice_s.c
[5.041s] -- Up-to-date: /home/manav/robotis_ws/install/my_service_package/local/lib/python3.10/dist-packages/my_service_package/srv/_endeffector_velservice.py
[5.041s] -- Up-to-date: /home/manav/robotis_ws/install/my_service_package/local/lib/python3.10/dist-packages/my_service_package/srv/_i_kservice_s.c
[5.041s] -- Up-to-date: /home/manav/robotis_ws/install/my_service_package/local/lib/python3.10/dist-packages/my_service_package/srv/_joint_velservice.py
[5.042s] -- Up-to-date: /home/manav/robotis_ws/install/my_service_package/local/lib/python3.10/dist-packages/my_service_package/srv/__init__.py
[5.042s] -- Up-to-date: /home/manav/robotis_ws/install/my_service_package/local/lib/python3.10/dist-packages/my_service_package/msg
[5.042s] -- Up-to-date: /home/manav/robotis_ws/install/my_service_package/local/lib/python3.10/dist-packages/my_service_package/msg/_rot_pos.py
[5.042s] -- Up-to-date: /home/manav/robotis_ws/install/my_service_package/local/lib/python3.10/dist-packages/my_service_package/msg/_rot_pos_s.c
[5.042s] -- Up-to-date: /home/manav/robotis_ws/install/my_service_package/local/lib/python3.10/dist-packages/my_service_package/msg/__init__.py
[5.042s] -- Up-to-date: /home/manav/robotis_ws/install/my_service_package/local/lib/python3.10/dist-packages/my_service_package/_my_service_package_s.ep.rosidl_typesupport_c.c
[5.042s] -- Up-to-date: /home/manav/robotis_ws/install/my_service_package/local/lib/python3.10/dist-packages/my_service_package/my_service_package_s__rosidl_typesupport_introspection_c.cpython-310-x86_64-linux-gnu.so
[5.042s] -- Up-to-date: /home/manav/robotis_ws/install/my_service_package/local/lib/python3.10/dist-packages/my_service_package/my_service_package_s__rosidl_typesupport_c.cpython-310-x86_64-linux-gnu.so
[5.042s] -- Up-to-date: /home/manav/robotis_ws/install/my_service_package/local/lib/python3.10/dist-packages/my_service_package/__init__.py
[5.258s] Listing '/home/manav/robotis_ws/install/my_service_package/local/lib/python3.10/dist-packages/my_service_package'...
[5.258s] Listing '/home/manav/robotis_ws/install/my_service_package/local/lib/python3.10/dist-packages/my_service_package/msg'...
[5.258s] Listing '/home/manav/robotis_ws/install/my_service_package/local/lib/python3.10/dist-packages/my_service_package/srv'...
[5.301s] -- Up-to-date: /home/manav/robotis_ws/install/my_service_package/local/lib/python3.10/dist-packages/my_service_package/my_service_package_s__rosidl_typesupport_fastrtps_c.cpython-310-x86_64-linux-gnu.so
[5.301s] -- Up-to-date: /home/manav/robotis_ws/install/my_service_package/local/lib/python3.10/dist-packages/my_service_package/my_service_package_s__rosidl_typesupport_introspection_c.cpython-310-x86_64-linux-gnu.so
[5.301s] -- Up-to-date: /home/manav/robotis_ws/install/my_service_package/local/lib/python3.10/dist-packages/my_service_package/my_service_package_s__rosidl_typesupport_c.cpython-310-x86_64-linux-gnu.so
[5.309s] -- Up-to-date: /home/manav/robotis_ws/install/my_service_package/lib/libmy_service_package__rosidl_generator_py.so
[5.309s] -- Up-to-date: /home/manav/robotis_ws/install/my_service_package/share/my_service_package/msg/RotPos.idl
[5.309s] -- Up-to-date: /home/manav/robotis_ws/install/my_service_package/share/my_service_package/srv/IKservice.idl
[5.309s] -- Up-to-date: /home/manav/robotis_ws/install/my_service_package/share/my_service_package/srv/JointVelservice.idl
[5.313s] -- Up-to-date: /home/manav/robotis_ws/install/my_service_package/share/my_service_package/srv/EndeffectorVelservice.idl
[5.316s] -- Up-to-date: /home/manav/robotis_ws/install/my_service_package/share/my_service_package/msg/RotPos.msg
[5.317s] -- Up-to-date: /home/manav/robotis_ws/install/my_service_package/share/my_service_package/srv/IKservice.srv
[5.320s] -- Up-to-date: /home/manav/robotis_ws/install/my_service_package/share/my_service_package/srv/IKservice_Request.msg
[5.320s] -- Up-to-date: /home/manav/robotis_ws/install/my_service_package/share/my_service_package/srv/IKservice_Response.msg
[5.320s] -- Up-to-date: /home/manav/robotis_ws/install/my_service_package/share/my_service_package/srv/JointVelservice.srv
[5.321s] -- Up-to-date: /home/manav/robotis_ws/install/my_service_package/share/my_service_package/srv/JointVelservice_Request.msg
[5.324s] -- Up-to-date: /home/manav/robotis_ws/install/my_service_package/share/my_service_package/srv/JointVelservice_Response.msg
[5.329s] -- Up-to-date: /home/manav/robotis_ws/install/my_service_package/share/my_service_package/srv/EndeffectorVelservice.srv
[5.330s] -- Up-to-date: /home/manav/robotis_ws/install/my_service_package/share/my_service_package/srv/EndeffectorVelservice_Request.msg
[5.330s] -- Up-to-date: /home/manav/robotis_ws/install/my_service_package/share/my_service_package/srv/EndeffectorVelservice_Response.msg
[5.330s] -- Up-to-date: /home/manav/robotis_ws/install/my_service_package/share/ament_index/resource_index/package_run_dependencies/my_service_package
[5.330s] -- Up-to-date: /home/manav/robotis_ws/install/my_service_package/share/ament_index/resource_index/parent_prefix_path/my_service_package
[5.330s] -- Up-to-date: /home/manav/robotis_ws/install/my_service_package/share/my_service_package/environment/ament_prefix_path.sh
[5.330s] -- Up-to-date: /home/manav/robotis_ws/install/my_service_package/share/my_service_package/environment/ament_prefix_path.dsv
[5.331s] -- Up-to-date: /home/manav/robotis_ws/install/my_service_package/share/my_service_package/environment/path.sh
[5.331s] -- Up-to-date: /home/manav/robotis_ws/install/my_service_package/share/my_service_package/environment/path.dsv
[5.331s] -- Up-to-date: /home/manav/robotis_ws/install/my_service_package/share/my_service_package/local_setup.bash
[5.331s] -- Up-to-date: /home/manav/robotis_ws/install/my_service_package/share/my_service_package/local_setup.sh
[5.331s] -- Up-to-date: /home/manav/robotis_ws/install/my_service_package/share/my_service_package/local_setup.zsh
[5.338s] -- Up-to-date: /home/manav/robotis_ws/install/my_service_package/share/my_service_package/local_setup.dsv
[5.338s] -- Installing: /home/manav/robotis_ws/install/my_service_package/share/my_service_package/package.dsv
[5.338s] -- Up-to-date: /home/manav/robotis_ws/install/my_service_package/share/ament_index/resource_index/packages/my_service_package
[5.338s] -- Up-to-date: /home/manav/robotis_ws/install/my_service_package/share/my_service_package/cmake/export_my_service_package__rosidl_generator_cExport.cmake
[5.338s] -- Up-to-date: /home/manav/robotis_ws/install/my_service_package/share/my_service_package/cmake/export_my_service_package__rosidl_generator_cExport-noconfig.cmake
[5.341s] -- Up-to-date: /home/manav/robotis_ws/install/my_service_package/share/my_service_package/cmake/export_my_service_package__rosidl_typesupport_fastrtps_cExport.cmake
[5.341s] -- Up-to-date: /home/manav/robotis_ws/install/my_service_package/share/my_service_package/cmake/export_my_service_package__rosidl_typesupport_fastrtps_cExport-noconfig.cmake
[5.342s] -- Up-to-date: /home/manav/robotis_ws/install/my_service_package/share/my_service_package/cmake/export_my_service_package__rosidl_generator_cppExport.cmake
[5.342s] -- Up-to-date: /home/manav/robotis_ws/install/my_service_package/share/my_service_package/cmake/export_my_service_package__rosidl_typesupport_fastrtps_cppExport.cmake
[5.342s] -- Up-to-date: /home/manav/robotis_ws/install/my_service_package/share/my_service_package/cmake/export_my_service_package__rosidl_typesupport_fastrtps_cppExport-noconfig.cmake
[5.342s] -- Up-to-date: /home/manav/robotis_ws/install/my_service_package/share/my_service_package/cmake/my_service_package__rosidl_typesupport_introspection_cExport.cmake
[5.350s] -- Up-to-date: /home/manav/robotis_ws/install/my_service_package/share/my_service_package/cmake/my_service_package__rosidl_typesupport_introspection_cExport-noconfig.cmake
[5.351s] -- Up-to-date: /home/manav/robotis_ws/install/my_service_package/share/my_service_package/cmake/my_service_package__rosidl_typesupport_cExport.cmake
[5.351s] -- Up-to-date: /home/manav/robotis_ws/install/my_service_package/share/my_service_package/cmake/my_service_package__rosidl_typesupport_cExport-noconfig.cmake
[5.351s] -- Up-to-date: /home/manav/robotis_ws/install/my_service_package/share/my_service_package/cmake/my_service_package__rosidl_typesupport_introspection_cppExport.cmake
[5.351s] -- Up-to-date: /home/manav/robotis_ws/install/my_service_package/share/my_service_package/cmake/my_service_package__rosidl_typesupport_introspection_cppExport-noconfig.cmake
[5.351s] -- Up-to-date: /home/manav/robotis_ws/install/my_service_package/share/my_service_package/cmake/my_service_package__rosidl_typesupport_cppExport.cmake
[5.351s] -- Up-to-date: /home/manav/robotis_ws/install/my_service_package/share/my_service_package/cmake/my_service_package__rosidl_typesupport_cppExport-noconfig.cmake
[5.351s] -- Up-to-date: /home/manav/robotis_ws/install/my_service_package/share/my_service_package/cmake/export_my_service_package__rosidl_generator_pyExport.cmake
[5.359s] -- Up-to-date: /home/manav/robotis_ws/install/my_service_package/share/my_service_package/cmake/export_my_service_package__rosidl_generator_pyExport-noconfig.cmake
[5.359s] -- Up-to-date: /home/manav/robotis_ws/install/my_service_package/share/my_service_package/cmake/rosidl_cmake-extras.cmake
[5.364s] -- Up-to-date: /home/manav/robotis_ws/install/my_service_package/share/my_service_package/cmake/ament_cmake_export_dependencies-extras.cmake
[5.364s] -- Up-to-date: /home/manav/robotis_ws/install/my_service_package/share/my_service_package/cmake/ament_cmake_export_include_directories-extras.cmake
[5.364s] -- Up-to-date: /home/manav/robotis_ws/install/my_service_package/share/my_service_package/cmake/ament_cmake_export_libraries-extras.cmake
[5.364s] -- Up-to-date: /home/manav/robotis_ws/install/my_service_package/share/my_service_package/cmake/ament_cmake_export_targets-extras.cmake
[5.364s] -- Up-to-date: /home/manav/robotis_ws/install/my_service_package/share/my_service_package/cmake/rosidl_cmake_export_typesupport_targets-extras.cmake
[5.365s] -- Up-to-date: /home/manav/robotis_ws/install/my_service_package/share/my_service_package/cmake/rosidl_cmake_export_typesupport_libraries-extras.cmake
[5.365s] -- Up-to-date: /home/manav/robotis_ws/install/my_service_package/share/my_service_package/cmake/my_service_packageConfig.cmake
[5.365s] -- Up-to-date: /home/manav/robotis_ws/install/my_service_package/share/my_service_package/cmake/my_service_packageConfig-version.cmake
[5.365s] -- Up-to-date: /home/manav/robotis_ws/install/my_service_package/share/my_service_package/package.xml
[5.365s] Invoked command in '/home/manav/robotis_ws/build/my_service_package' returned '0': CMAKE_PREFIX_PATH=${CMAKE_PREFIX_PATH}:/home/manav/robotis_ws/install/vel_kinematics:/home/manav/robotis_ws/install/rbe500_example_py:/home/manav/robotis_ws/install/inverse:/home/manav/robotis_ws/install/forward:/home/manav/ros2_test/install/my_robot_controller:/opt/ros/humble /usr/bin/cmake --install /home/manav/robotis_ws/build/my_service_package
