[5.716s] Invoking command in '/home/manav/robotis_ws/src/OpenManipulatorX_ROS2-main/inverse': PYTHONPATH=/home/manav/robotis_ws/build/inverse/prefix_override:/usr/lib/python3/dist-packages/colcon_core/task/python/colcon_distutils_commands:/home/manav/robotis_ws/install/inverse/lib/python3.10/site-packages:${PYTHONPATH} /usr/bin/python3 -W ignore:setup.py install is deprecated -W ignore:easy_install command is deprecated setup.py egg_info --egg-base ../../../build/inverse build --build-base /home/manav/robotis_ws/build/inverse/build install --record /home/manav/robotis_ws/build/inverse/install.log --single-version-externally-managed install_data
[7.102s] running egg_info
[7.105s] writing ../../../build/inverse/inverse.egg-info/PKG-INFO
[7.106s] writing dependency_links to ../../../build/inverse/inverse.egg-info/dependency_links.txt
[7.108s] writing entry points to ../../../build/inverse/inverse.egg-info/entry_points.txt
[7.109s] writing requirements to ../../../build/inverse/inverse.egg-info/requires.txt
[7.109s] writing top-level names to ../../../build/inverse/inverse.egg-info/top_level.txt
[7.114s] reading manifest file '../../../build/inverse/inverse.egg-info/SOURCES.txt'
[7.114s] adding license file 'LICENSE'
[7.120s] writing manifest file '../../../build/inverse/inverse.egg-info/SOURCES.txt'
[7.120s] running build
[7.121s] running build_py
[7.121s] running install
[7.122s] running install_lib
[7.125s] running install_data
[7.125s] running install_egg_info
[7.130s] removing '/home/manav/robotis_ws/install/inverse/lib/python3.10/site-packages/inverse-0.0.0-py3.10.egg-info' (and everything under it)
[7.130s] Copying ../../../build/inverse/inverse.egg-info to /home/manav/robotis_ws/install/inverse/lib/python3.10/site-packages/inverse-0.0.0-py3.10.egg-info
[7.130s] running install_scripts
[7.206s] Installing inv_call script to /home/manav/robotis_ws/install/inverse/lib/inverse
[7.209s] writing list of installed files to '/home/manav/robotis_ws/build/inverse/install.log'
[7.513s] Invoked command in '/home/manav/robotis_ws/src/OpenManipulatorX_ROS2-main/inverse' returned '0': PYTHONPATH=/home/manav/robotis_ws/build/inverse/prefix_override:/usr/lib/python3/dist-packages/colcon_core/task/python/colcon_distutils_commands:/home/manav/robotis_ws/install/inverse/lib/python3.10/site-packages:${PYTHONPATH} /usr/bin/python3 -W ignore:setup.py install is deprecated -W ignore:easy_install command is deprecated setup.py egg_info --egg-base ../../../build/inverse build --build-base /home/manav/robotis_ws/build/inverse/build install --record /home/manav/robotis_ws/build/inverse/install.log --single-version-externally-managed install_data
