[3.336s] Invoking command in '/home/manav/robotis_ws/src/OpenManipulatorX_ROS2-main/vel_kinematics': PYTHONPATH=/home/manav/robotis_ws/build/vel_kinematics/prefix_override:/usr/lib/python3/dist-packages/colcon_core/task/python/colcon_distutils_commands:/home/manav/robotis_ws/install/vel_kinematics/lib/python3.10/site-packages:${PYTHONPATH} /usr/bin/python3 -W ignore:setup.py install is deprecated -W ignore:easy_install command is deprecated setup.py egg_info --egg-base ../../../build/vel_kinematics build --build-base /home/manav/robotis_ws/build/vel_kinematics/build install --record /home/manav/robotis_ws/build/vel_kinematics/install.log --single-version-externally-managed install_data
[4.004s] running egg_info
[4.009s] writing ../../../build/vel_kinematics/vel_kinematics.egg-info/PKG-INFO
[4.010s] writing dependency_links to ../../../build/vel_kinematics/vel_kinematics.egg-info/dependency_links.txt
[4.010s] writing entry points to ../../../build/vel_kinematics/vel_kinematics.egg-info/entry_points.txt
[4.010s] writing requirements to ../../../build/vel_kinematics/vel_kinematics.egg-info/requires.txt
[4.010s] writing top-level names to ../../../build/vel_kinematics/vel_kinematics.egg-info/top_level.txt
[4.013s] reading manifest file '../../../build/vel_kinematics/vel_kinematics.egg-info/SOURCES.txt'
[4.014s] adding license file 'LICENSE'
[4.015s] writing manifest file '../../../build/vel_kinematics/vel_kinematics.egg-info/SOURCES.txt'
[4.016s] running build
[4.016s] running build_py
[4.018s] running install
[4.018s] running install_lib
[4.021s] running install_data
[4.023s] running install_egg_info
[4.029s] removing '/home/manav/robotis_ws/install/vel_kinematics/lib/python3.10/site-packages/vel_kinematics-0.0.0-py3.10.egg-info' (and everything under it)
[4.030s] Copying ../../../build/vel_kinematics/vel_kinematics.egg-info to /home/manav/robotis_ws/install/vel_kinematics/lib/python3.10/site-packages/vel_kinematics-0.0.0-py3.10.egg-info
[4.032s] running install_scripts
[4.076s] Installing velcalc_call script to /home/manav/robotis_ws/install/vel_kinematics/lib/vel_kinematics
[4.080s] Installing velk_call script to /home/manav/robotis_ws/install/vel_kinematics/lib/vel_kinematics
[4.080s] Installing velpub_call script to /home/manav/robotis_ws/install/vel_kinematics/lib/vel_kinematics
[4.080s] writing list of installed files to '/home/manav/robotis_ws/build/vel_kinematics/install.log'
[4.145s] Invoked command in '/home/manav/robotis_ws/src/OpenManipulatorX_ROS2-main/vel_kinematics' returned '0': PYTHONPATH=/home/manav/robotis_ws/build/vel_kinematics/prefix_override:/usr/lib/python3/dist-packages/colcon_core/task/python/colcon_distutils_commands:/home/manav/robotis_ws/install/vel_kinematics/lib/python3.10/site-packages:${PYTHONPATH} /usr/bin/python3 -W ignore:setup.py install is deprecated -W ignore:easy_install command is deprecated setup.py egg_info --egg-base ../../../build/vel_kinematics build --build-base /home/manav/robotis_ws/build/vel_kinematics/build install --record /home/manav/robotis_ws/build/vel_kinematics/install.log --single-version-externally-managed install_data
