[2.878s] Invoking command in '/home/manav/robotis_ws/src/OpenManipulatorX_ROS2-main/vel_kinematics': PYTHONPATH=/home/manav/robotis_ws/build/vel_kinematics/prefix_override:/usr/lib/python3/dist-packages/colcon_core/task/python/colcon_distutils_commands:/home/manav/robotis_ws/install/vel_kinematics/lib/python3.10/site-packages:${PYTHONPATH} /usr/bin/python3 -W ignore:setup.py install is deprecated -W ignore:easy_install command is deprecated setup.py egg_info --egg-base ../../../build/vel_kinematics build --build-base /home/manav/robotis_ws/build/vel_kinematics/build install --record /home/manav/robotis_ws/build/vel_kinematics/install.log --single-version-externally-managed install_data
[3.625s] running egg_info
[3.627s] writing ../../../build/vel_kinematics/vel_kinematics.egg-info/PKG-INFO
[3.629s] writing dependency_links to ../../../build/vel_kinematics/vel_kinematics.egg-info/dependency_links.txt
[3.630s] writing entry points to ../../../build/vel_kinematics/vel_kinematics.egg-info/entry_points.txt
[3.630s] writing requirements to ../../../build/vel_kinematics/vel_kinematics.egg-info/requires.txt
[3.630s] writing top-level names to ../../../build/vel_kinematics/vel_kinematics.egg-info/top_level.txt
[3.632s] reading manifest file '../../../build/vel_kinematics/vel_kinematics.egg-info/SOURCES.txt'
[3.633s] adding license file 'LICENSE'
[3.635s] writing manifest file '../../../build/vel_kinematics/vel_kinematics.egg-info/SOURCES.txt'
[3.635s] running build
[3.635s] running build_py
[3.635s] copying vel_kinematics/vel_calc.py -> /home/manav/robotis_ws/build/vel_kinematics/build/lib/vel_kinematics
[3.636s] running install
[3.637s] running install_lib
[3.639s] copying /home/manav/robotis_ws/build/vel_kinematics/build/lib/vel_kinematics/vel_calc.py -> /home/manav/robotis_ws/install/vel_kinematics/lib/python3.10/site-packages/vel_kinematics
[3.640s] byte-compiling /home/manav/robotis_ws/install/vel_kinematics/lib/python3.10/site-packages/vel_kinematics/vel_calc.py to vel_calc.cpython-310.pyc
[3.643s] running install_data
[3.643s] running install_egg_info
[3.648s] removing '/home/manav/robotis_ws/install/vel_kinematics/lib/python3.10/site-packages/vel_kinematics-0.0.0-py3.10.egg-info' (and everything under it)
[3.649s] Copying ../../../build/vel_kinematics/vel_kinematics.egg-info to /home/manav/robotis_ws/install/vel_kinematics/lib/python3.10/site-packages/vel_kinematics-0.0.0-py3.10.egg-info
[3.651s] running install_scripts
[3.690s] Installing velcalc_call script to /home/manav/robotis_ws/install/vel_kinematics/lib/vel_kinematics
[3.691s] Installing velk_call script to /home/manav/robotis_ws/install/vel_kinematics/lib/vel_kinematics
[3.691s] Installing velpub_call script to /home/manav/robotis_ws/install/vel_kinematics/lib/vel_kinematics
[3.691s] writing list of installed files to '/home/manav/robotis_ws/build/vel_kinematics/install.log'
[3.748s] Invoked command in '/home/manav/robotis_ws/src/OpenManipulatorX_ROS2-main/vel_kinematics' returned '0': PYTHONPATH=/home/manav/robotis_ws/build/vel_kinematics/prefix_override:/usr/lib/python3/dist-packages/colcon_core/task/python/colcon_distutils_commands:/home/manav/robotis_ws/install/vel_kinematics/lib/python3.10/site-packages:${PYTHONPATH} /usr/bin/python3 -W ignore:setup.py install is deprecated -W ignore:easy_install command is deprecated setup.py egg_info --egg-base ../../../build/vel_kinematics build --build-base /home/manav/robotis_ws/build/vel_kinematics/build install --record /home/manav/robotis_ws/build/vel_kinematics/install.log --single-version-externally-managed install_data
