[0.058s] Invoking command in '/home/manav/robotis_ws/build/dynamixel_sdk_custom_interfaces': CMAKE_PREFIX_PATH=${CMAKE_PREFIX_PATH}:/home/manav/robotis_ws/install/vel_kinematics:/home/manav/robotis_ws/install/rbe500_example_py:/home/manav/robotis_ws/install/pdctr:/home/manav/robotis_ws/install/inverse:/home/manav/robotis_ws/install/forward:/home/manav/ros2_test/install/my_robot_controller:/opt/ros/humble /usr/bin/cmake --build /home/manav/robotis_ws/build/dynamixel_sdk_custom_interfaces -- -j4 -l4
[0.191s] [ 10%] Built target dynamixel_sdk_custom_interfaces__rosidl_generator_c
[0.297s] [ 12%] Built target dynamixel_sdk_custom_interfaces__cpp
[0.316s] [ 12%] Built target ament_cmake_python_copy_dynamixel_sdk_custom_interfaces
[0.331s] [ 23%] Built target dynamixel_sdk_custom_interfaces__rosidl_typesupport_introspection_c
[0.371s] [ 34%] Built target dynamixel_sdk_custom_interfaces__rosidl_typesupport_fastrtps_c
[0.495s] [ 45%] Built target dynamixel_sdk_custom_interfaces__rosidl_typesupport_c
[0.586s] [ 56%] Built target dynamixel_sdk_custom_interfaces__rosidl_typesupport_introspection_cpp
[0.612s] [ 67%] Built target dynamixel_sdk_custom_interfaces__rosidl_typesupport_cpp
[0.685s] [ 78%] Built target dynamixel_sdk_custom_interfaces__rosidl_typesupport_fastrtps_cpp
[0.761s] [ 78%] Built target dynamixel_sdk_custom_interfaces
[0.830s] [ 80%] Built target dynamixel_sdk_custom_interfaces__py
[0.922s] [ 89%] Built target dynamixel_sdk_custom_interfaces__rosidl_generator_py
[1.024s] [ 92%] Built target dynamixel_sdk_custom_interfaces__rosidl_typesupport_fastrtps_c__pyext
[1.048s] [ 96%] Built target dynamixel_sdk_custom_interfaces__rosidl_typesupport_introspection_c__pyext
[1.062s] [100%] Built target dynamixel_sdk_custom_interfaces__rosidl_typesupport_c__pyext
[1.220s] running egg_info
[1.222s] writing dynamixel_sdk_custom_interfaces.egg-info/PKG-INFO
[1.222s] writing dependency_links to dynamixel_sdk_custom_interfaces.egg-info/dependency_links.txt
[1.222s] writing top-level names to dynamixel_sdk_custom_interfaces.egg-info/top_level.txt
[1.226s] reading manifest file 'dynamixel_sdk_custom_interfaces.egg-info/SOURCES.txt'
[1.228s] writing manifest file 'dynamixel_sdk_custom_interfaces.egg-info/SOURCES.txt'
[1.289s] [100%] Built target ament_cmake_python_build_dynamixel_sdk_custom_interfaces_egg
[1.764s] Invoked command in '/home/manav/robotis_ws/build/dynamixel_sdk_custom_interfaces' returned '0': CMAKE_PREFIX_PATH=${CMAKE_PREFIX_PATH}:/home/manav/robotis_ws/install/vel_kinematics:/home/manav/robotis_ws/install/rbe500_example_py:/home/manav/robotis_ws/install/pdctr:/home/manav/robotis_ws/install/inverse:/home/manav/robotis_ws/install/forward:/home/manav/ros2_test/install/my_robot_controller:/opt/ros/humble /usr/bin/cmake --build /home/manav/robotis_ws/build/dynamixel_sdk_custom_interfaces -- -j4 -l4
[1.767s] Invoking command in '/home/manav/robotis_ws/build/dynamixel_sdk_custom_interfaces': CMAKE_PREFIX_PATH=${CMAKE_PREFIX_PATH}:/home/manav/robotis_ws/install/vel_kinematics:/home/manav/robotis_ws/install/rbe500_example_py:/home/manav/robotis_ws/install/pdctr:/home/manav/robotis_ws/install/inverse:/home/manav/robotis_ws/install/forward:/home/manav/ros2_test/install/my_robot_controller:/opt/ros/humble /usr/bin/cmake --install /home/manav/robotis_ws/build/dynamixel_sdk_custom_interfaces
[1.787s] -- Install configuration: ""
[1.788s] -- Up-to-date: /home/manav/robotis_ws/install/dynamixel_sdk_custom_interfaces/share/ament_index/resource_index/rosidl_interfaces/dynamixel_sdk_custom_interfaces
[1.788s] -- Up-to-date: /home/manav/robotis_ws/install/dynamixel_sdk_custom_interfaces/include/dynamixel_sdk_custom_interfaces/dynamixel_sdk_custom_interfaces
[1.788s] -- Up-to-date: /home/manav/robotis_ws/install/dynamixel_sdk_custom_interfaces/include/dynamixel_sdk_custom_interfaces/dynamixel_sdk_custom_interfaces/srv
[1.788s] -- Up-to-date: /home/manav/robotis_ws/install/dynamixel_sdk_custom_interfaces/include/dynamixel_sdk_custom_interfaces/dynamixel_sdk_custom_interfaces/srv/get_current.h
[1.788s] -- Up-to-date: /home/manav/robotis_ws/install/dynamixel_sdk_custom_interfaces/include/dynamixel_sdk_custom_interfaces/dynamixel_sdk_custom_interfaces/srv/get_position.h
[1.788s] -- Up-to-date: /home/manav/robotis_ws/install/dynamixel_sdk_custom_interfaces/include/dynamixel_sdk_custom_interfaces/dynamixel_sdk_custom_interfaces/srv/detail
[1.789s] -- Up-to-date: /home/manav/robotis_ws/install/dynamixel_sdk_custom_interfaces/include/dynamixel_sdk_custom_interfaces/dynamixel_sdk_custom_interfaces/srv/detail/get_position__struct.h
[1.789s] -- Up-to-date: /home/manav/robotis_ws/install/dynamixel_sdk_custom_interfaces/include/dynamixel_sdk_custom_interfaces/dynamixel_sdk_custom_interfaces/srv/detail/get_current__functions.c
[1.794s] -- Up-to-date: /home/manav/robotis_ws/install/dynamixel_sdk_custom_interfaces/include/dynamixel_sdk_custom_interfaces/dynamixel_sdk_custom_interfaces/srv/detail/get_position__functions.h
[1.794s] -- Up-to-date: /home/manav/robotis_ws/install/dynamixel_sdk_custom_interfaces/include/dynamixel_sdk_custom_interfaces/dynamixel_sdk_custom_interfaces/srv/detail/get_current__functions.h
[1.794s] -- Up-to-date: /home/manav/robotis_ws/install/dynamixel_sdk_custom_interfaces/include/dynamixel_sdk_custom_interfaces/dynamixel_sdk_custom_interfaces/srv/detail/get_current__type_support.h
[1.795s] -- Up-to-date: /home/manav/robotis_ws/install/dynamixel_sdk_custom_interfaces/include/dynamixel_sdk_custom_interfaces/dynamixel_sdk_custom_interfaces/srv/detail/get_current__struct.h
[1.797s] -- Up-to-date: /home/manav/robotis_ws/install/dynamixel_sdk_custom_interfaces/include/dynamixel_sdk_custom_interfaces/dynamixel_sdk_custom_interfaces/srv/detail/get_position__type_support.h
[1.797s] -- Up-to-date: /home/manav/robotis_ws/install/dynamixel_sdk_custom_interfaces/include/dynamixel_sdk_custom_interfaces/dynamixel_sdk_custom_interfaces/srv/detail/get_position__functions.c
[1.797s] -- Up-to-date: /home/manav/robotis_ws/install/dynamixel_sdk_custom_interfaces/include/dynamixel_sdk_custom_interfaces/dynamixel_sdk_custom_interfaces/msg
[1.797s] -- Up-to-date: /home/manav/robotis_ws/install/dynamixel_sdk_custom_interfaces/include/dynamixel_sdk_custom_interfaces/dynamixel_sdk_custom_interfaces/msg/set_position.h
[1.797s] -- Up-to-date: /home/manav/robotis_ws/install/dynamixel_sdk_custom_interfaces/include/dynamixel_sdk_custom_interfaces/dynamixel_sdk_custom_interfaces/msg/set_current.h
[1.798s] -- Up-to-date: /home/manav/robotis_ws/install/dynamixel_sdk_custom_interfaces/include/dynamixel_sdk_custom_interfaces/dynamixel_sdk_custom_interfaces/msg/detail
[1.798s] -- Up-to-date: /home/manav/robotis_ws/install/dynamixel_sdk_custom_interfaces/include/dynamixel_sdk_custom_interfaces/dynamixel_sdk_custom_interfaces/msg/detail/set_current__struct.h
[1.798s] -- Up-to-date: /home/manav/robotis_ws/install/dynamixel_sdk_custom_interfaces/include/dynamixel_sdk_custom_interfaces/dynamixel_sdk_custom_interfaces/msg/detail/set_position__functions.c
[1.798s] -- Up-to-date: /home/manav/robotis_ws/install/dynamixel_sdk_custom_interfaces/include/dynamixel_sdk_custom_interfaces/dynamixel_sdk_custom_interfaces/msg/detail/set_current__type_support.h
[1.798s] -- Up-to-date: /home/manav/robotis_ws/install/dynamixel_sdk_custom_interfaces/include/dynamixel_sdk_custom_interfaces/dynamixel_sdk_custom_interfaces/msg/detail/set_current__functions.h
[1.798s] -- Up-to-date: /home/manav/robotis_ws/install/dynamixel_sdk_custom_interfaces/include/dynamixel_sdk_custom_interfaces/dynamixel_sdk_custom_interfaces/msg/detail/set_position__type_support.h
[1.798s] -- Up-to-date: /home/manav/robotis_ws/install/dynamixel_sdk_custom_interfaces/include/dynamixel_sdk_custom_interfaces/dynamixel_sdk_custom_interfaces/msg/detail/set_position__struct.h
[1.799s] -- Up-to-date: /home/manav/robotis_ws/install/dynamixel_sdk_custom_interfaces/include/dynamixel_sdk_custom_interfaces/dynamixel_sdk_custom_interfaces/msg/detail/set_position__functions.h
[1.799s] -- Up-to-date: /home/manav/robotis_ws/install/dynamixel_sdk_custom_interfaces/include/dynamixel_sdk_custom_interfaces/dynamixel_sdk_custom_interfaces/msg/detail/set_current__functions.c
[1.799s] -- Up-to-date: /home/manav/robotis_ws/install/dynamixel_sdk_custom_interfaces/include/dynamixel_sdk_custom_interfaces/dynamixel_sdk_custom_interfaces/msg/rosidl_generator_c__visibility_control.h
[1.799s] -- Up-to-date: /home/manav/robotis_ws/install/dynamixel_sdk_custom_interfaces/share/dynamixel_sdk_custom_interfaces/environment/library_path.sh
[1.799s] -- Up-to-date: /home/manav/robotis_ws/install/dynamixel_sdk_custom_interfaces/share/dynamixel_sdk_custom_interfaces/environment/library_path.dsv
[1.799s] -- Up-to-date: /home/manav/robotis_ws/install/dynamixel_sdk_custom_interfaces/lib/libdynamixel_sdk_custom_interfaces__rosidl_generator_c.so
[1.807s] -- Up-to-date: /home/manav/robotis_ws/install/dynamixel_sdk_custom_interfaces/include/dynamixel_sdk_custom_interfaces/dynamixel_sdk_custom_interfaces
[1.807s] -- Up-to-date: /home/manav/robotis_ws/install/dynamixel_sdk_custom_interfaces/include/dynamixel_sdk_custom_interfaces/dynamixel_sdk_custom_interfaces/srv
[1.807s] -- Up-to-date: /home/manav/robotis_ws/install/dynamixel_sdk_custom_interfaces/include/dynamixel_sdk_custom_interfaces/dynamixel_sdk_custom_interfaces/srv/detail
[1.807s] -- Up-to-date: /home/manav/robotis_ws/install/dynamixel_sdk_custom_interfaces/include/dynamixel_sdk_custom_interfaces/dynamixel_sdk_custom_interfaces/srv/detail/get_position__rosidl_typesupport_fastrtps_c.h
[1.807s] -- Up-to-date: /home/manav/robotis_ws/install/dynamixel_sdk_custom_interfaces/include/dynamixel_sdk_custom_interfaces/dynamixel_sdk_custom_interfaces/srv/detail/get_current__rosidl_typesupport_fastrtps_c.h
[1.807s] -- Up-to-date: /home/manav/robotis_ws/install/dynamixel_sdk_custom_interfaces/include/dynamixel_sdk_custom_interfaces/dynamixel_sdk_custom_interfaces/msg
[1.807s] -- Up-to-date: /home/manav/robotis_ws/install/dynamixel_sdk_custom_interfaces/include/dynamixel_sdk_custom_interfaces/dynamixel_sdk_custom_interfaces/msg/rosidl_typesupport_fastrtps_c__visibility_control.h
[1.807s] -- Up-to-date: /home/manav/robotis_ws/install/dynamixel_sdk_custom_interfaces/include/dynamixel_sdk_custom_interfaces/dynamixel_sdk_custom_interfaces/msg/detail
[1.808s] -- Up-to-date: /home/manav/robotis_ws/install/dynamixel_sdk_custom_interfaces/include/dynamixel_sdk_custom_interfaces/dynamixel_sdk_custom_interfaces/msg/detail/set_current__rosidl_typesupport_fastrtps_c.h
[1.808s] -- Up-to-date: /home/manav/robotis_ws/install/dynamixel_sdk_custom_interfaces/include/dynamixel_sdk_custom_interfaces/dynamixel_sdk_custom_interfaces/msg/detail/set_position__rosidl_typesupport_fastrtps_c.h
[1.808s] -- Up-to-date: /home/manav/robotis_ws/install/dynamixel_sdk_custom_interfaces/lib/libdynamixel_sdk_custom_interfaces__rosidl_typesupport_fastrtps_c.so
[1.808s] -- Up-to-date: /home/manav/robotis_ws/install/dynamixel_sdk_custom_interfaces/include/dynamixel_sdk_custom_interfaces/dynamixel_sdk_custom_interfaces
[1.808s] -- Up-to-date: /home/manav/robotis_ws/install/dynamixel_sdk_custom_interfaces/include/dynamixel_sdk_custom_interfaces/dynamixel_sdk_custom_interfaces/srv
[1.808s] -- Up-to-date: /home/manav/robotis_ws/install/dynamixel_sdk_custom_interfaces/include/dynamixel_sdk_custom_interfaces/dynamixel_sdk_custom_interfaces/srv/get_current.hpp
[1.808s] -- Up-to-date: /home/manav/robotis_ws/install/dynamixel_sdk_custom_interfaces/include/dynamixel_sdk_custom_interfaces/dynamixel_sdk_custom_interfaces/srv/detail
[1.809s] -- Up-to-date: /home/manav/robotis_ws/install/dynamixel_sdk_custom_interfaces/include/dynamixel_sdk_custom_interfaces/dynamixel_sdk_custom_interfaces/srv/detail/get_current__traits.hpp
[1.809s] -- Up-to-date: /home/manav/robotis_ws/install/dynamixel_sdk_custom_interfaces/include/dynamixel_sdk_custom_interfaces/dynamixel_sdk_custom_interfaces/srv/detail/get_position__struct.hpp
[1.811s] -- Up-to-date: /home/manav/robotis_ws/install/dynamixel_sdk_custom_interfaces/include/dynamixel_sdk_custom_interfaces/dynamixel_sdk_custom_interfaces/srv/detail/get_current__builder.hpp
[1.811s] -- Up-to-date: /home/manav/robotis_ws/install/dynamixel_sdk_custom_interfaces/include/dynamixel_sdk_custom_interfaces/dynamixel_sdk_custom_interfaces/srv/detail/get_position__traits.hpp
[1.811s] -- Up-to-date: /home/manav/robotis_ws/install/dynamixel_sdk_custom_interfaces/include/dynamixel_sdk_custom_interfaces/dynamixel_sdk_custom_interfaces/srv/detail/get_position__builder.hpp
[1.811s] -- Up-to-date: /home/manav/robotis_ws/install/dynamixel_sdk_custom_interfaces/include/dynamixel_sdk_custom_interfaces/dynamixel_sdk_custom_interfaces/srv/detail/get_current__struct.hpp
[1.812s] -- Up-to-date: /home/manav/robotis_ws/install/dynamixel_sdk_custom_interfaces/include/dynamixel_sdk_custom_interfaces/dynamixel_sdk_custom_interfaces/srv/get_position.hpp
[1.812s] -- Up-to-date: /home/manav/robotis_ws/install/dynamixel_sdk_custom_interfaces/include/dynamixel_sdk_custom_interfaces/dynamixel_sdk_custom_interfaces/msg
[1.813s] -- Up-to-date: /home/manav/robotis_ws/install/dynamixel_sdk_custom_interfaces/include/dynamixel_sdk_custom_interfaces/dynamixel_sdk_custom_interfaces/msg/set_position.hpp
[1.813s] -- Up-to-date: /home/manav/robotis_ws/install/dynamixel_sdk_custom_interfaces/include/dynamixel_sdk_custom_interfaces/dynamixel_sdk_custom_interfaces/msg/detail
[1.813s] -- Up-to-date: /home/manav/robotis_ws/install/dynamixel_sdk_custom_interfaces/include/dynamixel_sdk_custom_interfaces/dynamixel_sdk_custom_interfaces/msg/detail/set_current__traits.hpp
[1.813s] -- Up-to-date: /home/manav/robotis_ws/install/dynamixel_sdk_custom_interfaces/include/dynamixel_sdk_custom_interfaces/dynamixel_sdk_custom_interfaces/msg/detail/set_position__builder.hpp
[1.813s] -- Up-to-date: /home/manav/robotis_ws/install/dynamixel_sdk_custom_interfaces/include/dynamixel_sdk_custom_interfaces/dynamixel_sdk_custom_interfaces/msg/detail/set_position__traits.hpp
[1.814s] -- Up-to-date: /home/manav/robotis_ws/install/dynamixel_sdk_custom_interfaces/include/dynamixel_sdk_custom_interfaces/dynamixel_sdk_custom_interfaces/msg/detail/set_position__struct.hpp
[1.814s] -- Up-to-date: /home/manav/robotis_ws/install/dynamixel_sdk_custom_interfaces/include/dynamixel_sdk_custom_interfaces/dynamixel_sdk_custom_interfaces/msg/detail/set_current__struct.hpp
[1.814s] -- Up-to-date: /home/manav/robotis_ws/install/dynamixel_sdk_custom_interfaces/include/dynamixel_sdk_custom_interfaces/dynamixel_sdk_custom_interfaces/msg/detail/set_current__builder.hpp
[1.814s] -- Up-to-date: /home/manav/robotis_ws/install/dynamixel_sdk_custom_interfaces/include/dynamixel_sdk_custom_interfaces/dynamixel_sdk_custom_interfaces/msg/set_current.hpp
[1.814s] -- Up-to-date: /home/manav/robotis_ws/install/dynamixel_sdk_custom_interfaces/include/dynamixel_sdk_custom_interfaces/dynamixel_sdk_custom_interfaces
[1.814s] -- Up-to-date: /home/manav/robotis_ws/install/dynamixel_sdk_custom_interfaces/include/dynamixel_sdk_custom_interfaces/dynamixel_sdk_custom_interfaces/srv
[1.814s] -- Up-to-date: /home/manav/robotis_ws/install/dynamixel_sdk_custom_interfaces/include/dynamixel_sdk_custom_interfaces/dynamixel_sdk_custom_interfaces/srv/detail
[1.814s] -- Up-to-date: /home/manav/robotis_ws/install/dynamixel_sdk_custom_interfaces/include/dynamixel_sdk_custom_interfaces/dynamixel_sdk_custom_interfaces/srv/detail/get_current__rosidl_typesupport_fastrtps_cpp.hpp
[1.815s] -- Up-to-date: /home/manav/robotis_ws/install/dynamixel_sdk_custom_interfaces/include/dynamixel_sdk_custom_interfaces/dynamixel_sdk_custom_interfaces/srv/detail/get_position__rosidl_typesupport_fastrtps_cpp.hpp
[1.815s] -- Up-to-date: /home/manav/robotis_ws/install/dynamixel_sdk_custom_interfaces/include/dynamixel_sdk_custom_interfaces/dynamixel_sdk_custom_interfaces/srv/detail/dds_fastrtps
[1.815s] -- Up-to-date: /home/manav/robotis_ws/install/dynamixel_sdk_custom_interfaces/include/dynamixel_sdk_custom_interfaces/dynamixel_sdk_custom_interfaces/msg
[1.815s] -- Up-to-date: /home/manav/robotis_ws/install/dynamixel_sdk_custom_interfaces/include/dynamixel_sdk_custom_interfaces/dynamixel_sdk_custom_interfaces/msg/rosidl_typesupport_fastrtps_cpp__visibility_control.h
[1.815s] -- Up-to-date: /home/manav/robotis_ws/install/dynamixel_sdk_custom_interfaces/include/dynamixel_sdk_custom_interfaces/dynamixel_sdk_custom_interfaces/msg/detail
[1.815s] -- Up-to-date: /home/manav/robotis_ws/install/dynamixel_sdk_custom_interfaces/include/dynamixel_sdk_custom_interfaces/dynamixel_sdk_custom_interfaces/msg/detail/set_current__rosidl_typesupport_fastrtps_cpp.hpp
[1.815s] -- Up-to-date: /home/manav/robotis_ws/install/dynamixel_sdk_custom_interfaces/include/dynamixel_sdk_custom_interfaces/dynamixel_sdk_custom_interfaces/msg/detail/set_position__rosidl_typesupport_fastrtps_cpp.hpp
[1.815s] -- Up-to-date: /home/manav/robotis_ws/install/dynamixel_sdk_custom_interfaces/include/dynamixel_sdk_custom_interfaces/dynamixel_sdk_custom_interfaces/msg/detail/dds_fastrtps
[1.816s] -- Up-to-date: /home/manav/robotis_ws/install/dynamixel_sdk_custom_interfaces/lib/libdynamixel_sdk_custom_interfaces__rosidl_typesupport_fastrtps_cpp.so
[1.816s] -- Up-to-date: /home/manav/robotis_ws/install/dynamixel_sdk_custom_interfaces/include/dynamixel_sdk_custom_interfaces/dynamixel_sdk_custom_interfaces
[1.819s] -- Up-to-date: /home/manav/robotis_ws/install/dynamixel_sdk_custom_interfaces/include/dynamixel_sdk_custom_interfaces/dynamixel_sdk_custom_interfaces/srv
[1.819s] -- Up-to-date: /home/manav/robotis_ws/install/dynamixel_sdk_custom_interfaces/include/dynamixel_sdk_custom_interfaces/dynamixel_sdk_custom_interfaces/srv/detail
[1.819s] -- Up-to-date: /home/manav/robotis_ws/install/dynamixel_sdk_custom_interfaces/include/dynamixel_sdk_custom_interfaces/dynamixel_sdk_custom_interfaces/srv/detail/get_position__type_support.c
[1.820s] -- Up-to-date: /home/manav/robotis_ws/install/dynamixel_sdk_custom_interfaces/include/dynamixel_sdk_custom_interfaces/dynamixel_sdk_custom_interfaces/srv/detail/get_position__rosidl_typesupport_introspection_c.h
[1.820s] -- Up-to-date: /home/manav/robotis_ws/install/dynamixel_sdk_custom_interfaces/include/dynamixel_sdk_custom_interfaces/dynamixel_sdk_custom_interfaces/srv/detail/get_current__type_support.c
[1.821s] -- Up-to-date: /home/manav/robotis_ws/install/dynamixel_sdk_custom_interfaces/include/dynamixel_sdk_custom_interfaces/dynamixel_sdk_custom_interfaces/srv/detail/get_current__rosidl_typesupport_introspection_c.h
[1.822s] -- Up-to-date: /home/manav/robotis_ws/install/dynamixel_sdk_custom_interfaces/include/dynamixel_sdk_custom_interfaces/dynamixel_sdk_custom_interfaces/msg
[1.822s] -- Up-to-date: /home/manav/robotis_ws/install/dynamixel_sdk_custom_interfaces/include/dynamixel_sdk_custom_interfaces/dynamixel_sdk_custom_interfaces/msg/rosidl_typesupport_introspection_c__visibility_control.h
[1.822s] -- Up-to-date: /home/manav/robotis_ws/install/dynamixel_sdk_custom_interfaces/include/dynamixel_sdk_custom_interfaces/dynamixel_sdk_custom_interfaces/msg/detail
[1.822s] -- Up-to-date: /home/manav/robotis_ws/install/dynamixel_sdk_custom_interfaces/include/dynamixel_sdk_custom_interfaces/dynamixel_sdk_custom_interfaces/msg/detail/set_current__type_support.c
[1.822s] -- Up-to-date: /home/manav/robotis_ws/install/dynamixel_sdk_custom_interfaces/include/dynamixel_sdk_custom_interfaces/dynamixel_sdk_custom_interfaces/msg/detail/set_current__rosidl_typesupport_introspection_c.h
[1.822s] -- Up-to-date: /home/manav/robotis_ws/install/dynamixel_sdk_custom_interfaces/include/dynamixel_sdk_custom_interfaces/dynamixel_sdk_custom_interfaces/msg/detail/set_position__type_support.c
[1.823s] -- Up-to-date: /home/manav/robotis_ws/install/dynamixel_sdk_custom_interfaces/include/dynamixel_sdk_custom_interfaces/dynamixel_sdk_custom_interfaces/msg/detail/set_position__rosidl_typesupport_introspection_c.h
[1.825s] -- Up-to-date: /home/manav/robotis_ws/install/dynamixel_sdk_custom_interfaces/lib/libdynamixel_sdk_custom_interfaces__rosidl_typesupport_introspection_c.so
[1.825s] -- Up-to-date: /home/manav/robotis_ws/install/dynamixel_sdk_custom_interfaces/lib/libdynamixel_sdk_custom_interfaces__rosidl_typesupport_c.so
[1.825s] -- Up-to-date: /home/manav/robotis_ws/install/dynamixel_sdk_custom_interfaces/include/dynamixel_sdk_custom_interfaces/dynamixel_sdk_custom_interfaces
[1.826s] -- Up-to-date: /home/manav/robotis_ws/install/dynamixel_sdk_custom_interfaces/include/dynamixel_sdk_custom_interfaces/dynamixel_sdk_custom_interfaces/srv
[1.826s] -- Up-to-date: /home/manav/robotis_ws/install/dynamixel_sdk_custom_interfaces/include/dynamixel_sdk_custom_interfaces/dynamixel_sdk_custom_interfaces/srv/detail
[1.826s] -- Up-to-date: /home/manav/robotis_ws/install/dynamixel_sdk_custom_interfaces/include/dynamixel_sdk_custom_interfaces/dynamixel_sdk_custom_interfaces/srv/detail/get_current__type_support.cpp
[1.826s] -- Up-to-date: /home/manav/robotis_ws/install/dynamixel_sdk_custom_interfaces/include/dynamixel_sdk_custom_interfaces/dynamixel_sdk_custom_interfaces/srv/detail/get_position__rosidl_typesupport_introspection_cpp.hpp
[1.826s] -- Up-to-date: /home/manav/robotis_ws/install/dynamixel_sdk_custom_interfaces/include/dynamixel_sdk_custom_interfaces/dynamixel_sdk_custom_interfaces/srv/detail/get_position__type_support.cpp
[1.826s] -- Up-to-date: /home/manav/robotis_ws/install/dynamixel_sdk_custom_interfaces/include/dynamixel_sdk_custom_interfaces/dynamixel_sdk_custom_interfaces/srv/detail/get_current__rosidl_typesupport_introspection_cpp.hpp
[1.826s] -- Up-to-date: /home/manav/robotis_ws/install/dynamixel_sdk_custom_interfaces/include/dynamixel_sdk_custom_interfaces/dynamixel_sdk_custom_interfaces/msg
[1.826s] -- Up-to-date: /home/manav/robotis_ws/install/dynamixel_sdk_custom_interfaces/include/dynamixel_sdk_custom_interfaces/dynamixel_sdk_custom_interfaces/msg/detail
[1.827s] -- Up-to-date: /home/manav/robotis_ws/install/dynamixel_sdk_custom_interfaces/include/dynamixel_sdk_custom_interfaces/dynamixel_sdk_custom_interfaces/msg/detail/set_position__type_support.cpp
[1.835s] -- Up-to-date: /home/manav/robotis_ws/install/dynamixel_sdk_custom_interfaces/include/dynamixel_sdk_custom_interfaces/dynamixel_sdk_custom_interfaces/msg/detail/set_current__type_support.cpp
[1.835s] -- Up-to-date: /home/manav/robotis_ws/install/dynamixel_sdk_custom_interfaces/include/dynamixel_sdk_custom_interfaces/dynamixel_sdk_custom_interfaces/msg/detail/set_position__rosidl_typesupport_introspection_cpp.hpp
[1.836s] -- Up-to-date: /home/manav/robotis_ws/install/dynamixel_sdk_custom_interfaces/include/dynamixel_sdk_custom_interfaces/dynamixel_sdk_custom_interfaces/msg/detail/set_current__rosidl_typesupport_introspection_cpp.hpp
[1.836s] -- Up-to-date: /home/manav/robotis_ws/install/dynamixel_sdk_custom_interfaces/lib/libdynamixel_sdk_custom_interfaces__rosidl_typesupport_introspection_cpp.so
[1.836s] -- Up-to-date: /home/manav/robotis_ws/install/dynamixel_sdk_custom_interfaces/lib/libdynamixel_sdk_custom_interfaces__rosidl_typesupport_cpp.so
[1.836s] -- Up-to-date: /home/manav/robotis_ws/install/dynamixel_sdk_custom_interfaces/share/dynamixel_sdk_custom_interfaces/environment/pythonpath.sh
[1.836s] -- Up-to-date: /home/manav/robotis_ws/install/dynamixel_sdk_custom_interfaces/share/dynamixel_sdk_custom_interfaces/environment/pythonpath.dsv
[1.836s] -- Up-to-date: /home/manav/robotis_ws/install/dynamixel_sdk_custom_interfaces/local/lib/python3.10/dist-packages/dynamixel_sdk_custom_interfaces-3.7.60-py3.10.egg-info
[1.836s] -- Installing: /home/manav/robotis_ws/install/dynamixel_sdk_custom_interfaces/local/lib/python3.10/dist-packages/dynamixel_sdk_custom_interfaces-3.7.60-py3.10.egg-info/top_level.txt
[1.837s] -- Installing: /home/manav/robotis_ws/install/dynamixel_sdk_custom_interfaces/local/lib/python3.10/dist-packages/dynamixel_sdk_custom_interfaces-3.7.60-py3.10.egg-info/dependency_links.txt
[1.837s] -- Installing: /home/manav/robotis_ws/install/dynamixel_sdk_custom_interfaces/local/lib/python3.10/dist-packages/dynamixel_sdk_custom_interfaces-3.7.60-py3.10.egg-info/PKG-INFO
[1.837s] -- Installing: /home/manav/robotis_ws/install/dynamixel_sdk_custom_interfaces/local/lib/python3.10/dist-packages/dynamixel_sdk_custom_interfaces-3.7.60-py3.10.egg-info/SOURCES.txt
[1.837s] -- Up-to-date: /home/manav/robotis_ws/install/dynamixel_sdk_custom_interfaces/local/lib/python3.10/dist-packages/dynamixel_sdk_custom_interfaces
[1.837s] -- Up-to-date: /home/manav/robotis_ws/install/dynamixel_sdk_custom_interfaces/local/lib/python3.10/dist-packages/dynamixel_sdk_custom_interfaces/_dynamixel_sdk_custom_interfaces_s.ep.rosidl_typesupport_fastrtps_c.c
[1.837s] -- Up-to-date: /home/manav/robotis_ws/install/dynamixel_sdk_custom_interfaces/local/lib/python3.10/dist-packages/dynamixel_sdk_custom_interfaces/dynamixel_sdk_custom_interfaces_s__rosidl_typesupport_fastrtps_c.cpython-310-x86_64-linux-gnu.so
[1.837s] -- Up-to-date: /home/manav/robotis_ws/install/dynamixel_sdk_custom_interfaces/local/lib/python3.10/dist-packages/dynamixel_sdk_custom_interfaces/dynamixel_sdk_custom_interfaces_s__rosidl_typesupport_c.cpython-310-x86_64-linux-gnu.so
[1.838s] -- Up-to-date: /home/manav/robotis_ws/install/dynamixel_sdk_custom_interfaces/local/lib/python3.10/dist-packages/dynamixel_sdk_custom_interfaces/_dynamixel_sdk_custom_interfaces_s.ep.rosidl_typesupport_c.c
[1.838s] -- Up-to-date: /home/manav/robotis_ws/install/dynamixel_sdk_custom_interfaces/local/lib/python3.10/dist-packages/dynamixel_sdk_custom_interfaces/libdynamixel_sdk_custom_interfaces__rosidl_generator_py.so
[1.847s] -- Up-to-date: /home/manav/robotis_ws/install/dynamixel_sdk_custom_interfaces/local/lib/python3.10/dist-packages/dynamixel_sdk_custom_interfaces/dynamixel_sdk_custom_interfaces_s__rosidl_typesupport_introspection_c.cpython-310-x86_64-linux-gnu.so
[1.848s] -- Up-to-date: /home/manav/robotis_ws/install/dynamixel_sdk_custom_interfaces/local/lib/python3.10/dist-packages/dynamixel_sdk_custom_interfaces/srv
[1.848s] -- Up-to-date: /home/manav/robotis_ws/install/dynamixel_sdk_custom_interfaces/local/lib/python3.10/dist-packages/dynamixel_sdk_custom_interfaces/srv/_get_position.py
[1.848s] -- Up-to-date: /home/manav/robotis_ws/install/dynamixel_sdk_custom_interfaces/local/lib/python3.10/dist-packages/dynamixel_sdk_custom_interfaces/srv/_get_current_s.c
[1.848s] -- Up-to-date: /home/manav/robotis_ws/install/dynamixel_sdk_custom_interfaces/local/lib/python3.10/dist-packages/dynamixel_sdk_custom_interfaces/srv/_get_current.py
[1.849s] -- Up-to-date: /home/manav/robotis_ws/install/dynamixel_sdk_custom_interfaces/local/lib/python3.10/dist-packages/dynamixel_sdk_custom_interfaces/srv/_get_position_s.c
[1.849s] -- Up-to-date: /home/manav/robotis_ws/install/dynamixel_sdk_custom_interfaces/local/lib/python3.10/dist-packages/dynamixel_sdk_custom_interfaces/srv/__init__.py
[1.849s] -- Up-to-date: /home/manav/robotis_ws/install/dynamixel_sdk_custom_interfaces/local/lib/python3.10/dist-packages/dynamixel_sdk_custom_interfaces/msg
[1.849s] -- Up-to-date: /home/manav/robotis_ws/install/dynamixel_sdk_custom_interfaces/local/lib/python3.10/dist-packages/dynamixel_sdk_custom_interfaces/msg/_set_position.py
[1.849s] -- Up-to-date: /home/manav/robotis_ws/install/dynamixel_sdk_custom_interfaces/local/lib/python3.10/dist-packages/dynamixel_sdk_custom_interfaces/msg/_set_position_s.c
[1.849s] -- Up-to-date: /home/manav/robotis_ws/install/dynamixel_sdk_custom_interfaces/local/lib/python3.10/dist-packages/dynamixel_sdk_custom_interfaces/msg/_set_current.py
[1.849s] -- Up-to-date: /home/manav/robotis_ws/install/dynamixel_sdk_custom_interfaces/local/lib/python3.10/dist-packages/dynamixel_sdk_custom_interfaces/msg/_set_current_s.c
[1.849s] -- Up-to-date: /home/manav/robotis_ws/install/dynamixel_sdk_custom_interfaces/local/lib/python3.10/dist-packages/dynamixel_sdk_custom_interfaces/msg/__init__.py
[1.850s] -- Up-to-date: /home/manav/robotis_ws/install/dynamixel_sdk_custom_interfaces/local/lib/python3.10/dist-packages/dynamixel_sdk_custom_interfaces/_dynamixel_sdk_custom_interfaces_s.ep.rosidl_typesupport_introspection_c.c
[1.850s] -- Up-to-date: /home/manav/robotis_ws/install/dynamixel_sdk_custom_interfaces/local/lib/python3.10/dist-packages/dynamixel_sdk_custom_interfaces/__init__.py
[1.932s] Listing '/home/manav/robotis_ws/install/dynamixel_sdk_custom_interfaces/local/lib/python3.10/dist-packages/dynamixel_sdk_custom_interfaces'...
[1.932s] Listing '/home/manav/robotis_ws/install/dynamixel_sdk_custom_interfaces/local/lib/python3.10/dist-packages/dynamixel_sdk_custom_interfaces/msg'...
[1.932s] Listing '/home/manav/robotis_ws/install/dynamixel_sdk_custom_interfaces/local/lib/python3.10/dist-packages/dynamixel_sdk_custom_interfaces/srv'...
[1.934s] -- Up-to-date: /home/manav/robotis_ws/install/dynamixel_sdk_custom_interfaces/local/lib/python3.10/dist-packages/dynamixel_sdk_custom_interfaces/dynamixel_sdk_custom_interfaces_s__rosidl_typesupport_fastrtps_c.cpython-310-x86_64-linux-gnu.so
[1.934s] -- Up-to-date: /home/manav/robotis_ws/install/dynamixel_sdk_custom_interfaces/local/lib/python3.10/dist-packages/dynamixel_sdk_custom_interfaces/dynamixel_sdk_custom_interfaces_s__rosidl_typesupport_introspection_c.cpython-310-x86_64-linux-gnu.so
[1.934s] -- Up-to-date: /home/manav/robotis_ws/install/dynamixel_sdk_custom_interfaces/local/lib/python3.10/dist-packages/dynamixel_sdk_custom_interfaces/dynamixel_sdk_custom_interfaces_s__rosidl_typesupport_c.cpython-310-x86_64-linux-gnu.so
[1.934s] -- Up-to-date: /home/manav/robotis_ws/install/dynamixel_sdk_custom_interfaces/lib/libdynamixel_sdk_custom_interfaces__rosidl_generator_py.so
[1.934s] -- Up-to-date: /home/manav/robotis_ws/install/dynamixel_sdk_custom_interfaces/share/dynamixel_sdk_custom_interfaces/msg/SetPosition.idl
[1.934s] -- Up-to-date: /home/manav/robotis_ws/install/dynamixel_sdk_custom_interfaces/share/dynamixel_sdk_custom_interfaces/msg/SetCurrent.idl
[1.935s] -- Up-to-date: /home/manav/robotis_ws/install/dynamixel_sdk_custom_interfaces/share/dynamixel_sdk_custom_interfaces/srv/GetPosition.idl
[1.935s] -- Up-to-date: /home/manav/robotis_ws/install/dynamixel_sdk_custom_interfaces/share/dynamixel_sdk_custom_interfaces/srv/GetCurrent.idl
[1.935s] -- Up-to-date: /home/manav/robotis_ws/install/dynamixel_sdk_custom_interfaces/share/dynamixel_sdk_custom_interfaces/msg/SetPosition.msg
[1.935s] -- Up-to-date: /home/manav/robotis_ws/install/dynamixel_sdk_custom_interfaces/share/dynamixel_sdk_custom_interfaces/msg/SetCurrent.msg
[1.935s] -- Up-to-date: /home/manav/robotis_ws/install/dynamixel_sdk_custom_interfaces/share/dynamixel_sdk_custom_interfaces/srv/GetPosition.srv
[1.935s] -- Up-to-date: /home/manav/robotis_ws/install/dynamixel_sdk_custom_interfaces/share/dynamixel_sdk_custom_interfaces/srv/GetPosition_Request.msg
[1.935s] -- Up-to-date: /home/manav/robotis_ws/install/dynamixel_sdk_custom_interfaces/share/dynamixel_sdk_custom_interfaces/srv/GetPosition_Response.msg
[1.935s] -- Up-to-date: /home/manav/robotis_ws/install/dynamixel_sdk_custom_interfaces/share/dynamixel_sdk_custom_interfaces/srv/GetCurrent.srv
[1.935s] -- Up-to-date: /home/manav/robotis_ws/install/dynamixel_sdk_custom_interfaces/share/dynamixel_sdk_custom_interfaces/srv/GetCurrent_Request.msg
[1.936s] -- Up-to-date: /home/manav/robotis_ws/install/dynamixel_sdk_custom_interfaces/share/dynamixel_sdk_custom_interfaces/srv/GetCurrent_Response.msg
[1.936s] -- Up-to-date: /home/manav/robotis_ws/install/dynamixel_sdk_custom_interfaces/share/ament_index/resource_index/package_run_dependencies/dynamixel_sdk_custom_interfaces
[1.939s] -- Up-to-date: /home/manav/robotis_ws/install/dynamixel_sdk_custom_interfaces/share/ament_index/resource_index/parent_prefix_path/dynamixel_sdk_custom_interfaces
[1.939s] -- Up-to-date: /home/manav/robotis_ws/install/dynamixel_sdk_custom_interfaces/share/dynamixel_sdk_custom_interfaces/environment/ament_prefix_path.sh
[1.939s] -- Up-to-date: /home/manav/robotis_ws/install/dynamixel_sdk_custom_interfaces/share/dynamixel_sdk_custom_interfaces/environment/ament_prefix_path.dsv
[1.939s] -- Up-to-date: /home/manav/robotis_ws/install/dynamixel_sdk_custom_interfaces/share/dynamixel_sdk_custom_interfaces/environment/path.sh
[1.939s] -- Up-to-date: /home/manav/robotis_ws/install/dynamixel_sdk_custom_interfaces/share/dynamixel_sdk_custom_interfaces/environment/path.dsv
[1.940s] -- Up-to-date: /home/manav/robotis_ws/install/dynamixel_sdk_custom_interfaces/share/dynamixel_sdk_custom_interfaces/local_setup.bash
[1.940s] -- Up-to-date: /home/manav/robotis_ws/install/dynamixel_sdk_custom_interfaces/share/dynamixel_sdk_custom_interfaces/local_setup.sh
[1.940s] -- Up-to-date: /home/manav/robotis_ws/install/dynamixel_sdk_custom_interfaces/share/dynamixel_sdk_custom_interfaces/local_setup.zsh
[1.940s] -- Up-to-date: /home/manav/robotis_ws/install/dynamixel_sdk_custom_interfaces/share/dynamixel_sdk_custom_interfaces/local_setup.dsv
[1.940s] -- Installing: /home/manav/robotis_ws/install/dynamixel_sdk_custom_interfaces/share/dynamixel_sdk_custom_interfaces/package.dsv
[1.941s] -- Up-to-date: /home/manav/robotis_ws/install/dynamixel_sdk_custom_interfaces/share/ament_index/resource_index/packages/dynamixel_sdk_custom_interfaces
[1.941s] -- Up-to-date: /home/manav/robotis_ws/install/dynamixel_sdk_custom_interfaces/share/dynamixel_sdk_custom_interfaces/cmake/export_dynamixel_sdk_custom_interfaces__rosidl_generator_cExport.cmake
[1.941s] -- Up-to-date: /home/manav/robotis_ws/install/dynamixel_sdk_custom_interfaces/share/dynamixel_sdk_custom_interfaces/cmake/export_dynamixel_sdk_custom_interfaces__rosidl_generator_cExport-noconfig.cmake
[1.941s] -- Up-to-date: /home/manav/robotis_ws/install/dynamixel_sdk_custom_interfaces/share/dynamixel_sdk_custom_interfaces/cmake/export_dynamixel_sdk_custom_interfaces__rosidl_typesupport_fastrtps_cExport.cmake
[1.941s] -- Up-to-date: /home/manav/robotis_ws/install/dynamixel_sdk_custom_interfaces/share/dynamixel_sdk_custom_interfaces/cmake/export_dynamixel_sdk_custom_interfaces__rosidl_typesupport_fastrtps_cExport-noconfig.cmake
[1.941s] -- Up-to-date: /home/manav/robotis_ws/install/dynamixel_sdk_custom_interfaces/share/dynamixel_sdk_custom_interfaces/cmake/export_dynamixel_sdk_custom_interfaces__rosidl_generator_cppExport.cmake
[1.941s] -- Up-to-date: /home/manav/robotis_ws/install/dynamixel_sdk_custom_interfaces/share/dynamixel_sdk_custom_interfaces/cmake/export_dynamixel_sdk_custom_interfaces__rosidl_typesupport_fastrtps_cppExport.cmake
[1.941s] -- Up-to-date: /home/manav/robotis_ws/install/dynamixel_sdk_custom_interfaces/share/dynamixel_sdk_custom_interfaces/cmake/export_dynamixel_sdk_custom_interfaces__rosidl_typesupport_fastrtps_cppExport-noconfig.cmake
[1.941s] -- Up-to-date: /home/manav/robotis_ws/install/dynamixel_sdk_custom_interfaces/share/dynamixel_sdk_custom_interfaces/cmake/dynamixel_sdk_custom_interfaces__rosidl_typesupport_introspection_cExport.cmake
[1.942s] -- Up-to-date: /home/manav/robotis_ws/install/dynamixel_sdk_custom_interfaces/share/dynamixel_sdk_custom_interfaces/cmake/dynamixel_sdk_custom_interfaces__rosidl_typesupport_introspection_cExport-noconfig.cmake
[1.942s] -- Up-to-date: /home/manav/robotis_ws/install/dynamixel_sdk_custom_interfaces/share/dynamixel_sdk_custom_interfaces/cmake/dynamixel_sdk_custom_interfaces__rosidl_typesupport_cExport.cmake
[1.943s] -- Up-to-date: /home/manav/robotis_ws/install/dynamixel_sdk_custom_interfaces/share/dynamixel_sdk_custom_interfaces/cmake/dynamixel_sdk_custom_interfaces__rosidl_typesupport_cExport-noconfig.cmake
[1.943s] -- Up-to-date: /home/manav/robotis_ws/install/dynamixel_sdk_custom_interfaces/share/dynamixel_sdk_custom_interfaces/cmake/dynamixel_sdk_custom_interfaces__rosidl_typesupport_introspection_cppExport.cmake
[1.944s] -- Up-to-date: /home/manav/robotis_ws/install/dynamixel_sdk_custom_interfaces/share/dynamixel_sdk_custom_interfaces/cmake/dynamixel_sdk_custom_interfaces__rosidl_typesupport_introspection_cppExport-noconfig.cmake
[1.945s] -- Up-to-date: /home/manav/robotis_ws/install/dynamixel_sdk_custom_interfaces/share/dynamixel_sdk_custom_interfaces/cmake/dynamixel_sdk_custom_interfaces__rosidl_typesupport_cppExport.cmake
[1.945s] -- Up-to-date: /home/manav/robotis_ws/install/dynamixel_sdk_custom_interfaces/share/dynamixel_sdk_custom_interfaces/cmake/dynamixel_sdk_custom_interfaces__rosidl_typesupport_cppExport-noconfig.cmake
[1.945s] -- Up-to-date: /home/manav/robotis_ws/install/dynamixel_sdk_custom_interfaces/share/dynamixel_sdk_custom_interfaces/cmake/export_dynamixel_sdk_custom_interfaces__rosidl_generator_pyExport.cmake
[1.945s] -- Up-to-date: /home/manav/robotis_ws/install/dynamixel_sdk_custom_interfaces/share/dynamixel_sdk_custom_interfaces/cmake/export_dynamixel_sdk_custom_interfaces__rosidl_generator_pyExport-noconfig.cmake
[1.945s] -- Up-to-date: /home/manav/robotis_ws/install/dynamixel_sdk_custom_interfaces/share/dynamixel_sdk_custom_interfaces/cmake/rosidl_cmake-extras.cmake
[1.945s] -- Up-to-date: /home/manav/robotis_ws/install/dynamixel_sdk_custom_interfaces/share/dynamixel_sdk_custom_interfaces/cmake/ament_cmake_export_dependencies-extras.cmake
[1.945s] -- Up-to-date: /home/manav/robotis_ws/install/dynamixel_sdk_custom_interfaces/share/dynamixel_sdk_custom_interfaces/cmake/ament_cmake_export_include_directories-extras.cmake
[1.946s] -- Up-to-date: /home/manav/robotis_ws/install/dynamixel_sdk_custom_interfaces/share/dynamixel_sdk_custom_interfaces/cmake/ament_cmake_export_libraries-extras.cmake
[1.946s] -- Up-to-date: /home/manav/robotis_ws/install/dynamixel_sdk_custom_interfaces/share/dynamixel_sdk_custom_interfaces/cmake/ament_cmake_export_targets-extras.cmake
[1.946s] -- Up-to-date: /home/manav/robotis_ws/install/dynamixel_sdk_custom_interfaces/share/dynamixel_sdk_custom_interfaces/cmake/rosidl_cmake_export_typesupport_targets-extras.cmake
[1.946s] -- Up-to-date: /home/manav/robotis_ws/install/dynamixel_sdk_custom_interfaces/share/dynamixel_sdk_custom_interfaces/cmake/rosidl_cmake_export_typesupport_libraries-extras.cmake
[1.946s] -- Up-to-date: /home/manav/robotis_ws/install/dynamixel_sdk_custom_interfaces/share/dynamixel_sdk_custom_interfaces/cmake/dynamixel_sdk_custom_interfacesConfig.cmake
[1.946s] -- Up-to-date: /home/manav/robotis_ws/install/dynamixel_sdk_custom_interfaces/share/dynamixel_sdk_custom_interfaces/cmake/dynamixel_sdk_custom_interfacesConfig-version.cmake
[1.946s] -- Up-to-date: /home/manav/robotis_ws/install/dynamixel_sdk_custom_interfaces/share/dynamixel_sdk_custom_interfaces/package.xml
[1.947s] Invoked command in '/home/manav/robotis_ws/build/dynamixel_sdk_custom_interfaces' returned '0': CMAKE_PREFIX_PATH=${CMAKE_PREFIX_PATH}:/home/manav/robotis_ws/install/vel_kinematics:/home/manav/robotis_ws/install/rbe500_example_py:/home/manav/robotis_ws/install/pdctr:/home/manav/robotis_ws/install/inverse:/home/manav/robotis_ws/install/forward:/home/manav/ros2_test/install/my_robot_controller:/opt/ros/humble /usr/bin/cmake --install /home/manav/robotis_ws/build/dynamixel_sdk_custom_interfaces
