[1.020s] Invoking command in '/home/manav/robotis_ws/build/my_service_package': CMAKE_PREFIX_PATH=/home/manav/ros2_test/install/my_robot_controller:/opt/ros/humble /usr/bin/cmake --build /home/manav/robotis_ws/build/my_service_package -- -j4 -l4
[1.187s] -- Found ament_cmake: 1.3.10 (/opt/ros/humble/share/ament_cmake/cmake)
[1.979s] -- Found ament_lint_auto: 0.12.11 (/opt/ros/humble/share/ament_lint_auto/cmake)
[2.386s] -- Found geometry_msgs: 4.2.4 (/opt/ros/humble/share/geometry_msgs/cmake)
[2.589s] -- Found rosidl_generator_c: 3.1.5 (/opt/ros/humble/share/rosidl_generator_c/cmake)
[2.610s] -- Found rosidl_adapter: 3.1.5 (/opt/ros/humble/share/rosidl_adapter/cmake)
[2.652s] -- Found rosidl_generator_cpp: 3.1.5 (/opt/ros/humble/share/rosidl_generator_cpp/cmake)
[2.729s] -- Using all available rosidl_typesupport_c: rosidl_typesupport_fastrtps_c;rosidl_typesupport_introspection_c
[2.831s] -- Using all available rosidl_typesupport_cpp: rosidl_typesupport_fastrtps_cpp;rosidl_typesupport_introspection_cpp
[2.997s] -- Found rosidl_default_generators: 1.2.0 (/opt/ros/humble/share/rosidl_default_generators/cmake)
[3.031s] [31mCMake Error at /opt/ros/humble/share/rosidl_cmake/cmake/rosidl_generate_interfaces.cmake:93 (message):
[3.031s]   rosidl_generate_interfaces() the passed file 'msg/FloatPos.srv' doesn't
[3.031s]   exist relative to the CMAKE_CURRENT_SOURCE_DIR
[3.031s]   '/home/manav/robotis_ws/src/OpenManipulatorX_ROS2-main/my_service_package'
[3.031s] Call Stack (most recent call first):
[3.032s]   CMakeLists.txt:29 (rosidl_generate_interfaces)
[3.032s] 
[3.032s] [0m
[3.032s] -- Configuring incomplete, errors occurred!
[3.032s] See also "/home/manav/robotis_ws/build/my_service_package/CMakeFiles/CMakeOutput.log".
[3.050s] gmake: *** [Makefile:1611: cmake_check_build_system] Error 1
[3.187s] Invoked command in '/home/manav/robotis_ws/build/my_service_package' returned '2': CMAKE_PREFIX_PATH=/home/manav/ros2_test/install/my_robot_controller:/opt/ros/humble /usr/bin/cmake --build /home/manav/robotis_ws/build/my_service_package -- -j4 -l4
