[1.935s] Invoking command in '/home/manav/robotis_ws/src/OpenManipulatorX_ROS2-main/pdctr': PYTHONPATH=/home/manav/robotis_ws/build/pdctr/prefix_override:/usr/lib/python3/dist-packages/colcon_core/task/python/colcon_distutils_commands:/home/manav/robotis_ws/install/pdctr/lib/python3.10/site-packages:${PYTHONPATH} /usr/bin/python3 -W ignore:setup.py install is deprecated -W ignore:easy_install command is deprecated setup.py egg_info --egg-base ../../../build/pdctr build --build-base /home/manav/robotis_ws/build/pdctr/build install --record /home/manav/robotis_ws/build/pdctr/install.log --single-version-externally-managed install_data
[2.468s] running egg_info
[2.468s] writing ../../../build/pdctr/pdctr.egg-info/PKG-INFO
[2.471s] writing dependency_links to ../../../build/pdctr/pdctr.egg-info/dependency_links.txt
[2.472s] writing entry points to ../../../build/pdctr/pdctr.egg-info/entry_points.txt
[2.472s] writing requirements to ../../../build/pdctr/pdctr.egg-info/requires.txt
[2.472s] writing top-level names to ../../../build/pdctr/pdctr.egg-info/top_level.txt
[2.477s] reading manifest file '../../../build/pdctr/pdctr.egg-info/SOURCES.txt'
[2.480s] adding license file 'LICENSE'
[2.481s] writing manifest file '../../../build/pdctr/pdctr.egg-info/SOURCES.txt'
[2.481s] running build
[2.481s] running build_py
[2.483s] copying pdctr/current_calc_send.py -> /home/manav/robotis_ws/build/pdctr/build/lib/pdctr
[2.485s] running install
[2.487s] running install_lib
[2.490s] copying /home/manav/robotis_ws/build/pdctr/build/lib/pdctr/current_calc_send.py -> /home/manav/robotis_ws/install/pdctr/lib/python3.10/site-packages/pdctr
[2.494s] byte-compiling /home/manav/robotis_ws/install/pdctr/lib/python3.10/site-packages/pdctr/current_calc_send.py to current_calc_send.cpython-310.pyc
[2.499s] running install_data
[2.500s] running install_egg_info
[2.503s] removing '/home/manav/robotis_ws/install/pdctr/lib/python3.10/site-packages/pdctr-0.0.0-py3.10.egg-info' (and everything under it)
[2.507s] Copying ../../../build/pdctr/pdctr.egg-info to /home/manav/robotis_ws/install/pdctr/lib/python3.10/site-packages/pdctr-0.0.0-py3.10.egg-info
[2.517s] running install_scripts
[2.580s] Installing current_call script to /home/manav/robotis_ws/install/pdctr/lib/pdctr
[2.585s] Installing motor_call script to /home/manav/robotis_ws/install/pdctr/lib/pdctr
[2.586s] Installing pos_call script to /home/manav/robotis_ws/install/pdctr/lib/pdctr
[2.587s] writing list of installed files to '/home/manav/robotis_ws/build/pdctr/install.log'
[2.639s] Invoked command in '/home/manav/robotis_ws/src/OpenManipulatorX_ROS2-main/pdctr' returned '0': PYTHONPATH=/home/manav/robotis_ws/build/pdctr/prefix_override:/usr/lib/python3/dist-packages/colcon_core/task/python/colcon_distutils_commands:/home/manav/robotis_ws/install/pdctr/lib/python3.10/site-packages:${PYTHONPATH} /usr/bin/python3 -W ignore:setup.py install is deprecated -W ignore:easy_install command is deprecated setup.py egg_info --egg-base ../../../build/pdctr build --build-base /home/manav/robotis_ws/build/pdctr/build install --record /home/manav/robotis_ws/build/pdctr/install.log --single-version-externally-managed install_data
