[  0%] Built target ament_cmake_python_copy_dynamixel_sdk_custom_interfaces
[  2%] Built target dynamixel_sdk_custom_interfaces__cpp
[ 12%] Built target dynamixel_sdk_custom_interfaces__rosidl_generator_c
[ 23%] Built target dynamixel_sdk_custom_interfaces__rosidl_typesupport_introspection_cpp
[ 33%] Built target dynamixel_sdk_custom_interfaces__rosidl_typesupport_fastrtps_cpp
[ 43%] Built target dynamixel_sdk_custom_interfaces__rosidl_typesupport_cpp
gmake[1]: *** [CMakeFiles/Makefile2:239: CMakeFiles/dynamixel_sdk_custom_interfaces__rosidl_typesupport_fastrtps_c.dir/all] Interrupt
gmake[2]: *** [CMakeFiles/dynamixel_sdk_custom_interfaces__rosidl_typesupport_c.dir/build.make:147: CMakeFiles/dynamixel_sdk_custom_interfaces__rosidl_typesupport_c.dir/depend] Interrupt
gmake[1]: *** [CMakeFiles/Makefile2:342: CMakeFiles/dynamixel_sdk_custom_interfaces__rosidl_typesupport_c.dir/all] Interrupt
Traceback (most recent call last):
  File "/home/manav/robotis_ws/build/dynamixel_sdk_custom_interfaces/ament_cmake_python/dynamixel_sdk_custom_interfaces/setup.py", line 1, in <module>
    from setuptools import find_packages
  File "/home/manav/.local/lib/python3.10/site-packages/setuptools/__init__.py", line 10, in <module>
    import distutils.core
  File "/usr/lib/python3.10/distutils/core.py", line 18, in <module>
    from distutils.config import PyPIRCCommand
  File "/usr/lib/python3.10/distutils/config.py", line 7, in <module>
gmake[2]: *** [CMakeFiles/dynamixel_sdk_custom_interfaces__rosidl_typesupport_introspection_c.dir/build.make:157: CMakeFiles/dynamixel_sdk_custom_interfaces__rosidl_typesupport_introspection_c.dir/depend] Interrupt
gmake[1]: *** [CMakeFiles/Makefile2:316: CMakeFiles/dynamixel_sdk_custom_interfaces__rosidl_typesupport_introspection_c.dir/all] Interrupt
    from configparser import RawConfigParser
  File "/usr/lib/python3.10/configparser.py", line 265, in <module>
    class InterpolationMissingOptionError(InterpolationError):
KeyboardInterrupt
gmake[2]: *** [CMakeFiles/ament_cmake_python_build_dynamixel_sdk_custom_interfaces_egg.dir/build.make:70: CMakeFiles/ament_cmake_python_build_dynamixel_sdk_custom_interfaces_egg] Interrupt
gmake[1]: *** [CMakeFiles/Makefile2:447: CMakeFiles/ament_cmake_python_build_dynamixel_sdk_custom_interfaces_egg.dir/all] Interrupt
gmake: *** [Makefile:146: all] Interrupt
