[2.022s] Invoking command in '/home/manav/robotis_ws/src/OpenManipulatorX_ROS2-main/rbe500_example_py': PYTHONPATH=/home/manav/robotis_ws/build/rbe500_example_py/prefix_override:/usr/lib/python3/dist-packages/colcon_core/task/python/colcon_distutils_commands:/home/manav/robotis_ws/install/rbe500_example_py/lib/python3.10/site-packages:${PYTHONPATH} /usr/bin/python3 -W ignore:setup.py install is deprecated setup.py egg_info --egg-base ../../../build/rbe500_example_py build --build-base /home/manav/robotis_ws/build/rbe500_example_py/build install --record /home/manav/robotis_ws/build/rbe500_example_py/install.log --single-version-externally-managed install_data
[2.811s] running egg_info
[2.812s] writing ../../../build/rbe500_example_py/rbe500_example_py.egg-info/PKG-INFO
[2.812s] writing dependency_links to ../../../build/rbe500_example_py/rbe500_example_py.egg-info/dependency_links.txt
[2.812s] writing entry points to ../../../build/rbe500_example_py/rbe500_example_py.egg-info/entry_points.txt
[2.813s] writing requirements to ../../../build/rbe500_example_py/rbe500_example_py.egg-info/requires.txt
[2.813s] writing top-level names to ../../../build/rbe500_example_py/rbe500_example_py.egg-info/top_level.txt
[2.824s] reading manifest file '../../../build/rbe500_example_py/rbe500_example_py.egg-info/SOURCES.txt'
[2.827s] writing manifest file '../../../build/rbe500_example_py/rbe500_example_py.egg-info/SOURCES.txt'
[2.828s] running build
[2.828s] running build_py
[2.829s] running install
[2.831s] running install_lib
[2.834s] running install_data
[2.834s] running install_egg_info
[2.842s] removing '/home/manav/robotis_ws/install/rbe500_example_py/lib/python3.10/site-packages/rbe500_example_py-0.0.0-py3.10.egg-info' (and everything under it)
[2.842s] Copying ../../../build/rbe500_example_py/rbe500_example_py.egg-info to /home/manav/robotis_ws/install/rbe500_example_py/lib/python3.10/site-packages/rbe500_example_py-0.0.0-py3.10.egg-info
[2.858s] running install_scripts
[2.899s] Installing basic_robot_control script to /home/manav/robotis_ws/install/rbe500_example_py/lib/rbe500_example_py
[2.901s] writing list of installed files to '/home/manav/robotis_ws/build/rbe500_example_py/install.log'
[2.965s] Invoked command in '/home/manav/robotis_ws/src/OpenManipulatorX_ROS2-main/rbe500_example_py' returned '0': PYTHONPATH=/home/manav/robotis_ws/build/rbe500_example_py/prefix_override:/usr/lib/python3/dist-packages/colcon_core/task/python/colcon_distutils_commands:/home/manav/robotis_ws/install/rbe500_example_py/lib/python3.10/site-packages:${PYTHONPATH} /usr/bin/python3 -W ignore:setup.py install is deprecated setup.py egg_info --egg-base ../../../build/rbe500_example_py build --build-base /home/manav/robotis_ws/build/rbe500_example_py/build install --record /home/manav/robotis_ws/build/rbe500_example_py/install.log --single-version-externally-managed install_data
