[2.969s] Invoking command in '/home/manav/robotis_ws/src/OpenManipulatorX_ROS2-main/inverse': PYTHONPATH=/home/manav/robotis_ws/build/inverse/prefix_override:/usr/lib/python3/dist-packages/colcon_core/task/python/colcon_distutils_commands:/home/manav/robotis_ws/install/inverse/lib/python3.10/site-packages:${PYTHONPATH} /usr/bin/python3 -W ignore:setup.py install is deprecated setup.py egg_info --egg-base ../../../build/inverse build --build-base /home/manav/robotis_ws/build/inverse/build install --record /home/manav/robotis_ws/build/inverse/install.log --single-version-externally-managed install_data
[4.269s] running egg_info
[4.273s] writing ../../../build/inverse/inverse.egg-info/PKG-INFO
[4.273s] writing dependency_links to ../../../build/inverse/inverse.egg-info/dependency_links.txt
[4.273s] writing entry points to ../../../build/inverse/inverse.egg-info/entry_points.txt
[4.273s] writing requirements to ../../../build/inverse/inverse.egg-info/requires.txt
[4.275s] writing top-level names to ../../../build/inverse/inverse.egg-info/top_level.txt
[4.282s] reading manifest file '../../../build/inverse/inverse.egg-info/SOURCES.txt'
[4.282s] adding license file 'LICENSE'
[4.282s] writing manifest file '../../../build/inverse/inverse.egg-info/SOURCES.txt'
[4.282s] running build
[4.283s] running build_py
[4.283s] running install
[4.284s] running install_lib
[4.290s] running install_data
[4.290s] running install_egg_info
[4.297s] removing '/home/manav/robotis_ws/install/inverse/lib/python3.10/site-packages/inverse-0.0.0-py3.10.egg-info' (and everything under it)
[4.297s] Copying ../../../build/inverse/inverse.egg-info to /home/manav/robotis_ws/install/inverse/lib/python3.10/site-packages/inverse-0.0.0-py3.10.egg-info
[4.297s] running install_scripts
[4.363s] Installing inv_call script to /home/manav/robotis_ws/install/inverse/lib/inverse
[4.364s] writing list of installed files to '/home/manav/robotis_ws/build/inverse/install.log'
[4.432s] Invoked command in '/home/manav/robotis_ws/src/OpenManipulatorX_ROS2-main/inverse' returned '0': PYTHONPATH=/home/manav/robotis_ws/build/inverse/prefix_override:/usr/lib/python3/dist-packages/colcon_core/task/python/colcon_distutils_commands:/home/manav/robotis_ws/install/inverse/lib/python3.10/site-packages:${PYTHONPATH} /usr/bin/python3 -W ignore:setup.py install is deprecated setup.py egg_info --egg-base ../../../build/inverse build --build-base /home/manav/robotis_ws/build/inverse/build install --record /home/manav/robotis_ws/build/inverse/install.log --single-version-externally-managed install_data
