[3.145s] Invoking command in '/home/manav/robotis_ws/src/OpenManipulatorX_ROS2-main/inverse': PYTHONPATH=/home/manav/robotis_ws/build/inverse/prefix_override:/usr/lib/python3/dist-packages/colcon_core/task/python/colcon_distutils_commands:/home/manav/robotis_ws/install/inverse/lib/python3.10/site-packages:${PYTHONPATH} /usr/bin/python3 -W ignore:setup.py install is deprecated -W ignore:easy_install command is deprecated setup.py egg_info --egg-base ../../../build/inverse build --build-base /home/manav/robotis_ws/build/inverse/build install --record /home/manav/robotis_ws/build/inverse/install.log --single-version-externally-managed install_data
[3.991s] running egg_info
[3.993s] writing ../../../build/inverse/inverse.egg-info/PKG-INFO
[3.994s] writing dependency_links to ../../../build/inverse/inverse.egg-info/dependency_links.txt
[3.995s] writing entry points to ../../../build/inverse/inverse.egg-info/entry_points.txt
[3.995s] writing requirements to ../../../build/inverse/inverse.egg-info/requires.txt
[3.995s] writing top-level names to ../../../build/inverse/inverse.egg-info/top_level.txt
[4.010s] reading manifest file '../../../build/inverse/inverse.egg-info/SOURCES.txt'
[4.010s] adding license file 'LICENSE'
[4.011s] writing manifest file '../../../build/inverse/inverse.egg-info/SOURCES.txt'
[4.012s] running build
[4.012s] running build_py
[4.019s] running install
[4.019s] running install_lib
[4.025s] running install_data
[4.026s] running install_egg_info
[4.036s] removing '/home/manav/robotis_ws/install/inverse/lib/python3.10/site-packages/inverse-0.0.0-py3.10.egg-info' (and everything under it)
[4.036s] Copying ../../../build/inverse/inverse.egg-info to /home/manav/robotis_ws/install/inverse/lib/python3.10/site-packages/inverse-0.0.0-py3.10.egg-info
[4.038s] running install_scripts
[4.119s] Installing inv_call script to /home/manav/robotis_ws/install/inverse/lib/inverse
[4.123s] writing list of installed files to '/home/manav/robotis_ws/build/inverse/install.log'
[4.406s] Invoked command in '/home/manav/robotis_ws/src/OpenManipulatorX_ROS2-main/inverse' returned '0': PYTHONPATH=/home/manav/robotis_ws/build/inverse/prefix_override:/usr/lib/python3/dist-packages/colcon_core/task/python/colcon_distutils_commands:/home/manav/robotis_ws/install/inverse/lib/python3.10/site-packages:${PYTHONPATH} /usr/bin/python3 -W ignore:setup.py install is deprecated -W ignore:easy_install command is deprecated setup.py egg_info --egg-base ../../../build/inverse build --build-base /home/manav/robotis_ws/build/inverse/build install --record /home/manav/robotis_ws/build/inverse/install.log --single-version-externally-managed install_data
