Traceback (most recent call last):
  File "/home/manav/robotis_ws/src/OpenManipulatorX_ROS2-main/inverse/setup.py", line 1, in <module>
    from setuptools import find_packages, setup
  File "/home/manav/.local/lib/python3.10/site-packages/setuptools/__init__.py", line 16, in <module>
    import setuptools.version
  File "/home/manav/.local/lib/python3.10/site-packages/setuptools/version.py", line 1, in <module>
    import pkg_resources
  File "/home/manav/.local/lib/python3.10/site-packages/pkg_resources/__init__.py", line 78, in <module>
    __import__('pkg_resources.extern.packaging.requirements')
  File "/home/manav/.local/lib/python3.10/site-packages/pkg_resources/_vendor/packaging/requirements.py", line 9, in <module>
    from pkg_resources.extern.pyparsing import stringStart, stringEnd, originalTextFor, ParseException
  File "<frozen importlib._bootstrap>", line 1027, in _find_and_load
  File "<frozen importlib._bootstrap>", line 1006, in _find_and_load_unlocked
  File "<frozen importlib._bootstrap>", line 674, in _load_unlocked
  File "<frozen importlib._bootstrap>", line 571, in module_from_spec
  File "/home/manav/.local/lib/python3.10/site-packages/pkg_resources/extern/__init__.py", line 52, in create_module
    return self.load_module(spec.name)
  File "/home/manav/.local/lib/python3.10/site-packages/pkg_resources/extern/__init__.py", line 37, in load_module
    __import__(extant)
  File "/home/manav/.local/lib/python3.10/site-packages/pkg_resources/_vendor/pyparsing.py", line 89, in <module>
    import pprint
  File "/usr/lib/python3.10/pprint.py", line 38, in <module>
    import dataclasses as _dataclasses
  File "/usr/lib/python3.10/dataclasses.py", line 223, in <module>
    _MODULE_IDENTIFIER_RE = re.compile(r'^(?:\s*(\w+)\s*\.)?\s*(\w+)')
  File "/usr/lib/python3.10/re.py", line 251, in compile
    return _compile(pattern, flags)
  File "/usr/lib/python3.10/re.py", line 303, in _compile
    p = sre_compile.compile(pattern, flags)
  File "/usr/lib/python3.10/sre_compile.py", line 788, in compile
    p = sre_parse.parse(p, flags)
  File "/usr/lib/python3.10/sre_parse.py", line 955, in parse
    p = _parse_sub(source, state, flags & SRE_FLAG_VERBOSE, 0)
  File "/usr/lib/python3.10/sre_parse.py", line 444, in _parse_sub
    itemsappend(_parse(source, state, verbose, nested + 1,
  File "/usr/lib/python3.10/sre_parse.py", line 687, in _parse
    start = source.tell() - 1
  File "/usr/lib/python3.10/sre_parse.py", line 287, in tell
    def tell(self):
KeyboardInterrupt
