[1.578s] Invoking command in '/home/manav/robotis_ws/src/OpenManipulatorX_ROS2-main/forward': PYTHONPATH=/home/manav/robotis_ws/build/forward/prefix_override:/usr/lib/python3/dist-packages/colcon_core/task/python/colcon_distutils_commands:/home/manav/robotis_ws/install/forward/lib/python3.10/site-packages:${PYTHONPATH} /usr/bin/python3 -W ignore:setup.py install is deprecated setup.py egg_info --egg-base ../../../build/forward build --build-base /home/manav/robotis_ws/build/forward/build install --record /home/manav/robotis_ws/build/forward/install.log --single-version-externally-managed install_data
[3.355s] running egg_info
[3.355s] writing ../../../build/forward/forward.egg-info/PKG-INFO
[3.358s] writing dependency_links to ../../../build/forward/forward.egg-info/dependency_links.txt
[3.358s] writing entry points to ../../../build/forward/forward.egg-info/entry_points.txt
[3.359s] writing requirements to ../../../build/forward/forward.egg-info/requires.txt
[3.359s] writing top-level names to ../../../build/forward/forward.egg-info/top_level.txt
[3.363s] reading manifest file '../../../build/forward/forward.egg-info/SOURCES.txt'
[3.364s] adding license file 'LICENSE'
[3.365s] writing manifest file '../../../build/forward/forward.egg-info/SOURCES.txt'
[3.365s] running build
[3.366s] running build_py
[3.367s] running install
[3.367s] running install_lib
[3.371s] running install_data
[3.372s] running install_egg_info
[3.375s] removing '/home/manav/robotis_ws/install/forward/lib/python3.10/site-packages/forward-0.0.0-py3.10.egg-info' (and everything under it)
[3.379s] Copying ../../../build/forward/forward.egg-info to /home/manav/robotis_ws/install/forward/lib/python3.10/site-packages/forward-0.0.0-py3.10.egg-info
[3.380s] running install_scripts
[3.445s] Installing fwd_call script to /home/manav/robotis_ws/install/forward/lib/forward
[3.445s] writing list of installed files to '/home/manav/robotis_ws/build/forward/install.log'
[3.910s] Invoked command in '/home/manav/robotis_ws/src/OpenManipulatorX_ROS2-main/forward' returned '0': PYTHONPATH=/home/manav/robotis_ws/build/forward/prefix_override:/usr/lib/python3/dist-packages/colcon_core/task/python/colcon_distutils_commands:/home/manav/robotis_ws/install/forward/lib/python3.10/site-packages:${PYTHONPATH} /usr/bin/python3 -W ignore:setup.py install is deprecated setup.py egg_info --egg-base ../../../build/forward build --build-base /home/manav/robotis_ws/build/forward/build install --record /home/manav/robotis_ws/build/forward/install.log --single-version-externally-managed install_data
