[0.242s] DEBUG:colcon:Command line arguments: ['/usr/bin/colcon', 'build']
[0.242s] DEBUG:colcon:Parsed command line arguments: Namespace(log_base=None, log_level=None, verb_name='build', build_base='build', install_base='install', merge_install=False, symlink_install=False, test_result_base=None, continue_on_error=False, executor='parallel', parallel_workers=4, event_handlers=None, ignore_user_meta=False, metas=['./colcon.meta'], base_paths=['.'], packages_ignore=None, packages_ignore_regex=None, paths=None, packages_up_to=None, packages_up_to_regex=None, packages_above=None, packages_above_and_dependencies=None, packages_above_depth=None, packages_select_by_dep=None, packages_skip_by_dep=None, packages_skip_up_to=None, packages_select_build_failed=False, packages_skip_build_finished=False, packages_select_test_failures=False, packages_skip_test_passed=False, packages_select=None, packages_skip=None, packages_select_regex=None, packages_skip_regex=None, packages_start=None, packages_end=None, allow_overriding=[], cmake_args=None, cmake_target=None, cmake_target_skip_unavailable=False, cmake_clean_cache=False, cmake_clean_first=False, cmake_force_configure=False, ament_cmake_args=None, catkin_cmake_args=None, catkin_skip_building_tests=False, verb_parser=<colcon_defaults.argument_parser.defaults.DefaultArgumentsDecorator object at 0x7002d8641360>, verb_extension=<colcon_core.verb.build.BuildVerb object at 0x7002d8640e50>, main=<bound method BuildVerb.main of <colcon_core.verb.build.BuildVerb object at 0x7002d8640e50>>)
[0.511s] Level 1:colcon.colcon_core.package_discovery:discover_packages(colcon_meta) check parameters
[0.512s] Level 1:colcon.colcon_core.package_discovery:discover_packages(recursive) check parameters
[0.512s] Level 1:colcon.colcon_core.package_discovery:discover_packages(ignore) check parameters
[0.512s] Level 1:colcon.colcon_core.package_discovery:discover_packages(path) check parameters
[0.512s] Level 1:colcon.colcon_core.package_discovery:discover_packages(colcon_meta) discover
[0.512s] Level 1:colcon.colcon_core.package_discovery:discover_packages(recursive) discover
[0.512s] INFO:colcon.colcon_core.package_discovery:Crawling recursively for packages in '/home/manav/robotis_ws'
[0.512s] Level 1:colcon.colcon_core.package_identification:_identify(.) by extensions ['ignore', 'ignore_ament_install']
[0.512s] Level 1:colcon.colcon_core.package_identification:_identify(.) by extension 'ignore'
[0.512s] Level 1:colcon.colcon_core.package_identification:_identify(.) by extension 'ignore_ament_install'
[0.512s] Level 1:colcon.colcon_core.package_identification:_identify(.) by extensions ['colcon_pkg']
[0.512s] Level 1:colcon.colcon_core.package_identification:_identify(.) by extension 'colcon_pkg'
[0.512s] Level 1:colcon.colcon_core.package_identification:_identify(.) by extensions ['colcon_meta']
[0.512s] Level 1:colcon.colcon_core.package_identification:_identify(.) by extension 'colcon_meta'
[0.512s] Level 1:colcon.colcon_core.package_identification:_identify(.) by extensions ['ros']
[0.512s] Level 1:colcon.colcon_core.package_identification:_identify(.) by extension 'ros'
[0.526s] Level 1:colcon.colcon_core.package_identification:_identify(.) by extensions ['cmake', 'python']
[0.526s] Level 1:colcon.colcon_core.package_identification:_identify(.) by extension 'cmake'
[0.526s] Level 1:colcon.colcon_core.package_identification:_identify(.) by extension 'python'
[0.526s] Level 1:colcon.colcon_core.package_identification:_identify(.) by extensions ['python_setup_py']
[0.526s] Level 1:colcon.colcon_core.package_identification:_identify(.) by extension 'python_setup_py'
[0.526s] Level 1:colcon.colcon_core.package_identification:_identify(build) by extensions ['ignore', 'ignore_ament_install']
[0.526s] Level 1:colcon.colcon_core.package_identification:_identify(build) by extension 'ignore'
[0.526s] Level 1:colcon.colcon_core.package_identification:_identify(build) ignored
[0.527s] Level 1:colcon.colcon_core.package_identification:_identify(install) by extensions ['ignore', 'ignore_ament_install']
[0.527s] Level 1:colcon.colcon_core.package_identification:_identify(install) by extension 'ignore'
[0.527s] Level 1:colcon.colcon_core.package_identification:_identify(install) ignored
[0.527s] Level 1:colcon.colcon_core.package_identification:_identify(log) by extensions ['ignore', 'ignore_ament_install']
[0.527s] Level 1:colcon.colcon_core.package_identification:_identify(log) by extension 'ignore'
[0.527s] Level 1:colcon.colcon_core.package_identification:_identify(log) ignored
[0.527s] Level 1:colcon.colcon_core.package_identification:_identify(src) by extensions ['ignore', 'ignore_ament_install']
[0.527s] Level 1:colcon.colcon_core.package_identification:_identify(src) by extension 'ignore'
[0.527s] Level 1:colcon.colcon_core.package_identification:_identify(src) by extension 'ignore_ament_install'
[0.527s] Level 1:colcon.colcon_core.package_identification:_identify(src) by extensions ['colcon_pkg']
[0.528s] Level 1:colcon.colcon_core.package_identification:_identify(src) by extension 'colcon_pkg'
[0.528s] Level 1:colcon.colcon_core.package_identification:_identify(src) by extensions ['colcon_meta']
[0.528s] Level 1:colcon.colcon_core.package_identification:_identify(src) by extension 'colcon_meta'
[0.528s] Level 1:colcon.colcon_core.package_identification:_identify(src) by extensions ['ros']
[0.528s] Level 1:colcon.colcon_core.package_identification:_identify(src) by extension 'ros'
[0.528s] Level 1:colcon.colcon_core.package_identification:_identify(src) by extensions ['cmake', 'python']
[0.528s] Level 1:colcon.colcon_core.package_identification:_identify(src) by extension 'cmake'
[0.528s] Level 1:colcon.colcon_core.package_identification:_identify(src) by extension 'python'
[0.528s] Level 1:colcon.colcon_core.package_identification:_identify(src) by extensions ['python_setup_py']
[0.528s] Level 1:colcon.colcon_core.package_identification:_identify(src) by extension 'python_setup_py'
[0.528s] Level 1:colcon.colcon_core.package_identification:_identify(src/OpenManipulatorX_ROS2-main) by extensions ['ignore', 'ignore_ament_install']
[0.529s] Level 1:colcon.colcon_core.package_identification:_identify(src/OpenManipulatorX_ROS2-main) by extension 'ignore'
[0.529s] Level 1:colcon.colcon_core.package_identification:_identify(src/OpenManipulatorX_ROS2-main) by extension 'ignore_ament_install'
[0.529s] Level 1:colcon.colcon_core.package_identification:_identify(src/OpenManipulatorX_ROS2-main) by extensions ['colcon_pkg']
[0.529s] Level 1:colcon.colcon_core.package_identification:_identify(src/OpenManipulatorX_ROS2-main) by extension 'colcon_pkg'
[0.529s] Level 1:colcon.colcon_core.package_identification:_identify(src/OpenManipulatorX_ROS2-main) by extensions ['colcon_meta']
[0.529s] Level 1:colcon.colcon_core.package_identification:_identify(src/OpenManipulatorX_ROS2-main) by extension 'colcon_meta'
[0.529s] Level 1:colcon.colcon_core.package_identification:_identify(src/OpenManipulatorX_ROS2-main) by extensions ['ros']
[0.529s] Level 1:colcon.colcon_core.package_identification:_identify(src/OpenManipulatorX_ROS2-main) by extension 'ros'
[0.529s] Level 1:colcon.colcon_core.package_identification:_identify(src/OpenManipulatorX_ROS2-main) by extensions ['cmake', 'python']
[0.529s] Level 1:colcon.colcon_core.package_identification:_identify(src/OpenManipulatorX_ROS2-main) by extension 'cmake'
[0.529s] Level 1:colcon.colcon_core.package_identification:_identify(src/OpenManipulatorX_ROS2-main) by extension 'python'
[0.529s] Level 1:colcon.colcon_core.package_identification:_identify(src/OpenManipulatorX_ROS2-main) by extensions ['python_setup_py']
[0.530s] Level 1:colcon.colcon_core.package_identification:_identify(src/OpenManipulatorX_ROS2-main) by extension 'python_setup_py'
[0.530s] Level 1:colcon.colcon_core.package_identification:_identify(src/OpenManipulatorX_ROS2-main/DynamixelSDK) by extensions ['ignore', 'ignore_ament_install']
[0.530s] Level 1:colcon.colcon_core.package_identification:_identify(src/OpenManipulatorX_ROS2-main/DynamixelSDK) by extension 'ignore'
[0.530s] Level 1:colcon.colcon_core.package_identification:_identify(src/OpenManipulatorX_ROS2-main/DynamixelSDK) by extension 'ignore_ament_install'
[0.530s] Level 1:colcon.colcon_core.package_identification:_identify(src/OpenManipulatorX_ROS2-main/DynamixelSDK) by extensions ['colcon_pkg']
[0.530s] Level 1:colcon.colcon_core.package_identification:_identify(src/OpenManipulatorX_ROS2-main/DynamixelSDK) by extension 'colcon_pkg'
[0.530s] Level 1:colcon.colcon_core.package_identification:_identify(src/OpenManipulatorX_ROS2-main/DynamixelSDK) by extensions ['colcon_meta']
[0.530s] Level 1:colcon.colcon_core.package_identification:_identify(src/OpenManipulatorX_ROS2-main/DynamixelSDK) by extension 'colcon_meta'
[0.530s] Level 1:colcon.colcon_core.package_identification:_identify(src/OpenManipulatorX_ROS2-main/DynamixelSDK) by extensions ['ros']
[0.530s] Level 1:colcon.colcon_core.package_identification:_identify(src/OpenManipulatorX_ROS2-main/DynamixelSDK) by extension 'ros'
[0.531s] Level 1:colcon.colcon_core.package_identification:_identify(src/OpenManipulatorX_ROS2-main/DynamixelSDK) by extensions ['cmake', 'python']
[0.531s] Level 1:colcon.colcon_core.package_identification:_identify(src/OpenManipulatorX_ROS2-main/DynamixelSDK) by extension 'cmake'
[0.531s] Level 1:colcon.colcon_core.package_identification:_identify(src/OpenManipulatorX_ROS2-main/DynamixelSDK) by extension 'python'
[0.531s] Level 1:colcon.colcon_core.package_identification:_identify(src/OpenManipulatorX_ROS2-main/DynamixelSDK) by extensions ['python_setup_py']
[0.531s] Level 1:colcon.colcon_core.package_identification:_identify(src/OpenManipulatorX_ROS2-main/DynamixelSDK) by extension 'python_setup_py'
[0.531s] Level 1:colcon.colcon_core.package_identification:_identify(src/OpenManipulatorX_ROS2-main/DynamixelSDK/dynamixel_sdk) by extensions ['ignore', 'ignore_ament_install']
[0.531s] Level 1:colcon.colcon_core.package_identification:_identify(src/OpenManipulatorX_ROS2-main/DynamixelSDK/dynamixel_sdk) by extension 'ignore'
[0.531s] Level 1:colcon.colcon_core.package_identification:_identify(src/OpenManipulatorX_ROS2-main/DynamixelSDK/dynamixel_sdk) by extension 'ignore_ament_install'
[0.531s] Level 1:colcon.colcon_core.package_identification:_identify(src/OpenManipulatorX_ROS2-main/DynamixelSDK/dynamixel_sdk) by extensions ['colcon_pkg']
[0.531s] Level 1:colcon.colcon_core.package_identification:_identify(src/OpenManipulatorX_ROS2-main/DynamixelSDK/dynamixel_sdk) by extension 'colcon_pkg'
[0.532s] Level 1:colcon.colcon_core.package_identification:_identify(src/OpenManipulatorX_ROS2-main/DynamixelSDK/dynamixel_sdk) by extensions ['colcon_meta']
[0.532s] Level 1:colcon.colcon_core.package_identification:_identify(src/OpenManipulatorX_ROS2-main/DynamixelSDK/dynamixel_sdk) by extension 'colcon_meta'
[0.532s] Level 1:colcon.colcon_core.package_identification:_identify(src/OpenManipulatorX_ROS2-main/DynamixelSDK/dynamixel_sdk) by extensions ['ros']
[0.532s] Level 1:colcon.colcon_core.package_identification:_identify(src/OpenManipulatorX_ROS2-main/DynamixelSDK/dynamixel_sdk) by extension 'ros'
[0.537s] DEBUG:colcon.colcon_core.package_identification:Package 'src/OpenManipulatorX_ROS2-main/DynamixelSDK/dynamixel_sdk' with type 'ros.ament_cmake' and name 'dynamixel_sdk'
[0.537s] Level 1:colcon.colcon_core.package_identification:_identify(src/OpenManipulatorX_ROS2-main/DynamixelSDK/dynamixel_sdk_custom_interfaces) by extensions ['ignore', 'ignore_ament_install']
[0.537s] Level 1:colcon.colcon_core.package_identification:_identify(src/OpenManipulatorX_ROS2-main/DynamixelSDK/dynamixel_sdk_custom_interfaces) by extension 'ignore'
[0.537s] Level 1:colcon.colcon_core.package_identification:_identify(src/OpenManipulatorX_ROS2-main/DynamixelSDK/dynamixel_sdk_custom_interfaces) by extension 'ignore_ament_install'
[0.537s] Level 1:colcon.colcon_core.package_identification:_identify(src/OpenManipulatorX_ROS2-main/DynamixelSDK/dynamixel_sdk_custom_interfaces) by extensions ['colcon_pkg']
[0.537s] Level 1:colcon.colcon_core.package_identification:_identify(src/OpenManipulatorX_ROS2-main/DynamixelSDK/dynamixel_sdk_custom_interfaces) by extension 'colcon_pkg'
[0.537s] Level 1:colcon.colcon_core.package_identification:_identify(src/OpenManipulatorX_ROS2-main/DynamixelSDK/dynamixel_sdk_custom_interfaces) by extensions ['colcon_meta']
[0.537s] Level 1:colcon.colcon_core.package_identification:_identify(src/OpenManipulatorX_ROS2-main/DynamixelSDK/dynamixel_sdk_custom_interfaces) by extension 'colcon_meta'
[0.538s] Level 1:colcon.colcon_core.package_identification:_identify(src/OpenManipulatorX_ROS2-main/DynamixelSDK/dynamixel_sdk_custom_interfaces) by extensions ['ros']
[0.538s] Level 1:colcon.colcon_core.package_identification:_identify(src/OpenManipulatorX_ROS2-main/DynamixelSDK/dynamixel_sdk_custom_interfaces) by extension 'ros'
[0.539s] DEBUG:colcon.colcon_core.package_identification:Package 'src/OpenManipulatorX_ROS2-main/DynamixelSDK/dynamixel_sdk_custom_interfaces' with type 'ros.ament_cmake' and name 'dynamixel_sdk_custom_interfaces'
[0.539s] Level 1:colcon.colcon_core.package_identification:_identify(src/OpenManipulatorX_ROS2-main/DynamixelSDK/dynamixel_sdk_examples) by extensions ['ignore', 'ignore_ament_install']
[0.540s] Level 1:colcon.colcon_core.package_identification:_identify(src/OpenManipulatorX_ROS2-main/DynamixelSDK/dynamixel_sdk_examples) by extension 'ignore'
[0.540s] Level 1:colcon.colcon_core.package_identification:_identify(src/OpenManipulatorX_ROS2-main/DynamixelSDK/dynamixel_sdk_examples) by extension 'ignore_ament_install'
[0.540s] Level 1:colcon.colcon_core.package_identification:_identify(src/OpenManipulatorX_ROS2-main/DynamixelSDK/dynamixel_sdk_examples) by extensions ['colcon_pkg']
[0.540s] Level 1:colcon.colcon_core.package_identification:_identify(src/OpenManipulatorX_ROS2-main/DynamixelSDK/dynamixel_sdk_examples) by extension 'colcon_pkg'
[0.540s] Level 1:colcon.colcon_core.package_identification:_identify(src/OpenManipulatorX_ROS2-main/DynamixelSDK/dynamixel_sdk_examples) by extensions ['colcon_meta']
[0.540s] Level 1:colcon.colcon_core.package_identification:_identify(src/OpenManipulatorX_ROS2-main/DynamixelSDK/dynamixel_sdk_examples) by extension 'colcon_meta'
[0.540s] Level 1:colcon.colcon_core.package_identification:_identify(src/OpenManipulatorX_ROS2-main/DynamixelSDK/dynamixel_sdk_examples) by extensions ['ros']
[0.540s] Level 1:colcon.colcon_core.package_identification:_identify(src/OpenManipulatorX_ROS2-main/DynamixelSDK/dynamixel_sdk_examples) by extension 'ros'
[0.542s] DEBUG:colcon.colcon_core.package_identification:Package 'src/OpenManipulatorX_ROS2-main/DynamixelSDK/dynamixel_sdk_examples' with type 'ros.ament_cmake' and name 'dynamixel_sdk_examples'
[0.542s] Level 1:colcon.colcon_core.package_identification:_identify(src/OpenManipulatorX_ROS2-main/dynamixel-workbench) by extensions ['ignore', 'ignore_ament_install']
[0.542s] Level 1:colcon.colcon_core.package_identification:_identify(src/OpenManipulatorX_ROS2-main/dynamixel-workbench) by extension 'ignore'
[0.543s] Level 1:colcon.colcon_core.package_identification:_identify(src/OpenManipulatorX_ROS2-main/dynamixel-workbench) by extension 'ignore_ament_install'
[0.543s] Level 1:colcon.colcon_core.package_identification:_identify(src/OpenManipulatorX_ROS2-main/dynamixel-workbench) by extensions ['colcon_pkg']
[0.543s] Level 1:colcon.colcon_core.package_identification:_identify(src/OpenManipulatorX_ROS2-main/dynamixel-workbench) by extension 'colcon_pkg'
[0.543s] Level 1:colcon.colcon_core.package_identification:_identify(src/OpenManipulatorX_ROS2-main/dynamixel-workbench) by extensions ['colcon_meta']
[0.543s] Level 1:colcon.colcon_core.package_identification:_identify(src/OpenManipulatorX_ROS2-main/dynamixel-workbench) by extension 'colcon_meta'
[0.543s] Level 1:colcon.colcon_core.package_identification:_identify(src/OpenManipulatorX_ROS2-main/dynamixel-workbench) by extensions ['ros']
[0.543s] Level 1:colcon.colcon_core.package_identification:_identify(src/OpenManipulatorX_ROS2-main/dynamixel-workbench) by extension 'ros'
[0.543s] Level 1:colcon.colcon_core.package_identification:_identify(src/OpenManipulatorX_ROS2-main/dynamixel-workbench) by extensions ['cmake', 'python']
[0.543s] Level 1:colcon.colcon_core.package_identification:_identify(src/OpenManipulatorX_ROS2-main/dynamixel-workbench) by extension 'cmake'
[0.543s] Level 1:colcon.colcon_core.package_identification:_identify(src/OpenManipulatorX_ROS2-main/dynamixel-workbench) by extension 'python'
[0.543s] Level 1:colcon.colcon_core.package_identification:_identify(src/OpenManipulatorX_ROS2-main/dynamixel-workbench) by extensions ['python_setup_py']
[0.544s] Level 1:colcon.colcon_core.package_identification:_identify(src/OpenManipulatorX_ROS2-main/dynamixel-workbench) by extension 'python_setup_py'
[0.544s] Level 1:colcon.colcon_core.package_identification:_identify(src/OpenManipulatorX_ROS2-main/dynamixel-workbench/dynamixel_workbench) by extensions ['ignore', 'ignore_ament_install']
[0.544s] Level 1:colcon.colcon_core.package_identification:_identify(src/OpenManipulatorX_ROS2-main/dynamixel-workbench/dynamixel_workbench) by extension 'ignore'
[0.544s] Level 1:colcon.colcon_core.package_identification:_identify(src/OpenManipulatorX_ROS2-main/dynamixel-workbench/dynamixel_workbench) by extension 'ignore_ament_install'
[0.544s] Level 1:colcon.colcon_core.package_identification:_identify(src/OpenManipulatorX_ROS2-main/dynamixel-workbench/dynamixel_workbench) by extensions ['colcon_pkg']
[0.544s] Level 1:colcon.colcon_core.package_identification:_identify(src/OpenManipulatorX_ROS2-main/dynamixel-workbench/dynamixel_workbench) by extension 'colcon_pkg'
[0.544s] Level 1:colcon.colcon_core.package_identification:_identify(src/OpenManipulatorX_ROS2-main/dynamixel-workbench/dynamixel_workbench) by extensions ['colcon_meta']
[0.544s] Level 1:colcon.colcon_core.package_identification:_identify(src/OpenManipulatorX_ROS2-main/dynamixel-workbench/dynamixel_workbench) by extension 'colcon_meta'
[0.544s] Level 1:colcon.colcon_core.package_identification:_identify(src/OpenManipulatorX_ROS2-main/dynamixel-workbench/dynamixel_workbench) by extensions ['ros']
[0.545s] Level 1:colcon.colcon_core.package_identification:_identify(src/OpenManipulatorX_ROS2-main/dynamixel-workbench/dynamixel_workbench) by extension 'ros'
[0.546s] DEBUG:colcon.colcon_core.package_identification:Package 'src/OpenManipulatorX_ROS2-main/dynamixel-workbench/dynamixel_workbench' with type 'ros.ament_cmake' and name 'dynamixel_workbench'
[0.546s] Level 1:colcon.colcon_core.package_identification:_identify(src/OpenManipulatorX_ROS2-main/dynamixel-workbench/dynamixel_workbench_toolbox) by extensions ['ignore', 'ignore_ament_install']
[0.546s] Level 1:colcon.colcon_core.package_identification:_identify(src/OpenManipulatorX_ROS2-main/dynamixel-workbench/dynamixel_workbench_toolbox) by extension 'ignore'
[0.546s] Level 1:colcon.colcon_core.package_identification:_identify(src/OpenManipulatorX_ROS2-main/dynamixel-workbench/dynamixel_workbench_toolbox) by extension 'ignore_ament_install'
[0.547s] Level 1:colcon.colcon_core.package_identification:_identify(src/OpenManipulatorX_ROS2-main/dynamixel-workbench/dynamixel_workbench_toolbox) by extensions ['colcon_pkg']
[0.547s] Level 1:colcon.colcon_core.package_identification:_identify(src/OpenManipulatorX_ROS2-main/dynamixel-workbench/dynamixel_workbench_toolbox) by extension 'colcon_pkg'
[0.547s] Level 1:colcon.colcon_core.package_identification:_identify(src/OpenManipulatorX_ROS2-main/dynamixel-workbench/dynamixel_workbench_toolbox) by extensions ['colcon_meta']
[0.547s] Level 1:colcon.colcon_core.package_identification:_identify(src/OpenManipulatorX_ROS2-main/dynamixel-workbench/dynamixel_workbench_toolbox) by extension 'colcon_meta'
[0.547s] Level 1:colcon.colcon_core.package_identification:_identify(src/OpenManipulatorX_ROS2-main/dynamixel-workbench/dynamixel_workbench_toolbox) by extensions ['ros']
[0.547s] Level 1:colcon.colcon_core.package_identification:_identify(src/OpenManipulatorX_ROS2-main/dynamixel-workbench/dynamixel_workbench_toolbox) by extension 'ros'
[0.549s] DEBUG:colcon.colcon_core.package_identification:Package 'src/OpenManipulatorX_ROS2-main/dynamixel-workbench/dynamixel_workbench_toolbox' with type 'ros.ament_cmake' and name 'dynamixel_workbench_toolbox'
[0.549s] Level 1:colcon.colcon_core.package_identification:_identify(src/OpenManipulatorX_ROS2-main/forward) by extensions ['ignore', 'ignore_ament_install']
[0.549s] Level 1:colcon.colcon_core.package_identification:_identify(src/OpenManipulatorX_ROS2-main/forward) by extension 'ignore'
[0.549s] Level 1:colcon.colcon_core.package_identification:_identify(src/OpenManipulatorX_ROS2-main/forward) by extension 'ignore_ament_install'
[0.549s] Level 1:colcon.colcon_core.package_identification:_identify(src/OpenManipulatorX_ROS2-main/forward) by extensions ['colcon_pkg']
[0.549s] Level 1:colcon.colcon_core.package_identification:_identify(src/OpenManipulatorX_ROS2-main/forward) by extension 'colcon_pkg'
[0.550s] Level 1:colcon.colcon_core.package_identification:_identify(src/OpenManipulatorX_ROS2-main/forward) by extensions ['colcon_meta']
[0.550s] Level 1:colcon.colcon_core.package_identification:_identify(src/OpenManipulatorX_ROS2-main/forward) by extension 'colcon_meta'
[0.550s] Level 1:colcon.colcon_core.package_identification:_identify(src/OpenManipulatorX_ROS2-main/forward) by extensions ['ros']
[0.550s] Level 1:colcon.colcon_core.package_identification:_identify(src/OpenManipulatorX_ROS2-main/forward) by extension 'ros'
[0.551s] DEBUG:colcon.colcon_core.package_identification:Package 'src/OpenManipulatorX_ROS2-main/forward' with type 'ros.ament_python' and name 'forward'
[0.551s] Level 1:colcon.colcon_core.package_identification:_identify(src/OpenManipulatorX_ROS2-main/inverse) by extensions ['ignore', 'ignore_ament_install']
[0.551s] Level 1:colcon.colcon_core.package_identification:_identify(src/OpenManipulatorX_ROS2-main/inverse) by extension 'ignore'
[0.552s] Level 1:colcon.colcon_core.package_identification:_identify(src/OpenManipulatorX_ROS2-main/inverse) by extension 'ignore_ament_install'
[0.552s] Level 1:colcon.colcon_core.package_identification:_identify(src/OpenManipulatorX_ROS2-main/inverse) by extensions ['colcon_pkg']
[0.552s] Level 1:colcon.colcon_core.package_identification:_identify(src/OpenManipulatorX_ROS2-main/inverse) by extension 'colcon_pkg'
[0.552s] Level 1:colcon.colcon_core.package_identification:_identify(src/OpenManipulatorX_ROS2-main/inverse) by extensions ['colcon_meta']
[0.552s] Level 1:colcon.colcon_core.package_identification:_identify(src/OpenManipulatorX_ROS2-main/inverse) by extension 'colcon_meta'
[0.552s] Level 1:colcon.colcon_core.package_identification:_identify(src/OpenManipulatorX_ROS2-main/inverse) by extensions ['ros']
[0.552s] Level 1:colcon.colcon_core.package_identification:_identify(src/OpenManipulatorX_ROS2-main/inverse) by extension 'ros'
[0.553s] DEBUG:colcon.colcon_core.package_identification:Package 'src/OpenManipulatorX_ROS2-main/inverse' with type 'ros.ament_python' and name 'inverse'
[0.553s] Level 1:colcon.colcon_core.package_identification:_identify(src/OpenManipulatorX_ROS2-main/my_service_package) by extensions ['ignore', 'ignore_ament_install']
[0.554s] Level 1:colcon.colcon_core.package_identification:_identify(src/OpenManipulatorX_ROS2-main/my_service_package) by extension 'ignore'
[0.554s] Level 1:colcon.colcon_core.package_identification:_identify(src/OpenManipulatorX_ROS2-main/my_service_package) by extension 'ignore_ament_install'
[0.554s] Level 1:colcon.colcon_core.package_identification:_identify(src/OpenManipulatorX_ROS2-main/my_service_package) by extensions ['colcon_pkg']
[0.554s] Level 1:colcon.colcon_core.package_identification:_identify(src/OpenManipulatorX_ROS2-main/my_service_package) by extension 'colcon_pkg'
[0.554s] Level 1:colcon.colcon_core.package_identification:_identify(src/OpenManipulatorX_ROS2-main/my_service_package) by extensions ['colcon_meta']
[0.554s] Level 1:colcon.colcon_core.package_identification:_identify(src/OpenManipulatorX_ROS2-main/my_service_package) by extension 'colcon_meta'
[0.554s] Level 1:colcon.colcon_core.package_identification:_identify(src/OpenManipulatorX_ROS2-main/my_service_package) by extensions ['ros']
[0.554s] Level 1:colcon.colcon_core.package_identification:_identify(src/OpenManipulatorX_ROS2-main/my_service_package) by extension 'ros'
[0.556s] DEBUG:colcon.colcon_core.package_identification:Package 'src/OpenManipulatorX_ROS2-main/my_service_package' with type 'ros.ament_cmake' and name 'my_service_package'
[0.556s] Level 1:colcon.colcon_core.package_identification:_identify(src/OpenManipulatorX_ROS2-main/open_manipulator) by extensions ['ignore', 'ignore_ament_install']
[0.556s] Level 1:colcon.colcon_core.package_identification:_identify(src/OpenManipulatorX_ROS2-main/open_manipulator) by extension 'ignore'
[0.556s] Level 1:colcon.colcon_core.package_identification:_identify(src/OpenManipulatorX_ROS2-main/open_manipulator) by extension 'ignore_ament_install'
[0.557s] Level 1:colcon.colcon_core.package_identification:_identify(src/OpenManipulatorX_ROS2-main/open_manipulator) by extensions ['colcon_pkg']
[0.557s] Level 1:colcon.colcon_core.package_identification:_identify(src/OpenManipulatorX_ROS2-main/open_manipulator) by extension 'colcon_pkg'
[0.557s] Level 1:colcon.colcon_core.package_identification:_identify(src/OpenManipulatorX_ROS2-main/open_manipulator) by extensions ['colcon_meta']
[0.557s] Level 1:colcon.colcon_core.package_identification:_identify(src/OpenManipulatorX_ROS2-main/open_manipulator) by extension 'colcon_meta'
[0.557s] Level 1:colcon.colcon_core.package_identification:_identify(src/OpenManipulatorX_ROS2-main/open_manipulator) by extensions ['ros']
[0.557s] Level 1:colcon.colcon_core.package_identification:_identify(src/OpenManipulatorX_ROS2-main/open_manipulator) by extension 'ros'
[0.557s] Level 1:colcon.colcon_core.package_identification:_identify(src/OpenManipulatorX_ROS2-main/open_manipulator) by extensions ['cmake', 'python']
[0.557s] Level 1:colcon.colcon_core.package_identification:_identify(src/OpenManipulatorX_ROS2-main/open_manipulator) by extension 'cmake'
[0.557s] Level 1:colcon.colcon_core.package_identification:_identify(src/OpenManipulatorX_ROS2-main/open_manipulator) by extension 'python'
[0.557s] Level 1:colcon.colcon_core.package_identification:_identify(src/OpenManipulatorX_ROS2-main/open_manipulator) by extensions ['python_setup_py']
[0.557s] Level 1:colcon.colcon_core.package_identification:_identify(src/OpenManipulatorX_ROS2-main/open_manipulator) by extension 'python_setup_py'
[0.558s] Level 1:colcon.colcon_core.package_identification:_identify(src/OpenManipulatorX_ROS2-main/open_manipulator/open_manipulator) by extensions ['ignore', 'ignore_ament_install']
[0.558s] Level 1:colcon.colcon_core.package_identification:_identify(src/OpenManipulatorX_ROS2-main/open_manipulator/open_manipulator) by extension 'ignore'
[0.558s] Level 1:colcon.colcon_core.package_identification:_identify(src/OpenManipulatorX_ROS2-main/open_manipulator/open_manipulator) by extension 'ignore_ament_install'
[0.558s] Level 1:colcon.colcon_core.package_identification:_identify(src/OpenManipulatorX_ROS2-main/open_manipulator/open_manipulator) by extensions ['colcon_pkg']
[0.558s] Level 1:colcon.colcon_core.package_identification:_identify(src/OpenManipulatorX_ROS2-main/open_manipulator/open_manipulator) by extension 'colcon_pkg'
[0.558s] Level 1:colcon.colcon_core.package_identification:_identify(src/OpenManipulatorX_ROS2-main/open_manipulator/open_manipulator) by extensions ['colcon_meta']
[0.558s] Level 1:colcon.colcon_core.package_identification:_identify(src/OpenManipulatorX_ROS2-main/open_manipulator/open_manipulator) by extension 'colcon_meta'
[0.558s] Level 1:colcon.colcon_core.package_identification:_identify(src/OpenManipulatorX_ROS2-main/open_manipulator/open_manipulator) by extensions ['ros']
[0.558s] Level 1:colcon.colcon_core.package_identification:_identify(src/OpenManipulatorX_ROS2-main/open_manipulator/open_manipulator) by extension 'ros'
[0.560s] DEBUG:colcon.colcon_core.package_identification:Package 'src/OpenManipulatorX_ROS2-main/open_manipulator/open_manipulator' with type 'ros.ament_cmake' and name 'open_manipulator'
[0.560s] Level 1:colcon.colcon_core.package_identification:_identify(src/OpenManipulatorX_ROS2-main/open_manipulator/open_manipulator_x_controller) by extensions ['ignore', 'ignore_ament_install']
[0.560s] Level 1:colcon.colcon_core.package_identification:_identify(src/OpenManipulatorX_ROS2-main/open_manipulator/open_manipulator_x_controller) by extension 'ignore'
[0.560s] Level 1:colcon.colcon_core.package_identification:_identify(src/OpenManipulatorX_ROS2-main/open_manipulator/open_manipulator_x_controller) by extension 'ignore_ament_install'
[0.560s] Level 1:colcon.colcon_core.package_identification:_identify(src/OpenManipulatorX_ROS2-main/open_manipulator/open_manipulator_x_controller) by extensions ['colcon_pkg']
[0.561s] Level 1:colcon.colcon_core.package_identification:_identify(src/OpenManipulatorX_ROS2-main/open_manipulator/open_manipulator_x_controller) by extension 'colcon_pkg'
[0.561s] Level 1:colcon.colcon_core.package_identification:_identify(src/OpenManipulatorX_ROS2-main/open_manipulator/open_manipulator_x_controller) by extensions ['colcon_meta']
[0.561s] Level 1:colcon.colcon_core.package_identification:_identify(src/OpenManipulatorX_ROS2-main/open_manipulator/open_manipulator_x_controller) by extension 'colcon_meta'
[0.561s] Level 1:colcon.colcon_core.package_identification:_identify(src/OpenManipulatorX_ROS2-main/open_manipulator/open_manipulator_x_controller) by extensions ['ros']
[0.561s] Level 1:colcon.colcon_core.package_identification:_identify(src/OpenManipulatorX_ROS2-main/open_manipulator/open_manipulator_x_controller) by extension 'ros'
[0.564s] DEBUG:colcon.colcon_core.package_identification:Package 'src/OpenManipulatorX_ROS2-main/open_manipulator/open_manipulator_x_controller' with type 'ros.ament_cmake' and name 'open_manipulator_x_controller'
[0.564s] Level 1:colcon.colcon_core.package_identification:_identify(src/OpenManipulatorX_ROS2-main/open_manipulator/open_manipulator_x_description) by extensions ['ignore', 'ignore_ament_install']
[0.564s] Level 1:colcon.colcon_core.package_identification:_identify(src/OpenManipulatorX_ROS2-main/open_manipulator/open_manipulator_x_description) by extension 'ignore'
[0.565s] Level 1:colcon.colcon_core.package_identification:_identify(src/OpenManipulatorX_ROS2-main/open_manipulator/open_manipulator_x_description) by extension 'ignore_ament_install'
[0.565s] Level 1:colcon.colcon_core.package_identification:_identify(src/OpenManipulatorX_ROS2-main/open_manipulator/open_manipulator_x_description) by extensions ['colcon_pkg']
[0.565s] Level 1:colcon.colcon_core.package_identification:_identify(src/OpenManipulatorX_ROS2-main/open_manipulator/open_manipulator_x_description) by extension 'colcon_pkg'
[0.565s] Level 1:colcon.colcon_core.package_identification:_identify(src/OpenManipulatorX_ROS2-main/open_manipulator/open_manipulator_x_description) by extensions ['colcon_meta']
[0.565s] Level 1:colcon.colcon_core.package_identification:_identify(src/OpenManipulatorX_ROS2-main/open_manipulator/open_manipulator_x_description) by extension 'colcon_meta'
[0.565s] Level 1:colcon.colcon_core.package_identification:_identify(src/OpenManipulatorX_ROS2-main/open_manipulator/open_manipulator_x_description) by extensions ['ros']
[0.565s] Level 1:colcon.colcon_core.package_identification:_identify(src/OpenManipulatorX_ROS2-main/open_manipulator/open_manipulator_x_description) by extension 'ros'
[0.567s] DEBUG:colcon.colcon_core.package_identification:Package 'src/OpenManipulatorX_ROS2-main/open_manipulator/open_manipulator_x_description' with type 'ros.ament_cmake' and name 'open_manipulator_x_description'
[0.568s] Level 1:colcon.colcon_core.package_identification:_identify(src/OpenManipulatorX_ROS2-main/open_manipulator/open_manipulator_x_libs) by extensions ['ignore', 'ignore_ament_install']
[0.568s] Level 1:colcon.colcon_core.package_identification:_identify(src/OpenManipulatorX_ROS2-main/open_manipulator/open_manipulator_x_libs) by extension 'ignore'
[0.568s] Level 1:colcon.colcon_core.package_identification:_identify(src/OpenManipulatorX_ROS2-main/open_manipulator/open_manipulator_x_libs) by extension 'ignore_ament_install'
[0.568s] Level 1:colcon.colcon_core.package_identification:_identify(src/OpenManipulatorX_ROS2-main/open_manipulator/open_manipulator_x_libs) by extensions ['colcon_pkg']
[0.568s] Level 1:colcon.colcon_core.package_identification:_identify(src/OpenManipulatorX_ROS2-main/open_manipulator/open_manipulator_x_libs) by extension 'colcon_pkg'
[0.568s] Level 1:colcon.colcon_core.package_identification:_identify(src/OpenManipulatorX_ROS2-main/open_manipulator/open_manipulator_x_libs) by extensions ['colcon_meta']
[0.568s] Level 1:colcon.colcon_core.package_identification:_identify(src/OpenManipulatorX_ROS2-main/open_manipulator/open_manipulator_x_libs) by extension 'colcon_meta'
[0.568s] Level 1:colcon.colcon_core.package_identification:_identify(src/OpenManipulatorX_ROS2-main/open_manipulator/open_manipulator_x_libs) by extensions ['ros']
[0.568s] Level 1:colcon.colcon_core.package_identification:_identify(src/OpenManipulatorX_ROS2-main/open_manipulator/open_manipulator_x_libs) by extension 'ros'
[0.571s] DEBUG:colcon.colcon_core.package_identification:Package 'src/OpenManipulatorX_ROS2-main/open_manipulator/open_manipulator_x_libs' with type 'ros.ament_cmake' and name 'open_manipulator_x_libs'
[0.571s] Level 1:colcon.colcon_core.package_identification:_identify(src/OpenManipulatorX_ROS2-main/open_manipulator_dependencies) by extensions ['ignore', 'ignore_ament_install']
[0.571s] Level 1:colcon.colcon_core.package_identification:_identify(src/OpenManipulatorX_ROS2-main/open_manipulator_dependencies) by extension 'ignore'
[0.571s] Level 1:colcon.colcon_core.package_identification:_identify(src/OpenManipulatorX_ROS2-main/open_manipulator_dependencies) by extension 'ignore_ament_install'
[0.571s] Level 1:colcon.colcon_core.package_identification:_identify(src/OpenManipulatorX_ROS2-main/open_manipulator_dependencies) by extensions ['colcon_pkg']
[0.571s] Level 1:colcon.colcon_core.package_identification:_identify(src/OpenManipulatorX_ROS2-main/open_manipulator_dependencies) by extension 'colcon_pkg'
[0.571s] Level 1:colcon.colcon_core.package_identification:_identify(src/OpenManipulatorX_ROS2-main/open_manipulator_dependencies) by extensions ['colcon_meta']
[0.571s] Level 1:colcon.colcon_core.package_identification:_identify(src/OpenManipulatorX_ROS2-main/open_manipulator_dependencies) by extension 'colcon_meta'
[0.572s] Level 1:colcon.colcon_core.package_identification:_identify(src/OpenManipulatorX_ROS2-main/open_manipulator_dependencies) by extensions ['ros']
[0.572s] Level 1:colcon.colcon_core.package_identification:_identify(src/OpenManipulatorX_ROS2-main/open_manipulator_dependencies) by extension 'ros'
[0.572s] Level 1:colcon.colcon_core.package_identification:_identify(src/OpenManipulatorX_ROS2-main/open_manipulator_dependencies) by extensions ['cmake', 'python']
[0.572s] Level 1:colcon.colcon_core.package_identification:_identify(src/OpenManipulatorX_ROS2-main/open_manipulator_dependencies) by extension 'cmake'
[0.572s] Level 1:colcon.colcon_core.package_identification:_identify(src/OpenManipulatorX_ROS2-main/open_manipulator_dependencies) by extension 'python'
[0.572s] Level 1:colcon.colcon_core.package_identification:_identify(src/OpenManipulatorX_ROS2-main/open_manipulator_dependencies) by extensions ['python_setup_py']
[0.572s] Level 1:colcon.colcon_core.package_identification:_identify(src/OpenManipulatorX_ROS2-main/open_manipulator_dependencies) by extension 'python_setup_py'
[0.572s] Level 1:colcon.colcon_core.package_identification:_identify(src/OpenManipulatorX_ROS2-main/open_manipulator_dependencies/cmake_modules) by extensions ['ignore', 'ignore_ament_install']
[0.572s] Level 1:colcon.colcon_core.package_identification:_identify(src/OpenManipulatorX_ROS2-main/open_manipulator_dependencies/cmake_modules) by extension 'ignore'
[0.573s] Level 1:colcon.colcon_core.package_identification:_identify(src/OpenManipulatorX_ROS2-main/open_manipulator_dependencies/cmake_modules) by extension 'ignore_ament_install'
[0.573s] Level 1:colcon.colcon_core.package_identification:_identify(src/OpenManipulatorX_ROS2-main/open_manipulator_dependencies/cmake_modules) by extensions ['colcon_pkg']
[0.573s] Level 1:colcon.colcon_core.package_identification:_identify(src/OpenManipulatorX_ROS2-main/open_manipulator_dependencies/cmake_modules) by extension 'colcon_pkg'
[0.573s] Level 1:colcon.colcon_core.package_identification:_identify(src/OpenManipulatorX_ROS2-main/open_manipulator_dependencies/cmake_modules) by extensions ['colcon_meta']
[0.573s] Level 1:colcon.colcon_core.package_identification:_identify(src/OpenManipulatorX_ROS2-main/open_manipulator_dependencies/cmake_modules) by extension 'colcon_meta'
[0.573s] Level 1:colcon.colcon_core.package_identification:_identify(src/OpenManipulatorX_ROS2-main/open_manipulator_dependencies/cmake_modules) by extensions ['ros']
[0.573s] Level 1:colcon.colcon_core.package_identification:_identify(src/OpenManipulatorX_ROS2-main/open_manipulator_dependencies/cmake_modules) by extension 'ros'
[0.574s] DEBUG:colcon.colcon_core.package_identification:Package 'src/OpenManipulatorX_ROS2-main/open_manipulator_dependencies/cmake_modules' with type 'ros.ament_cmake' and name 'cmake_modules'
[0.575s] Level 1:colcon.colcon_core.package_identification:_identify(src/OpenManipulatorX_ROS2-main/open_manipulator_msgs) by extensions ['ignore', 'ignore_ament_install']
[0.575s] Level 1:colcon.colcon_core.package_identification:_identify(src/OpenManipulatorX_ROS2-main/open_manipulator_msgs) by extension 'ignore'
[0.575s] Level 1:colcon.colcon_core.package_identification:_identify(src/OpenManipulatorX_ROS2-main/open_manipulator_msgs) by extension 'ignore_ament_install'
[0.575s] Level 1:colcon.colcon_core.package_identification:_identify(src/OpenManipulatorX_ROS2-main/open_manipulator_msgs) by extensions ['colcon_pkg']
[0.575s] Level 1:colcon.colcon_core.package_identification:_identify(src/OpenManipulatorX_ROS2-main/open_manipulator_msgs) by extension 'colcon_pkg'
[0.575s] Level 1:colcon.colcon_core.package_identification:_identify(src/OpenManipulatorX_ROS2-main/open_manipulator_msgs) by extensions ['colcon_meta']
[0.575s] Level 1:colcon.colcon_core.package_identification:_identify(src/OpenManipulatorX_ROS2-main/open_manipulator_msgs) by extension 'colcon_meta'
[0.575s] Level 1:colcon.colcon_core.package_identification:_identify(src/OpenManipulatorX_ROS2-main/open_manipulator_msgs) by extensions ['ros']
[0.575s] Level 1:colcon.colcon_core.package_identification:_identify(src/OpenManipulatorX_ROS2-main/open_manipulator_msgs) by extension 'ros'
[0.578s] DEBUG:colcon.colcon_core.package_identification:Package 'src/OpenManipulatorX_ROS2-main/open_manipulator_msgs' with type 'ros.ament_cmake' and name 'open_manipulator_msgs'
[0.578s] Level 1:colcon.colcon_core.package_identification:_identify(src/OpenManipulatorX_ROS2-main/rbe500-example) by extensions ['ignore', 'ignore_ament_install']
[0.578s] Level 1:colcon.colcon_core.package_identification:_identify(src/OpenManipulatorX_ROS2-main/rbe500-example) by extension 'ignore'
[0.578s] Level 1:colcon.colcon_core.package_identification:_identify(src/OpenManipulatorX_ROS2-main/rbe500-example) by extension 'ignore_ament_install'
[0.578s] Level 1:colcon.colcon_core.package_identification:_identify(src/OpenManipulatorX_ROS2-main/rbe500-example) by extensions ['colcon_pkg']
[0.578s] Level 1:colcon.colcon_core.package_identification:_identify(src/OpenManipulatorX_ROS2-main/rbe500-example) by extension 'colcon_pkg'
[0.578s] Level 1:colcon.colcon_core.package_identification:_identify(src/OpenManipulatorX_ROS2-main/rbe500-example) by extensions ['colcon_meta']
[0.578s] Level 1:colcon.colcon_core.package_identification:_identify(src/OpenManipulatorX_ROS2-main/rbe500-example) by extension 'colcon_meta'
[0.579s] Level 1:colcon.colcon_core.package_identification:_identify(src/OpenManipulatorX_ROS2-main/rbe500-example) by extensions ['ros']
[0.579s] Level 1:colcon.colcon_core.package_identification:_identify(src/OpenManipulatorX_ROS2-main/rbe500-example) by extension 'ros'
[0.582s] DEBUG:colcon.colcon_core.package_identification:Package 'src/OpenManipulatorX_ROS2-main/rbe500-example' with type 'ros.ament_cmake' and name 'rbe500-example'
[0.582s] Level 1:colcon.colcon_core.package_identification:_identify(src/OpenManipulatorX_ROS2-main/rbe500_example_py) by extensions ['ignore', 'ignore_ament_install']
[0.582s] Level 1:colcon.colcon_core.package_identification:_identify(src/OpenManipulatorX_ROS2-main/rbe500_example_py) by extension 'ignore'
[0.582s] Level 1:colcon.colcon_core.package_identification:_identify(src/OpenManipulatorX_ROS2-main/rbe500_example_py) by extension 'ignore_ament_install'
[0.582s] Level 1:colcon.colcon_core.package_identification:_identify(src/OpenManipulatorX_ROS2-main/rbe500_example_py) by extensions ['colcon_pkg']
[0.582s] Level 1:colcon.colcon_core.package_identification:_identify(src/OpenManipulatorX_ROS2-main/rbe500_example_py) by extension 'colcon_pkg'
[0.582s] Level 1:colcon.colcon_core.package_identification:_identify(src/OpenManipulatorX_ROS2-main/rbe500_example_py) by extensions ['colcon_meta']
[0.582s] Level 1:colcon.colcon_core.package_identification:_identify(src/OpenManipulatorX_ROS2-main/rbe500_example_py) by extension 'colcon_meta'
[0.583s] Level 1:colcon.colcon_core.package_identification:_identify(src/OpenManipulatorX_ROS2-main/rbe500_example_py) by extensions ['ros']
[0.583s] Level 1:colcon.colcon_core.package_identification:_identify(src/OpenManipulatorX_ROS2-main/rbe500_example_py) by extension 'ros'
[0.584s] DEBUG:colcon.colcon_core.package_identification:Package 'src/OpenManipulatorX_ROS2-main/rbe500_example_py' with type 'ros.ament_python' and name 'rbe500_example_py'
[0.584s] Level 1:colcon.colcon_core.package_identification:_identify(src/OpenManipulatorX_ROS2-main/robotis_manipulator) by extensions ['ignore', 'ignore_ament_install']
[0.584s] Level 1:colcon.colcon_core.package_identification:_identify(src/OpenManipulatorX_ROS2-main/robotis_manipulator) by extension 'ignore'
[0.584s] Level 1:colcon.colcon_core.package_identification:_identify(src/OpenManipulatorX_ROS2-main/robotis_manipulator) by extension 'ignore_ament_install'
[0.584s] Level 1:colcon.colcon_core.package_identification:_identify(src/OpenManipulatorX_ROS2-main/robotis_manipulator) by extensions ['colcon_pkg']
[0.584s] Level 1:colcon.colcon_core.package_identification:_identify(src/OpenManipulatorX_ROS2-main/robotis_manipulator) by extension 'colcon_pkg'
[0.584s] Level 1:colcon.colcon_core.package_identification:_identify(src/OpenManipulatorX_ROS2-main/robotis_manipulator) by extensions ['colcon_meta']
[0.584s] Level 1:colcon.colcon_core.package_identification:_identify(src/OpenManipulatorX_ROS2-main/robotis_manipulator) by extension 'colcon_meta'
[0.585s] Level 1:colcon.colcon_core.package_identification:_identify(src/OpenManipulatorX_ROS2-main/robotis_manipulator) by extensions ['ros']
[0.585s] Level 1:colcon.colcon_core.package_identification:_identify(src/OpenManipulatorX_ROS2-main/robotis_manipulator) by extension 'ros'
[0.587s] DEBUG:colcon.colcon_core.package_identification:Package 'src/OpenManipulatorX_ROS2-main/robotis_manipulator' with type 'ros.ament_cmake' and name 'robotis_manipulator'
[0.587s] Level 1:colcon.colcon_core.package_identification:_identify(src/OpenManipulatorX_ROS2-main/vel_kinematics) by extensions ['ignore', 'ignore_ament_install']
[0.587s] Level 1:colcon.colcon_core.package_identification:_identify(src/OpenManipulatorX_ROS2-main/vel_kinematics) by extension 'ignore'
[0.587s] Level 1:colcon.colcon_core.package_identification:_identify(src/OpenManipulatorX_ROS2-main/vel_kinematics) by extension 'ignore_ament_install'
[0.587s] Level 1:colcon.colcon_core.package_identification:_identify(src/OpenManipulatorX_ROS2-main/vel_kinematics) by extensions ['colcon_pkg']
[0.587s] Level 1:colcon.colcon_core.package_identification:_identify(src/OpenManipulatorX_ROS2-main/vel_kinematics) by extension 'colcon_pkg'
[0.587s] Level 1:colcon.colcon_core.package_identification:_identify(src/OpenManipulatorX_ROS2-main/vel_kinematics) by extensions ['colcon_meta']
[0.587s] Level 1:colcon.colcon_core.package_identification:_identify(src/OpenManipulatorX_ROS2-main/vel_kinematics) by extension 'colcon_meta'
[0.587s] Level 1:colcon.colcon_core.package_identification:_identify(src/OpenManipulatorX_ROS2-main/vel_kinematics) by extensions ['ros']
[0.588s] Level 1:colcon.colcon_core.package_identification:_identify(src/OpenManipulatorX_ROS2-main/vel_kinematics) by extension 'ros'
[0.589s] DEBUG:colcon.colcon_core.package_identification:Package 'src/OpenManipulatorX_ROS2-main/vel_kinematics' with type 'ros.ament_python' and name 'vel_kinematics'
[0.589s] Level 1:colcon.colcon_core.package_discovery:discover_packages(recursive) using defaults
[0.589s] Level 1:colcon.colcon_core.package_discovery:discover_packages(ignore) discover
[0.589s] Level 1:colcon.colcon_core.package_discovery:discover_packages(ignore) using defaults
[0.589s] Level 1:colcon.colcon_core.package_discovery:discover_packages(path) discover
[0.589s] Level 1:colcon.colcon_core.package_discovery:discover_packages(path) using defaults
[0.638s] Level 1:colcon.colcon_core.package_discovery:discover_packages(prefix_path) check parameters
[0.638s] Level 1:colcon.colcon_core.package_discovery:discover_packages(prefix_path) discover
[0.642s] DEBUG:colcon.colcon_installed_package_information.package_discovery:Found 18 installed packages in /home/manav/robotis_ws/install
[0.642s] DEBUG:colcon.colcon_installed_package_information.package_discovery:Found 1 installed packages in /home/manav/ros2_test/install
[0.644s] DEBUG:colcon.colcon_installed_package_information.package_discovery:Found 273 installed packages in /opt/ros/humble
[0.646s] Level 1:colcon.colcon_core.package_discovery:discover_packages(prefix_path) using defaults
[0.704s] Level 5:colcon.colcon_core.verb:set package 'cmake_modules' build argument 'cmake_args' from command line to 'None'
[0.705s] Level 5:colcon.colcon_core.verb:set package 'cmake_modules' build argument 'cmake_target' from command line to 'None'
[0.705s] Level 5:colcon.colcon_core.verb:set package 'cmake_modules' build argument 'cmake_target_skip_unavailable' from command line to 'False'
[0.705s] Level 5:colcon.colcon_core.verb:set package 'cmake_modules' build argument 'cmake_clean_cache' from command line to 'False'
[0.705s] Level 5:colcon.colcon_core.verb:set package 'cmake_modules' build argument 'cmake_clean_first' from command line to 'False'
[0.705s] Level 5:colcon.colcon_core.verb:set package 'cmake_modules' build argument 'cmake_force_configure' from command line to 'False'
[0.705s] Level 5:colcon.colcon_core.verb:set package 'cmake_modules' build argument 'ament_cmake_args' from command line to 'None'
[0.705s] Level 5:colcon.colcon_core.verb:set package 'cmake_modules' build argument 'catkin_cmake_args' from command line to 'None'
[0.705s] Level 5:colcon.colcon_core.verb:set package 'cmake_modules' build argument 'catkin_skip_building_tests' from command line to 'False'
[0.705s] DEBUG:colcon.colcon_core.verb:Building package 'cmake_modules' with the following arguments: {'ament_cmake_args': None, 'build_base': '/home/manav/robotis_ws/build/cmake_modules', 'catkin_cmake_args': None, 'catkin_skip_building_tests': False, 'cmake_args': None, 'cmake_clean_cache': False, 'cmake_clean_first': False, 'cmake_force_configure': False, 'cmake_target': None, 'cmake_target_skip_unavailable': False, 'install_base': '/home/manav/robotis_ws/install/cmake_modules', 'merge_install': False, 'path': '/home/manav/robotis_ws/src/OpenManipulatorX_ROS2-main/open_manipulator_dependencies/cmake_modules', 'symlink_install': False, 'test_result_base': None}
[0.706s] Level 5:colcon.colcon_core.verb:set package 'dynamixel_sdk' build argument 'cmake_args' from command line to 'None'
[0.706s] Level 5:colcon.colcon_core.verb:set package 'dynamixel_sdk' build argument 'cmake_target' from command line to 'None'
[0.706s] Level 5:colcon.colcon_core.verb:set package 'dynamixel_sdk' build argument 'cmake_target_skip_unavailable' from command line to 'False'
[0.706s] Level 5:colcon.colcon_core.verb:set package 'dynamixel_sdk' build argument 'cmake_clean_cache' from command line to 'False'
[0.706s] Level 5:colcon.colcon_core.verb:set package 'dynamixel_sdk' build argument 'cmake_clean_first' from command line to 'False'
[0.706s] Level 5:colcon.colcon_core.verb:set package 'dynamixel_sdk' build argument 'cmake_force_configure' from command line to 'False'
[0.706s] Level 5:colcon.colcon_core.verb:set package 'dynamixel_sdk' build argument 'ament_cmake_args' from command line to 'None'
[0.706s] Level 5:colcon.colcon_core.verb:set package 'dynamixel_sdk' build argument 'catkin_cmake_args' from command line to 'None'
[0.706s] Level 5:colcon.colcon_core.verb:set package 'dynamixel_sdk' build argument 'catkin_skip_building_tests' from command line to 'False'
[0.706s] DEBUG:colcon.colcon_core.verb:Building package 'dynamixel_sdk' with the following arguments: {'ament_cmake_args': None, 'build_base': '/home/manav/robotis_ws/build/dynamixel_sdk', 'catkin_cmake_args': None, 'catkin_skip_building_tests': False, 'cmake_args': None, 'cmake_clean_cache': False, 'cmake_clean_first': False, 'cmake_force_configure': False, 'cmake_target': None, 'cmake_target_skip_unavailable': False, 'install_base': '/home/manav/robotis_ws/install/dynamixel_sdk', 'merge_install': False, 'path': '/home/manav/robotis_ws/src/OpenManipulatorX_ROS2-main/DynamixelSDK/dynamixel_sdk', 'symlink_install': False, 'test_result_base': None}
[0.707s] Level 5:colcon.colcon_core.verb:set package 'dynamixel_sdk_custom_interfaces' build argument 'cmake_args' from command line to 'None'
[0.707s] Level 5:colcon.colcon_core.verb:set package 'dynamixel_sdk_custom_interfaces' build argument 'cmake_target' from command line to 'None'
[0.707s] Level 5:colcon.colcon_core.verb:set package 'dynamixel_sdk_custom_interfaces' build argument 'cmake_target_skip_unavailable' from command line to 'False'
[0.707s] Level 5:colcon.colcon_core.verb:set package 'dynamixel_sdk_custom_interfaces' build argument 'cmake_clean_cache' from command line to 'False'
[0.707s] Level 5:colcon.colcon_core.verb:set package 'dynamixel_sdk_custom_interfaces' build argument 'cmake_clean_first' from command line to 'False'
[0.707s] Level 5:colcon.colcon_core.verb:set package 'dynamixel_sdk_custom_interfaces' build argument 'cmake_force_configure' from command line to 'False'
[0.707s] Level 5:colcon.colcon_core.verb:set package 'dynamixel_sdk_custom_interfaces' build argument 'ament_cmake_args' from command line to 'None'
[0.707s] Level 5:colcon.colcon_core.verb:set package 'dynamixel_sdk_custom_interfaces' build argument 'catkin_cmake_args' from command line to 'None'
[0.707s] Level 5:colcon.colcon_core.verb:set package 'dynamixel_sdk_custom_interfaces' build argument 'catkin_skip_building_tests' from command line to 'False'
[0.707s] DEBUG:colcon.colcon_core.verb:Building package 'dynamixel_sdk_custom_interfaces' with the following arguments: {'ament_cmake_args': None, 'build_base': '/home/manav/robotis_ws/build/dynamixel_sdk_custom_interfaces', 'catkin_cmake_args': None, 'catkin_skip_building_tests': False, 'cmake_args': None, 'cmake_clean_cache': False, 'cmake_clean_first': False, 'cmake_force_configure': False, 'cmake_target': None, 'cmake_target_skip_unavailable': False, 'install_base': '/home/manav/robotis_ws/install/dynamixel_sdk_custom_interfaces', 'merge_install': False, 'path': '/home/manav/robotis_ws/src/OpenManipulatorX_ROS2-main/DynamixelSDK/dynamixel_sdk_custom_interfaces', 'symlink_install': False, 'test_result_base': None}
[0.708s] Level 5:colcon.colcon_core.verb:set package 'forward' build argument 'cmake_args' from command line to 'None'
[0.708s] Level 5:colcon.colcon_core.verb:set package 'forward' build argument 'cmake_target' from command line to 'None'
[0.708s] Level 5:colcon.colcon_core.verb:set package 'forward' build argument 'cmake_target_skip_unavailable' from command line to 'False'
[0.708s] Level 5:colcon.colcon_core.verb:set package 'forward' build argument 'cmake_clean_cache' from command line to 'False'
[0.708s] Level 5:colcon.colcon_core.verb:set package 'forward' build argument 'cmake_clean_first' from command line to 'False'
[0.708s] Level 5:colcon.colcon_core.verb:set package 'forward' build argument 'cmake_force_configure' from command line to 'False'
[0.708s] Level 5:colcon.colcon_core.verb:set package 'forward' build argument 'ament_cmake_args' from command line to 'None'
[0.708s] Level 5:colcon.colcon_core.verb:set package 'forward' build argument 'catkin_cmake_args' from command line to 'None'
[0.708s] Level 5:colcon.colcon_core.verb:set package 'forward' build argument 'catkin_skip_building_tests' from command line to 'False'
[0.708s] DEBUG:colcon.colcon_core.verb:Building package 'forward' with the following arguments: {'ament_cmake_args': None, 'build_base': '/home/manav/robotis_ws/build/forward', 'catkin_cmake_args': None, 'catkin_skip_building_tests': False, 'cmake_args': None, 'cmake_clean_cache': False, 'cmake_clean_first': False, 'cmake_force_configure': False, 'cmake_target': None, 'cmake_target_skip_unavailable': False, 'install_base': '/home/manav/robotis_ws/install/forward', 'merge_install': False, 'path': '/home/manav/robotis_ws/src/OpenManipulatorX_ROS2-main/forward', 'symlink_install': False, 'test_result_base': None}
[0.709s] Level 5:colcon.colcon_core.verb:set package 'inverse' build argument 'cmake_args' from command line to 'None'
[0.709s] Level 5:colcon.colcon_core.verb:set package 'inverse' build argument 'cmake_target' from command line to 'None'
[0.709s] Level 5:colcon.colcon_core.verb:set package 'inverse' build argument 'cmake_target_skip_unavailable' from command line to 'False'
[0.709s] Level 5:colcon.colcon_core.verb:set package 'inverse' build argument 'cmake_clean_cache' from command line to 'False'
[0.709s] Level 5:colcon.colcon_core.verb:set package 'inverse' build argument 'cmake_clean_first' from command line to 'False'
[0.710s] Level 5:colcon.colcon_core.verb:set package 'inverse' build argument 'cmake_force_configure' from command line to 'False'
[0.710s] Level 5:colcon.colcon_core.verb:set package 'inverse' build argument 'ament_cmake_args' from command line to 'None'
[0.710s] Level 5:colcon.colcon_core.verb:set package 'inverse' build argument 'catkin_cmake_args' from command line to 'None'
[0.710s] Level 5:colcon.colcon_core.verb:set package 'inverse' build argument 'catkin_skip_building_tests' from command line to 'False'
[0.710s] DEBUG:colcon.colcon_core.verb:Building package 'inverse' with the following arguments: {'ament_cmake_args': None, 'build_base': '/home/manav/robotis_ws/build/inverse', 'catkin_cmake_args': None, 'catkin_skip_building_tests': False, 'cmake_args': None, 'cmake_clean_cache': False, 'cmake_clean_first': False, 'cmake_force_configure': False, 'cmake_target': None, 'cmake_target_skip_unavailable': False, 'install_base': '/home/manav/robotis_ws/install/inverse', 'merge_install': False, 'path': '/home/manav/robotis_ws/src/OpenManipulatorX_ROS2-main/inverse', 'symlink_install': False, 'test_result_base': None}
[0.711s] Level 5:colcon.colcon_core.verb:set package 'my_service_package' build argument 'cmake_args' from command line to 'None'
[0.711s] Level 5:colcon.colcon_core.verb:set package 'my_service_package' build argument 'cmake_target' from command line to 'None'
[0.711s] Level 5:colcon.colcon_core.verb:set package 'my_service_package' build argument 'cmake_target_skip_unavailable' from command line to 'False'
[0.711s] Level 5:colcon.colcon_core.verb:set package 'my_service_package' build argument 'cmake_clean_cache' from command line to 'False'
[0.711s] Level 5:colcon.colcon_core.verb:set package 'my_service_package' build argument 'cmake_clean_first' from command line to 'False'
[0.711s] Level 5:colcon.colcon_core.verb:set package 'my_service_package' build argument 'cmake_force_configure' from command line to 'False'
[0.711s] Level 5:colcon.colcon_core.verb:set package 'my_service_package' build argument 'ament_cmake_args' from command line to 'None'
[0.711s] Level 5:colcon.colcon_core.verb:set package 'my_service_package' build argument 'catkin_cmake_args' from command line to 'None'
[0.711s] Level 5:colcon.colcon_core.verb:set package 'my_service_package' build argument 'catkin_skip_building_tests' from command line to 'False'
[0.711s] DEBUG:colcon.colcon_core.verb:Building package 'my_service_package' with the following arguments: {'ament_cmake_args': None, 'build_base': '/home/manav/robotis_ws/build/my_service_package', 'catkin_cmake_args': None, 'catkin_skip_building_tests': False, 'cmake_args': None, 'cmake_clean_cache': False, 'cmake_clean_first': False, 'cmake_force_configure': False, 'cmake_target': None, 'cmake_target_skip_unavailable': False, 'install_base': '/home/manav/robotis_ws/install/my_service_package', 'merge_install': False, 'path': '/home/manav/robotis_ws/src/OpenManipulatorX_ROS2-main/my_service_package', 'symlink_install': False, 'test_result_base': None}
[0.712s] Level 5:colcon.colcon_core.verb:set package 'open_manipulator_msgs' build argument 'cmake_args' from command line to 'None'
[0.712s] Level 5:colcon.colcon_core.verb:set package 'open_manipulator_msgs' build argument 'cmake_target' from command line to 'None'
[0.712s] Level 5:colcon.colcon_core.verb:set package 'open_manipulator_msgs' build argument 'cmake_target_skip_unavailable' from command line to 'False'
[0.712s] Level 5:colcon.colcon_core.verb:set package 'open_manipulator_msgs' build argument 'cmake_clean_cache' from command line to 'False'
[0.712s] Level 5:colcon.colcon_core.verb:set package 'open_manipulator_msgs' build argument 'cmake_clean_first' from command line to 'False'
[0.712s] Level 5:colcon.colcon_core.verb:set package 'open_manipulator_msgs' build argument 'cmake_force_configure' from command line to 'False'
[0.712s] Level 5:colcon.colcon_core.verb:set package 'open_manipulator_msgs' build argument 'ament_cmake_args' from command line to 'None'
[0.712s] Level 5:colcon.colcon_core.verb:set package 'open_manipulator_msgs' build argument 'catkin_cmake_args' from command line to 'None'
[0.712s] Level 5:colcon.colcon_core.verb:set package 'open_manipulator_msgs' build argument 'catkin_skip_building_tests' from command line to 'False'
[0.712s] DEBUG:colcon.colcon_core.verb:Building package 'open_manipulator_msgs' with the following arguments: {'ament_cmake_args': None, 'build_base': '/home/manav/robotis_ws/build/open_manipulator_msgs', 'catkin_cmake_args': None, 'catkin_skip_building_tests': False, 'cmake_args': None, 'cmake_clean_cache': False, 'cmake_clean_first': False, 'cmake_force_configure': False, 'cmake_target': None, 'cmake_target_skip_unavailable': False, 'install_base': '/home/manav/robotis_ws/install/open_manipulator_msgs', 'merge_install': False, 'path': '/home/manav/robotis_ws/src/OpenManipulatorX_ROS2-main/open_manipulator_msgs', 'symlink_install': False, 'test_result_base': None}
[0.713s] Level 5:colcon.colcon_core.verb:set package 'open_manipulator_x_description' build argument 'cmake_args' from command line to 'None'
[0.713s] Level 5:colcon.colcon_core.verb:set package 'open_manipulator_x_description' build argument 'cmake_target' from command line to 'None'
[0.713s] Level 5:colcon.colcon_core.verb:set package 'open_manipulator_x_description' build argument 'cmake_target_skip_unavailable' from command line to 'False'
[0.713s] Level 5:colcon.colcon_core.verb:set package 'open_manipulator_x_description' build argument 'cmake_clean_cache' from command line to 'False'
[0.713s] Level 5:colcon.colcon_core.verb:set package 'open_manipulator_x_description' build argument 'cmake_clean_first' from command line to 'False'
[0.713s] Level 5:colcon.colcon_core.verb:set package 'open_manipulator_x_description' build argument 'cmake_force_configure' from command line to 'False'
[0.713s] Level 5:colcon.colcon_core.verb:set package 'open_manipulator_x_description' build argument 'ament_cmake_args' from command line to 'None'
[0.713s] Level 5:colcon.colcon_core.verb:set package 'open_manipulator_x_description' build argument 'catkin_cmake_args' from command line to 'None'
[0.713s] Level 5:colcon.colcon_core.verb:set package 'open_manipulator_x_description' build argument 'catkin_skip_building_tests' from command line to 'False'
[0.714s] DEBUG:colcon.colcon_core.verb:Building package 'open_manipulator_x_description' with the following arguments: {'ament_cmake_args': None, 'build_base': '/home/manav/robotis_ws/build/open_manipulator_x_description', 'catkin_cmake_args': None, 'catkin_skip_building_tests': False, 'cmake_args': None, 'cmake_clean_cache': False, 'cmake_clean_first': False, 'cmake_force_configure': False, 'cmake_target': None, 'cmake_target_skip_unavailable': False, 'install_base': '/home/manav/robotis_ws/install/open_manipulator_x_description', 'merge_install': False, 'path': '/home/manav/robotis_ws/src/OpenManipulatorX_ROS2-main/open_manipulator/open_manipulator_x_description', 'symlink_install': False, 'test_result_base': None}
[0.714s] Level 5:colcon.colcon_core.verb:set package 'rbe500_example_py' build argument 'cmake_args' from command line to 'None'
[0.714s] Level 5:colcon.colcon_core.verb:set package 'rbe500_example_py' build argument 'cmake_target' from command line to 'None'
[0.714s] Level 5:colcon.colcon_core.verb:set package 'rbe500_example_py' build argument 'cmake_target_skip_unavailable' from command line to 'False'
[0.715s] Level 5:colcon.colcon_core.verb:set package 'rbe500_example_py' build argument 'cmake_clean_cache' from command line to 'False'
[0.715s] Level 5:colcon.colcon_core.verb:set package 'rbe500_example_py' build argument 'cmake_clean_first' from command line to 'False'
[0.715s] Level 5:colcon.colcon_core.verb:set package 'rbe500_example_py' build argument 'cmake_force_configure' from command line to 'False'
[0.715s] Level 5:colcon.colcon_core.verb:set package 'rbe500_example_py' build argument 'ament_cmake_args' from command line to 'None'
[0.715s] Level 5:colcon.colcon_core.verb:set package 'rbe500_example_py' build argument 'catkin_cmake_args' from command line to 'None'
[0.715s] Level 5:colcon.colcon_core.verb:set package 'rbe500_example_py' build argument 'catkin_skip_building_tests' from command line to 'False'
[0.715s] DEBUG:colcon.colcon_core.verb:Building package 'rbe500_example_py' with the following arguments: {'ament_cmake_args': None, 'build_base': '/home/manav/robotis_ws/build/rbe500_example_py', 'catkin_cmake_args': None, 'catkin_skip_building_tests': False, 'cmake_args': None, 'cmake_clean_cache': False, 'cmake_clean_first': False, 'cmake_force_configure': False, 'cmake_target': None, 'cmake_target_skip_unavailable': False, 'install_base': '/home/manav/robotis_ws/install/rbe500_example_py', 'merge_install': False, 'path': '/home/manav/robotis_ws/src/OpenManipulatorX_ROS2-main/rbe500_example_py', 'symlink_install': False, 'test_result_base': None}
[0.716s] Level 5:colcon.colcon_core.verb:set package 'vel_kinematics' build argument 'cmake_args' from command line to 'None'
[0.716s] Level 5:colcon.colcon_core.verb:set package 'vel_kinematics' build argument 'cmake_target' from command line to 'None'
[0.716s] Level 5:colcon.colcon_core.verb:set package 'vel_kinematics' build argument 'cmake_target_skip_unavailable' from command line to 'False'
[0.716s] Level 5:colcon.colcon_core.verb:set package 'vel_kinematics' build argument 'cmake_clean_cache' from command line to 'False'
[0.716s] Level 5:colcon.colcon_core.verb:set package 'vel_kinematics' build argument 'cmake_clean_first' from command line to 'False'
[0.716s] Level 5:colcon.colcon_core.verb:set package 'vel_kinematics' build argument 'cmake_force_configure' from command line to 'False'
[0.716s] Level 5:colcon.colcon_core.verb:set package 'vel_kinematics' build argument 'ament_cmake_args' from command line to 'None'
[0.716s] Level 5:colcon.colcon_core.verb:set package 'vel_kinematics' build argument 'catkin_cmake_args' from command line to 'None'
[0.716s] Level 5:colcon.colcon_core.verb:set package 'vel_kinematics' build argument 'catkin_skip_building_tests' from command line to 'False'
[0.716s] DEBUG:colcon.colcon_core.verb:Building package 'vel_kinematics' with the following arguments: {'ament_cmake_args': None, 'build_base': '/home/manav/robotis_ws/build/vel_kinematics', 'catkin_cmake_args': None, 'catkin_skip_building_tests': False, 'cmake_args': None, 'cmake_clean_cache': False, 'cmake_clean_first': False, 'cmake_force_configure': False, 'cmake_target': None, 'cmake_target_skip_unavailable': False, 'install_base': '/home/manav/robotis_ws/install/vel_kinematics', 'merge_install': False, 'path': '/home/manav/robotis_ws/src/OpenManipulatorX_ROS2-main/vel_kinematics', 'symlink_install': False, 'test_result_base': None}
[0.717s] Level 5:colcon.colcon_core.verb:set package 'dynamixel_sdk_examples' build argument 'cmake_args' from command line to 'None'
[0.717s] Level 5:colcon.colcon_core.verb:set package 'dynamixel_sdk_examples' build argument 'cmake_target' from command line to 'None'
[0.717s] Level 5:colcon.colcon_core.verb:set package 'dynamixel_sdk_examples' build argument 'cmake_target_skip_unavailable' from command line to 'False'
[0.717s] Level 5:colcon.colcon_core.verb:set package 'dynamixel_sdk_examples' build argument 'cmake_clean_cache' from command line to 'False'
[0.717s] Level 5:colcon.colcon_core.verb:set package 'dynamixel_sdk_examples' build argument 'cmake_clean_first' from command line to 'False'
[0.717s] Level 5:colcon.colcon_core.verb:set package 'dynamixel_sdk_examples' build argument 'cmake_force_configure' from command line to 'False'
[0.717s] Level 5:colcon.colcon_core.verb:set package 'dynamixel_sdk_examples' build argument 'ament_cmake_args' from command line to 'None'
[0.717s] Level 5:colcon.colcon_core.verb:set package 'dynamixel_sdk_examples' build argument 'catkin_cmake_args' from command line to 'None'
[0.717s] Level 5:colcon.colcon_core.verb:set package 'dynamixel_sdk_examples' build argument 'catkin_skip_building_tests' from command line to 'False'
[0.717s] DEBUG:colcon.colcon_core.verb:Building package 'dynamixel_sdk_examples' with the following arguments: {'ament_cmake_args': None, 'build_base': '/home/manav/robotis_ws/build/dynamixel_sdk_examples', 'catkin_cmake_args': None, 'catkin_skip_building_tests': False, 'cmake_args': None, 'cmake_clean_cache': False, 'cmake_clean_first': False, 'cmake_force_configure': False, 'cmake_target': None, 'cmake_target_skip_unavailable': False, 'install_base': '/home/manav/robotis_ws/install/dynamixel_sdk_examples', 'merge_install': False, 'path': '/home/manav/robotis_ws/src/OpenManipulatorX_ROS2-main/DynamixelSDK/dynamixel_sdk_examples', 'symlink_install': False, 'test_result_base': None}
[0.718s] Level 5:colcon.colcon_core.verb:set package 'dynamixel_workbench_toolbox' build argument 'cmake_args' from command line to 'None'
[0.718s] Level 5:colcon.colcon_core.verb:set package 'dynamixel_workbench_toolbox' build argument 'cmake_target' from command line to 'None'
[0.718s] Level 5:colcon.colcon_core.verb:set package 'dynamixel_workbench_toolbox' build argument 'cmake_target_skip_unavailable' from command line to 'False'
[0.718s] Level 5:colcon.colcon_core.verb:set package 'dynamixel_workbench_toolbox' build argument 'cmake_clean_cache' from command line to 'False'
[0.718s] Level 5:colcon.colcon_core.verb:set package 'dynamixel_workbench_toolbox' build argument 'cmake_clean_first' from command line to 'False'
[0.718s] Level 5:colcon.colcon_core.verb:set package 'dynamixel_workbench_toolbox' build argument 'cmake_force_configure' from command line to 'False'
[0.719s] Level 5:colcon.colcon_core.verb:set package 'dynamixel_workbench_toolbox' build argument 'ament_cmake_args' from command line to 'None'
[0.719s] Level 5:colcon.colcon_core.verb:set package 'dynamixel_workbench_toolbox' build argument 'catkin_cmake_args' from command line to 'None'
[0.719s] Level 5:colcon.colcon_core.verb:set package 'dynamixel_workbench_toolbox' build argument 'catkin_skip_building_tests' from command line to 'False'
[0.719s] DEBUG:colcon.colcon_core.verb:Building package 'dynamixel_workbench_toolbox' with the following arguments: {'ament_cmake_args': None, 'build_base': '/home/manav/robotis_ws/build/dynamixel_workbench_toolbox', 'catkin_cmake_args': None, 'catkin_skip_building_tests': False, 'cmake_args': None, 'cmake_clean_cache': False, 'cmake_clean_first': False, 'cmake_force_configure': False, 'cmake_target': None, 'cmake_target_skip_unavailable': False, 'install_base': '/home/manav/robotis_ws/install/dynamixel_workbench_toolbox', 'merge_install': False, 'path': '/home/manav/robotis_ws/src/OpenManipulatorX_ROS2-main/dynamixel-workbench/dynamixel_workbench_toolbox', 'symlink_install': False, 'test_result_base': None}
[0.719s] Level 5:colcon.colcon_core.verb:set package 'rbe500-example' build argument 'cmake_args' from command line to 'None'
[0.720s] Level 5:colcon.colcon_core.verb:set package 'rbe500-example' build argument 'cmake_target' from command line to 'None'
[0.720s] Level 5:colcon.colcon_core.verb:set package 'rbe500-example' build argument 'cmake_target_skip_unavailable' from command line to 'False'
[0.720s] Level 5:colcon.colcon_core.verb:set package 'rbe500-example' build argument 'cmake_clean_cache' from command line to 'False'
[0.720s] Level 5:colcon.colcon_core.verb:set package 'rbe500-example' build argument 'cmake_clean_first' from command line to 'False'
[0.720s] Level 5:colcon.colcon_core.verb:set package 'rbe500-example' build argument 'cmake_force_configure' from command line to 'False'
[0.720s] Level 5:colcon.colcon_core.verb:set package 'rbe500-example' build argument 'ament_cmake_args' from command line to 'None'
[0.720s] Level 5:colcon.colcon_core.verb:set package 'rbe500-example' build argument 'catkin_cmake_args' from command line to 'None'
[0.720s] Level 5:colcon.colcon_core.verb:set package 'rbe500-example' build argument 'catkin_skip_building_tests' from command line to 'False'
[0.720s] DEBUG:colcon.colcon_core.verb:Building package 'rbe500-example' with the following arguments: {'ament_cmake_args': None, 'build_base': '/home/manav/robotis_ws/build/rbe500-example', 'catkin_cmake_args': None, 'catkin_skip_building_tests': False, 'cmake_args': None, 'cmake_clean_cache': False, 'cmake_clean_first': False, 'cmake_force_configure': False, 'cmake_target': None, 'cmake_target_skip_unavailable': False, 'install_base': '/home/manav/robotis_ws/install/rbe500-example', 'merge_install': False, 'path': '/home/manav/robotis_ws/src/OpenManipulatorX_ROS2-main/rbe500-example', 'symlink_install': False, 'test_result_base': None}
[0.721s] Level 5:colcon.colcon_core.verb:set package 'robotis_manipulator' build argument 'cmake_args' from command line to 'None'
[0.721s] Level 5:colcon.colcon_core.verb:set package 'robotis_manipulator' build argument 'cmake_target' from command line to 'None'
[0.721s] Level 5:colcon.colcon_core.verb:set package 'robotis_manipulator' build argument 'cmake_target_skip_unavailable' from command line to 'False'
[0.721s] Level 5:colcon.colcon_core.verb:set package 'robotis_manipulator' build argument 'cmake_clean_cache' from command line to 'False'
[0.721s] Level 5:colcon.colcon_core.verb:set package 'robotis_manipulator' build argument 'cmake_clean_first' from command line to 'False'
[0.721s] Level 5:colcon.colcon_core.verb:set package 'robotis_manipulator' build argument 'cmake_force_configure' from command line to 'False'
[0.721s] Level 5:colcon.colcon_core.verb:set package 'robotis_manipulator' build argument 'ament_cmake_args' from command line to 'None'
[0.721s] Level 5:colcon.colcon_core.verb:set package 'robotis_manipulator' build argument 'catkin_cmake_args' from command line to 'None'
[0.721s] Level 5:colcon.colcon_core.verb:set package 'robotis_manipulator' build argument 'catkin_skip_building_tests' from command line to 'False'
[0.721s] DEBUG:colcon.colcon_core.verb:Building package 'robotis_manipulator' with the following arguments: {'ament_cmake_args': None, 'build_base': '/home/manav/robotis_ws/build/robotis_manipulator', 'catkin_cmake_args': None, 'catkin_skip_building_tests': False, 'cmake_args': None, 'cmake_clean_cache': False, 'cmake_clean_first': False, 'cmake_force_configure': False, 'cmake_target': None, 'cmake_target_skip_unavailable': False, 'install_base': '/home/manav/robotis_ws/install/robotis_manipulator', 'merge_install': False, 'path': '/home/manav/robotis_ws/src/OpenManipulatorX_ROS2-main/robotis_manipulator', 'symlink_install': False, 'test_result_base': None}
[0.722s] Level 5:colcon.colcon_core.verb:set package 'dynamixel_workbench' build argument 'cmake_args' from command line to 'None'
[0.722s] Level 5:colcon.colcon_core.verb:set package 'dynamixel_workbench' build argument 'cmake_target' from command line to 'None'
[0.722s] Level 5:colcon.colcon_core.verb:set package 'dynamixel_workbench' build argument 'cmake_target_skip_unavailable' from command line to 'False'
[0.722s] Level 5:colcon.colcon_core.verb:set package 'dynamixel_workbench' build argument 'cmake_clean_cache' from command line to 'False'
[0.722s] Level 5:colcon.colcon_core.verb:set package 'dynamixel_workbench' build argument 'cmake_clean_first' from command line to 'False'
[0.722s] Level 5:colcon.colcon_core.verb:set package 'dynamixel_workbench' build argument 'cmake_force_configure' from command line to 'False'
[0.722s] Level 5:colcon.colcon_core.verb:set package 'dynamixel_workbench' build argument 'ament_cmake_args' from command line to 'None'
[0.723s] Level 5:colcon.colcon_core.verb:set package 'dynamixel_workbench' build argument 'catkin_cmake_args' from command line to 'None'
[0.723s] Level 5:colcon.colcon_core.verb:set package 'dynamixel_workbench' build argument 'catkin_skip_building_tests' from command line to 'False'
[0.723s] DEBUG:colcon.colcon_core.verb:Building package 'dynamixel_workbench' with the following arguments: {'ament_cmake_args': None, 'build_base': '/home/manav/robotis_ws/build/dynamixel_workbench', 'catkin_cmake_args': None, 'catkin_skip_building_tests': False, 'cmake_args': None, 'cmake_clean_cache': False, 'cmake_clean_first': False, 'cmake_force_configure': False, 'cmake_target': None, 'cmake_target_skip_unavailable': False, 'install_base': '/home/manav/robotis_ws/install/dynamixel_workbench', 'merge_install': False, 'path': '/home/manav/robotis_ws/src/OpenManipulatorX_ROS2-main/dynamixel-workbench/dynamixel_workbench', 'symlink_install': False, 'test_result_base': None}
[0.723s] Level 5:colcon.colcon_core.verb:set package 'open_manipulator_x_libs' build argument 'cmake_args' from command line to 'None'
[0.724s] Level 5:colcon.colcon_core.verb:set package 'open_manipulator_x_libs' build argument 'cmake_target' from command line to 'None'
[0.724s] Level 5:colcon.colcon_core.verb:set package 'open_manipulator_x_libs' build argument 'cmake_target_skip_unavailable' from command line to 'False'
[0.724s] Level 5:colcon.colcon_core.verb:set package 'open_manipulator_x_libs' build argument 'cmake_clean_cache' from command line to 'False'
[0.724s] Level 5:colcon.colcon_core.verb:set package 'open_manipulator_x_libs' build argument 'cmake_clean_first' from command line to 'False'
[0.724s] Level 5:colcon.colcon_core.verb:set package 'open_manipulator_x_libs' build argument 'cmake_force_configure' from command line to 'False'
[0.724s] Level 5:colcon.colcon_core.verb:set package 'open_manipulator_x_libs' build argument 'ament_cmake_args' from command line to 'None'
[0.724s] Level 5:colcon.colcon_core.verb:set package 'open_manipulator_x_libs' build argument 'catkin_cmake_args' from command line to 'None'
[0.724s] Level 5:colcon.colcon_core.verb:set package 'open_manipulator_x_libs' build argument 'catkin_skip_building_tests' from command line to 'False'
[0.724s] DEBUG:colcon.colcon_core.verb:Building package 'open_manipulator_x_libs' with the following arguments: {'ament_cmake_args': None, 'build_base': '/home/manav/robotis_ws/build/open_manipulator_x_libs', 'catkin_cmake_args': None, 'catkin_skip_building_tests': False, 'cmake_args': None, 'cmake_clean_cache': False, 'cmake_clean_first': False, 'cmake_force_configure': False, 'cmake_target': None, 'cmake_target_skip_unavailable': False, 'install_base': '/home/manav/robotis_ws/install/open_manipulator_x_libs', 'merge_install': False, 'path': '/home/manav/robotis_ws/src/OpenManipulatorX_ROS2-main/open_manipulator/open_manipulator_x_libs', 'symlink_install': False, 'test_result_base': None}
[0.725s] Level 5:colcon.colcon_core.verb:set package 'open_manipulator_x_controller' build argument 'cmake_args' from command line to 'None'
[0.725s] Level 5:colcon.colcon_core.verb:set package 'open_manipulator_x_controller' build argument 'cmake_target' from command line to 'None'
[0.725s] Level 5:colcon.colcon_core.verb:set package 'open_manipulator_x_controller' build argument 'cmake_target_skip_unavailable' from command line to 'False'
[0.725s] Level 5:colcon.colcon_core.verb:set package 'open_manipulator_x_controller' build argument 'cmake_clean_cache' from command line to 'False'
[0.725s] Level 5:colcon.colcon_core.verb:set package 'open_manipulator_x_controller' build argument 'cmake_clean_first' from command line to 'False'
[0.725s] Level 5:colcon.colcon_core.verb:set package 'open_manipulator_x_controller' build argument 'cmake_force_configure' from command line to 'False'
[0.725s] Level 5:colcon.colcon_core.verb:set package 'open_manipulator_x_controller' build argument 'ament_cmake_args' from command line to 'None'
[0.725s] Level 5:colcon.colcon_core.verb:set package 'open_manipulator_x_controller' build argument 'catkin_cmake_args' from command line to 'None'
[0.725s] Level 5:colcon.colcon_core.verb:set package 'open_manipulator_x_controller' build argument 'catkin_skip_building_tests' from command line to 'False'
[0.725s] DEBUG:colcon.colcon_core.verb:Building package 'open_manipulator_x_controller' with the following arguments: {'ament_cmake_args': None, 'build_base': '/home/manav/robotis_ws/build/open_manipulator_x_controller', 'catkin_cmake_args': None, 'catkin_skip_building_tests': False, 'cmake_args': None, 'cmake_clean_cache': False, 'cmake_clean_first': False, 'cmake_force_configure': False, 'cmake_target': None, 'cmake_target_skip_unavailable': False, 'install_base': '/home/manav/robotis_ws/install/open_manipulator_x_controller', 'merge_install': False, 'path': '/home/manav/robotis_ws/src/OpenManipulatorX_ROS2-main/open_manipulator/open_manipulator_x_controller', 'symlink_install': False, 'test_result_base': None}
[0.726s] Level 5:colcon.colcon_core.verb:set package 'open_manipulator' build argument 'cmake_args' from command line to 'None'
[0.726s] Level 5:colcon.colcon_core.verb:set package 'open_manipulator' build argument 'cmake_target' from command line to 'None'
[0.726s] Level 5:colcon.colcon_core.verb:set package 'open_manipulator' build argument 'cmake_target_skip_unavailable' from command line to 'False'
[0.726s] Level 5:colcon.colcon_core.verb:set package 'open_manipulator' build argument 'cmake_clean_cache' from command line to 'False'
[0.726s] Level 5:colcon.colcon_core.verb:set package 'open_manipulator' build argument 'cmake_clean_first' from command line to 'False'
[0.726s] Level 5:colcon.colcon_core.verb:set package 'open_manipulator' build argument 'cmake_force_configure' from command line to 'False'
[0.726s] Level 5:colcon.colcon_core.verb:set package 'open_manipulator' build argument 'ament_cmake_args' from command line to 'None'
[0.726s] Level 5:colcon.colcon_core.verb:set package 'open_manipulator' build argument 'catkin_cmake_args' from command line to 'None'
[0.726s] Level 5:colcon.colcon_core.verb:set package 'open_manipulator' build argument 'catkin_skip_building_tests' from command line to 'False'
[0.727s] DEBUG:colcon.colcon_core.verb:Building package 'open_manipulator' with the following arguments: {'ament_cmake_args': None, 'build_base': '/home/manav/robotis_ws/build/open_manipulator', 'catkin_cmake_args': None, 'catkin_skip_building_tests': False, 'cmake_args': None, 'cmake_clean_cache': False, 'cmake_clean_first': False, 'cmake_force_configure': False, 'cmake_target': None, 'cmake_target_skip_unavailable': False, 'install_base': '/home/manav/robotis_ws/install/open_manipulator', 'merge_install': False, 'path': '/home/manav/robotis_ws/src/OpenManipulatorX_ROS2-main/open_manipulator/open_manipulator', 'symlink_install': False, 'test_result_base': None}
[0.727s] INFO:colcon.colcon_core.executor:Executing jobs using 'parallel' executor
[0.729s] DEBUG:colcon.colcon_parallel_executor.executor.parallel:run_until_complete
[0.730s] INFO:colcon.colcon_ros.task.ament_cmake.build:Building ROS package in '/home/manav/robotis_ws/src/OpenManipulatorX_ROS2-main/DynamixelSDK/dynamixel_sdk' with build type 'ament_cmake'
[0.730s] INFO:colcon.colcon_cmake.task.cmake.build:Building CMake package in '/home/manav/robotis_ws/src/OpenManipulatorX_ROS2-main/DynamixelSDK/dynamixel_sdk'
[0.734s] INFO:colcon.colcon_core.plugin_system:Skipping extension 'colcon_core.shell.bat': Not used on non-Windows systems
[0.735s] INFO:colcon.colcon_core.shell:Skip shell extension 'powershell' for command environment: Not usable outside of PowerShell
[0.735s] DEBUG:colcon.colcon_core.shell:Skip shell extension 'dsv' for command environment
[0.746s] INFO:colcon.colcon_ros.task.ament_cmake.build:Building ROS package in '/home/manav/robotis_ws/src/OpenManipulatorX_ROS2-main/open_manipulator_dependencies/cmake_modules' with build type 'ament_cmake'
[0.746s] INFO:colcon.colcon_cmake.task.cmake.build:Building CMake package in '/home/manav/robotis_ws/src/OpenManipulatorX_ROS2-main/open_manipulator_dependencies/cmake_modules'
[0.747s] INFO:colcon.colcon_core.shell:Skip shell extension 'powershell' for command environment: Not usable outside of PowerShell
[0.747s] DEBUG:colcon.colcon_core.shell:Skip shell extension 'dsv' for command environment
[0.760s] INFO:colcon.colcon_ros.task.ament_cmake.build:Building ROS package in '/home/manav/robotis_ws/src/OpenManipulatorX_ROS2-main/open_manipulator_msgs' with build type 'ament_cmake'
[0.761s] INFO:colcon.colcon_cmake.task.cmake.build:Building CMake package in '/home/manav/robotis_ws/src/OpenManipulatorX_ROS2-main/open_manipulator_msgs'
[0.762s] INFO:colcon.colcon_core.shell:Skip shell extension 'powershell' for command environment: Not usable outside of PowerShell
[0.763s] DEBUG:colcon.colcon_core.shell:Skip shell extension 'dsv' for command environment
[0.774s] INFO:colcon.colcon_ros.task.ament_cmake.build:Building ROS package in '/home/manav/robotis_ws/src/OpenManipulatorX_ROS2-main/DynamixelSDK/dynamixel_sdk_custom_interfaces' with build type 'ament_cmake'
[0.775s] INFO:colcon.colcon_cmake.task.cmake.build:Building CMake package in '/home/manav/robotis_ws/src/OpenManipulatorX_ROS2-main/DynamixelSDK/dynamixel_sdk_custom_interfaces'
[0.775s] INFO:colcon.colcon_core.shell:Skip shell extension 'powershell' for command environment: Not usable outside of PowerShell
[0.775s] DEBUG:colcon.colcon_core.shell:Skip shell extension 'dsv' for command environment
[0.806s] DEBUG:colcon.colcon_core.event_handler.log_command:Invoking command in '/home/manav/robotis_ws/build/dynamixel_sdk': CMAKE_PREFIX_PATH=${CMAKE_PREFIX_PATH}:/home/manav/robotis_ws/install/vel_kinematics:/home/manav/robotis_ws/install/rbe500_example_py:/home/manav/robotis_ws/install/inverse:/home/manav/robotis_ws/install/forward:/home/manav/ros2_test/install/my_robot_controller:/opt/ros/humble /usr/bin/cmake --build /home/manav/robotis_ws/build/dynamixel_sdk -- -j4 -l4
[0.820s] DEBUG:colcon.colcon_core.event_handler.log_command:Invoking command in '/home/manav/robotis_ws/build/cmake_modules': CMAKE_PREFIX_PATH=${CMAKE_PREFIX_PATH}:/home/manav/robotis_ws/install/vel_kinematics:/home/manav/robotis_ws/install/rbe500_example_py:/home/manav/robotis_ws/install/inverse:/home/manav/robotis_ws/install/forward:/home/manav/ros2_test/install/my_robot_controller:/opt/ros/humble /usr/bin/cmake --build /home/manav/robotis_ws/build/cmake_modules -- -j4 -l4
[0.826s] DEBUG:colcon.colcon_core.event_handler.log_command:Invoking command in '/home/manav/robotis_ws/build/open_manipulator_msgs': CMAKE_PREFIX_PATH=${CMAKE_PREFIX_PATH}:/home/manav/robotis_ws/install/vel_kinematics:/home/manav/robotis_ws/install/rbe500_example_py:/home/manav/robotis_ws/install/inverse:/home/manav/robotis_ws/install/forward:/home/manav/ros2_test/install/my_robot_controller:/opt/ros/humble /usr/bin/cmake --build /home/manav/robotis_ws/build/open_manipulator_msgs -- -j4 -l4
[0.847s] DEBUG:colcon.colcon_core.event_handler.log_command:Invoking command in '/home/manav/robotis_ws/build/dynamixel_sdk_custom_interfaces': CMAKE_PREFIX_PATH=${CMAKE_PREFIX_PATH}:/home/manav/robotis_ws/install/vel_kinematics:/home/manav/robotis_ws/install/rbe500_example_py:/home/manav/robotis_ws/install/inverse:/home/manav/robotis_ws/install/forward:/home/manav/ros2_test/install/my_robot_controller:/opt/ros/humble /usr/bin/cmake --build /home/manav/robotis_ws/build/dynamixel_sdk_custom_interfaces -- -j4 -l4
[1.159s] DEBUG:colcon.colcon_core.event_handler.log_command:Invoked command in '/home/manav/robotis_ws/build/cmake_modules' returned '0': CMAKE_PREFIX_PATH=${CMAKE_PREFIX_PATH}:/home/manav/robotis_ws/install/vel_kinematics:/home/manav/robotis_ws/install/rbe500_example_py:/home/manav/robotis_ws/install/inverse:/home/manav/robotis_ws/install/forward:/home/manav/ros2_test/install/my_robot_controller:/opt/ros/humble /usr/bin/cmake --build /home/manav/robotis_ws/build/cmake_modules -- -j4 -l4
[1.296s] DEBUG:colcon.colcon_core.event_handler.log_command:Invoked command in '/home/manav/robotis_ws/build/dynamixel_sdk' returned '0': CMAKE_PREFIX_PATH=${CMAKE_PREFIX_PATH}:/home/manav/robotis_ws/install/vel_kinematics:/home/manav/robotis_ws/install/rbe500_example_py:/home/manav/robotis_ws/install/inverse:/home/manav/robotis_ws/install/forward:/home/manav/ros2_test/install/my_robot_controller:/opt/ros/humble /usr/bin/cmake --build /home/manav/robotis_ws/build/dynamixel_sdk -- -j4 -l4
[1.453s] DEBUG:colcon.colcon_core.event_handler.log_command:Invoking command in '/home/manav/robotis_ws/build/cmake_modules': CMAKE_PREFIX_PATH=${CMAKE_PREFIX_PATH}:/home/manav/robotis_ws/install/vel_kinematics:/home/manav/robotis_ws/install/rbe500_example_py:/home/manav/robotis_ws/install/inverse:/home/manav/robotis_ws/install/forward:/home/manav/ros2_test/install/my_robot_controller:/opt/ros/humble /usr/bin/cmake --install /home/manav/robotis_ws/build/cmake_modules
[1.463s] DEBUG:colcon.colcon_parallel_executor.executor.parallel:run_until_complete was interrupted
[1.464s] DEBUG:colcon.colcon_parallel_executor.executor.parallel:run_until_complete again
[1.475s] DEBUG:colcon.colcon_core.event_handler.log_command:Invoked command in '/home/manav/robotis_ws/build/cmake_modules' returned '-2': CMAKE_PREFIX_PATH=${CMAKE_PREFIX_PATH}:/home/manav/robotis_ws/install/vel_kinematics:/home/manav/robotis_ws/install/rbe500_example_py:/home/manav/robotis_ws/install/inverse:/home/manav/robotis_ws/install/forward:/home/manav/ros2_test/install/my_robot_controller:/opt/ros/humble /usr/bin/cmake --install /home/manav/robotis_ws/build/cmake_modules
[1.489s] DEBUG:colcon.colcon_core.event_handler.log_command:Invoked command in '/home/manav/robotis_ws/build/open_manipulator_msgs' returned '-2': CMAKE_PREFIX_PATH=${CMAKE_PREFIX_PATH}:/home/manav/robotis_ws/install/vel_kinematics:/home/manav/robotis_ws/install/rbe500_example_py:/home/manav/robotis_ws/install/inverse:/home/manav/robotis_ws/install/forward:/home/manav/ros2_test/install/my_robot_controller:/opt/ros/humble /usr/bin/cmake --build /home/manav/robotis_ws/build/open_manipulator_msgs -- -j4 -l4
[1.490s] DEBUG:colcon.colcon_core.event_handler.log_command:Invoked command in '/home/manav/robotis_ws/build/dynamixel_sdk_custom_interfaces' returned '-2': CMAKE_PREFIX_PATH=${CMAKE_PREFIX_PATH}:/home/manav/robotis_ws/install/vel_kinematics:/home/manav/robotis_ws/install/rbe500_example_py:/home/manav/robotis_ws/install/inverse:/home/manav/robotis_ws/install/forward:/home/manav/ros2_test/install/my_robot_controller:/opt/ros/humble /usr/bin/cmake --build /home/manav/robotis_ws/build/dynamixel_sdk_custom_interfaces -- -j4 -l4
[1.506s] DEBUG:colcon.colcon_parallel_executor.executor.parallel:run_until_complete finished
[1.506s] DEBUG:colcon.colcon_parallel_executor.executor.parallel:closing loop
[1.506s] DEBUG:colcon.colcon_parallel_executor.executor.parallel:loop closed
[1.506s] DEBUG:colcon.colcon_core.event_reactor:joining thread
[1.521s] INFO:colcon.colcon_core.plugin_system:Skipping extension 'colcon_notification.desktop_notification.terminal_notifier': Not used on non-Darwin systems
[1.522s] INFO:colcon.colcon_core.plugin_system:Skipping extension 'colcon_notification.desktop_notification.win32': Not used on non-Windows systems
[1.522s] INFO:colcon.colcon_notification.desktop_notification:Sending desktop notification using 'notify2'
[1.547s] DEBUG:colcon.colcon_core.event_reactor:joined thread
[1.548s] INFO:colcon.colcon_core.shell:Creating prefix script '/home/manav/robotis_ws/install/local_setup.ps1'
[1.552s] INFO:colcon.colcon_core.shell:Creating prefix util module '/home/manav/robotis_ws/install/_local_setup_util_ps1.py'
[1.557s] INFO:colcon.colcon_core.shell:Creating prefix chain script '/home/manav/robotis_ws/install/setup.ps1'
[1.565s] INFO:colcon.colcon_core.shell:Creating prefix script '/home/manav/robotis_ws/install/local_setup.sh'
[1.566s] INFO:colcon.colcon_core.shell:Creating prefix util module '/home/manav/robotis_ws/install/_local_setup_util_sh.py'
[1.568s] INFO:colcon.colcon_core.shell:Creating prefix chain script '/home/manav/robotis_ws/install/setup.sh'
[1.575s] INFO:colcon.colcon_core.shell:Creating prefix script '/home/manav/robotis_ws/install/local_setup.bash'
[1.577s] INFO:colcon.colcon_core.shell:Creating prefix chain script '/home/manav/robotis_ws/install/setup.bash'
[1.585s] INFO:colcon.colcon_core.shell:Creating prefix script '/home/manav/robotis_ws/install/local_setup.zsh'
[1.586s] INFO:colcon.colcon_core.shell:Creating prefix chain script '/home/manav/robotis_ws/install/setup.zsh'
