[1.745s] Invoking command in '/home/manav/robotis_ws/src/OpenManipulatorX_ROS2-main/inverse': PYTHONPATH=/home/manav/robotis_ws/build/inverse/prefix_override:/usr/lib/python3/dist-packages/colcon_core/task/python/colcon_distutils_commands:/home/manav/robotis_ws/install/inverse/lib/python3.10/site-packages:${PYTHONPATH} /usr/bin/python3 -W ignore:setup.py install is deprecated -W ignore:easy_install command is deprecated setup.py egg_info --egg-base ../../../build/inverse build --build-base /home/manav/robotis_ws/build/inverse/build install --record /home/manav/robotis_ws/build/inverse/install.log --single-version-externally-managed install_data
[2.373s] running egg_info
[2.375s] writing ../../../build/inverse/inverse.egg-info/PKG-INFO
[2.376s] writing dependency_links to ../../../build/inverse/inverse.egg-info/dependency_links.txt
[2.377s] writing entry points to ../../../build/inverse/inverse.egg-info/entry_points.txt
[2.377s] writing requirements to ../../../build/inverse/inverse.egg-info/requires.txt
[2.377s] writing top-level names to ../../../build/inverse/inverse.egg-info/top_level.txt
[2.379s] reading manifest file '../../../build/inverse/inverse.egg-info/SOURCES.txt'
[2.380s] adding license file 'LICENSE'
[2.381s] writing manifest file '../../../build/inverse/inverse.egg-info/SOURCES.txt'
[2.381s] running build
[2.383s] running build_py
[2.383s] running install
[2.383s] running install_lib
[2.385s] running install_data
[2.386s] running install_egg_info
[2.388s] removing '/home/manav/robotis_ws/install/inverse/lib/python3.10/site-packages/inverse-0.0.0-py3.10.egg-info' (and everything under it)
[2.390s] Copying ../../../build/inverse/inverse.egg-info to /home/manav/robotis_ws/install/inverse/lib/python3.10/site-packages/inverse-0.0.0-py3.10.egg-info
[2.390s] running install_scripts
[2.421s] Installing inv_call script to /home/manav/robotis_ws/install/inverse/lib/inverse
[2.421s] writing list of installed files to '/home/manav/robotis_ws/build/inverse/install.log'
[2.509s] Invoked command in '/home/manav/robotis_ws/src/OpenManipulatorX_ROS2-main/inverse' returned '0': PYTHONPATH=/home/manav/robotis_ws/build/inverse/prefix_override:/usr/lib/python3/dist-packages/colcon_core/task/python/colcon_distutils_commands:/home/manav/robotis_ws/install/inverse/lib/python3.10/site-packages:${PYTHONPATH} /usr/bin/python3 -W ignore:setup.py install is deprecated -W ignore:easy_install command is deprecated setup.py egg_info --egg-base ../../../build/inverse build --build-base /home/manav/robotis_ws/build/inverse/build install --record /home/manav/robotis_ws/build/inverse/install.log --single-version-externally-managed install_data
