[ 33%] Built target read_write_node
[ 66%] Built target combined_read_write
[100%] Built target current_read_write_node
-- Install configuration: ""
-- Up-to-date: /home/manav/robotis_ws/install/dynamixel_sdk_examples/lib/dynamixel_sdk_examples/read_write_node
-- Up-to-date: /home/manav/robotis_ws/install/dynamixel_sdk_examples/lib/dynamixel_sdk_examples/combined_read_write
-- Up-to-date: /home/manav/robotis_ws/install/dynamixel_sdk_examples/lib/dynamixel_sdk_examples/current_read_write_node
-- Up-to-date: /home/manav/robotis_ws/install/dynamixel_sdk_examples/share/ament_index/resource_index/package_run_dependencies/dynamixel_sdk_examples
-- Up-to-date: /home/manav/robotis_ws/install/dynamixel_sdk_examples/share/ament_index/resource_index/parent_prefix_path/dynamixel_sdk_examples
-- Up-to-date: /home/manav/robotis_ws/install/dynamixel_sdk_examples/share/dynamixel_sdk_examples/environment/ament_prefix_path.sh
-- Up-to-date: /home/manav/robotis_ws/install/dynamixel_sdk_examples/share/dynamixel_sdk_examples/environment/ament_prefix_path.dsv
-- Up-to-date: /home/manav/robotis_ws/install/dynamixel_sdk_examples/share/dynamixel_sdk_examples/environment/path.sh
-- Up-to-date: /home/manav/robotis_ws/install/dynamixel_sdk_examples/share/dynamixel_sdk_examples/environment/path.dsv
-- Up-to-date: /home/manav/robotis_ws/install/dynamixel_sdk_examples/share/dynamixel_sdk_examples/local_setup.bash
-- Up-to-date: /home/manav/robotis_ws/install/dynamixel_sdk_examples/share/dynamixel_sdk_examples/local_setup.sh
-- Up-to-date: /home/manav/robotis_ws/install/dynamixel_sdk_examples/share/dynamixel_sdk_examples/local_setup.zsh
-- Up-to-date: /home/manav/robotis_ws/install/dynamixel_sdk_examples/share/dynamixel_sdk_examples/local_setup.dsv
-- Installing: /home/manav/robotis_ws/install/dynamixel_sdk_examples/share/dynamixel_sdk_examples/package.dsv
-- Up-to-date: /home/manav/robotis_ws/install/dynamixel_sdk_examples/share/ament_index/resource_index/packages/dynamixel_sdk_examples
-- Up-to-date: /home/manav/robotis_ws/install/dynamixel_sdk_examples/share/dynamixel_sdk_examples/cmake/dynamixel_sdk_examplesConfig.cmake
-- Up-to-date: /home/manav/robotis_ws/install/dynamixel_sdk_examples/share/dynamixel_sdk_examples/cmake/dynamixel_sdk_examplesConfig-version.cmake
-- Up-to-date: /home/manav/robotis_ws/install/dynamixel_sdk_examples/share/dynamixel_sdk_examples/package.xml
