[2.704s] Invoking command in '/home/manav/robotis_ws/src/OpenManipulatorX_ROS2-main/vel_kinematics': PYTHONPATH=/home/manav/robotis_ws/build/vel_kinematics/prefix_override:/usr/lib/python3/dist-packages/colcon_core/task/python/colcon_distutils_commands:/home/manav/robotis_ws/install/vel_kinematics/lib/python3.10/site-packages:${PYTHONPATH} /usr/bin/python3 -W ignore:setup.py install is deprecated setup.py egg_info --egg-base ../../../build/vel_kinematics build --build-base /home/manav/robotis_ws/build/vel_kinematics/build install --record /home/manav/robotis_ws/build/vel_kinematics/install.log --single-version-externally-managed install_data
[3.273s] running egg_info
[3.274s] writing ../../../build/vel_kinematics/vel_kinematics.egg-info/PKG-INFO
[3.274s] writing dependency_links to ../../../build/vel_kinematics/vel_kinematics.egg-info/dependency_links.txt
[3.274s] writing entry points to ../../../build/vel_kinematics/vel_kinematics.egg-info/entry_points.txt
[3.275s] writing requirements to ../../../build/vel_kinematics/vel_kinematics.egg-info/requires.txt
[3.275s] writing top-level names to ../../../build/vel_kinematics/vel_kinematics.egg-info/top_level.txt
[3.278s] reading manifest file '../../../build/vel_kinematics/vel_kinematics.egg-info/SOURCES.txt'
[3.278s] adding license file 'LICENSE'
[3.279s] writing manifest file '../../../build/vel_kinematics/vel_kinematics.egg-info/SOURCES.txt'
[3.280s] running build
[3.280s] running build_py
[3.280s] copying vel_kinematics/vel_kinematics.py -> /home/manav/robotis_ws/build/vel_kinematics/build/lib/vel_kinematics
[3.281s] running install
[3.281s] running install_lib
[3.282s] copying /home/manav/robotis_ws/build/vel_kinematics/build/lib/vel_kinematics/vel_kinematics.py -> /home/manav/robotis_ws/install/vel_kinematics/lib/python3.10/site-packages/vel_kinematics
[3.283s] byte-compiling /home/manav/robotis_ws/install/vel_kinematics/lib/python3.10/site-packages/vel_kinematics/vel_kinematics.py to vel_kinematics.cpython-310.pyc
[3.284s] running install_data
[3.284s] running install_egg_info
[3.287s] removing '/home/manav/robotis_ws/install/vel_kinematics/lib/python3.10/site-packages/vel_kinematics-0.0.0-py3.10.egg-info' (and everything under it)
[3.287s] Copying ../../../build/vel_kinematics/vel_kinematics.egg-info to /home/manav/robotis_ws/install/vel_kinematics/lib/python3.10/site-packages/vel_kinematics-0.0.0-py3.10.egg-info
[3.288s] running install_scripts
[3.314s] Installing velk_call script to /home/manav/robotis_ws/install/vel_kinematics/lib/vel_kinematics
[3.315s] writing list of installed files to '/home/manav/robotis_ws/build/vel_kinematics/install.log'
[3.352s] Invoked command in '/home/manav/robotis_ws/src/OpenManipulatorX_ROS2-main/vel_kinematics' returned '0': PYTHONPATH=/home/manav/robotis_ws/build/vel_kinematics/prefix_override:/usr/lib/python3/dist-packages/colcon_core/task/python/colcon_distutils_commands:/home/manav/robotis_ws/install/vel_kinematics/lib/python3.10/site-packages:${PYTHONPATH} /usr/bin/python3 -W ignore:setup.py install is deprecated setup.py egg_info --egg-base ../../../build/vel_kinematics build --build-base /home/manav/robotis_ws/build/vel_kinematics/build install --record /home/manav/robotis_ws/build/vel_kinematics/install.log --single-version-externally-managed install_data
