[0.152s] Invoking command in '/home/manav/robotis_ws/build/my_service_package': CMAKE_PREFIX_PATH=${CMAKE_PREFIX_PATH}:/home/manav/robotis_ws/install/vel_kinematics:/home/manav/robotis_ws/install/rbe500_example_py:/home/manav/robotis_ws/install/inverse:/home/manav/robotis_ws/install/forward:/home/manav/ros2_test/install/my_robot_controller:/opt/ros/humble /usr/bin/cmake /home/manav/robotis_ws/src/OpenManipulatorX_ROS2-main/my_service_package -DCMAKE_INSTALL_PREFIX=/home/manav/robotis_ws/install/my_service_package
[0.212s] -- Found ament_cmake: 1.3.10 (/opt/ros/humble/share/ament_cmake/cmake)
[0.912s] -- Found ament_lint_auto: 0.12.11 (/opt/ros/humble/share/ament_lint_auto/cmake)
[1.228s] -- Found geometry_msgs: 4.2.4 (/opt/ros/humble/share/geometry_msgs/cmake)
[1.323s] -- Found rosidl_generator_c: 3.1.5 (/opt/ros/humble/share/rosidl_generator_c/cmake)
[1.331s] -- Found rosidl_adapter: 3.1.5 (/opt/ros/humble/share/rosidl_adapter/cmake)
[1.348s] -- Found rosidl_generator_cpp: 3.1.5 (/opt/ros/humble/share/rosidl_generator_cpp/cmake)
[1.381s] -- Using all available rosidl_typesupport_c: rosidl_typesupport_fastrtps_c;rosidl_typesupport_introspection_c
[1.456s] -- Using all available rosidl_typesupport_cpp: rosidl_typesupport_fastrtps_cpp;rosidl_typesupport_introspection_cpp
[1.685s] -- Found rosidl_default_generators: 1.2.0 (/opt/ros/humble/share/rosidl_default_generators/cmake)
[2.596s] -- Found ament_cmake_ros: 0.10.0 (/opt/ros/humble/share/ament_cmake_ros/cmake)
[3.898s] -- Using all available rosidl_typesupport_c: rosidl_typesupport_fastrtps_c;rosidl_typesupport_introspection_c
[4.696s] -- Using all available rosidl_typesupport_cpp: rosidl_typesupport_fastrtps_cpp;rosidl_typesupport_introspection_cpp
[4.794s] -- Found python_cmake_module: 0.10.0 (/opt/ros/humble/share/python_cmake_module/cmake)
[4.972s] -- Using PYTHON_EXECUTABLE: /usr/bin/python3
[4.973s] -- Using PYTHON_INCLUDE_DIRS: /usr/include/python3.10
[4.973s] -- Using PYTHON_LIBRARIES: /usr/lib/x86_64-linux-gnu/libpython3.10.so
[5.190s] -- Added test 'lint_cmake' to check CMake code style
[5.192s] -- Added test 'xmllint' to check XML markup files
[5.203s] -- Configuring done
[5.296s] -- Generating done
[5.297s] -- Build files have been written to: /home/manav/robotis_ws/build/my_service_package
[5.328s] Invoked command in '/home/manav/robotis_ws/build/my_service_package' returned '0': CMAKE_PREFIX_PATH=${CMAKE_PREFIX_PATH}:/home/manav/robotis_ws/install/vel_kinematics:/home/manav/robotis_ws/install/rbe500_example_py:/home/manav/robotis_ws/install/inverse:/home/manav/robotis_ws/install/forward:/home/manav/ros2_test/install/my_robot_controller:/opt/ros/humble /usr/bin/cmake /home/manav/robotis_ws/src/OpenManipulatorX_ROS2-main/my_service_package -DCMAKE_INSTALL_PREFIX=/home/manav/robotis_ws/install/my_service_package
[5.329s] Invoking command in '/home/manav/robotis_ws/build/my_service_package': CMAKE_PREFIX_PATH=${CMAKE_PREFIX_PATH}:/home/manav/robotis_ws/install/vel_kinematics:/home/manav/robotis_ws/install/rbe500_example_py:/home/manav/robotis_ws/install/inverse:/home/manav/robotis_ws/install/forward:/home/manav/ros2_test/install/my_robot_controller:/opt/ros/humble /usr/bin/cmake --build /home/manav/robotis_ws/build/my_service_package -- -j4 -l4
[5.585s] [  2%] [34m[1mGenerating C++ code for ROS interfaces[0m
[7.968s] [  2%] Built target my_service_package__cpp
[8.099s] [  2%] Built target ament_cmake_python_copy_my_service_package
[8.137s] [  5%] [34m[1mGenerating C++ type support for eProsima Fast-RTPS[0m
[9.901s] [  7%] [32mBuilding CXX object CMakeFiles/my_service_package__rosidl_typesupport_fastrtps_cpp.dir/rosidl_typesupport_fastrtps_cpp/my_service_package/msg/detail/dds_fastrtps/rot_pos__type_support.cpp.o[0m
[11.127s] [ 10%] [32mBuilding CXX object CMakeFiles/my_service_package__rosidl_typesupport_fastrtps_cpp.dir/rosidl_typesupport_fastrtps_cpp/my_service_package/srv/detail/dds_fastrtps/i_kservice__type_support.cpp.o[0m
[12.353s] [ 12%] [32m[1mLinking CXX shared library libmy_service_package__rosidl_typesupport_fastrtps_cpp.so[0m
[12.545s] [ 12%] Built target my_service_package__rosidl_typesupport_fastrtps_cpp
[12.569s] [ 15%] [34m[1mGenerating C++ introspection for ROS interfaces[0m
[13.412s] [ 17%] [32mBuilding CXX object CMakeFiles/my_service_package__rosidl_typesupport_introspection_cpp.dir/rosidl_typesupport_introspection_cpp/my_service_package/msg/detail/rot_pos__type_support.cpp.o[0m
[14.264s] [ 20%] [32mBuilding CXX object CMakeFiles/my_service_package__rosidl_typesupport_introspection_cpp.dir/rosidl_typesupport_introspection_cpp/my_service_package/srv/detail/i_kservice__type_support.cpp.o[0m
[15.296s] [ 23%] [32m[1mLinking CXX shared library libmy_service_package__rosidl_typesupport_introspection_cpp.so[0m
[15.490s] [ 23%] Built target my_service_package__rosidl_typesupport_introspection_cpp
[16.143s] running egg_info
[16.145s] creating my_service_package.egg-info
[16.145s] writing my_service_package.egg-info/PKG-INFO
[16.146s] writing dependency_links to my_service_package.egg-info/dependency_links.txt
[16.146s] writing top-level names to my_service_package.egg-info/top_level.txt
[16.147s] writing manifest file 'my_service_package.egg-info/SOURCES.txt'
[16.151s] reading manifest file 'my_service_package.egg-info/SOURCES.txt'
[16.153s] writing manifest file 'my_service_package.egg-info/SOURCES.txt'
[16.209s] [ 23%] Built target ament_cmake_python_build_my_service_package_egg
[16.231s] [ 25%] [34m[1mGenerating C++ type support dispatch for ROS interfaces[0m
[17.033s] [ 28%] [32mBuilding CXX object CMakeFiles/my_service_package__rosidl_typesupport_cpp.dir/rosidl_typesupport_cpp/my_service_package/msg/rot_pos__type_support.cpp.o[0m
[17.991s] [ 30%] [32mBuilding CXX object CMakeFiles/my_service_package__rosidl_typesupport_cpp.dir/rosidl_typesupport_cpp/my_service_package/srv/i_kservice__type_support.cpp.o[0m
[18.935s] [ 33%] [32m[1mLinking CXX shared library libmy_service_package__rosidl_typesupport_cpp.so[0m
[19.156s] [ 33%] Built target my_service_package__rosidl_typesupport_cpp
[19.210s] [ 35%] [34m[1mGenerating C code for ROS interfaces[0m
[20.471s] [ 38%] [32mBuilding C object CMakeFiles/my_service_package__rosidl_generator_c.dir/rosidl_generator_c/my_service_package/msg/detail/rot_pos__functions.c.o[0m
[20.603s] [ 41%] [32mBuilding C object CMakeFiles/my_service_package__rosidl_generator_c.dir/rosidl_generator_c/my_service_package/srv/detail/i_kservice__functions.c.o[0m
[20.778s] [ 43%] [32m[1mLinking C shared library libmy_service_package__rosidl_generator_c.so[0m
[20.863s] [ 43%] Built target my_service_package__rosidl_generator_c
[20.891s] [ 46%] [34m[1mGenerating C type support for eProsima Fast-RTPS[0m
[21.835s] [ 48%] [32mBuilding CXX object CMakeFiles/my_service_package__rosidl_typesupport_fastrtps_c.dir/rosidl_typesupport_fastrtps_c/my_service_package/msg/detail/rot_pos__type_support_c.cpp.o[0m
[22.750s] [ 51%] [32mBuilding CXX object CMakeFiles/my_service_package__rosidl_typesupport_fastrtps_c.dir/rosidl_typesupport_fastrtps_c/my_service_package/srv/detail/i_kservice__type_support_c.cpp.o[0m
[23.647s] [ 53%] [32m[1mLinking CXX shared library libmy_service_package__rosidl_typesupport_fastrtps_c.so[0m
[23.838s] [ 53%] Built target my_service_package__rosidl_typesupport_fastrtps_c
[23.861s] [ 56%] [34m[1mGenerating C type support dispatch for ROS interfaces[0m
[24.868s] [ 58%] [32mBuilding CXX object CMakeFiles/my_service_package__rosidl_typesupport_c.dir/rosidl_typesupport_c/my_service_package/msg/rot_pos__type_support.cpp.o[0m
[24.936s] [ 61%] [32mBuilding CXX object CMakeFiles/my_service_package__rosidl_typesupport_c.dir/rosidl_typesupport_c/my_service_package/srv/i_kservice__type_support.cpp.o[0m
[24.990s] [ 64%] [32m[1mLinking CXX shared library libmy_service_package__rosidl_typesupport_c.so[0m
[25.094s] [ 64%] Built target my_service_package__rosidl_typesupport_c
[25.126s] [ 66%] [34m[1mGenerating C introspection for ROS interfaces[0m
[26.170s] [ 69%] [32mBuilding C object CMakeFiles/my_service_package__rosidl_typesupport_introspection_c.dir/rosidl_typesupport_introspection_c/my_service_package/msg/detail/rot_pos__type_support.c.o[0m
[26.272s] [ 71%] [32mBuilding C object CMakeFiles/my_service_package__rosidl_typesupport_introspection_c.dir/rosidl_typesupport_introspection_c/my_service_package/srv/detail/i_kservice__type_support.c.o[0m
[26.397s] [ 74%] [32m[1mLinking C shared library libmy_service_package__rosidl_typesupport_introspection_c.so[0m
[26.474s] [ 74%] Built target my_service_package__rosidl_typesupport_introspection_c
[26.518s] [ 74%] Built target my_service_package
[26.560s] [ 76%] [34m[1mGenerating Python code for ROS interfaces[0m
[27.735s] [ 76%] Built target my_service_package__py
[27.775s] [ 79%] [32mBuilding C object CMakeFiles/my_service_package__rosidl_generator_py.dir/rosidl_generator_py/my_service_package/msg/_rot_pos_s.c.o[0m
[28.022s] [ 82%] [32mBuilding C object CMakeFiles/my_service_package__rosidl_generator_py.dir/rosidl_generator_py/my_service_package/srv/_i_kservice_s.c.o[0m
[28.270s] [ 84%] [32m[1mLinking C shared library rosidl_generator_py/my_service_package/libmy_service_package__rosidl_generator_py.so[0m
[28.341s] [ 84%] Built target my_service_package__rosidl_generator_py
[28.372s] [ 87%] [32mBuilding C object CMakeFiles/my_service_package__rosidl_typesupport_fastrtps_c__pyext.dir/rosidl_generator_py/my_service_package/_my_service_package_s.ep.rosidl_typesupport_fastrtps_c.c.o[0m
[28.533s] [ 89%] [32m[1mLinking C shared library rosidl_generator_py/my_service_package/my_service_package_s__rosidl_typesupport_fastrtps_c.cpython-310-x86_64-linux-gnu.so[0m
[28.595s] [ 89%] Built target my_service_package__rosidl_typesupport_fastrtps_c__pyext
[28.628s] [ 92%] [32mBuilding C object CMakeFiles/my_service_package__rosidl_typesupport_c__pyext.dir/rosidl_generator_py/my_service_package/_my_service_package_s.ep.rosidl_typesupport_c.c.o[0m
[28.811s] [ 94%] [32m[1mLinking C shared library rosidl_generator_py/my_service_package/my_service_package_s__rosidl_typesupport_c.cpython-310-x86_64-linux-gnu.so[0m
[28.889s] [ 94%] Built target my_service_package__rosidl_typesupport_c__pyext
[28.926s] [ 97%] [32mBuilding C object CMakeFiles/my_service_package__rosidl_typesupport_introspection_c__pyext.dir/rosidl_generator_py/my_service_package/_my_service_package_s.ep.rosidl_typesupport_introspection_c.c.o[0m
[29.087s] [100%] [32m[1mLinking C shared library rosidl_generator_py/my_service_package/my_service_package_s__rosidl_typesupport_introspection_c.cpython-310-x86_64-linux-gnu.so[0m
[29.155s] [100%] Built target my_service_package__rosidl_typesupport_introspection_c__pyext
[29.174s] Invoked command in '/home/manav/robotis_ws/build/my_service_package' returned '0': CMAKE_PREFIX_PATH=${CMAKE_PREFIX_PATH}:/home/manav/robotis_ws/install/vel_kinematics:/home/manav/robotis_ws/install/rbe500_example_py:/home/manav/robotis_ws/install/inverse:/home/manav/robotis_ws/install/forward:/home/manav/ros2_test/install/my_robot_controller:/opt/ros/humble /usr/bin/cmake --build /home/manav/robotis_ws/build/my_service_package -- -j4 -l4
[29.328s] Invoking command in '/home/manav/robotis_ws/build/my_service_package': CMAKE_PREFIX_PATH=${CMAKE_PREFIX_PATH}:/home/manav/robotis_ws/install/vel_kinematics:/home/manav/robotis_ws/install/rbe500_example_py:/home/manav/robotis_ws/install/inverse:/home/manav/robotis_ws/install/forward:/home/manav/ros2_test/install/my_robot_controller:/opt/ros/humble /usr/bin/cmake --install /home/manav/robotis_ws/build/my_service_package
[29.342s] -- Install configuration: ""
[29.343s] -- Installing: /home/manav/robotis_ws/install/my_service_package/share/ament_index/resource_index/rosidl_interfaces/my_service_package
[29.343s] -- Installing: /home/manav/robotis_ws/install/my_service_package/include/my_service_package/my_service_package
[29.343s] -- Installing: /home/manav/robotis_ws/install/my_service_package/include/my_service_package/my_service_package/srv
[29.344s] -- Installing: /home/manav/robotis_ws/install/my_service_package/include/my_service_package/my_service_package/srv/i_kservice.h
[29.344s] -- Installing: /home/manav/robotis_ws/install/my_service_package/include/my_service_package/my_service_package/srv/detail
[29.344s] -- Installing: /home/manav/robotis_ws/install/my_service_package/include/my_service_package/my_service_package/srv/detail/i_kservice__type_support.h
[29.344s] -- Installing: /home/manav/robotis_ws/install/my_service_package/include/my_service_package/my_service_package/srv/detail/i_kservice__struct.h
[29.345s] -- Installing: /home/manav/robotis_ws/install/my_service_package/include/my_service_package/my_service_package/srv/detail/i_kservice__functions.c
[29.345s] -- Installing: /home/manav/robotis_ws/install/my_service_package/include/my_service_package/my_service_package/srv/detail/i_kservice__functions.h
[29.345s] -- Installing: /home/manav/robotis_ws/install/my_service_package/include/my_service_package/my_service_package/msg
[29.345s] -- Installing: /home/manav/robotis_ws/install/my_service_package/include/my_service_package/my_service_package/msg/rot_pos.h
[29.346s] -- Installing: /home/manav/robotis_ws/install/my_service_package/include/my_service_package/my_service_package/msg/detail
[29.346s] -- Installing: /home/manav/robotis_ws/install/my_service_package/include/my_service_package/my_service_package/msg/detail/rot_pos__struct.h
[29.346s] -- Installing: /home/manav/robotis_ws/install/my_service_package/include/my_service_package/my_service_package/msg/detail/rot_pos__functions.h
[29.346s] -- Installing: /home/manav/robotis_ws/install/my_service_package/include/my_service_package/my_service_package/msg/detail/rot_pos__functions.c
[29.346s] -- Installing: /home/manav/robotis_ws/install/my_service_package/include/my_service_package/my_service_package/msg/detail/rot_pos__type_support.h
[29.347s] -- Installing: /home/manav/robotis_ws/install/my_service_package/include/my_service_package/my_service_package/msg/rosidl_generator_c__visibility_control.h
[29.347s] -- Installing: /home/manav/robotis_ws/install/my_service_package/share/my_service_package/environment/library_path.sh
[29.347s] -- Installing: /home/manav/robotis_ws/install/my_service_package/share/my_service_package/environment/library_path.dsv
[29.347s] -- Installing: /home/manav/robotis_ws/install/my_service_package/lib/libmy_service_package__rosidl_generator_c.so
[29.348s] -- Set runtime path of "/home/manav/robotis_ws/install/my_service_package/lib/libmy_service_package__rosidl_generator_c.so" to ""
[29.348s] -- Up-to-date: /home/manav/robotis_ws/install/my_service_package/include/my_service_package/my_service_package
[29.349s] -- Up-to-date: /home/manav/robotis_ws/install/my_service_package/include/my_service_package/my_service_package/srv
[29.350s] -- Up-to-date: /home/manav/robotis_ws/install/my_service_package/include/my_service_package/my_service_package/srv/detail
[29.350s] -- Installing: /home/manav/robotis_ws/install/my_service_package/include/my_service_package/my_service_package/srv/detail/i_kservice__rosidl_typesupport_fastrtps_c.h
[29.351s] -- Up-to-date: /home/manav/robotis_ws/install/my_service_package/include/my_service_package/my_service_package/msg
[29.352s] -- Installing: /home/manav/robotis_ws/install/my_service_package/include/my_service_package/my_service_package/msg/rosidl_typesupport_fastrtps_c__visibility_control.h
[29.352s] -- Up-to-date: /home/manav/robotis_ws/install/my_service_package/include/my_service_package/my_service_package/msg/detail
[29.353s] -- Installing: /home/manav/robotis_ws/install/my_service_package/include/my_service_package/my_service_package/msg/detail/rot_pos__rosidl_typesupport_fastrtps_c.h
[29.353s] -- Installing: /home/manav/robotis_ws/install/my_service_package/lib/libmy_service_package__rosidl_typesupport_fastrtps_c.so
[29.354s] -- Set runtime path of "/home/manav/robotis_ws/install/my_service_package/lib/libmy_service_package__rosidl_typesupport_fastrtps_c.so" to ""
[29.354s] -- Up-to-date: /home/manav/robotis_ws/install/my_service_package/include/my_service_package/my_service_package
[29.354s] -- Up-to-date: /home/manav/robotis_ws/install/my_service_package/include/my_service_package/my_service_package/srv
[29.354s] -- Installing: /home/manav/robotis_ws/install/my_service_package/include/my_service_package/my_service_package/srv/i_kservice.hpp
[29.354s] -- Up-to-date: /home/manav/robotis_ws/install/my_service_package/include/my_service_package/my_service_package/srv/detail
[29.355s] -- Installing: /home/manav/robotis_ws/install/my_service_package/include/my_service_package/my_service_package/srv/detail/i_kservice__traits.hpp
[29.355s] -- Installing: /home/manav/robotis_ws/install/my_service_package/include/my_service_package/my_service_package/srv/detail/i_kservice__struct.hpp
[29.355s] -- Installing: /home/manav/robotis_ws/install/my_service_package/include/my_service_package/my_service_package/srv/detail/i_kservice__builder.hpp
[29.355s] -- Up-to-date: /home/manav/robotis_ws/install/my_service_package/include/my_service_package/my_service_package/msg
[29.355s] -- Installing: /home/manav/robotis_ws/install/my_service_package/include/my_service_package/my_service_package/msg/rot_pos.hpp
[29.356s] -- Up-to-date: /home/manav/robotis_ws/install/my_service_package/include/my_service_package/my_service_package/msg/detail
[29.356s] -- Installing: /home/manav/robotis_ws/install/my_service_package/include/my_service_package/my_service_package/msg/detail/rot_pos__traits.hpp
[29.356s] -- Installing: /home/manav/robotis_ws/install/my_service_package/include/my_service_package/my_service_package/msg/detail/rot_pos__struct.hpp
[29.357s] -- Installing: /home/manav/robotis_ws/install/my_service_package/include/my_service_package/my_service_package/msg/detail/rot_pos__builder.hpp
[29.357s] -- Up-to-date: /home/manav/robotis_ws/install/my_service_package/include/my_service_package/my_service_package
[29.357s] -- Up-to-date: /home/manav/robotis_ws/install/my_service_package/include/my_service_package/my_service_package/srv
[29.357s] -- Up-to-date: /home/manav/robotis_ws/install/my_service_package/include/my_service_package/my_service_package/srv/detail
[29.357s] -- Installing: /home/manav/robotis_ws/install/my_service_package/include/my_service_package/my_service_package/srv/detail/dds_fastrtps
[29.357s] -- Installing: /home/manav/robotis_ws/install/my_service_package/include/my_service_package/my_service_package/srv/detail/i_kservice__rosidl_typesupport_fastrtps_cpp.hpp
[29.358s] -- Up-to-date: /home/manav/robotis_ws/install/my_service_package/include/my_service_package/my_service_package/msg
[29.358s] -- Installing: /home/manav/robotis_ws/install/my_service_package/include/my_service_package/my_service_package/msg/rosidl_typesupport_fastrtps_cpp__visibility_control.h
[29.358s] -- Up-to-date: /home/manav/robotis_ws/install/my_service_package/include/my_service_package/my_service_package/msg/detail
[29.358s] -- Installing: /home/manav/robotis_ws/install/my_service_package/include/my_service_package/my_service_package/msg/detail/rot_pos__rosidl_typesupport_fastrtps_cpp.hpp
[29.358s] -- Installing: /home/manav/robotis_ws/install/my_service_package/include/my_service_package/my_service_package/msg/detail/dds_fastrtps
[29.358s] -- Installing: /home/manav/robotis_ws/install/my_service_package/lib/libmy_service_package__rosidl_typesupport_fastrtps_cpp.so
[29.359s] -- Set runtime path of "/home/manav/robotis_ws/install/my_service_package/lib/libmy_service_package__rosidl_typesupport_fastrtps_cpp.so" to ""
[29.359s] -- Up-to-date: /home/manav/robotis_ws/install/my_service_package/include/my_service_package/my_service_package
[29.359s] -- Up-to-date: /home/manav/robotis_ws/install/my_service_package/include/my_service_package/my_service_package/srv
[29.359s] -- Up-to-date: /home/manav/robotis_ws/install/my_service_package/include/my_service_package/my_service_package/srv/detail
[29.360s] -- Installing: /home/manav/robotis_ws/install/my_service_package/include/my_service_package/my_service_package/srv/detail/i_kservice__type_support.c
[29.360s] -- Installing: /home/manav/robotis_ws/install/my_service_package/include/my_service_package/my_service_package/srv/detail/i_kservice__rosidl_typesupport_introspection_c.h
[29.360s] -- Up-to-date: /home/manav/robotis_ws/install/my_service_package/include/my_service_package/my_service_package/msg
[29.360s] -- Installing: /home/manav/robotis_ws/install/my_service_package/include/my_service_package/my_service_package/msg/rosidl_typesupport_introspection_c__visibility_control.h
[29.360s] -- Up-to-date: /home/manav/robotis_ws/install/my_service_package/include/my_service_package/my_service_package/msg/detail
[29.361s] -- Installing: /home/manav/robotis_ws/install/my_service_package/include/my_service_package/my_service_package/msg/detail/rot_pos__type_support.c
[29.361s] -- Installing: /home/manav/robotis_ws/install/my_service_package/include/my_service_package/my_service_package/msg/detail/rot_pos__rosidl_typesupport_introspection_c.h
[29.361s] -- Installing: /home/manav/robotis_ws/install/my_service_package/lib/libmy_service_package__rosidl_typesupport_introspection_c.so
[29.361s] -- Set runtime path of "/home/manav/robotis_ws/install/my_service_package/lib/libmy_service_package__rosidl_typesupport_introspection_c.so" to ""
[29.361s] -- Installing: /home/manav/robotis_ws/install/my_service_package/lib/libmy_service_package__rosidl_typesupport_c.so
[29.362s] -- Set runtime path of "/home/manav/robotis_ws/install/my_service_package/lib/libmy_service_package__rosidl_typesupport_c.so" to ""
[29.362s] -- Up-to-date: /home/manav/robotis_ws/install/my_service_package/include/my_service_package/my_service_package
[29.362s] -- Up-to-date: /home/manav/robotis_ws/install/my_service_package/include/my_service_package/my_service_package/srv
[29.362s] -- Up-to-date: /home/manav/robotis_ws/install/my_service_package/include/my_service_package/my_service_package/srv/detail
[29.362s] -- Installing: /home/manav/robotis_ws/install/my_service_package/include/my_service_package/my_service_package/srv/detail/i_kservice__type_support.cpp
[29.362s] -- Installing: /home/manav/robotis_ws/install/my_service_package/include/my_service_package/my_service_package/srv/detail/i_kservice__rosidl_typesupport_introspection_cpp.hpp
[29.363s] -- Up-to-date: /home/manav/robotis_ws/install/my_service_package/include/my_service_package/my_service_package/msg
[29.363s] -- Up-to-date: /home/manav/robotis_ws/install/my_service_package/include/my_service_package/my_service_package/msg/detail
[29.363s] -- Installing: /home/manav/robotis_ws/install/my_service_package/include/my_service_package/my_service_package/msg/detail/rot_pos__rosidl_typesupport_introspection_cpp.hpp
[29.363s] -- Installing: /home/manav/robotis_ws/install/my_service_package/include/my_service_package/my_service_package/msg/detail/rot_pos__type_support.cpp
[29.364s] -- Installing: /home/manav/robotis_ws/install/my_service_package/lib/libmy_service_package__rosidl_typesupport_introspection_cpp.so
[29.364s] -- Set runtime path of "/home/manav/robotis_ws/install/my_service_package/lib/libmy_service_package__rosidl_typesupport_introspection_cpp.so" to ""
[29.364s] -- Installing: /home/manav/robotis_ws/install/my_service_package/lib/libmy_service_package__rosidl_typesupport_cpp.so
[29.364s] -- Set runtime path of "/home/manav/robotis_ws/install/my_service_package/lib/libmy_service_package__rosidl_typesupport_cpp.so" to ""
[29.364s] -- Installing: /home/manav/robotis_ws/install/my_service_package/share/my_service_package/environment/pythonpath.sh
[29.365s] -- Installing: /home/manav/robotis_ws/install/my_service_package/share/my_service_package/environment/pythonpath.dsv
[29.365s] -- Installing: /home/manav/robotis_ws/install/my_service_package/local/lib/python3.10/dist-packages/my_service_package-0.0.0-py3.10.egg-info
[29.365s] -- Installing: /home/manav/robotis_ws/install/my_service_package/local/lib/python3.10/dist-packages/my_service_package-0.0.0-py3.10.egg-info/top_level.txt
[29.365s] -- Installing: /home/manav/robotis_ws/install/my_service_package/local/lib/python3.10/dist-packages/my_service_package-0.0.0-py3.10.egg-info/dependency_links.txt
[29.365s] -- Installing: /home/manav/robotis_ws/install/my_service_package/local/lib/python3.10/dist-packages/my_service_package-0.0.0-py3.10.egg-info/PKG-INFO
[29.366s] -- Installing: /home/manav/robotis_ws/install/my_service_package/local/lib/python3.10/dist-packages/my_service_package-0.0.0-py3.10.egg-info/SOURCES.txt
[29.366s] -- Installing: /home/manav/robotis_ws/install/my_service_package/local/lib/python3.10/dist-packages/my_service_package
[29.366s] -- Installing: /home/manav/robotis_ws/install/my_service_package/local/lib/python3.10/dist-packages/my_service_package/_my_service_package_s.ep.rosidl_typesupport_introspection_c.c
[29.366s] -- Installing: /home/manav/robotis_ws/install/my_service_package/local/lib/python3.10/dist-packages/my_service_package/libmy_service_package__rosidl_generator_py.so
[29.367s] -- Installing: /home/manav/robotis_ws/install/my_service_package/local/lib/python3.10/dist-packages/my_service_package/my_service_package_s__rosidl_typesupport_fastrtps_c.cpython-310-x86_64-linux-gnu.so
[29.367s] -- Installing: /home/manav/robotis_ws/install/my_service_package/local/lib/python3.10/dist-packages/my_service_package/_my_service_package_s.ep.rosidl_typesupport_fastrtps_c.c
[29.367s] -- Installing: /home/manav/robotis_ws/install/my_service_package/local/lib/python3.10/dist-packages/my_service_package/srv
[29.367s] -- Installing: /home/manav/robotis_ws/install/my_service_package/local/lib/python3.10/dist-packages/my_service_package/srv/_i_kservice.py
[29.368s] -- Installing: /home/manav/robotis_ws/install/my_service_package/local/lib/python3.10/dist-packages/my_service_package/srv/_i_kservice_s.c
[29.368s] -- Installing: /home/manav/robotis_ws/install/my_service_package/local/lib/python3.10/dist-packages/my_service_package/srv/__init__.py
[29.368s] -- Installing: /home/manav/robotis_ws/install/my_service_package/local/lib/python3.10/dist-packages/my_service_package/msg
[29.368s] -- Installing: /home/manav/robotis_ws/install/my_service_package/local/lib/python3.10/dist-packages/my_service_package/msg/_rot_pos.py
[29.368s] -- Installing: /home/manav/robotis_ws/install/my_service_package/local/lib/python3.10/dist-packages/my_service_package/msg/_rot_pos_s.c
[29.368s] -- Installing: /home/manav/robotis_ws/install/my_service_package/local/lib/python3.10/dist-packages/my_service_package/msg/__init__.py
[29.368s] -- Installing: /home/manav/robotis_ws/install/my_service_package/local/lib/python3.10/dist-packages/my_service_package/_my_service_package_s.ep.rosidl_typesupport_c.c
[29.369s] -- Installing: /home/manav/robotis_ws/install/my_service_package/local/lib/python3.10/dist-packages/my_service_package/my_service_package_s__rosidl_typesupport_introspection_c.cpython-310-x86_64-linux-gnu.so
[29.369s] -- Installing: /home/manav/robotis_ws/install/my_service_package/local/lib/python3.10/dist-packages/my_service_package/my_service_package_s__rosidl_typesupport_c.cpython-310-x86_64-linux-gnu.so
[29.369s] -- Installing: /home/manav/robotis_ws/install/my_service_package/local/lib/python3.10/dist-packages/my_service_package/__init__.py
[29.451s] Listing '/home/manav/robotis_ws/install/my_service_package/local/lib/python3.10/dist-packages/my_service_package'...
[29.451s] Compiling '/home/manav/robotis_ws/install/my_service_package/local/lib/python3.10/dist-packages/my_service_package/__init__.py'...
[29.451s] Listing '/home/manav/robotis_ws/install/my_service_package/local/lib/python3.10/dist-packages/my_service_package/msg'...
[29.451s] Compiling '/home/manav/robotis_ws/install/my_service_package/local/lib/python3.10/dist-packages/my_service_package/msg/__init__.py'...
[29.451s] Compiling '/home/manav/robotis_ws/install/my_service_package/local/lib/python3.10/dist-packages/my_service_package/msg/_rot_pos.py'...
[29.451s] Listing '/home/manav/robotis_ws/install/my_service_package/local/lib/python3.10/dist-packages/my_service_package/srv'...
[29.451s] Compiling '/home/manav/robotis_ws/install/my_service_package/local/lib/python3.10/dist-packages/my_service_package/srv/__init__.py'...
[29.451s] Compiling '/home/manav/robotis_ws/install/my_service_package/local/lib/python3.10/dist-packages/my_service_package/srv/_i_kservice.py'...
[29.461s] -- Installing: /home/manav/robotis_ws/install/my_service_package/local/lib/python3.10/dist-packages/my_service_package/my_service_package_s__rosidl_typesupport_fastrtps_c.cpython-310-x86_64-linux-gnu.so
[29.461s] -- Set runtime path of "/home/manav/robotis_ws/install/my_service_package/local/lib/python3.10/dist-packages/my_service_package/my_service_package_s__rosidl_typesupport_fastrtps_c.cpython-310-x86_64-linux-gnu.so" to ""
[29.462s] -- Installing: /home/manav/robotis_ws/install/my_service_package/local/lib/python3.10/dist-packages/my_service_package/my_service_package_s__rosidl_typesupport_introspection_c.cpython-310-x86_64-linux-gnu.so
[29.463s] -- Set runtime path of "/home/manav/robotis_ws/install/my_service_package/local/lib/python3.10/dist-packages/my_service_package/my_service_package_s__rosidl_typesupport_introspection_c.cpython-310-x86_64-linux-gnu.so" to ""
[29.463s] -- Installing: /home/manav/robotis_ws/install/my_service_package/local/lib/python3.10/dist-packages/my_service_package/my_service_package_s__rosidl_typesupport_c.cpython-310-x86_64-linux-gnu.so
[29.464s] -- Set runtime path of "/home/manav/robotis_ws/install/my_service_package/local/lib/python3.10/dist-packages/my_service_package/my_service_package_s__rosidl_typesupport_c.cpython-310-x86_64-linux-gnu.so" to ""
[29.464s] -- Installing: /home/manav/robotis_ws/install/my_service_package/lib/libmy_service_package__rosidl_generator_py.so
[29.465s] -- Set runtime path of "/home/manav/robotis_ws/install/my_service_package/lib/libmy_service_package__rosidl_generator_py.so" to ""
[29.466s] -- Installing: /home/manav/robotis_ws/install/my_service_package/share/my_service_package/msg/RotPos.idl
[29.466s] -- Installing: /home/manav/robotis_ws/install/my_service_package/share/my_service_package/srv/IKservice.idl
[29.466s] -- Installing: /home/manav/robotis_ws/install/my_service_package/share/my_service_package/msg/RotPos.msg
[29.467s] -- Installing: /home/manav/robotis_ws/install/my_service_package/share/my_service_package/srv/IKservice.srv
[29.467s] -- Installing: /home/manav/robotis_ws/install/my_service_package/share/my_service_package/srv/IKservice_Request.msg
[29.467s] -- Installing: /home/manav/robotis_ws/install/my_service_package/share/my_service_package/srv/IKservice_Response.msg
[29.467s] -- Installing: /home/manav/robotis_ws/install/my_service_package/share/ament_index/resource_index/package_run_dependencies/my_service_package
[29.468s] -- Installing: /home/manav/robotis_ws/install/my_service_package/share/ament_index/resource_index/parent_prefix_path/my_service_package
[29.468s] -- Installing: /home/manav/robotis_ws/install/my_service_package/share/my_service_package/environment/ament_prefix_path.sh
[29.468s] -- Installing: /home/manav/robotis_ws/install/my_service_package/share/my_service_package/environment/ament_prefix_path.dsv
[29.469s] -- Installing: /home/manav/robotis_ws/install/my_service_package/share/my_service_package/environment/path.sh
[29.469s] -- Installing: /home/manav/robotis_ws/install/my_service_package/share/my_service_package/environment/path.dsv
[29.469s] -- Installing: /home/manav/robotis_ws/install/my_service_package/share/my_service_package/local_setup.bash
[29.469s] -- Installing: /home/manav/robotis_ws/install/my_service_package/share/my_service_package/local_setup.sh
[29.469s] -- Installing: /home/manav/robotis_ws/install/my_service_package/share/my_service_package/local_setup.zsh
[29.470s] -- Installing: /home/manav/robotis_ws/install/my_service_package/share/my_service_package/local_setup.dsv
[29.470s] -- Installing: /home/manav/robotis_ws/install/my_service_package/share/my_service_package/package.dsv
[29.470s] -- Installing: /home/manav/robotis_ws/install/my_service_package/share/ament_index/resource_index/packages/my_service_package
[29.471s] -- Installing: /home/manav/robotis_ws/install/my_service_package/share/my_service_package/cmake/export_my_service_package__rosidl_generator_cExport.cmake
[29.471s] -- Installing: /home/manav/robotis_ws/install/my_service_package/share/my_service_package/cmake/export_my_service_package__rosidl_generator_cExport-noconfig.cmake
[29.471s] -- Installing: /home/manav/robotis_ws/install/my_service_package/share/my_service_package/cmake/export_my_service_package__rosidl_typesupport_fastrtps_cExport.cmake
[29.472s] -- Installing: /home/manav/robotis_ws/install/my_service_package/share/my_service_package/cmake/export_my_service_package__rosidl_typesupport_fastrtps_cExport-noconfig.cmake
[29.472s] -- Installing: /home/manav/robotis_ws/install/my_service_package/share/my_service_package/cmake/export_my_service_package__rosidl_generator_cppExport.cmake
[29.472s] -- Installing: /home/manav/robotis_ws/install/my_service_package/share/my_service_package/cmake/export_my_service_package__rosidl_typesupport_fastrtps_cppExport.cmake
[29.472s] -- Installing: /home/manav/robotis_ws/install/my_service_package/share/my_service_package/cmake/export_my_service_package__rosidl_typesupport_fastrtps_cppExport-noconfig.cmake
[29.473s] -- Installing: /home/manav/robotis_ws/install/my_service_package/share/my_service_package/cmake/my_service_package__rosidl_typesupport_introspection_cExport.cmake
[29.473s] -- Installing: /home/manav/robotis_ws/install/my_service_package/share/my_service_package/cmake/my_service_package__rosidl_typesupport_introspection_cExport-noconfig.cmake
[29.473s] -- Installing: /home/manav/robotis_ws/install/my_service_package/share/my_service_package/cmake/my_service_package__rosidl_typesupport_cExport.cmake
[29.474s] -- Installing: /home/manav/robotis_ws/install/my_service_package/share/my_service_package/cmake/my_service_package__rosidl_typesupport_cExport-noconfig.cmake
[29.474s] -- Installing: /home/manav/robotis_ws/install/my_service_package/share/my_service_package/cmake/my_service_package__rosidl_typesupport_introspection_cppExport.cmake
[29.474s] -- Installing: /home/manav/robotis_ws/install/my_service_package/share/my_service_package/cmake/my_service_package__rosidl_typesupport_introspection_cppExport-noconfig.cmake
[29.474s] -- Installing: /home/manav/robotis_ws/install/my_service_package/share/my_service_package/cmake/my_service_package__rosidl_typesupport_cppExport.cmake
[29.475s] -- Installing: /home/manav/robotis_ws/install/my_service_package/share/my_service_package/cmake/my_service_package__rosidl_typesupport_cppExport-noconfig.cmake
[29.475s] -- Installing: /home/manav/robotis_ws/install/my_service_package/share/my_service_package/cmake/export_my_service_package__rosidl_generator_pyExport.cmake
[29.475s] -- Installing: /home/manav/robotis_ws/install/my_service_package/share/my_service_package/cmake/export_my_service_package__rosidl_generator_pyExport-noconfig.cmake
[29.475s] -- Installing: /home/manav/robotis_ws/install/my_service_package/share/my_service_package/cmake/rosidl_cmake-extras.cmake
[29.476s] -- Installing: /home/manav/robotis_ws/install/my_service_package/share/my_service_package/cmake/ament_cmake_export_dependencies-extras.cmake
[29.476s] -- Installing: /home/manav/robotis_ws/install/my_service_package/share/my_service_package/cmake/ament_cmake_export_include_directories-extras.cmake
[29.476s] -- Installing: /home/manav/robotis_ws/install/my_service_package/share/my_service_package/cmake/ament_cmake_export_libraries-extras.cmake
[29.476s] -- Installing: /home/manav/robotis_ws/install/my_service_package/share/my_service_package/cmake/ament_cmake_export_targets-extras.cmake
[29.477s] -- Installing: /home/manav/robotis_ws/install/my_service_package/share/my_service_package/cmake/rosidl_cmake_export_typesupport_targets-extras.cmake
[29.477s] -- Installing: /home/manav/robotis_ws/install/my_service_package/share/my_service_package/cmake/rosidl_cmake_export_typesupport_libraries-extras.cmake
[29.477s] -- Installing: /home/manav/robotis_ws/install/my_service_package/share/my_service_package/cmake/my_service_packageConfig.cmake
[29.477s] -- Installing: /home/manav/robotis_ws/install/my_service_package/share/my_service_package/cmake/my_service_packageConfig-version.cmake
[29.478s] -- Installing: /home/manav/robotis_ws/install/my_service_package/share/my_service_package/package.xml
[29.482s] Invoked command in '/home/manav/robotis_ws/build/my_service_package' returned '0': CMAKE_PREFIX_PATH=${CMAKE_PREFIX_PATH}:/home/manav/robotis_ws/install/vel_kinematics:/home/manav/robotis_ws/install/rbe500_example_py:/home/manav/robotis_ws/install/inverse:/home/manav/robotis_ws/install/forward:/home/manav/ros2_test/install/my_robot_controller:/opt/ros/humble /usr/bin/cmake --install /home/manav/robotis_ws/build/my_service_package
