[1.180s] Invoking command in '/home/manav/robotis_ws/src/OpenManipulatorX_ROS2-main/forward': PYTHONPATH=/home/manav/robotis_ws/build/forward/prefix_override:/usr/lib/python3/dist-packages/colcon_core/task/python/colcon_distutils_commands:/home/manav/robotis_ws/install/forward/lib/python3.10/site-packages:${PYTHONPATH} /usr/bin/python3 -W ignore:setup.py install is deprecated -W ignore:easy_install command is deprecated setup.py egg_info --egg-base ../../../build/forward build --build-base /home/manav/robotis_ws/build/forward/build install --record /home/manav/robotis_ws/build/forward/install.log --single-version-externally-managed install_data
[1.895s] running egg_info
[1.895s] writing ../../../build/forward/forward.egg-info/PKG-INFO
[1.895s] writing dependency_links to ../../../build/forward/forward.egg-info/dependency_links.txt
[1.901s] writing entry points to ../../../build/forward/forward.egg-info/entry_points.txt
[1.901s] writing requirements to ../../../build/forward/forward.egg-info/requires.txt
[1.901s] writing top-level names to ../../../build/forward/forward.egg-info/top_level.txt
[1.906s] reading manifest file '../../../build/forward/forward.egg-info/SOURCES.txt'
[1.907s] adding license file 'LICENSE'
[1.909s] writing manifest file '../../../build/forward/forward.egg-info/SOURCES.txt'
[1.911s] running build
[1.912s] running build_py
[1.924s] running install
[1.924s] running install_lib
[1.934s] running install_data
[1.936s] running install_egg_info
[1.955s] removing '/home/manav/robotis_ws/install/forward/lib/python3.10/site-packages/forward-0.0.0-py3.10.egg-info' (and everything under it)
[1.955s] Copying ../../../build/forward/forward.egg-info to /home/manav/robotis_ws/install/forward/lib/python3.10/site-packages/forward-0.0.0-py3.10.egg-info
[1.963s] running install_scripts
[2.120s] Installing fwd_call script to /home/manav/robotis_ws/install/forward/lib/forward
[2.122s] writing list of installed files to '/home/manav/robotis_ws/build/forward/install.log'
[2.619s] Invoked command in '/home/manav/robotis_ws/src/OpenManipulatorX_ROS2-main/forward' returned '0': PYTHONPATH=/home/manav/robotis_ws/build/forward/prefix_override:/usr/lib/python3/dist-packages/colcon_core/task/python/colcon_distutils_commands:/home/manav/robotis_ws/install/forward/lib/python3.10/site-packages:${PYTHONPATH} /usr/bin/python3 -W ignore:setup.py install is deprecated -W ignore:easy_install command is deprecated setup.py egg_info --egg-base ../../../build/forward build --build-base /home/manav/robotis_ws/build/forward/build install --record /home/manav/robotis_ws/build/forward/install.log --single-version-externally-managed install_data
